
955422 : 0x3051cc7e21f2e : 1 : spill_jit_data :  Jit agent is not initialized
955287 : 0x3051cc7eb148c : 2 : ittapi_config_mask_get :  --itt-config mask to be applied: 55
955287 : 0x3051cc7eb3218 : 2 : ittapi_config_apply_per_lib :  ITTAPI function instrumented: __itt_domain_create
955287 : 0x3051cc7eb3c4f : 2 : ittapi_config_apply_per_lib :  ITTAPI function instrumented: __itt_module_load_with_sections
955287 : 0x3051cc7eb49c9 : 2 : ittapi_config_apply_per_lib :  ITTAPI function not implemented: __itt_module_unload_with_sections
955287 : 0x3051cc7eb51e9 : 2 : ittapi_config_apply_per_lib :  ITTAPI function instrumented: __itt_string_handle_create
955287 : 0x3051cc7eb5827 : 2 : ittapi_config_apply_per_lib :  ITTAPI function instrumented: __itt_counter_create
955287 : 0x3051cc7eb5e3f : 2 : ittapi_config_apply_per_lib :  ITTAPI function instrumented: __itt_counter_create_typed
955287 : 0x3051cc7eb648d : 2 : ittapi_config_apply_per_lib :  ITTAPI function instrumented: __itt_pause
955287 : 0x3051cc7eb6af3 : 2 : ittapi_config_apply_per_lib :  ITTAPI function instrumented: __itt_resume
955287 : 0x3051cc7ebc19d : 2 : ittapi_config_apply_per_lib :  ITTAPI function not implemented: __itt_pause_scoped
955287 : 0x3051cc7ebcade : 2 : ittapi_config_apply_per_lib :  ITTAPI function not implemented: __itt_resume_scoped
955287 : 0x3051cc7ebd152 : 2 : ittapi_config_apply_per_lib :  ITTAPI function instrumented: __itt_thread_set_name
955287 : 0x3051cc7ebd874 : 2 : ittapi_config_apply_per_lib :  ITTAPI function instrumented: __itt_thread_ignore
955287 : 0x3051cc7ebde8d : 2 : ittapi_config_apply_per_lib :  ITTAPI function instrumented: __itt_thr_name_set
955287 : 0x3051cc7ebe4d7 : 2 : ittapi_config_apply_per_lib :  ITTAPI function instrumented: __itt_thr_ignore
955287 : 0x3051cc7ebeb31 : 2 : ittapi_config_apply_per_lib :  ITTAPI function instrumented: __itt_histogram_create
955287 : 0x3051cc7ebf144 : 2 : ittapi_config_apply_per_lib :  ITTAPI function instrumented: __itt_counter_create_v3
955287 : 0x3051cc7ebf78d : 2 : ittapi_config_apply_per_lib :  ITTAPI function instrumented: __itt_bind_context_metadata_to_counter
955287 : 0x3051cc7ebfe48 : 2 : ittapi_config_apply_per_lib :  ITTAPI function not implemented: __itt_enable_attach
955287 : 0x3051cc7ec17a1 : 2 : ittapi_config_apply_per_lib :  ITTAPI function instrumented: __itt_detach
955287 : 0x3051cc7ec1d32 : 2 : ittapi_config_apply_per_lib :  ITTAPI function NOT instrumented (not matched by --itt-config option): __itt_sync_create

955287 : 0x3051cc7ec22a7 : 2 : ittapi_config_apply_per_lib :  ITTAPI function NOT instrumented (not matched by --itt-config option): __itt_sync_rename

955287 : 0x3051cc7ec27c8 : 2 : ittapi_config_apply_per_lib :  ITTAPI function NOT instrumented (not matched by --itt-config option): __itt_sync_destroy

955287 : 0x3051cc7ec2ca5 : 2 : ittapi_config_apply_per_lib :  ITTAPI function NOT instrumented (not matched by --itt-config option): __itt_sync_prepare

955287 : 0x3051cc7ec317a : 2 : ittapi_config_apply_per_lib :  ITTAPI function NOT instrumented (not matched by --itt-config option): __itt_sync_cancel

955287 : 0x3051cc7ec37bf : 2 : ittapi_config_apply_per_lib :  ITTAPI function NOT instrumented (not matched by --itt-config option): __itt_sync_acquired

955287 : 0x3051cc7ec3cbe : 2 : ittapi_config_apply_per_lib :  ITTAPI function NOT instrumented (not matched by --itt-config option): __itt_sync_releasing

955287 : 0x3051cc7ec434a : 2 : ittapi_config_apply_per_lib :  ITTAPI function not implemented: __itt_suppress_push
955287 : 0x3051cc7ec4b53 : 2 : ittapi_config_apply_per_lib :  ITTAPI function not implemented: __itt_suppress_pop
955287 : 0x3051cc7ec5fe5 : 2 : ittapi_config_apply_per_lib :  ITTAPI function not implemented: __itt_suppress_mark_range
955287 : 0x3051cc7ec67e0 : 2 : ittapi_config_apply_per_lib :  ITTAPI function not implemented: __itt_suppress_clear_range
955287 : 0x3051cc7ec6cdf : 2 : ittapi_config_apply_per_lib :  ITTAPI function NOT instrumented (not matched by --itt-config option): __itt_sync_prepare

955287 : 0x3051cc7ec71b4 : 2 : ittapi_config_apply_per_lib :  ITTAPI function NOT instrumented (not matched by --itt-config option): __itt_sync_cancel

955287 : 0x3051cc7ec7677 : 2 : ittapi_config_apply_per_lib :  ITTAPI function NOT instrumented (not matched by --itt-config option): __itt_sync_acquired

955287 : 0x3051cc7ec7b4d : 2 : ittapi_config_apply_per_lib :  ITTAPI function NOT instrumented (not matched by --itt-config option): __itt_sync_releasing

955287 : 0x3051cc7ec808f : 2 : ittapi_config_apply_per_lib :  ITTAPI function NOT instrumented (not matched by --itt-config option): __itt_model_site_begin

955287 : 0x3051cc7ec8642 : 2 : ittapi_config_apply_per_lib :  ITTAPI function NOT instrumented (not matched by --itt-config option): __itt_model_site_end

955287 : 0x3051cc7ecc931 : 2 : ittapi_config_apply_per_lib :  ITTAPI function NOT instrumented (not matched by --itt-config option): __itt_model_task_begin

955287 : 0x3051cc7ecce43 : 2 : ittapi_config_apply_per_lib :  ITTAPI function NOT instrumented (not matched by --itt-config option): __itt_model_task_end

955287 : 0x3051cc7eceae1 : 2 : ittapi_config_apply_per_lib :  ITTAPI function NOT instrumented (not matched by --itt-config option): __itt_model_lock_acquire

955287 : 0x3051cc7ecefe0 : 2 : ittapi_config_apply_per_lib :  ITTAPI function NOT instrumented (not matched by --itt-config option): __itt_model_lock_release

955287 : 0x3051cc7ecf4b7 : 2 : ittapi_config_apply_per_lib :  ITTAPI function NOT instrumented (not matched by --itt-config option): __itt_model_record_allocation

955287 : 0x3051cc7ecf9cb : 2 : ittapi_config_apply_per_lib :  ITTAPI function NOT instrumented (not matched by --itt-config option): __itt_model_record_deallocation

955287 : 0x3051cc7ecfe8a : 2 : ittapi_config_apply_per_lib :  ITTAPI function NOT instrumented (not matched by --itt-config option): __itt_model_induction_uses

955287 : 0x3051cc7ed0355 : 2 : ittapi_config_apply_per_lib :  ITTAPI function NOT instrumented (not matched by --itt-config option): __itt_model_reduction_uses

955287 : 0x3051cc7ed0800 : 2 : ittapi_config_apply_per_lib :  ITTAPI function NOT instrumented (not matched by --itt-config option): __itt_model_observe_uses

955287 : 0x3051cc7ed0c8c : 2 : ittapi_config_apply_per_lib :  ITTAPI function NOT instrumented (not matched by --itt-config option): __itt_model_clear_uses

955287 : 0x3051cc7ed1200 : 2 : ittapi_config_apply_per_lib :  ITTAPI function NOT instrumented (not matched by --itt-config option): __itt_model_site_beginA

955287 : 0x3051cc7ed168a : 2 : ittapi_config_apply_per_lib :  ITTAPI function NOT instrumented (not matched by --itt-config option): __itt_model_site_beginAL

955287 : 0x3051cc7ed28f2 : 2 : ittapi_config_apply_per_lib :  ITTAPI function NOT instrumented (not matched by --itt-config option): __itt_model_task_beginA

955287 : 0x3051cc7ed2dfb : 2 : ittapi_config_apply_per_lib :  ITTAPI function NOT instrumented (not matched by --itt-config option): __itt_model_task_beginAL

955287 : 0x3051cc7ed328d : 2 : ittapi_config_apply_per_lib :  ITTAPI function NOT instrumented (not matched by --itt-config option): __itt_model_iteration_taskA

955287 : 0x3051cc7ed3764 : 2 : ittapi_config_apply_per_lib :  ITTAPI function NOT instrumented (not matched by --itt-config option): __itt_model_iteration_taskAL

955287 : 0x3051cc7ed3be2 : 2 : ittapi_config_apply_per_lib :  ITTAPI function NOT instrumented (not matched by --itt-config option): __itt_model_site_end_2

955287 : 0x3051cc7ed40bc : 2 : ittapi_config_apply_per_lib :  ITTAPI function NOT instrumented (not matched by --itt-config option): __itt_model_task_end_2

955287 : 0x3051cc7ed4538 : 2 : ittapi_config_apply_per_lib :  ITTAPI function NOT instrumented (not matched by --itt-config option): __itt_model_lock_acquire_2

955287 : 0x3051cc7ed49b3 : 2 : ittapi_config_apply_per_lib :  ITTAPI function NOT instrumented (not matched by --itt-config option): __itt_model_lock_release_2

955287 : 0x3051cc7ed4e92 : 2 : ittapi_config_apply_per_lib :  ITTAPI function NOT instrumented (not matched by --itt-config option): __itt_model_aggregate_task

955287 : 0x3051cc7ed5300 : 2 : ittapi_config_apply_per_lib :  ITTAPI function NOT instrumented (not matched by --itt-config option): __itt_model_disable_push

955287 : 0x3051cc7ed6bac : 2 : ittapi_config_apply_per_lib :  ITTAPI function NOT instrumented (not matched by --itt-config option): __itt_model_disable_pop

955287 : 0x3051cc7ed7211 : 2 : ittapi_config_apply_per_lib :  ITTAPI function instrumented: __itt_heap_function_create
955287 : 0x3051cc7ed77c8 : 2 : ittapi_config_apply_per_lib :  ITTAPI function instrumented: __itt_heap_allocate_begin
955287 : 0x3051cc7ed7d6f : 2 : ittapi_config_apply_per_lib :  ITTAPI function instrumented: __itt_heap_allocate_end
955287 : 0x3051cc7ed8339 : 2 : ittapi_config_apply_per_lib :  ITTAPI function instrumented: __itt_heap_free_begin
955287 : 0x3051cc7ed89ac : 2 : ittapi_config_apply_per_lib :  ITTAPI function instrumented: __itt_heap_free_end
955287 : 0x3051cc7ed8f3e : 2 : ittapi_config_apply_per_lib :  ITTAPI function instrumented: __itt_heap_reallocate_begin
955287 : 0x3051cc7ed949f : 2 : ittapi_config_apply_per_lib :  ITTAPI function instrumented: __itt_heap_reallocate_end
955287 : 0x3051cc7ed9b83 : 2 : ittapi_config_apply_per_lib :  ITTAPI function not implemented: __itt_heap_internal_access_begin
955287 : 0x3051cc7eda1e6 : 2 : ittapi_config_apply_per_lib :  ITTAPI function not implemented: __itt_heap_internal_access_end
955287 : 0x3051cc7edb59e : 2 : ittapi_config_apply_per_lib :  ITTAPI function not implemented: __itt_heap_record_memory_growth_begin
955287 : 0x3051cc7edbc4d : 2 : ittapi_config_apply_per_lib :  ITTAPI function not implemented: __itt_heap_record_memory_growth_end
955287 : 0x3051cc7edc2a2 : 2 : ittapi_config_apply_per_lib :  ITTAPI function not implemented: __itt_heap_reset_detection
955287 : 0x3051cc7edc910 : 2 : ittapi_config_apply_per_lib :  ITTAPI function not implemented: __itt_heap_record
955287 : 0x3051cc7edcf50 : 2 : ittapi_config_apply_per_lib :  ITTAPI function not implemented: __itt_id_create
955287 : 0x3051cc7edd578 : 2 : ittapi_config_apply_per_lib :  ITTAPI function not implemented: __itt_id_destroy
955287 : 0x3051cc7eddb3c : 2 : ittapi_config_apply_per_lib :  ITTAPI function instrumented: __itt_get_timestamp
955287 : 0x3051cc7ede0d2 : 2 : ittapi_config_apply_per_lib :  ITTAPI function not implemented: __itt_region_begin
955287 : 0x3051cc7ede6e8 : 2 : ittapi_config_apply_per_lib :  ITTAPI function not implemented: __itt_region_end
955287 : 0x3051cc7edeca8 : 2 : ittapi_config_apply_per_lib :  ITTAPI function instrumented: __itt_frame_begin_v3
955287 : 0x3051cc7edff05 : 2 : ittapi_config_apply_per_lib :  ITTAPI function instrumented: __itt_frame_end_v3
955287 : 0x3051cc7ee04d0 : 2 : ittapi_config_apply_per_lib :  ITTAPI function instrumented: __itt_frame_submit_v3
955287 : 0x3051cc7ee0af4 : 2 : ittapi_config_apply_per_lib :  ITTAPI function not implemented: __itt_task_group
955287 : 0x3051cc7ee10be : 2 : ittapi_config_apply_per_lib :  ITTAPI function instrumented: __itt_task_begin
955287 : 0x3051cc7ee1651 : 2 : ittapi_config_apply_per_lib :  ITTAPI function instrumented: __itt_task_begin_fn
955287 : 0x3051cc7ee1bc6 : 2 : ittapi_config_apply_per_lib :  ITTAPI function instrumented: __itt_task_end
955287 : 0x3051cc7ee2209 : 2 : ittapi_config_apply_per_lib :  ITTAPI function not implemented: __itt_counter_inc_v3
955287 : 0x3051cc7ee2825 : 2 : ittapi_config_apply_per_lib :  ITTAPI function not implemented: __itt_counter_inc_delta_v3
955287 : 0x3051cc7ee2df6 : 2 : ittapi_config_apply_per_lib :  ITTAPI function not implemented: __itt_counter_dec_v3
955287 : 0x3051cc7ee33aa : 2 : ittapi_config_apply_per_lib :  ITTAPI function not implemented: __itt_counter_dec_delta_v3
955287 : 0x3051cc7ee4694 : 2 : ittapi_config_apply_per_lib :  ITTAPI function not implemented: __itt_marker
955287 : 0x3051cc7ee4c78 : 2 : ittapi_config_apply_per_lib :  ITTAPI function instrumented: __itt_metadata_add
955287 : 0x3051cc7ee5291 : 2 : ittapi_config_apply_per_lib :  ITTAPI function not implemented: __itt_metadata_str_add
955287 : 0x3051cc7ee5856 : 2 : ittapi_config_apply_per_lib :  ITTAPI function not implemented: __itt_relation_add_to_current
955287 : 0x3051cc7ee5e3d : 2 : ittapi_config_apply_per_lib :  ITTAPI function not implemented: __itt_relation_add
955287 : 0x3051cc7ee63c9 : 2 : ittapi_config_apply_per_lib :  ITTAPI function instrumented: __itt_event_create
955287 : 0x3051cc7ee696c : 2 : ittapi_config_apply_per_lib :  ITTAPI function instrumented: __itt_event_start
955287 : 0x3051cc7ee6f73 : 2 : ittapi_config_apply_per_lib :  ITTAPI function instrumented: __itt_event_end
955287 : 0x3051cc7ee741d : 2 : ittapi_config_apply_per_lib :  ITTAPI function NOT instrumented (not matched by --itt-config option): __itt_sync_set_name

955287 : 0x3051cc7ee78ea : 2 : ittapi_config_apply_per_lib :  ITTAPI function NOT instrumented (not matched by --itt-config option): __itt_notify_sync_name

955287 : 0x3051cc7ee9131 : 2 : ittapi_config_apply_per_lib :  ITTAPI function NOT instrumented (not matched by --itt-config option): __itt_notify_sync_prepare

955287 : 0x3051cc7ee965e : 2 : ittapi_config_apply_per_lib :  ITTAPI function NOT instrumented (not matched by --itt-config option): __itt_notify_sync_cancel

955287 : 0x3051cc7ee9abb : 2 : ittapi_config_apply_per_lib :  ITTAPI function NOT instrumented (not matched by --itt-config option): __itt_notify_sync_acquired

955287 : 0x3051cc7ee9f70 : 2 : ittapi_config_apply_per_lib :  ITTAPI function NOT instrumented (not matched by --itt-config option): __itt_notify_sync_releasing

955287 : 0x3051cc7eea574 : 2 : ittapi_config_apply_per_lib :  ITTAPI function not implemented: __itt_memory_read
955287 : 0x3051cc7eeab95 : 2 : ittapi_config_apply_per_lib :  ITTAPI function not implemented: __itt_memory_write
955287 : 0x3051cc7eeb19f : 2 : ittapi_config_apply_per_lib :  ITTAPI function not implemented: __itt_memory_update
955287 : 0x3051cc7eeb7a3 : 2 : ittapi_config_apply_per_lib :  ITTAPI function not implemented: __itt_state_get
955287 : 0x3051cc7eebd59 : 2 : ittapi_config_apply_per_lib :  ITTAPI function not implemented: __itt_state_set
955287 : 0x3051cc7eec3a9 : 2 : ittapi_config_apply_per_lib :  ITTAPI function not implemented: __itt_obj_mode_set
955287 : 0x3051cc7eed6a4 : 2 : ittapi_config_apply_per_lib :  ITTAPI function not implemented: __itt_thr_mode_set
955287 : 0x3051cc7eedcd7 : 2 : ittapi_config_apply_per_lib :  ITTAPI function instrumented: __itt_frame_create
955287 : 0x3051cc7eee261 : 2 : ittapi_config_apply_per_lib :  ITTAPI function instrumented: __itt_pt_region_create
955287 : 0x3051cc7eee888 : 2 : ittapi_config_apply_per_lib :  ITTAPI function instrumented: __itt_frame_begin
955287 : 0x3051cc7eeee4e : 2 : ittapi_config_apply_per_lib :  ITTAPI function instrumented: __itt_frame_end
955287 : 0x3051cc7eef509 : 2 : ittapi_config_apply_per_lib :  ITTAPI function not implemented: __itt_counter_destroy
955287 : 0x3051cc7eefa94 : 2 : ittapi_config_apply_per_lib :  ITTAPI function instrumented: __itt_counter_inc
955287 : 0x3051cc7ef0011 : 2 : ittapi_config_apply_per_lib :  ITTAPI function instrumented: __itt_counter_inc_delta
955287 : 0x3051cc7ef057a : 2 : ittapi_config_apply_per_lib :  ITTAPI function instrumented: __itt_counter_dec
955287 : 0x3051cc7ef0b86 : 2 : ittapi_config_apply_per_lib :  ITTAPI function instrumented: __itt_counter_dec_delta
955287 : 0x3051cc7ef1d44 : 2 : ittapi_config_apply_per_lib :  ITTAPI function instrumented: __itt_counter_set_value
955287 : 0x3051cc7ef23bd : 2 : ittapi_config_apply_per_lib :  ITTAPI function not implemented: __itt_counter_set_value_ex
955287 : 0x3051cc7ef2999 : 2 : ittapi_config_apply_per_lib :  ITTAPI function not implemented: __itt_mark_create
955287 : 0x3051cc7ef2f6a : 2 : ittapi_config_apply_per_lib :  ITTAPI function not implemented: __itt_mark
955287 : 0x3051cc7ef352b : 2 : ittapi_config_apply_per_lib :  ITTAPI function not implemented: __itt_mark_off
955287 : 0x3051cc7ef3b19 : 2 : ittapi_config_apply_per_lib :  ITTAPI function not implemented: __itt_mark_global
955287 : 0x3051cc7ef40bc : 2 : ittapi_config_apply_per_lib :  ITTAPI function not implemented: __itt_mark_global_off
955287 : 0x3051cc7ef46d3 : 2 : ittapi_config_apply_per_lib :  ITTAPI function instrumented: __itt_stack_caller_create
955287 : 0x3051cc7ef4c37 : 2 : ittapi_config_apply_per_lib :  ITTAPI function instrumented: __itt_stack_caller_destroy
955287 : 0x3051cc7ef529f : 2 : ittapi_config_apply_per_lib :  ITTAPI function instrumented: __itt_stack_callee_enter
955287 : 0x3051cc7efa42d : 2 : ittapi_config_apply_per_lib :  ITTAPI function instrumented: __itt_stack_callee_leave
955287 : 0x3051cc7efada2 : 2 : ittapi_config_apply_per_lib :  ITTAPI function not implemented: __itt_clock_domain_create
955287 : 0x3051cc7efb3be : 2 : ittapi_config_apply_per_lib :  ITTAPI function not implemented: __itt_clock_domain_reset
955287 : 0x3051cc7efba1a : 2 : ittapi_config_apply_per_lib :  ITTAPI function not implemented: __itt_id_create_ex
955287 : 0x3051cc7efbfc8 : 2 : ittapi_config_apply_per_lib :  ITTAPI function not implemented: __itt_id_destroy_ex
955287 : 0x3051cc7efc5b2 : 2 : ittapi_config_apply_per_lib :  ITTAPI function not implemented: __itt_task_begin_ex
955287 : 0x3051cc7efcc35 : 2 : ittapi_config_apply_per_lib :  ITTAPI function not implemented: __itt_task_begin_fn_ex
955287 : 0x3051cc7efd2af : 2 : ittapi_config_apply_per_lib :  ITTAPI function not implemented: __itt_task_end_ex
955287 : 0x3051cc7efd8b4 : 2 : ittapi_config_apply_per_lib :  ITTAPI function instrumented: __itt_task_begin_overlapped
955287 : 0x3051cc7efdebe : 2 : ittapi_config_apply_per_lib :  ITTAPI function not implemented: __itt_task_begin_overlapped_ex
955287 : 0x3051cc7eff510 : 2 : ittapi_config_apply_per_lib :  ITTAPI function instrumented: __itt_task_end_overlapped
955287 : 0x3051cc7effbcc : 2 : ittapi_config_apply_per_lib :  ITTAPI function not implemented: __itt_task_end_overlapped_ex
955287 : 0x3051cc7f001c7 : 2 : ittapi_config_apply_per_lib :  ITTAPI function not implemented: __itt_marker_ex
955287 : 0x3051cc7f008cd : 2 : ittapi_config_apply_per_lib :  ITTAPI function not implemented: __itt_metadata_add_with_scope
955287 : 0x3051cc7f00f55 : 2 : ittapi_config_apply_per_lib :  ITTAPI function not implemented: __itt_metadata_str_add_with_scope
955287 : 0x3051cc7f015a0 : 2 : ittapi_config_apply_per_lib :  ITTAPI function not implemented: __itt_relation_add_to_current_ex
955287 : 0x3051cc7f01bbc : 2 : ittapi_config_apply_per_lib :  ITTAPI function not implemented: __itt_relation_add_ex
955287 : 0x3051cc7f0224c : 2 : ittapi_config_apply_per_lib :  ITTAPI function not implemented: __itt_track_group_create
955287 : 0x3051cc7f027d2 : 2 : ittapi_config_apply_per_lib :  ITTAPI function not implemented: __itt_track_create
955287 : 0x3051cc7f02d9e : 2 : ittapi_config_apply_per_lib :  ITTAPI function not implemented: __itt_set_track
955287 : 0x3051cc7f04111 : 2 : ittapi_config_apply_per_lib :  ITTAPI function instrumented: __itt_api_version
955287 : 0x3051cc7f04746 : 2 : ittapi_config_apply_per_lib :  ITTAPI function not implemented: __itt_av_save
955287 : 0x3051cc7f04cf0 : 2 : ittapi_config_apply_per_lib :  ITTAPI function instrumented: __itt_module_load
955287 : 0x3051cc7f0531d : 2 : ittapi_config_apply_per_lib :  ITTAPI function not implemented: __itt_module_unload
955287 : 0x3051cc7f05821 : 2 : ittapi_config_apply_per_lib :  ITTAPI function NOT instrumented (not matched by --itt-config option): __itt_histogram_submit

955287 : 0x3051cc7f05e72 : 2 : ittapi_config_apply_per_lib :  ITTAPI function instrumented: __itt_counter_set_value_v3