
951511 : 0x3016c0f29e4f1 : 1 : spill_jit_data :  Jit agent is not initialized
951415 : 0x3016c0f2a1614 : 2 : ittapi_config_mask_get :  --itt-config mask to be applied: 55
951415 : 0x3016c0f2a30e8 : 2 : ittapi_config_apply_per_lib :  ITTAPI function instrumented: __itt_domain_create
951415 : 0x3016c0f2a3a07 : 2 : ittapi_config_apply_per_lib :  ITTAPI function instrumented: __itt_module_load_with_sections
951415 : 0x3016c0f2a4631 : 2 : ittapi_config_apply_per_lib :  ITTAPI function not implemented: __itt_module_unload_with_sections
951415 : 0x3016c0f2a4e07 : 2 : ittapi_config_apply_per_lib :  ITTAPI function instrumented: __itt_string_handle_create
951415 : 0x3016c0f2a53fc : 2 : ittapi_config_apply_per_lib :  ITTAPI function instrumented: __itt_counter_create
951415 : 0x3016c0f2a5991 : 2 : ittapi_config_apply_per_lib :  ITTAPI function instrumented: __itt_counter_create_typed
951415 : 0x3016c0f2a5f3d : 2 : ittapi_config_apply_per_lib :  ITTAPI function instrumented: __itt_pause
951415 : 0x3016c0f2a6591 : 2 : ittapi_config_apply_per_lib :  ITTAPI function instrumented: __itt_resume
951415 : 0x3016c0f2ab525 : 2 : ittapi_config_apply_per_lib :  ITTAPI function not implemented: __itt_pause_scoped
951415 : 0x3016c0f2abde8 : 2 : ittapi_config_apply_per_lib :  ITTAPI function not implemented: __itt_resume_scoped
951415 : 0x3016c0f2ac3de : 2 : ittapi_config_apply_per_lib :  ITTAPI function instrumented: __itt_thread_set_name
951415 : 0x3016c0f2aca1e : 2 : ittapi_config_apply_per_lib :  ITTAPI function instrumented: __itt_thread_ignore
951415 : 0x3016c0f2acfdf : 2 : ittapi_config_apply_per_lib :  ITTAPI function instrumented: __itt_thr_name_set
951415 : 0x3016c0f2ad5ab : 2 : ittapi_config_apply_per_lib :  ITTAPI function instrumented: __itt_thr_ignore
951415 : 0x3016c0f2b1e99 : 2 : ittapi_config_apply_per_lib :  ITTAPI function instrumented: __itt_histogram_create
951415 : 0x3016c0f2b24ad : 2 : ittapi_config_apply_per_lib :  ITTAPI function instrumented: __itt_counter_create_v3
951415 : 0x3016c0f2b2b2c : 2 : ittapi_config_apply_per_lib :  ITTAPI function instrumented: __itt_bind_context_metadata_to_counter
951415 : 0x3016c0f2b31fc : 2 : ittapi_config_apply_per_lib :  ITTAPI function not implemented: __itt_enable_attach
951415 : 0x3016c0f2b4f9b : 2 : ittapi_config_apply_per_lib :  ITTAPI function instrumented: __itt_detach
951415 : 0x3016c0f2b5595 : 2 : ittapi_config_apply_per_lib :  ITTAPI function NOT instrumented (not matched by --itt-config option): __itt_sync_create

951415 : 0x3016c0f2b5b0d : 2 : ittapi_config_apply_per_lib :  ITTAPI function NOT instrumented (not matched by --itt-config option): __itt_sync_rename

951415 : 0x3016c0f2b5fd7 : 2 : ittapi_config_apply_per_lib :  ITTAPI function NOT instrumented (not matched by --itt-config option): __itt_sync_destroy

951415 : 0x3016c0f2b64d5 : 2 : ittapi_config_apply_per_lib :  ITTAPI function NOT instrumented (not matched by --itt-config option): __itt_sync_prepare

951415 : 0x3016c0f2b69eb : 2 : ittapi_config_apply_per_lib :  ITTAPI function NOT instrumented (not matched by --itt-config option): __itt_sync_cancel

951415 : 0x3016c0f2b6ed2 : 2 : ittapi_config_apply_per_lib :  ITTAPI function NOT instrumented (not matched by --itt-config option): __itt_sync_acquired

951415 : 0x3016c0f2b73f2 : 2 : ittapi_config_apply_per_lib :  ITTAPI function NOT instrumented (not matched by --itt-config option): __itt_sync_releasing

951415 : 0x3016c0f2b7a7f : 2 : ittapi_config_apply_per_lib :  ITTAPI function not implemented: __itt_suppress_push
951415 : 0x3016c0f2b831e : 2 : ittapi_config_apply_per_lib :  ITTAPI function not implemented: __itt_suppress_pop
951415 : 0x3016c0f2b9954 : 2 : ittapi_config_apply_per_lib :  ITTAPI function not implemented: __itt_suppress_mark_range
951415 : 0x3016c0f2ba1ed : 2 : ittapi_config_apply_per_lib :  ITTAPI function not implemented: __itt_suppress_clear_range
951415 : 0x3016c0f2ba6f6 : 2 : ittapi_config_apply_per_lib :  ITTAPI function NOT instrumented (not matched by --itt-config option): __itt_sync_prepare

951415 : 0x3016c0f2bac04 : 2 : ittapi_config_apply_per_lib :  ITTAPI function NOT instrumented (not matched by --itt-config option): __itt_sync_cancel

951415 : 0x3016c0f2bb10a : 2 : ittapi_config_apply_per_lib :  ITTAPI function NOT instrumented (not matched by --itt-config option): __itt_sync_acquired

951415 : 0x3016c0f2bb5f0 : 2 : ittapi_config_apply_per_lib :  ITTAPI function NOT instrumented (not matched by --itt-config option): __itt_sync_releasing

951415 : 0x3016c0f2bbb50 : 2 : ittapi_config_apply_per_lib :  ITTAPI function NOT instrumented (not matched by --itt-config option): __itt_model_site_begin

951415 : 0x3016c0f2bc14d : 2 : ittapi_config_apply_per_lib :  ITTAPI function NOT instrumented (not matched by --itt-config option): __itt_model_site_end

951415 : 0x3016c0f2bc6e0 : 2 : ittapi_config_apply_per_lib :  ITTAPI function NOT instrumented (not matched by --itt-config option): __itt_model_task_begin

951415 : 0x3016c0f2bcbcc : 2 : ittapi_config_apply_per_lib :  ITTAPI function NOT instrumented (not matched by --itt-config option): __itt_model_task_end

951415 : 0x3016c0f2bebc6 : 2 : ittapi_config_apply_per_lib :  ITTAPI function NOT instrumented (not matched by --itt-config option): __itt_model_lock_acquire

951415 : 0x3016c0f2bf13b : 2 : ittapi_config_apply_per_lib :  ITTAPI function NOT instrumented (not matched by --itt-config option): __itt_model_lock_release

951415 : 0x3016c0f2bf5fc : 2 : ittapi_config_apply_per_lib :  ITTAPI function NOT instrumented (not matched by --itt-config option): __itt_model_record_allocation

951415 : 0x3016c0f2bfb5d : 2 : ittapi_config_apply_per_lib :  ITTAPI function NOT instrumented (not matched by --itt-config option): __itt_model_record_deallocation

951415 : 0x3016c0f2c0077 : 2 : ittapi_config_apply_per_lib :  ITTAPI function NOT instrumented (not matched by --itt-config option): __itt_model_induction_uses

951415 : 0x3016c0f2c0534 : 2 : ittapi_config_apply_per_lib :  ITTAPI function NOT instrumented (not matched by --itt-config option): __itt_model_reduction_uses

951415 : 0x3016c0f2c0a10 : 2 : ittapi_config_apply_per_lib :  ITTAPI function NOT instrumented (not matched by --itt-config option): __itt_model_observe_uses

951415 : 0x3016c0f2c0edb : 2 : ittapi_config_apply_per_lib :  ITTAPI function NOT instrumented (not matched by --itt-config option): __itt_model_clear_uses

951415 : 0x3016c0f2c13a2 : 2 : ittapi_config_apply_per_lib :  ITTAPI function NOT instrumented (not matched by --itt-config option): __itt_model_site_beginA

951415 : 0x3016c0f2c18a0 : 2 : ittapi_config_apply_per_lib :  ITTAPI function NOT instrumented (not matched by --itt-config option): __itt_model_site_beginAL

951415 : 0x3016c0f2c2c42 : 2 : ittapi_config_apply_per_lib :  ITTAPI function NOT instrumented (not matched by --itt-config option): __itt_model_task_beginA

951415 : 0x3016c0f2c3171 : 2 : ittapi_config_apply_per_lib :  ITTAPI function NOT instrumented (not matched by --itt-config option): __itt_model_task_beginAL

951415 : 0x3016c0f2c3627 : 2 : ittapi_config_apply_per_lib :  ITTAPI function NOT instrumented (not matched by --itt-config option): __itt_model_iteration_taskA

951415 : 0x3016c0f2c3b38 : 2 : ittapi_config_apply_per_lib :  ITTAPI function NOT instrumented (not matched by --itt-config option): __itt_model_iteration_taskAL

951415 : 0x3016c0f2c4009 : 2 : ittapi_config_apply_per_lib :  ITTAPI function NOT instrumented (not matched by --itt-config option): __itt_model_site_end_2

951415 : 0x3016c0f2c44d8 : 2 : ittapi_config_apply_per_lib :  ITTAPI function NOT instrumented (not matched by --itt-config option): __itt_model_task_end_2

951415 : 0x3016c0f2c49a5 : 2 : ittapi_config_apply_per_lib :  ITTAPI function NOT instrumented (not matched by --itt-config option): __itt_model_lock_acquire_2

951415 : 0x3016c0f2c4e6c : 2 : ittapi_config_apply_per_lib :  ITTAPI function NOT instrumented (not matched by --itt-config option): __itt_model_lock_release_2

951415 : 0x3016c0f2c5344 : 2 : ittapi_config_apply_per_lib :  ITTAPI function NOT instrumented (not matched by --itt-config option): __itt_model_aggregate_task

951415 : 0x3016c0f2c580c : 2 : ittapi_config_apply_per_lib :  ITTAPI function NOT instrumented (not matched by --itt-config option): __itt_model_disable_push

951415 : 0x3016c0f2c7189 : 2 : ittapi_config_apply_per_lib :  ITTAPI function NOT instrumented (not matched by --itt-config option): __itt_model_disable_pop

951415 : 0x3016c0f2c782d : 2 : ittapi_config_apply_per_lib :  ITTAPI function instrumented: __itt_heap_function_create
951415 : 0x3016c0f2c7e27 : 2 : ittapi_config_apply_per_lib :  ITTAPI function instrumented: __itt_heap_allocate_begin
951415 : 0x3016c0f2c83e6 : 2 : ittapi_config_apply_per_lib :  ITTAPI function instrumented: __itt_heap_allocate_end
951415 : 0x3016c0f2c89e6 : 2 : ittapi_config_apply_per_lib :  ITTAPI function instrumented: __itt_heap_free_begin
951415 : 0x3016c0f2c8fcf : 2 : ittapi_config_apply_per_lib :  ITTAPI function instrumented: __itt_heap_free_end
951415 : 0x3016c0f2c95e2 : 2 : ittapi_config_apply_per_lib :  ITTAPI function instrumented: __itt_heap_reallocate_begin
951415 : 0x3016c0f2c9bc5 : 2 : ittapi_config_apply_per_lib :  ITTAPI function instrumented: __itt_heap_reallocate_end
951415 : 0x3016c0f2ca2fa : 2 : ittapi_config_apply_per_lib :  ITTAPI function not implemented: __itt_heap_internal_access_begin
951415 : 0x3016c0f2ca9d4 : 2 : ittapi_config_apply_per_lib :  ITTAPI function not implemented: __itt_heap_internal_access_end
951415 : 0x3016c0f2cbe70 : 2 : ittapi_config_apply_per_lib :  ITTAPI function not implemented: __itt_heap_record_memory_growth_begin
951415 : 0x3016c0f2cc58f : 2 : ittapi_config_apply_per_lib :  ITTAPI function not implemented: __itt_heap_record_memory_growth_end
951415 : 0x3016c0f2ccc20 : 2 : ittapi_config_apply_per_lib :  ITTAPI function not implemented: __itt_heap_reset_detection
951415 : 0x3016c0f2cd342 : 2 : ittapi_config_apply_per_lib :  ITTAPI function not implemented: __itt_heap_record
951415 : 0x3016c0f2cda08 : 2 : ittapi_config_apply_per_lib :  ITTAPI function not implemented: __itt_id_create
951415 : 0x3016c0f2ce060 : 2 : ittapi_config_apply_per_lib :  ITTAPI function not implemented: __itt_id_destroy
951415 : 0x3016c0f2ce6bd : 2 : ittapi_config_apply_per_lib :  ITTAPI function instrumented: __itt_get_timestamp
951415 : 0x3016c0f2ced00 : 2 : ittapi_config_apply_per_lib :  ITTAPI function not implemented: __itt_region_begin
951415 : 0x3016c0f2cf39f : 2 : ittapi_config_apply_per_lib :  ITTAPI function not implemented: __itt_region_end
951415 : 0x3016c0f2cf9e4 : 2 : ittapi_config_apply_per_lib :  ITTAPI function instrumented: __itt_frame_begin_v3
951415 : 0x3016c0f2d0d95 : 2 : ittapi_config_apply_per_lib :  ITTAPI function instrumented: __itt_frame_end_v3
951415 : 0x3016c0f2d13b6 : 2 : ittapi_config_apply_per_lib :  ITTAPI function instrumented: __itt_frame_submit_v3
951415 : 0x3016c0f2d1a5e : 2 : ittapi_config_apply_per_lib :  ITTAPI function not implemented: __itt_task_group
951415 : 0x3016c0f2d20a8 : 2 : ittapi_config_apply_per_lib :  ITTAPI function instrumented: __itt_task_begin
951415 : 0x3016c0f2d2691 : 2 : ittapi_config_apply_per_lib :  ITTAPI function instrumented: __itt_task_begin_fn
951415 : 0x3016c0f2d2c66 : 2 : ittapi_config_apply_per_lib :  ITTAPI function instrumented: __itt_task_end
951415 : 0x3016c0f2d331e : 2 : ittapi_config_apply_per_lib :  ITTAPI function not implemented: __itt_counter_inc_v3
951415 : 0x3016c0f2d39a2 : 2 : ittapi_config_apply_per_lib :  ITTAPI function not implemented: __itt_counter_inc_delta_v3
951415 : 0x3016c0f2d3feb : 2 : ittapi_config_apply_per_lib :  ITTAPI function not implemented: __itt_counter_dec_v3
951415 : 0x3016c0f2d4613 : 2 : ittapi_config_apply_per_lib :  ITTAPI function not implemented: __itt_counter_dec_delta_v3
951415 : 0x3016c0f2d5a36 : 2 : ittapi_config_apply_per_lib :  ITTAPI function not implemented: __itt_marker
951415 : 0x3016c0f2d607d : 2 : ittapi_config_apply_per_lib :  ITTAPI function instrumented: __itt_metadata_add
951415 : 0x3016c0f2d6730 : 2 : ittapi_config_apply_per_lib :  ITTAPI function not implemented: __itt_metadata_str_add
951415 : 0x3016c0f2d6da6 : 2 : ittapi_config_apply_per_lib :  ITTAPI function not implemented: __itt_relation_add_to_current
951415 : 0x3016c0f2d7408 : 2 : ittapi_config_apply_per_lib :  ITTAPI function not implemented: __itt_relation_add
951415 : 0x3016c0f2d7a1d : 2 : ittapi_config_apply_per_lib :  ITTAPI function instrumented: __itt_event_create
951415 : 0x3016c0f2d804f : 2 : ittapi_config_apply_per_lib :  ITTAPI function instrumented: __itt_event_start
951415 : 0x3016c0f2d863c : 2 : ittapi_config_apply_per_lib :  ITTAPI function instrumented: __itt_event_end
951415 : 0x3016c0f2d8b3c : 2 : ittapi_config_apply_per_lib :  ITTAPI function NOT instrumented (not matched by --itt-config option): __itt_sync_set_name

951415 : 0x3016c0f2d906a : 2 : ittapi_config_apply_per_lib :  ITTAPI function NOT instrumented (not matched by --itt-config option): __itt_notify_sync_name

951415 : 0x3016c0f2da911 : 2 : ittapi_config_apply_per_lib :  ITTAPI function NOT instrumented (not matched by --itt-config option): __itt_notify_sync_prepare

951415 : 0x3016c0f2dae43 : 2 : ittapi_config_apply_per_lib :  ITTAPI function NOT instrumented (not matched by --itt-config option): __itt_notify_sync_cancel

951415 : 0x3016c0f2db2eb : 2 : ittapi_config_apply_per_lib :  ITTAPI function NOT instrumented (not matched by --itt-config option): __itt_notify_sync_acquired

951415 : 0x3016c0f2db794 : 2 : ittapi_config_apply_per_lib :  ITTAPI function NOT instrumented (not matched by --itt-config option): __itt_notify_sync_releasing

951415 : 0x3016c0f2dbe21 : 2 : ittapi_config_apply_per_lib :  ITTAPI function not implemented: __itt_memory_read
951415 : 0x3016c0f2dc461 : 2 : ittapi_config_apply_per_lib :  ITTAPI function not implemented: __itt_memory_write
951415 : 0x3016c0f2dcac7 : 2 : ittapi_config_apply_per_lib :  ITTAPI function not implemented: __itt_memory_update
951415 : 0x3016c0f2dd163 : 2 : ittapi_config_apply_per_lib :  ITTAPI function not implemented: __itt_state_get
951415 : 0x3016c0f2dd79c : 2 : ittapi_config_apply_per_lib :  ITTAPI function not implemented: __itt_state_set
951415 : 0x3016c0f2dde1d : 2 : ittapi_config_apply_per_lib :  ITTAPI function not implemented: __itt_obj_mode_set
951415 : 0x3016c0f2df251 : 2 : ittapi_config_apply_per_lib :  ITTAPI function not implemented: __itt_thr_mode_set
951415 : 0x3016c0f2df8a9 : 2 : ittapi_config_apply_per_lib :  ITTAPI function instrumented: __itt_frame_create
951415 : 0x3016c0f2dfea0 : 2 : ittapi_config_apply_per_lib :  ITTAPI function instrumented: __itt_pt_region_create
951415 : 0x3016c0f2e0481 : 2 : ittapi_config_apply_per_lib :  ITTAPI function instrumented: __itt_frame_begin
951415 : 0x3016c0f2e0a76 : 2 : ittapi_config_apply_per_lib :  ITTAPI function instrumented: __itt_frame_end
951415 : 0x3016c0f2e111a : 2 : ittapi_config_apply_per_lib :  ITTAPI function not implemented: __itt_counter_destroy
951415 : 0x3016c0f2e1721 : 2 : ittapi_config_apply_per_lib :  ITTAPI function instrumented: __itt_counter_inc
951415 : 0x3016c0f2e1d27 : 2 : ittapi_config_apply_per_lib :  ITTAPI function instrumented: __itt_counter_inc_delta
951415 : 0x3016c0f2e2332 : 2 : ittapi_config_apply_per_lib :  ITTAPI function instrumented: __itt_counter_dec
951415 : 0x3016c0f2e2941 : 2 : ittapi_config_apply_per_lib :  ITTAPI function instrumented: __itt_counter_dec_delta
951415 : 0x3016c0f2e3c1b : 2 : ittapi_config_apply_per_lib :  ITTAPI function instrumented: __itt_counter_set_value
951415 : 0x3016c0f2e4298 : 2 : ittapi_config_apply_per_lib :  ITTAPI function not implemented: __itt_counter_set_value_ex
951415 : 0x3016c0f2e48df : 2 : ittapi_config_apply_per_lib :  ITTAPI function not implemented: __itt_mark_create
951415 : 0x3016c0f2e4f2b : 2 : ittapi_config_apply_per_lib :  ITTAPI function not implemented: __itt_mark
951415 : 0x3016c0f2e556f : 2 : ittapi_config_apply_per_lib :  ITTAPI function not implemented: __itt_mark_off
951415 : 0x3016c0f2e5b8d : 2 : ittapi_config_apply_per_lib :  ITTAPI function not implemented: __itt_mark_global
951415 : 0x3016c0f2e61a3 : 2 : ittapi_config_apply_per_lib :  ITTAPI function not implemented: __itt_mark_global_off
951415 : 0x3016c0f2e6828 : 2 : ittapi_config_apply_per_lib :  ITTAPI function instrumented: __itt_stack_caller_create
951415 : 0x3016c0f2e6e01 : 2 : ittapi_config_apply_per_lib :  ITTAPI function instrumented: __itt_stack_caller_destroy
951415 : 0x3016c0f2e73d0 : 2 : ittapi_config_apply_per_lib :  ITTAPI function instrumented: __itt_stack_callee_enter
951415 : 0x3016c0f2e8e0c : 2 : ittapi_config_apply_per_lib :  ITTAPI function instrumented: __itt_stack_callee_leave
951415 : 0x3016c0f2e94cb : 2 : ittapi_config_apply_per_lib :  ITTAPI function not implemented: __itt_clock_domain_create
951415 : 0x3016c0f2e9b14 : 2 : ittapi_config_apply_per_lib :  ITTAPI function not implemented: __itt_clock_domain_reset
951415 : 0x3016c0f2ea17f : 2 : ittapi_config_apply_per_lib :  ITTAPI function not implemented: __itt_id_create_ex
951415 : 0x3016c0f2ea797 : 2 : ittapi_config_apply_per_lib :  ITTAPI function not implemented: __itt_id_destroy_ex
951415 : 0x3016c0f2eae2c : 2 : ittapi_config_apply_per_lib :  ITTAPI function not implemented: __itt_task_begin_ex
951415 : 0x3016c0f2eb473 : 2 : ittapi_config_apply_per_lib :  ITTAPI function not implemented: __itt_task_begin_fn_ex
951415 : 0x3016c0f2ebae1 : 2 : ittapi_config_apply_per_lib :  ITTAPI function not implemented: __itt_task_end_ex
951415 : 0x3016c0f2eff32 : 2 : ittapi_config_apply_per_lib :  ITTAPI function instrumented: __itt_task_begin_overlapped
951415 : 0x3016c0f2f0547 : 2 : ittapi_config_apply_per_lib :  ITTAPI function not implemented: __itt_task_begin_overlapped_ex
951415 : 0x3016c0f2f1911 : 2 : ittapi_config_apply_per_lib :  ITTAPI function instrumented: __itt_task_end_overlapped
951415 : 0x3016c0f2f1f89 : 2 : ittapi_config_apply_per_lib :  ITTAPI function not implemented: __itt_task_end_overlapped_ex
951415 : 0x3016c0f2f25e2 : 2 : ittapi_config_apply_per_lib :  ITTAPI function not implemented: __itt_marker_ex
951415 : 0x3016c0f2f2d23 : 2 : ittapi_config_apply_per_lib :  ITTAPI function not implemented: __itt_metadata_add_with_scope
951415 : 0x3016c0f2f33fb : 2 : ittapi_config_apply_per_lib :  ITTAPI function not implemented: __itt_metadata_str_add_with_scope
951415 : 0x3016c0f2f3a53 : 2 : ittapi_config_apply_per_lib :  ITTAPI function not implemented: __itt_relation_add_to_current_ex
951415 : 0x3016c0f2f8a7a : 2 : ittapi_config_apply_per_lib :  ITTAPI function not implemented: __itt_relation_add_ex
951415 : 0x3016c0f2f9072 : 2 : ittapi_config_apply_per_lib :  ITTAPI function not implemented: __itt_track_group_create
951415 : 0x3016c0f2f95d5 : 2 : ittapi_config_apply_per_lib :  ITTAPI function not implemented: __itt_track_create
951415 : 0x3016c0f2f9b62 : 2 : ittapi_config_apply_per_lib :  ITTAPI function not implemented: __itt_set_track
951415 : 0x3016c0f2feece : 2 : ittapi_config_apply_per_lib :  ITTAPI function instrumented: __itt_api_version
951415 : 0x3016c0f2ff4b0 : 2 : ittapi_config_apply_per_lib :  ITTAPI function not implemented: __itt_av_save
951415 : 0x3016c0f2ff9c1 : 2 : ittapi_config_apply_per_lib :  ITTAPI function instrumented: __itt_module_load
951415 : 0x3016c0f2fff55 : 2 : ittapi_config_apply_per_lib :  ITTAPI function not implemented: __itt_module_unload
951415 : 0x3016c0f3003d5 : 2 : ittapi_config_apply_per_lib :  ITTAPI function NOT instrumented (not matched by --itt-config option): __itt_histogram_submit

951415 : 0x3016c0f300955 : 2 : ittapi_config_apply_per_lib :  ITTAPI function instrumented: __itt_counter_set_value_v3