
1172784 : 0x3f76b19371274 : 1 : spill_jit_data :  Jit agent is not initialized
1172647 : 0x3f76b194292ea : 2 : ittapi_config_mask_get :  --itt-config mask to be applied: 55
1172647 : 0x3f76b1942b906 : 2 : ittapi_config_apply_per_lib :  ITTAPI function instrumented: __itt_domain_create
1172647 : 0x3f76b1942c364 : 2 : ittapi_config_apply_per_lib :  ITTAPI function instrumented: __itt_module_load_with_sections
1172647 : 0x3f76b1942d2f4 : 2 : ittapi_config_apply_per_lib :  ITTAPI function not implemented: __itt_module_unload_with_sections
1172647 : 0x3f76b1942dd85 : 2 : ittapi_config_apply_per_lib :  ITTAPI function instrumented: __itt_string_handle_create
1172647 : 0x3f76b1942e412 : 2 : ittapi_config_apply_per_lib :  ITTAPI function instrumented: __itt_counter_create
1172647 : 0x3f76b1942ea91 : 2 : ittapi_config_apply_per_lib :  ITTAPI function instrumented: __itt_counter_create_typed
1172647 : 0x3f76b1942f0ab : 2 : ittapi_config_apply_per_lib :  ITTAPI function instrumented: __itt_pause
1172647 : 0x3f76b1942f768 : 2 : ittapi_config_apply_per_lib :  ITTAPI function instrumented: __itt_resume
1172647 : 0x3f76b19436ac0 : 2 : ittapi_config_apply_per_lib :  ITTAPI function not implemented: __itt_pause_scoped
1172647 : 0x3f76b19437666 : 2 : ittapi_config_apply_per_lib :  ITTAPI function not implemented: __itt_resume_scoped
1172647 : 0x3f76b19437d0f : 2 : ittapi_config_apply_per_lib :  ITTAPI function instrumented: __itt_thread_set_name
1172647 : 0x3f76b194383e5 : 2 : ittapi_config_apply_per_lib :  ITTAPI function instrumented: __itt_thread_ignore
1172647 : 0x3f76b19438a98 : 2 : ittapi_config_apply_per_lib :  ITTAPI function instrumented: __itt_thr_name_set
1172647 : 0x3f76b194390f8 : 2 : ittapi_config_apply_per_lib :  ITTAPI function instrumented: __itt_thr_ignore
1172647 : 0x3f76b19439773 : 2 : ittapi_config_apply_per_lib :  ITTAPI function instrumented: __itt_histogram_create
1172647 : 0x3f76b19439d2e : 2 : ittapi_config_apply_per_lib :  ITTAPI function instrumented: __itt_counter_create_v3
1172647 : 0x3f76b1943a3a0 : 2 : ittapi_config_apply_per_lib :  ITTAPI function instrumented: __itt_bind_context_metadata_to_counter
1172647 : 0x3f76b1943aae7 : 2 : ittapi_config_apply_per_lib :  ITTAPI function not implemented: __itt_enable_attach
1172647 : 0x3f76b1943c8aa : 2 : ittapi_config_apply_per_lib :  ITTAPI function instrumented: __itt_detach
1172647 : 0x3f76b1943ce85 : 2 : ittapi_config_apply_per_lib :  ITTAPI function NOT instrumented (not matched by --itt-config option): __itt_sync_create

1172647 : 0x3f76b1943d430 : 2 : ittapi_config_apply_per_lib :  ITTAPI function NOT instrumented (not matched by --itt-config option): __itt_sync_rename

1172647 : 0x3f76b1943d94d : 2 : ittapi_config_apply_per_lib :  ITTAPI function NOT instrumented (not matched by --itt-config option): __itt_sync_destroy

1172647 : 0x3f76b1943de11 : 2 : ittapi_config_apply_per_lib :  ITTAPI function NOT instrumented (not matched by --itt-config option): __itt_sync_prepare

1172647 : 0x3f76b1943e312 : 2 : ittapi_config_apply_per_lib :  ITTAPI function NOT instrumented (not matched by --itt-config option): __itt_sync_cancel

1172647 : 0x3f76b1943e7db : 2 : ittapi_config_apply_per_lib :  ITTAPI function NOT instrumented (not matched by --itt-config option): __itt_sync_acquired

1172647 : 0x3f76b1943ecc5 : 2 : ittapi_config_apply_per_lib :  ITTAPI function NOT instrumented (not matched by --itt-config option): __itt_sync_releasing

1172647 : 0x3f76b1943f3ce : 2 : ittapi_config_apply_per_lib :  ITTAPI function not implemented: __itt_suppress_push
1172647 : 0x3f76b1943fd2f : 2 : ittapi_config_apply_per_lib :  ITTAPI function not implemented: __itt_suppress_pop
1172647 : 0x3f76b19441505 : 2 : ittapi_config_apply_per_lib :  ITTAPI function not implemented: __itt_suppress_mark_range
1172647 : 0x3f76b19441cff : 2 : ittapi_config_apply_per_lib :  ITTAPI function not implemented: __itt_suppress_clear_range
1172647 : 0x3f76b194421db : 2 : ittapi_config_apply_per_lib :  ITTAPI function NOT instrumented (not matched by --itt-config option): __itt_sync_prepare

1172647 : 0x3f76b194426e4 : 2 : ittapi_config_apply_per_lib :  ITTAPI function NOT instrumented (not matched by --itt-config option): __itt_sync_cancel

1172647 : 0x3f76b19442bae : 2 : ittapi_config_apply_per_lib :  ITTAPI function NOT instrumented (not matched by --itt-config option): __itt_sync_acquired

1172647 : 0x3f76b1944305a : 2 : ittapi_config_apply_per_lib :  ITTAPI function NOT instrumented (not matched by --itt-config option): __itt_sync_releasing

1172647 : 0x3f76b1944358b : 2 : ittapi_config_apply_per_lib :  ITTAPI function NOT instrumented (not matched by --itt-config option): __itt_model_site_begin

1172647 : 0x3f76b19443ab9 : 2 : ittapi_config_apply_per_lib :  ITTAPI function NOT instrumented (not matched by --itt-config option): __itt_model_site_end

1172647 : 0x3f76b1944404e : 2 : ittapi_config_apply_per_lib :  ITTAPI function NOT instrumented (not matched by --itt-config option): __itt_model_task_begin

1172647 : 0x3f76b19444555 : 2 : ittapi_config_apply_per_lib :  ITTAPI function NOT instrumented (not matched by --itt-config option): __itt_model_task_end

1172647 : 0x3f76b19446716 : 2 : ittapi_config_apply_per_lib :  ITTAPI function NOT instrumented (not matched by --itt-config option): __itt_model_lock_acquire

1172647 : 0x3f76b19446d1d : 2 : ittapi_config_apply_per_lib :  ITTAPI function NOT instrumented (not matched by --itt-config option): __itt_model_lock_release

1172647 : 0x3f76b19447252 : 2 : ittapi_config_apply_per_lib :  ITTAPI function NOT instrumented (not matched by --itt-config option): __itt_model_record_allocation

1172647 : 0x3f76b194477c2 : 2 : ittapi_config_apply_per_lib :  ITTAPI function NOT instrumented (not matched by --itt-config option): __itt_model_record_deallocation

1172647 : 0x3f76b19447cc8 : 2 : ittapi_config_apply_per_lib :  ITTAPI function NOT instrumented (not matched by --itt-config option): __itt_model_induction_uses

1172647 : 0x3f76b1944819b : 2 : ittapi_config_apply_per_lib :  ITTAPI function NOT instrumented (not matched by --itt-config option): __itt_model_reduction_uses

1172647 : 0x3f76b1944866d : 2 : ittapi_config_apply_per_lib :  ITTAPI function NOT instrumented (not matched by --itt-config option): __itt_model_observe_uses

1172647 : 0x3f76b19448bc6 : 2 : ittapi_config_apply_per_lib :  ITTAPI function NOT instrumented (not matched by --itt-config option): __itt_model_clear_uses

1172647 : 0x3f76b1944919e : 2 : ittapi_config_apply_per_lib :  ITTAPI function NOT instrumented (not matched by --itt-config option): __itt_model_site_beginA

1172647 : 0x3f76b1944972e : 2 : ittapi_config_apply_per_lib :  ITTAPI function NOT instrumented (not matched by --itt-config option): __itt_model_site_beginAL

1172647 : 0x3f76b1944ab0c : 2 : ittapi_config_apply_per_lib :  ITTAPI function NOT instrumented (not matched by --itt-config option): __itt_model_task_beginA

1172647 : 0x3f76b1944b014 : 2 : ittapi_config_apply_per_lib :  ITTAPI function NOT instrumented (not matched by --itt-config option): __itt_model_task_beginAL

1172647 : 0x3f76b1944b4dd : 2 : ittapi_config_apply_per_lib :  ITTAPI function NOT instrumented (not matched by --itt-config option): __itt_model_iteration_taskA

1172647 : 0x3f76b1944b991 : 2 : ittapi_config_apply_per_lib :  ITTAPI function NOT instrumented (not matched by --itt-config option): __itt_model_iteration_taskAL

1172647 : 0x3f76b1944be71 : 2 : ittapi_config_apply_per_lib :  ITTAPI function NOT instrumented (not matched by --itt-config option): __itt_model_site_end_2

1172647 : 0x3f76b1944c349 : 2 : ittapi_config_apply_per_lib :  ITTAPI function NOT instrumented (not matched by --itt-config option): __itt_model_task_end_2

1172647 : 0x3f76b1944c7e8 : 2 : ittapi_config_apply_per_lib :  ITTAPI function NOT instrumented (not matched by --itt-config option): __itt_model_lock_acquire_2

1172647 : 0x3f76b1944cca0 : 2 : ittapi_config_apply_per_lib :  ITTAPI function NOT instrumented (not matched by --itt-config option): __itt_model_lock_release_2

1172647 : 0x3f76b1944d1c5 : 2 : ittapi_config_apply_per_lib :  ITTAPI function NOT instrumented (not matched by --itt-config option): __itt_model_aggregate_task

1172647 : 0x3f76b1944d671 : 2 : ittapi_config_apply_per_lib :  ITTAPI function NOT instrumented (not matched by --itt-config option): __itt_model_disable_push

1172647 : 0x3f76b1944f35e : 2 : ittapi_config_apply_per_lib :  ITTAPI function NOT instrumented (not matched by --itt-config option): __itt_model_disable_pop

1172647 : 0x3f76b1944fa47 : 2 : ittapi_config_apply_per_lib :  ITTAPI function instrumented: __itt_heap_function_create
1172647 : 0x3f76b1945005f : 2 : ittapi_config_apply_per_lib :  ITTAPI function instrumented: __itt_heap_allocate_begin
1172647 : 0x3f76b19450645 : 2 : ittapi_config_apply_per_lib :  ITTAPI function instrumented: __itt_heap_allocate_end
1172647 : 0x3f76b19450c1f : 2 : ittapi_config_apply_per_lib :  ITTAPI function instrumented: __itt_heap_free_begin
1172647 : 0x3f76b19451228 : 2 : ittapi_config_apply_per_lib :  ITTAPI function instrumented: __itt_heap_free_end
1172647 : 0x3f76b194517f2 : 2 : ittapi_config_apply_per_lib :  ITTAPI function instrumented: __itt_heap_reallocate_begin
1172647 : 0x3f76b19451e25 : 2 : ittapi_config_apply_per_lib :  ITTAPI function instrumented: __itt_heap_reallocate_end
1172647 : 0x3f76b19452561 : 2 : ittapi_config_apply_per_lib :  ITTAPI function not implemented: __itt_heap_internal_access_begin
1172647 : 0x3f76b19452bea : 2 : ittapi_config_apply_per_lib :  ITTAPI function not implemented: __itt_heap_internal_access_end
1172647 : 0x3f76b194540fd : 2 : ittapi_config_apply_per_lib :  ITTAPI function not implemented: __itt_heap_record_memory_growth_begin
1172647 : 0x3f76b194547a7 : 2 : ittapi_config_apply_per_lib :  ITTAPI function not implemented: __itt_heap_record_memory_growth_end
1172647 : 0x3f76b19454e31 : 2 : ittapi_config_apply_per_lib :  ITTAPI function not implemented: __itt_heap_reset_detection
1172647 : 0x3f76b1945555d : 2 : ittapi_config_apply_per_lib :  ITTAPI function not implemented: __itt_heap_record
1172647 : 0x3f76b19455c3b : 2 : ittapi_config_apply_per_lib :  ITTAPI function not implemented: __itt_id_create
1172647 : 0x3f76b1945633f : 2 : ittapi_config_apply_per_lib :  ITTAPI function not implemented: __itt_id_destroy
1172647 : 0x3f76b194569af : 2 : ittapi_config_apply_per_lib :  ITTAPI function instrumented: __itt_get_timestamp
1172647 : 0x3f76b19456f9a : 2 : ittapi_config_apply_per_lib :  ITTAPI function not implemented: __itt_region_begin
1172647 : 0x3f76b1945762f : 2 : ittapi_config_apply_per_lib :  ITTAPI function not implemented: __itt_region_end
1172647 : 0x3f76b19457c36 : 2 : ittapi_config_apply_per_lib :  ITTAPI function instrumented: __itt_frame_begin_v3
1172647 : 0x3f76b19458fd1 : 2 : ittapi_config_apply_per_lib :  ITTAPI function instrumented: __itt_frame_end_v3
1172647 : 0x3f76b19459602 : 2 : ittapi_config_apply_per_lib :  ITTAPI function instrumented: __itt_frame_submit_v3
1172647 : 0x3f76b19459cbd : 2 : ittapi_config_apply_per_lib :  ITTAPI function not implemented: __itt_task_group
1172647 : 0x3f76b1945a283 : 2 : ittapi_config_apply_per_lib :  ITTAPI function instrumented: __itt_task_begin
1172647 : 0x3f76b1945a832 : 2 : ittapi_config_apply_per_lib :  ITTAPI function instrumented: __itt_task_begin_fn
1172647 : 0x3f76b1945adfe : 2 : ittapi_config_apply_per_lib :  ITTAPI function instrumented: __itt_task_end
1172647 : 0x3f76b1945b482 : 2 : ittapi_config_apply_per_lib :  ITTAPI function not implemented: __itt_counter_inc_v3
1172647 : 0x3f76b1945bb33 : 2 : ittapi_config_apply_per_lib :  ITTAPI function not implemented: __itt_counter_inc_delta_v3
1172647 : 0x3f76b1945c181 : 2 : ittapi_config_apply_per_lib :  ITTAPI function not implemented: __itt_counter_dec_v3
1172647 : 0x3f76b1945c792 : 2 : ittapi_config_apply_per_lib :  ITTAPI function not implemented: __itt_counter_dec_delta_v3
1172647 : 0x3f76b1945dbc4 : 2 : ittapi_config_apply_per_lib :  ITTAPI function not implemented: __itt_marker
1172647 : 0x3f76b1945e227 : 2 : ittapi_config_apply_per_lib :  ITTAPI function instrumented: __itt_metadata_add
1172647 : 0x3f76b1945e8ba : 2 : ittapi_config_apply_per_lib :  ITTAPI function not implemented: __itt_metadata_str_add
1172647 : 0x3f76b1945eef4 : 2 : ittapi_config_apply_per_lib :  ITTAPI function not implemented: __itt_relation_add_to_current
1172647 : 0x3f76b1945f52d : 2 : ittapi_config_apply_per_lib :  ITTAPI function not implemented: __itt_relation_add
1172647 : 0x3f76b1945fad5 : 2 : ittapi_config_apply_per_lib :  ITTAPI function instrumented: __itt_event_create
1172647 : 0x3f76b194600e7 : 2 : ittapi_config_apply_per_lib :  ITTAPI function instrumented: __itt_event_start
1172647 : 0x3f76b194606ae : 2 : ittapi_config_apply_per_lib :  ITTAPI function instrumented: __itt_event_end
1172647 : 0x3f76b19460b61 : 2 : ittapi_config_apply_per_lib :  ITTAPI function NOT instrumented (not matched by --itt-config option): __itt_sync_set_name

1172647 : 0x3f76b19461067 : 2 : ittapi_config_apply_per_lib :  ITTAPI function NOT instrumented (not matched by --itt-config option): __itt_notify_sync_name

1172647 : 0x3f76b19462da0 : 2 : ittapi_config_apply_per_lib :  ITTAPI function NOT instrumented (not matched by --itt-config option): __itt_notify_sync_prepare

1172647 : 0x3f76b194632b9 : 2 : ittapi_config_apply_per_lib :  ITTAPI function NOT instrumented (not matched by --itt-config option): __itt_notify_sync_cancel

1172647 : 0x3f76b1946376b : 2 : ittapi_config_apply_per_lib :  ITTAPI function NOT instrumented (not matched by --itt-config option): __itt_notify_sync_acquired

1172647 : 0x3f76b19463bf0 : 2 : ittapi_config_apply_per_lib :  ITTAPI function NOT instrumented (not matched by --itt-config option): __itt_notify_sync_releasing

1172647 : 0x3f76b1946428e : 2 : ittapi_config_apply_per_lib :  ITTAPI function not implemented: __itt_memory_read
1172647 : 0x3f76b194648d4 : 2 : ittapi_config_apply_per_lib :  ITTAPI function not implemented: __itt_memory_write
1172647 : 0x3f76b19464f82 : 2 : ittapi_config_apply_per_lib :  ITTAPI function not implemented: __itt_memory_update
1172647 : 0x3f76b194655f1 : 2 : ittapi_config_apply_per_lib :  ITTAPI function not implemented: __itt_state_get
1172647 : 0x3f76b19465bfb : 2 : ittapi_config_apply_per_lib :  ITTAPI function not implemented: __itt_state_set
1172647 : 0x3f76b194662e8 : 2 : ittapi_config_apply_per_lib :  ITTAPI function not implemented: __itt_obj_mode_set
1172647 : 0x3f76b19467777 : 2 : ittapi_config_apply_per_lib :  ITTAPI function not implemented: __itt_thr_mode_set
1172647 : 0x3f76b19467d57 : 2 : ittapi_config_apply_per_lib :  ITTAPI function instrumented: __itt_frame_create
1172647 : 0x3f76b19468359 : 2 : ittapi_config_apply_per_lib :  ITTAPI function instrumented: __itt_pt_region_create
1172647 : 0x3f76b19468937 : 2 : ittapi_config_apply_per_lib :  ITTAPI function instrumented: __itt_frame_begin
1172647 : 0x3f76b19468f43 : 2 : ittapi_config_apply_per_lib :  ITTAPI function instrumented: __itt_frame_end
1172647 : 0x3f76b194695c9 : 2 : ittapi_config_apply_per_lib :  ITTAPI function not implemented: __itt_counter_destroy
1172647 : 0x3f76b19469b93 : 2 : ittapi_config_apply_per_lib :  ITTAPI function instrumented: __itt_counter_inc
1172647 : 0x3f76b1946a166 : 2 : ittapi_config_apply_per_lib :  ITTAPI function instrumented: __itt_counter_inc_delta
1172647 : 0x3f76b1946a71c : 2 : ittapi_config_apply_per_lib :  ITTAPI function instrumented: __itt_counter_dec
1172647 : 0x3f76b1946ad74 : 2 : ittapi_config_apply_per_lib :  ITTAPI function instrumented: __itt_counter_dec_delta
1172647 : 0x3f76b1946c078 : 2 : ittapi_config_apply_per_lib :  ITTAPI function instrumented: __itt_counter_set_value
1172647 : 0x3f76b1946c6e5 : 2 : ittapi_config_apply_per_lib :  ITTAPI function not implemented: __itt_counter_set_value_ex
1172647 : 0x3f76b1946cd44 : 2 : ittapi_config_apply_per_lib :  ITTAPI function not implemented: __itt_mark_create
1172647 : 0x3f76b1946d380 : 2 : ittapi_config_apply_per_lib :  ITTAPI function not implemented: __itt_mark
1172647 : 0x3f76b1946d997 : 2 : ittapi_config_apply_per_lib :  ITTAPI function not implemented: __itt_mark_off
1172647 : 0x3f76b1946df99 : 2 : ittapi_config_apply_per_lib :  ITTAPI function not implemented: __itt_mark_global
1172647 : 0x3f76b1946e5a1 : 2 : ittapi_config_apply_per_lib :  ITTAPI function not implemented: __itt_mark_global_off
1172647 : 0x3f76b1946ebf5 : 2 : ittapi_config_apply_per_lib :  ITTAPI function instrumented: __itt_stack_caller_create
1172647 : 0x3f76b1946f1b2 : 2 : ittapi_config_apply_per_lib :  ITTAPI function instrumented: __itt_stack_caller_destroy
1172647 : 0x3f76b1946f76d : 2 : ittapi_config_apply_per_lib :  ITTAPI function instrumented: __itt_stack_callee_enter
1172647 : 0x3f76b1947381e : 2 : ittapi_config_apply_per_lib :  ITTAPI function instrumented: __itt_stack_callee_leave
1172647 : 0x3f76b194740a4 : 2 : ittapi_config_apply_per_lib :  ITTAPI function not implemented: __itt_clock_domain_create
1172647 : 0x3f76b19474709 : 2 : ittapi_config_apply_per_lib :  ITTAPI function not implemented: __itt_clock_domain_reset
1172647 : 0x3f76b19474d84 : 2 : ittapi_config_apply_per_lib :  ITTAPI function not implemented: __itt_id_create_ex
1172647 : 0x3f76b194753a2 : 2 : ittapi_config_apply_per_lib :  ITTAPI function not implemented: __itt_id_destroy_ex
1172647 : 0x3f76b194759a6 : 2 : ittapi_config_apply_per_lib :  ITTAPI function not implemented: __itt_task_begin_ex
1172647 : 0x3f76b19475fd8 : 2 : ittapi_config_apply_per_lib :  ITTAPI function not implemented: __itt_task_begin_fn_ex
1172647 : 0x3f76b19476614 : 2 : ittapi_config_apply_per_lib :  ITTAPI function not implemented: __itt_task_end_ex
1172647 : 0x3f76b19476c3b : 2 : ittapi_config_apply_per_lib :  ITTAPI function instrumented: __itt_task_begin_overlapped
1172647 : 0x3f76b194772f4 : 2 : ittapi_config_apply_per_lib :  ITTAPI function not implemented: __itt_task_begin_overlapped_ex
1172647 : 0x3f76b194787bc : 2 : ittapi_config_apply_per_lib :  ITTAPI function instrumented: __itt_task_end_overlapped
1172647 : 0x3f76b19478e42 : 2 : ittapi_config_apply_per_lib :  ITTAPI function not implemented: __itt_task_end_overlapped_ex
1172647 : 0x3f76b1947942b : 2 : ittapi_config_apply_per_lib :  ITTAPI function not implemented: __itt_marker_ex
1172647 : 0x3f76b19479c9f : 2 : ittapi_config_apply_per_lib :  ITTAPI function not implemented: __itt_metadata_add_with_scope
1172647 : 0x3f76b1947a377 : 2 : ittapi_config_apply_per_lib :  ITTAPI function not implemented: __itt_metadata_str_add_with_scope
1172647 : 0x3f76b1947a9e5 : 2 : ittapi_config_apply_per_lib :  ITTAPI function not implemented: __itt_relation_add_to_current_ex
1172647 : 0x3f76b1947afd8 : 2 : ittapi_config_apply_per_lib :  ITTAPI function not implemented: __itt_relation_add_ex
1172647 : 0x3f76b1947b640 : 2 : ittapi_config_apply_per_lib :  ITTAPI function not implemented: __itt_track_group_create
1172647 : 0x3f76b1947bc0b : 2 : ittapi_config_apply_per_lib :  ITTAPI function not implemented: __itt_track_create
1172647 : 0x3f76b1947c1f0 : 2 : ittapi_config_apply_per_lib :  ITTAPI function not implemented: __itt_set_track
1172647 : 0x3f76b1947d584 : 2 : ittapi_config_apply_per_lib :  ITTAPI function instrumented: __itt_api_version
1172647 : 0x3f76b1947dc2d : 2 : ittapi_config_apply_per_lib :  ITTAPI function not implemented: __itt_av_save
1172647 : 0x3f76b1947e206 : 2 : ittapi_config_apply_per_lib :  ITTAPI function instrumented: __itt_module_load
1172647 : 0x3f76b1947e81b : 2 : ittapi_config_apply_per_lib :  ITTAPI function not implemented: __itt_module_unload
1172647 : 0x3f76b1947ed44 : 2 : ittapi_config_apply_per_lib :  ITTAPI function NOT instrumented (not matched by --itt-config option): __itt_histogram_submit

1172647 : 0x3f76b1947f38a : 2 : ittapi_config_apply_per_lib :  ITTAPI function instrumented: __itt_counter_set_value_v3