
1497697 : 0x5287f24f3668f : 3 : logger_init :  LOG FILE OPENED (by collectunits.logger), level: 4
1497697 : 0x5287f26145bd7 : 4 : probePythonFunctions :  PyThreadState_Swap
1497697 : 0x5287f26282cb5 : 4 : probePythonFunctions :  PyThreadState_Swap probed at 0x14bd5a70b348
1497697 : 0x5287f262866c7 : 4 : probePythonFunctions :  PyImport_Cleanup
1497697 : 0x5287f2652250c : 4 : probePythonFunctions :  PyImport_Cleanup probed at 0x14bd5a70b378
1497697 : 0x5287f26526da7 : 4 : probePythonFunctions :  PyThreadState_Clear
1497697 : 0x5287f266b8e0b : 4 : probePythonFunctions :  PyThreadState_Clear probed at 0x14bd5a70b3b0
1497697 : 0x5287f266bc6ee : 4 : probePythonFunctions :  Py_Initialize
1497697 : 0x5287f267aab38 : 4 : probePythonFunctions :  Py_Initialize probed at 0x14bd5a70b3d8
1497697 : 0x5287f267ae50a : 4 : probePythonFunctions :  Py_InitializeEx
1497697 : 0x5287f268c1bf2 : 4 : probePythonFunctions :  Py_InitializeEx probed at 0x14bd5a70b418
1497697 : 0x5287f268c55fc : 4 : probePythonFunctions :  PyOS_AfterFork_Child
1497697 : 0x5287f269b24ac : 4 : probePythonFunctions :  PyOS_AfterFork_Child probed at 0x14bd5a70b460
1497697 : 0x5287f269b5e77 : 4 : probePythonFunctions :  PyCode_New
1497697 : 0x5287f26a8de9c : 4 : probePythonFunctions :  PyCode_New probed at 0x14bd5a70b4a8
1497697 : 0x5287f26a9183d : 4 : probePythonFunctions :  Py_FinalizeEx
1497697 : 0x5287f26c4c2c2 : 4 : probePythonFunctions :  Py_FinalizeEx probed at 0x14bd5a70b4d0
1497697 : 0x5287f26c4fd0a : 4 : probePythonFunctions :  _PyEval_EvalFrameDefault
1497697 : 0x5287f2853f879 : 4 : probePythonFunctions :  _PyEval_EvalFrameDefault probed at 0x14bd5a70b4f8
1497697 : 0x5287f285435a0 : 4 : probePythonFunctions :  PyCode_NewWithPosOnlyArgs
1497697 : 0x5287f2895b85b : 4 : probePythonFunctions :  PyCode_NewWithPosOnlyArgs probed at 0x14bd5a70b520
1497697 : 0x5287f2895f6c6 : 4 : probePythonFunctions :  Py_RunMain
1497697 : 0x5287f28ba8406 : 4 : probePythonFunctions :  Py_RunMain probed at 0x14bd5a70b548
1497697 : 0x5287f28babea7 : 4 : probePythonFunctions :  Py_InitializeFromConfig
1497697 : 0x5287f28df1e33 : 4 : probePythonFunctions :  Py_InitializeFromConfig probed at 0x14bd5a70b590
1497697 : 0x5287f28df580c : 4 : probePythonFunctions :  _PySignal_AfterFork
1497697 : 0x5287f28e205da : 4 : probePythonFunctions :  the _PySignal_AfterFork size is too small to be probed: size=4. Skip and continue
1497697 : 0x5287f28e283f3 : 4 : probePythonFunctions :  PyInterpreterState_Head
1497697 : 0x5287f28f22deb : 4 : probePythonFunctions :  PyInterpreterState_Next
1497697 : 0x5287f2901cba8 : 4 : probePythonFunctions :  PyInterpreterState_ThreadHead
1497697 : 0x5287f2911d290 : 4 : probePythonFunctions :  PyThreadState_Next
1497697 : 0x5287f2921983c : 4 : probePythonFunctions :  PyThreadState_New
1497697 : 0x5287f2932f950 : 4 : probePythonFunctions :  PyThreadState_Delete
1497697 : 0x5287f2935788f : 4 : probePythonFunctions :  PyGILState_GetThisThreadState
1497697 : 0x5287f29370c4a : 4 : probePythonFunctions :  PyEval_AcquireThread
1497697 : 0x5287f294839a6 : 4 : probePythonFunctions :  PyEval_ReleaseThread
1497697 : 0x5287f294a9d36 : 4 : probePythonFunctions :  Py_GetVersion
1497697 : 0x5287f295aff70 : 4 : probePythonFunctions :  PySys_GetObject
1497697 : 0x5287f2968b5c2 : 4 : probePythonFunctions :  PyLong_AsLong
1497697 : 0x5287f2975380a : 4 : probePythonFunctions :  Py_IncRef
1497697 : 0x5287f29761543 : 4 : probePythonFunctions :  Py_DecRef
1497697 : 0x5287f29770a70 : 4 : probePythonFunctions :  PyThreadState_Get
1497697 : 0x5287f29835123 : 4 : probePythonFunctions :  PyEval_GetFrame
1497697 : 0x5287f2992755d : 4 : probePythonFunctions :  PyEval_ThreadsInitialized
1497697 : 0x5287f2993d087 : 4 : probePythonFunctions :  PyObject_GetAttrString
1497697 : 0x5287f299f802c : 4 : probePythonFunctions :  PyObject_Call
1497697 : 0x5287f29ab045e : 4 : probePythonFunctions :  PyTuple_New
1497697 : 0x5287f29b7a83a : 4 : probePythonFunctions :  PyTuple_SetItem
1497697 : 0x5287f29c3d14b : 4 : probePythonFunctions :  PyList_New
1497697 : 0x5287f29cfbc61 : 4 : probePythonFunctions :  PyList_GetItem
1497697 : 0x5287f29dcf388 : 4 : probePythonFunctions :  PyList_Size
1497697 : 0x5287f29e87356 : 4 : probePythonFunctions :  PyThread_get_thread_ident
1497697 : 0x5287f29f4eef8 : 4 : probePythonFunctions :  PyErr_Fetch
1497697 : 0x5287f2a00f1f8 : 4 : probePythonFunctions :  PyErr_Restore
1497697 : 0x5287f2a0ccf6a : 4 : probePythonFunctions :  PyDict_Next
1497697 : 0x5287f2a18722b : 4 : probePythonFunctions :  PyDict_Size
1497697 : 0x5287f2a1b592b : 4 : probePythonFunctions :  PyDict_GetItemString
1497697 : 0x5287f2a29626c : 4 : probePythonFunctions :  PyImport_GetModuleDict
1497697 : 0x5287f2a36f2e6 : 4 : probePythonFunctions :  PyBytes_AsStringAndSize
1497697 : 0x5287f2a47becd : 4 : probePythonFunctions :  PyBytes_AsString
1497697 : 0x5287f2a579acf : 4 : probePythonFunctions :  PyUnicode_EncodeLocale
1497697 : 0x5287f2a68c90b : 4 : probePythonFunctions :  PyUnicode_EncodeFSDefault
1497697 : 0x5287f2ea728a0 : 4 : pytrace_start_profiling :  [CALLED]
1497697 : 0x5287f3a6a128a : 4 : pytrace_start_profiling :  [CALLED]
1497697 : 0x5287f3a6a9670 : 4 : initTmu :  init tmu started
1497697 : 0x5287f3a6d8a3f : 4 : initTmu :  init tmu finished
1497697 : 0x5287f3a6f5c67 : 4 : start :  pytrace started successfully
1497697 : 0x5287f3a6ff447 : 4 : pytrace_start_profiling :  PyTrace collection is started
1497697 : 0x5287f3a7bb10b : 4 : Py_InitializeFromConfig :  [CALLED]
1497697 : 0x5287f3e77037b : 4 : PyEval_InitThreads :  [CALLED]
1497697 : 0x5287f3e778b36 : 4 : Py_RunMain :  [CALLED]
1497697 : 0x5287f3e77c18e : 4 : PyEval_InitThreads :  [CALLED]
1497697 : 0x5287f3e78035d : 4 : PyEval_InitThreads :  [CALLED]
1497697 : 0x5287f3e8b32e4 : 4 : writeInitialInfo :  write initial info started
1497697 : 0x5287f3e8bbbf4 : 4 : writeInitialInfo :  write initial info finished
1497714 : 0x528854bd93fd6 : 4 : getSourceLines :  co_lnotab data: a pair is deltaByte=8 and deltaLine=1
1497714 : 0x528854bda92e0 : 4 : getSourceLines :  co_lnotab data: a pair is deltaByte=8 and deltaLine=1
1497714 : 0x528854bdbc307 : 4 : getSourceLines :  co_lnotab data: a pair is deltaByte=12 and deltaLine=1
1497714 : 0x528854bdd16e3 : 4 : getSourceLines :  co_lnotab data: a pair is deltaByte=8 and deltaLine=1
1497714 : 0x528854bddc747 : 4 : getSourceLines :  co_lnotab data: a pair is deltaByte=26 and deltaLine=1
1497714 : 0x528854bde8ff2 : 4 : getSourceLines :  Added faked src entry 62-78 8. Python did not provide src line for this code range.
1497714 : 0x528854bdf989a : 4 : getSourceLines :  co_lnotab data: a pair is deltaByte=0 and deltaLine=2
1497714 : 0x528854be007a7 : 4 : getSourceLines :  co_lnotab data: a pair is deltaByte=8 and deltaLine=2
1497714 : 0x528854be07570 : 4 : getSourceLines :  co_lnotab data: a pair is deltaByte=10 and deltaLine=1
1497714 : 0x528854be0e34c : 4 : getSourceLines :  co_lnotab data: a pair is deltaByte=4 and deltaLine=4
1497714 : 0x528854be1510e : 4 : getSourceLines :  co_lnotab data: a pair is deltaByte=12 and deltaLine=2
1497714 : 0x528854be1d77a : 4 : getSourceLines :  co_lnotab data: a pair is deltaByte=6 and deltaLine=1
1497714 : 0x528854be29b9a : 4 : getSourceLines :  co_lnotab data: a pair is deltaByte=10 and deltaLine=3
1497714 : 0x528854be326ed : 4 : getSourceLines :  co_lnotab data: a pair is deltaByte=14 and deltaLine=2
1497714 : 0x528854be3b2a9 : 4 : getSourceLines :  Added faked src entry 64-76 59. Python did not provide src line for this code range.
1497714 : 0x528854be4b5e2 : 4 : getSourceLines :  co_lnotab data: a pair is deltaByte=0 and deltaLine=1
1497714 : 0x528854be5421a : 4 : getSourceLines :  co_lnotab data: a pair is deltaByte=12 and deltaLine=2
1497714 : 0x528854be5cda5 : 4 : getSourceLines :  co_lnotab data: a pair is deltaByte=8 and deltaLine=1
1497714 : 0x528854be658fb : 4 : getSourceLines :  co_lnotab data: a pair is deltaByte=8 and deltaLine=1
1497714 : 0x528854be71596 : 4 : getSourceLines :  Added faked src entry 28-32 257. Python did not provide src line for this code range.
1497714 : 0x528854be7c3ec : 4 : getSourceLines :  co_lnotab data: a pair is deltaByte=0 and deltaLine=2
1497714 : 0x528854be8321f : 4 : getSourceLines :  co_lnotab data: a pair is deltaByte=6 and deltaLine=1
1497714 : 0x528854be89fd7 : 4 : getSourceLines :  co_lnotab data: a pair is deltaByte=8 and deltaLine=1
1497714 : 0x528854be90d72 : 4 : getSourceLines :  co_lnotab data: a pair is deltaByte=14 and deltaLine=1
1497714 : 0x528854be97b65 : 4 : getSourceLines :  co_lnotab data: a pair is deltaByte=12 and deltaLine=1