
1497793 : 0x528810098d169 : 1 : spill_jit_data :  Jit agent is not initialized
1497697 : 0x52881009908ae : 2 : ittapi_config_mask_get :  --itt-config mask to be applied: 55
1497697 : 0x5288100992525 : 2 : ittapi_config_apply_per_lib :  ITTAPI function instrumented: __itt_domain_create
1497697 : 0x5288100992f0b : 2 : ittapi_config_apply_per_lib :  ITTAPI function instrumented: __itt_module_load_with_sections
1497697 : 0x5288100993c99 : 2 : ittapi_config_apply_per_lib :  ITTAPI function not implemented: __itt_module_unload_with_sections
1497697 : 0x52881009944f1 : 2 : ittapi_config_apply_per_lib :  ITTAPI function instrumented: __itt_string_handle_create
1497697 : 0x5288100994b70 : 2 : ittapi_config_apply_per_lib :  ITTAPI function instrumented: __itt_counter_create
1497697 : 0x5288100995188 : 2 : ittapi_config_apply_per_lib :  ITTAPI function instrumented: __itt_counter_create_typed
1497697 : 0x52881009957ae : 2 : ittapi_config_apply_per_lib :  ITTAPI function instrumented: __itt_pause
1497697 : 0x5288100995e54 : 2 : ittapi_config_apply_per_lib :  ITTAPI function instrumented: __itt_resume
1497697 : 0x528810099a016 : 2 : ittapi_config_apply_per_lib :  ITTAPI function not implemented: __itt_pause_scoped
1497697 : 0x528810099a8a4 : 2 : ittapi_config_apply_per_lib :  ITTAPI function not implemented: __itt_resume_scoped
1497697 : 0x528810099aeb9 : 2 : ittapi_config_apply_per_lib :  ITTAPI function instrumented: __itt_thread_set_name
1497697 : 0x528810099b4bc : 2 : ittapi_config_apply_per_lib :  ITTAPI function instrumented: __itt_thread_ignore
1497697 : 0x528810099baef : 2 : ittapi_config_apply_per_lib :  ITTAPI function instrumented: __itt_thr_name_set
1497697 : 0x528810099c11e : 2 : ittapi_config_apply_per_lib :  ITTAPI function instrumented: __itt_thr_ignore
1497697 : 0x528810099c77a : 2 : ittapi_config_apply_per_lib :  ITTAPI function instrumented: __itt_histogram_create
1497697 : 0x528810099cd4c : 2 : ittapi_config_apply_per_lib :  ITTAPI function instrumented: __itt_counter_create_v3
1497697 : 0x528810099d44c : 2 : ittapi_config_apply_per_lib :  ITTAPI function instrumented: __itt_bind_context_metadata_to_counter
1497697 : 0x528810099dad7 : 2 : ittapi_config_apply_per_lib :  ITTAPI function not implemented: __itt_enable_attach
1497697 : 0x528810099f38e : 2 : ittapi_config_apply_per_lib :  ITTAPI function instrumented: __itt_detach
1497697 : 0x528810099f9a6 : 2 : ittapi_config_apply_per_lib :  ITTAPI function NOT instrumented (not matched by --itt-config option): __itt_sync_create

1497697 : 0x528810099ff14 : 2 : ittapi_config_apply_per_lib :  ITTAPI function NOT instrumented (not matched by --itt-config option): __itt_sync_rename

1497697 : 0x52881009a03db : 2 : ittapi_config_apply_per_lib :  ITTAPI function NOT instrumented (not matched by --itt-config option): __itt_sync_destroy

1497697 : 0x52881009a08a8 : 2 : ittapi_config_apply_per_lib :  ITTAPI function NOT instrumented (not matched by --itt-config option): __itt_sync_prepare

1497697 : 0x52881009a0d8a : 2 : ittapi_config_apply_per_lib :  ITTAPI function NOT instrumented (not matched by --itt-config option): __itt_sync_cancel

1497697 : 0x52881009a1270 : 2 : ittapi_config_apply_per_lib :  ITTAPI function NOT instrumented (not matched by --itt-config option): __itt_sync_acquired

1497697 : 0x52881009a1734 : 2 : ittapi_config_apply_per_lib :  ITTAPI function NOT instrumented (not matched by --itt-config option): __itt_sync_releasing

1497697 : 0x52881009a1dd0 : 2 : ittapi_config_apply_per_lib :  ITTAPI function not implemented: __itt_suppress_push
1497697 : 0x52881009a68cd : 2 : ittapi_config_apply_per_lib :  ITTAPI function not implemented: __itt_suppress_pop
1497697 : 0x52881009a7ef3 : 2 : ittapi_config_apply_per_lib :  ITTAPI function not implemented: __itt_suppress_mark_range
1497697 : 0x52881009a8793 : 2 : ittapi_config_apply_per_lib :  ITTAPI function not implemented: __itt_suppress_clear_range
1497697 : 0x52881009a8cd1 : 2 : ittapi_config_apply_per_lib :  ITTAPI function NOT instrumented (not matched by --itt-config option): __itt_sync_prepare

1497697 : 0x52881009a91ec : 2 : ittapi_config_apply_per_lib :  ITTAPI function NOT instrumented (not matched by --itt-config option): __itt_sync_cancel

1497697 : 0x52881009a96e9 : 2 : ittapi_config_apply_per_lib :  ITTAPI function NOT instrumented (not matched by --itt-config option): __itt_sync_acquired

1497697 : 0x52881009a9bec : 2 : ittapi_config_apply_per_lib :  ITTAPI function NOT instrumented (not matched by --itt-config option): __itt_sync_releasing

1497697 : 0x52881009aa11e : 2 : ittapi_config_apply_per_lib :  ITTAPI function NOT instrumented (not matched by --itt-config option): __itt_model_site_begin

1497697 : 0x52881009aa63b : 2 : ittapi_config_apply_per_lib :  ITTAPI function NOT instrumented (not matched by --itt-config option): __itt_model_site_end

1497697 : 0x52881009aab33 : 2 : ittapi_config_apply_per_lib :  ITTAPI function NOT instrumented (not matched by --itt-config option): __itt_model_task_begin

1497697 : 0x52881009ab033 : 2 : ittapi_config_apply_per_lib :  ITTAPI function NOT instrumented (not matched by --itt-config option): __itt_model_task_end

1497697 : 0x52881009b0a8b : 2 : ittapi_config_apply_per_lib :  ITTAPI function NOT instrumented (not matched by --itt-config option): __itt_model_lock_acquire

1497697 : 0x52881009b10b8 : 2 : ittapi_config_apply_per_lib :  ITTAPI function NOT instrumented (not matched by --itt-config option): __itt_model_lock_release

1497697 : 0x52881009b1585 : 2 : ittapi_config_apply_per_lib :  ITTAPI function NOT instrumented (not matched by --itt-config option): __itt_model_record_allocation

1497697 : 0x52881009b1ae6 : 2 : ittapi_config_apply_per_lib :  ITTAPI function NOT instrumented (not matched by --itt-config option): __itt_model_record_deallocation

1497697 : 0x52881009b1ff5 : 2 : ittapi_config_apply_per_lib :  ITTAPI function NOT instrumented (not matched by --itt-config option): __itt_model_induction_uses

1497697 : 0x52881009b24c8 : 2 : ittapi_config_apply_per_lib :  ITTAPI function NOT instrumented (not matched by --itt-config option): __itt_model_reduction_uses

1497697 : 0x52881009b2982 : 2 : ittapi_config_apply_per_lib :  ITTAPI function NOT instrumented (not matched by --itt-config option): __itt_model_observe_uses

1497697 : 0x52881009b2e50 : 2 : ittapi_config_apply_per_lib :  ITTAPI function NOT instrumented (not matched by --itt-config option): __itt_model_clear_uses

1497697 : 0x52881009b3307 : 2 : ittapi_config_apply_per_lib :  ITTAPI function NOT instrumented (not matched by --itt-config option): __itt_model_site_beginA

1497697 : 0x52881009b37bf : 2 : ittapi_config_apply_per_lib :  ITTAPI function NOT instrumented (not matched by --itt-config option): __itt_model_site_beginAL

1497697 : 0x52881009b8690 : 2 : ittapi_config_apply_per_lib :  ITTAPI function NOT instrumented (not matched by --itt-config option): __itt_model_task_beginA

1497697 : 0x52881009b8c18 : 2 : ittapi_config_apply_per_lib :  ITTAPI function NOT instrumented (not matched by --itt-config option): __itt_model_task_beginAL

1497697 : 0x52881009b90a4 : 2 : ittapi_config_apply_per_lib :  ITTAPI function NOT instrumented (not matched by --itt-config option): __itt_model_iteration_taskA

1497697 : 0x52881009b951c : 2 : ittapi_config_apply_per_lib :  ITTAPI function NOT instrumented (not matched by --itt-config option): __itt_model_iteration_taskAL

1497697 : 0x52881009b99b5 : 2 : ittapi_config_apply_per_lib :  ITTAPI function NOT instrumented (not matched by --itt-config option): __itt_model_site_end_2

1497697 : 0x52881009b9e3a : 2 : ittapi_config_apply_per_lib :  ITTAPI function NOT instrumented (not matched by --itt-config option): __itt_model_task_end_2

1497697 : 0x52881009ba2db : 2 : ittapi_config_apply_per_lib :  ITTAPI function NOT instrumented (not matched by --itt-config option): __itt_model_lock_acquire_2

1497697 : 0x52881009be51d : 2 : ittapi_config_apply_per_lib :  ITTAPI function NOT instrumented (not matched by --itt-config option): __itt_model_lock_release_2

1497697 : 0x52881009be97b : 2 : ittapi_config_apply_per_lib :  ITTAPI function NOT instrumented (not matched by --itt-config option): __itt_model_aggregate_task

1497697 : 0x52881009bedbc : 2 : ittapi_config_apply_per_lib :  ITTAPI function NOT instrumented (not matched by --itt-config option): __itt_model_disable_push

1497697 : 0x52881009c09a1 : 2 : ittapi_config_apply_per_lib :  ITTAPI function NOT instrumented (not matched by --itt-config option): __itt_model_disable_pop

1497697 : 0x52881009c103d : 2 : ittapi_config_apply_per_lib :  ITTAPI function instrumented: __itt_heap_function_create
1497697 : 0x52881009c15af : 2 : ittapi_config_apply_per_lib :  ITTAPI function instrumented: __itt_heap_allocate_begin
1497697 : 0x52881009c1b12 : 2 : ittapi_config_apply_per_lib :  ITTAPI function instrumented: __itt_heap_allocate_end
1497697 : 0x52881009c209c : 2 : ittapi_config_apply_per_lib :  ITTAPI function instrumented: __itt_heap_free_begin
1497697 : 0x52881009c25f6 : 2 : ittapi_config_apply_per_lib :  ITTAPI function instrumented: __itt_heap_free_end
1497697 : 0x52881009c2b64 : 2 : ittapi_config_apply_per_lib :  ITTAPI function instrumented: __itt_heap_reallocate_begin
1497697 : 0x52881009c30b4 : 2 : ittapi_config_apply_per_lib :  ITTAPI function instrumented: __itt_heap_reallocate_end
1497697 : 0x52881009c374c : 2 : ittapi_config_apply_per_lib :  ITTAPI function not implemented: __itt_heap_internal_access_begin
1497697 : 0x52881009c3daa : 2 : ittapi_config_apply_per_lib :  ITTAPI function not implemented: __itt_heap_internal_access_end
1497697 : 0x52881009c5137 : 2 : ittapi_config_apply_per_lib :  ITTAPI function not implemented: __itt_heap_record_memory_growth_begin
1497697 : 0x52881009c5864 : 2 : ittapi_config_apply_per_lib :  ITTAPI function not implemented: __itt_heap_record_memory_growth_end
1497697 : 0x52881009c5e38 : 2 : ittapi_config_apply_per_lib :  ITTAPI function not implemented: __itt_heap_reset_detection
1497697 : 0x52881009c64b8 : 2 : ittapi_config_apply_per_lib :  ITTAPI function not implemented: __itt_heap_record
1497697 : 0x52881009c6abd : 2 : ittapi_config_apply_per_lib :  ITTAPI function not implemented: __itt_id_create
1497697 : 0x52881009c7097 : 2 : ittapi_config_apply_per_lib :  ITTAPI function not implemented: __itt_id_destroy
1497697 : 0x52881009c7621 : 2 : ittapi_config_apply_per_lib :  ITTAPI function instrumented: __itt_get_timestamp
1497697 : 0x52881009c7bc3 : 2 : ittapi_config_apply_per_lib :  ITTAPI function not implemented: __itt_region_begin
1497697 : 0x52881009c81d2 : 2 : ittapi_config_apply_per_lib :  ITTAPI function not implemented: __itt_region_end
1497697 : 0x52881009c877a : 2 : ittapi_config_apply_per_lib :  ITTAPI function instrumented: __itt_frame_begin_v3
1497697 : 0x52881009c9976 : 2 : ittapi_config_apply_per_lib :  ITTAPI function instrumented: __itt_frame_end_v3
1497697 : 0x52881009c9f83 : 2 : ittapi_config_apply_per_lib :  ITTAPI function instrumented: __itt_frame_submit_v3
1497697 : 0x52881009ca596 : 2 : ittapi_config_apply_per_lib :  ITTAPI function not implemented: __itt_task_group
1497697 : 0x52881009cab0a : 2 : ittapi_config_apply_per_lib :  ITTAPI function instrumented: __itt_task_begin
1497697 : 0x52881009cb066 : 2 : ittapi_config_apply_per_lib :  ITTAPI function instrumented: __itt_task_begin_fn
1497697 : 0x52881009cb5a7 : 2 : ittapi_config_apply_per_lib :  ITTAPI function instrumented: __itt_task_end
1497697 : 0x52881009cbb80 : 2 : ittapi_config_apply_per_lib :  ITTAPI function not implemented: __itt_counter_inc_v3
1497697 : 0x52881009cc1a2 : 2 : ittapi_config_apply_per_lib :  ITTAPI function not implemented: __itt_counter_inc_delta_v3
1497697 : 0x52881009cc762 : 2 : ittapi_config_apply_per_lib :  ITTAPI function not implemented: __itt_counter_dec_v3
1497697 : 0x52881009ccd02 : 2 : ittapi_config_apply_per_lib :  ITTAPI function not implemented: __itt_counter_dec_delta_v3
1497697 : 0x52881009cdefb : 2 : ittapi_config_apply_per_lib :  ITTAPI function not implemented: __itt_marker
1497697 : 0x52881009ce501 : 2 : ittapi_config_apply_per_lib :  ITTAPI function instrumented: __itt_metadata_add
1497697 : 0x52881009ceaf6 : 2 : ittapi_config_apply_per_lib :  ITTAPI function not implemented: __itt_metadata_str_add
1497697 : 0x52881009cf0ab : 2 : ittapi_config_apply_per_lib :  ITTAPI function not implemented: __itt_relation_add_to_current
1497697 : 0x52881009cf68a : 2 : ittapi_config_apply_per_lib :  ITTAPI function not implemented: __itt_relation_add
1497697 : 0x52881009cfc09 : 2 : ittapi_config_apply_per_lib :  ITTAPI function instrumented: __itt_event_create
1497697 : 0x52881009d01c9 : 2 : ittapi_config_apply_per_lib :  ITTAPI function instrumented: __itt_event_start
1497697 : 0x52881009d0762 : 2 : ittapi_config_apply_per_lib :  ITTAPI function instrumented: __itt_event_end
1497697 : 0x52881009d0c16 : 2 : ittapi_config_apply_per_lib :  ITTAPI function NOT instrumented (not matched by --itt-config option): __itt_sync_set_name

1497697 : 0x52881009d1100 : 2 : ittapi_config_apply_per_lib :  ITTAPI function NOT instrumented (not matched by --itt-config option): __itt_notify_sync_name

1497697 : 0x52881009d6b01 : 2 : ittapi_config_apply_per_lib :  ITTAPI function NOT instrumented (not matched by --itt-config option): __itt_notify_sync_prepare

1497697 : 0x52881009d7068 : 2 : ittapi_config_apply_per_lib :  ITTAPI function NOT instrumented (not matched by --itt-config option): __itt_notify_sync_cancel

1497697 : 0x52881009d74c4 : 2 : ittapi_config_apply_per_lib :  ITTAPI function NOT instrumented (not matched by --itt-config option): __itt_notify_sync_acquired

1497697 : 0x52881009d78e6 : 2 : ittapi_config_apply_per_lib :  ITTAPI function NOT instrumented (not matched by --itt-config option): __itt_notify_sync_releasing

1497697 : 0x52881009d7ef0 : 2 : ittapi_config_apply_per_lib :  ITTAPI function not implemented: __itt_memory_read
1497697 : 0x52881009d84c8 : 2 : ittapi_config_apply_per_lib :  ITTAPI function not implemented: __itt_memory_write
1497697 : 0x52881009d8aa4 : 2 : ittapi_config_apply_per_lib :  ITTAPI function not implemented: __itt_memory_update
1497697 : 0x52881009d904d : 2 : ittapi_config_apply_per_lib :  ITTAPI function not implemented: __itt_state_get
1497697 : 0x52881009d95b7 : 2 : ittapi_config_apply_per_lib :  ITTAPI function not implemented: __itt_state_set
1497697 : 0x52881009d9b6f : 2 : ittapi_config_apply_per_lib :  ITTAPI function not implemented: __itt_obj_mode_set
1497697 : 0x52881009dae01 : 2 : ittapi_config_apply_per_lib :  ITTAPI function not implemented: __itt_thr_mode_set
1497697 : 0x52881009db3a9 : 2 : ittapi_config_apply_per_lib :  ITTAPI function instrumented: __itt_frame_create
1497697 : 0x52881009db8c3 : 2 : ittapi_config_apply_per_lib :  ITTAPI function instrumented: __itt_pt_region_create
1497697 : 0x52881009dbe3f : 2 : ittapi_config_apply_per_lib :  ITTAPI function instrumented: __itt_frame_begin
1497697 : 0x52881009dc386 : 2 : ittapi_config_apply_per_lib :  ITTAPI function instrumented: __itt_frame_end
1497697 : 0x52881009dc93b : 2 : ittapi_config_apply_per_lib :  ITTAPI function not implemented: __itt_counter_destroy
1497697 : 0x52881009dce7d : 2 : ittapi_config_apply_per_lib :  ITTAPI function instrumented: __itt_counter_inc
1497697 : 0x52881009dd3cf : 2 : ittapi_config_apply_per_lib :  ITTAPI function instrumented: __itt_counter_inc_delta
1497697 : 0x52881009dd923 : 2 : ittapi_config_apply_per_lib :  ITTAPI function instrumented: __itt_counter_dec
1497697 : 0x52881009dde9c : 2 : ittapi_config_apply_per_lib :  ITTAPI function instrumented: __itt_counter_dec_delta
1497697 : 0x52881009defbd : 2 : ittapi_config_apply_per_lib :  ITTAPI function instrumented: __itt_counter_set_value
1497697 : 0x52881009df5b2 : 2 : ittapi_config_apply_per_lib :  ITTAPI function not implemented: __itt_counter_set_value_ex
1497697 : 0x52881009dfb01 : 2 : ittapi_config_apply_per_lib :  ITTAPI function not implemented: __itt_mark_create
1497697 : 0x52881009e008a : 2 : ittapi_config_apply_per_lib :  ITTAPI function not implemented: __itt_mark
1497697 : 0x52881009e0615 : 2 : ittapi_config_apply_per_lib :  ITTAPI function not implemented: __itt_mark_off
1497697 : 0x52881009e0bb4 : 2 : ittapi_config_apply_per_lib :  ITTAPI function not implemented: __itt_mark_global
1497697 : 0x52881009e1154 : 2 : ittapi_config_apply_per_lib :  ITTAPI function not implemented: __itt_mark_global_off
1497697 : 0x52881009e16d6 : 2 : ittapi_config_apply_per_lib :  ITTAPI function instrumented: __itt_stack_caller_create
1497697 : 0x52881009e1bf3 : 2 : ittapi_config_apply_per_lib :  ITTAPI function instrumented: __itt_stack_caller_destroy
1497697 : 0x52881009e2194 : 2 : ittapi_config_apply_per_lib :  ITTAPI function instrumented: __itt_stack_callee_enter
1497697 : 0x52881009e39da : 2 : ittapi_config_apply_per_lib :  ITTAPI function instrumented: __itt_stack_callee_leave
1497697 : 0x52881009e4018 : 2 : ittapi_config_apply_per_lib :  ITTAPI function not implemented: __itt_clock_domain_create
1497697 : 0x52881009e455c : 2 : ittapi_config_apply_per_lib :  ITTAPI function not implemented: __itt_clock_domain_reset
1497697 : 0x52881009e4ab3 : 2 : ittapi_config_apply_per_lib :  ITTAPI function not implemented: __itt_id_create_ex
1497697 : 0x52881009e5031 : 2 : ittapi_config_apply_per_lib :  ITTAPI function not implemented: __itt_id_destroy_ex
1497697 : 0x52881009e55a5 : 2 : ittapi_config_apply_per_lib :  ITTAPI function not implemented: __itt_task_begin_ex
1497697 : 0x52881009e5b29 : 2 : ittapi_config_apply_per_lib :  ITTAPI function not implemented: __itt_task_begin_fn_ex
1497697 : 0x52881009e60ad : 2 : ittapi_config_apply_per_lib :  ITTAPI function not implemented: __itt_task_end_ex
1497697 : 0x52881009e6604 : 2 : ittapi_config_apply_per_lib :  ITTAPI function instrumented: __itt_task_begin_overlapped
1497697 : 0x52881009e6b85 : 2 : ittapi_config_apply_per_lib :  ITTAPI function not implemented: __itt_task_begin_overlapped_ex
1497697 : 0x52881009e7de7 : 2 : ittapi_config_apply_per_lib :  ITTAPI function instrumented: __itt_task_end_overlapped
1497697 : 0x52881009e83ca : 2 : ittapi_config_apply_per_lib :  ITTAPI function not implemented: __itt_task_end_overlapped_ex
1497697 : 0x52881009e8966 : 2 : ittapi_config_apply_per_lib :  ITTAPI function not implemented: __itt_marker_ex
1497697 : 0x52881009e9013 : 2 : ittapi_config_apply_per_lib :  ITTAPI function not implemented: __itt_metadata_add_with_scope
1497697 : 0x52881009e9638 : 2 : ittapi_config_apply_per_lib :  ITTAPI function not implemented: __itt_metadata_str_add_with_scope
1497697 : 0x52881009e9bec : 2 : ittapi_config_apply_per_lib :  ITTAPI function not implemented: __itt_relation_add_to_current_ex
1497697 : 0x52881009ea169 : 2 : ittapi_config_apply_per_lib :  ITTAPI function not implemented: __itt_relation_add_ex
1497697 : 0x52881009ea6ed : 2 : ittapi_config_apply_per_lib :  ITTAPI function not implemented: __itt_track_group_create
1497697 : 0x52881009eac10 : 2 : ittapi_config_apply_per_lib :  ITTAPI function not implemented: __itt_track_create
1497697 : 0x52881009eb168 : 2 : ittapi_config_apply_per_lib :  ITTAPI function not implemented: __itt_set_track
1497697 : 0x52881009ec305 : 2 : ittapi_config_apply_per_lib :  ITTAPI function instrumented: __itt_api_version
1497697 : 0x52881009ec920 : 2 : ittapi_config_apply_per_lib :  ITTAPI function not implemented: __itt_av_save
1497697 : 0x52881009ece6b : 2 : ittapi_config_apply_per_lib :  ITTAPI function instrumented: __itt_module_load
1497697 : 0x52881009ed427 : 2 : ittapi_config_apply_per_lib :  ITTAPI function not implemented: __itt_module_unload
1497697 : 0x52881009ed88c : 2 : ittapi_config_apply_per_lib :  ITTAPI function NOT instrumented (not matched by --itt-config option): __itt_histogram_submit

1497697 : 0x52881009edde4 : 2 : ittapi_config_apply_per_lib :  ITTAPI function instrumented: __itt_counter_set_value_v3