
1173766 : 0x3f7d6ca3d331b : 3 : logger_init :  LOG FILE OPENED (by collectunits.logger), level: 4
1173766 : 0x3f7d6cb6b5140 : 4 : probePythonFunctions :  PyThreadState_Swap
1173766 : 0x3f7d6cb806f49 : 4 : probePythonFunctions :  PyThreadState_Swap probed at 0x14a085769348
1173766 : 0x3f7d6cb80aaad : 4 : probePythonFunctions :  PyImport_Cleanup
1173766 : 0x3f7d6cbb3017f : 4 : probePythonFunctions :  PyImport_Cleanup probed at 0x14a085769378
1173766 : 0x3f7d6cbb33d42 : 4 : probePythonFunctions :  PyThreadState_Clear
1173766 : 0x3f7d6cbcc33c8 : 4 : probePythonFunctions :  PyThreadState_Clear probed at 0x14a0857693b0
1173766 : 0x3f7d6cbcc6da2 : 4 : probePythonFunctions :  Py_Initialize
1173766 : 0x3f7d6cbdbec0d : 4 : probePythonFunctions :  Py_Initialize probed at 0x14a0857693d8
1173766 : 0x3f7d6cbdc26df : 4 : probePythonFunctions :  Py_InitializeEx
1173766 : 0x3f7d6cbee1def : 4 : probePythonFunctions :  Py_InitializeEx probed at 0x14a085769418
1173766 : 0x3f7d6cbee57b0 : 4 : probePythonFunctions :  PyOS_AfterFork_Child
1173766 : 0x3f7d6cbfe026b : 4 : probePythonFunctions :  PyOS_AfterFork_Child probed at 0x14a085769460
1173766 : 0x3f7d6cbfe3ceb : 4 : probePythonFunctions :  PyCode_New
1173766 : 0x3f7d6cc0bdb7d : 4 : probePythonFunctions :  PyCode_New probed at 0x14a0857694a8
1173766 : 0x3f7d6cc0c15f7 : 4 : probePythonFunctions :  Py_FinalizeEx
1173766 : 0x3f7d6cc294322 : 4 : probePythonFunctions :  Py_FinalizeEx probed at 0x14a0857694d0
1173766 : 0x3f7d6cc297da3 : 4 : probePythonFunctions :  _PyEval_EvalFrameDefault
1173766 : 0x3f7d6cdb80054 : 4 : probePythonFunctions :  _PyEval_EvalFrameDefault probed at 0x14a0857694f8
1173766 : 0x3f7d6cdb83f80 : 4 : probePythonFunctions :  PyCode_NewWithPosOnlyArgs
1173766 : 0x3f7d6cdfb6df0 : 4 : probePythonFunctions :  PyCode_NewWithPosOnlyArgs probed at 0x14a085769520
1173766 : 0x3f7d6cdfbb615 : 4 : probePythonFunctions :  Py_RunMain
1173766 : 0x3f7d6ce21d545 : 4 : probePythonFunctions :  Py_RunMain probed at 0x14a085769548
1173766 : 0x3f7d6ce221003 : 4 : probePythonFunctions :  Py_InitializeFromConfig
1173766 : 0x3f7d6ce44c82a : 4 : probePythonFunctions :  Py_InitializeFromConfig probed at 0x14a085769590
1173766 : 0x3f7d6ce4502e6 : 4 : probePythonFunctions :  _PySignal_AfterFork
1173766 : 0x3f7d6ce4815a2 : 4 : probePythonFunctions :  the _PySignal_AfterFork size is too small to be probed: size=4. Skip and continue
1173766 : 0x3f7d6ce489e87 : 4 : probePythonFunctions :  PyInterpreterState_Head
1173766 : 0x3f7d6ce59107c : 4 : probePythonFunctions :  PyInterpreterState_Next
1173766 : 0x3f7d6ce6862f6 : 4 : probePythonFunctions :  PyInterpreterState_ThreadHead
1173766 : 0x3f7d6ce775706 : 4 : probePythonFunctions :  PyThreadState_Next
1173766 : 0x3f7d6ce8683fb : 4 : probePythonFunctions :  PyThreadState_New
1173766 : 0x3f7d6ce96ce93 : 4 : probePythonFunctions :  PyThreadState_Delete
1173766 : 0x3f7d6ce995251 : 4 : probePythonFunctions :  PyGILState_GetThisThreadState
1173766 : 0x3f7d6ce9ae7ee : 4 : probePythonFunctions :  PyEval_AcquireThread
1173766 : 0x3f7d6ceaa73cd : 4 : probePythonFunctions :  PyEval_ReleaseThread
1173766 : 0x3f7d6cead27ce : 4 : probePythonFunctions :  Py_GetVersion
1173766 : 0x3f7d6cebbf7e9 : 4 : probePythonFunctions :  PySys_GetObject
1173766 : 0x3f7d6ceca2f0f : 4 : probePythonFunctions :  PyLong_AsLong
1173766 : 0x3f7d6ced60f20 : 4 : probePythonFunctions :  Py_IncRef
1173766 : 0x3f7d6ced6ee36 : 4 : probePythonFunctions :  Py_DecRef
1173766 : 0x3f7d6ced7e3be : 4 : probePythonFunctions :  PyThreadState_Get
1173766 : 0x3f7d6cee4b98b : 4 : probePythonFunctions :  PyEval_GetFrame
1173766 : 0x3f7d6cef3fcfa : 4 : probePythonFunctions :  PyEval_ThreadsInitialized
1173766 : 0x3f7d6cef559ca : 4 : probePythonFunctions :  PyObject_GetAttrString
1173766 : 0x3f7d6cf020977 : 4 : probePythonFunctions :  PyObject_Call
1173766 : 0x3f7d6cf0e0786 : 4 : probePythonFunctions :  PyTuple_New
1173766 : 0x3f7d6cf1b861d : 4 : probePythonFunctions :  PyTuple_SetItem
1173766 : 0x3f7d6cf277f36 : 4 : probePythonFunctions :  PyList_New
1173766 : 0x3f7d6cf338bd3 : 4 : probePythonFunctions :  PyList_GetItem
1173766 : 0x3f7d6cf41a9af : 4 : probePythonFunctions :  PyList_Size
1173766 : 0x3f7d6cf4ea435 : 4 : probePythonFunctions :  PyThread_get_thread_ident
1173766 : 0x3f7d6cf5a6f4e : 4 : probePythonFunctions :  PyErr_Fetch
1173766 : 0x3f7d6cf65ffc5 : 4 : probePythonFunctions :  PyErr_Restore
1173766 : 0x3f7d6cf71ed00 : 4 : probePythonFunctions :  PyDict_Next
1173766 : 0x3f7d6cf7ebacf : 4 : probePythonFunctions :  PyDict_Size
1173766 : 0x3f7d6cf820399 : 4 : probePythonFunctions :  PyDict_GetItemString
1173766 : 0x3f7d6cf91de3e : 4 : probePythonFunctions :  PyImport_GetModuleDict
1173766 : 0x3f7d6cf9ecf58 : 4 : probePythonFunctions :  PyBytes_AsStringAndSize
1173766 : 0x3f7d6cfb00d22 : 4 : probePythonFunctions :  PyBytes_AsString
1173766 : 0x3f7d6cfc22252 : 4 : probePythonFunctions :  PyUnicode_EncodeLocale
1173766 : 0x3f7d6cfd6529a : 4 : probePythonFunctions :  PyUnicode_EncodeFSDefault
1173766 : 0x3f7d6d3dac385 : 4 : pytrace_start_profiling :  [CALLED]
1173766 : 0x3f7d6ee8ca07f : 4 : pytrace_start_profiling :  [CALLED]
1173766 : 0x3f7d6ee983bce : 4 : initTmu :  init tmu started
1173766 : 0x3f7d6eeecf6e0 : 4 : initTmu :  init tmu finished
1173766 : 0x3f7d6ef023d11 : 4 : start :  pytrace started successfully
1173766 : 0x3f7d6ef02a19d : 4 : pytrace_start_profiling :  PyTrace collection is started
1173766 : 0x3f7d6ef0f507f : 4 : Py_InitializeFromConfig :  [CALLED]
1173766 : 0x3f7d703b2fdbe : 4 : PyEval_InitThreads :  [CALLED]
1173766 : 0x3f7d703b399fc : 4 : Py_RunMain :  [CALLED]
1173766 : 0x3f7d703b3d052 : 4 : PyEval_InitThreads :  [CALLED]
1173766 : 0x3f7d703b453bd : 4 : PyEval_InitThreads :  [CALLED]
1173766 : 0x3f7d703c4f0a3 : 4 : writeInitialInfo :  write initial info started
1173766 : 0x3f7d703c61070 : 4 : writeInitialInfo :  write initial info finished
1173789 : 0x3f7e567a786fb : 4 : getSourceLines :  co_lnotab data: a pair is deltaByte=8 and deltaLine=1
1173789 : 0x3f7e567a82ecc : 4 : getSourceLines :  co_lnotab data: a pair is deltaByte=8 and deltaLine=1
1173789 : 0x3f7e567a8ba7e : 4 : getSourceLines :  co_lnotab data: a pair is deltaByte=12 and deltaLine=1
1173789 : 0x3f7e567a945d4 : 4 : getSourceLines :  co_lnotab data: a pair is deltaByte=8 and deltaLine=1
1173789 : 0x3f7e567a9d0b1 : 4 : getSourceLines :  co_lnotab data: a pair is deltaByte=26 and deltaLine=1
1173789 : 0x3f7e567aafdb5 : 4 : getSourceLines :  Added faked src entry 62-78 8. Python did not provide src line for this code range.
1173789 : 0x3f7e567ac3632 : 4 : getSourceLines :  co_lnotab data: a pair is deltaByte=0 and deltaLine=2
1173789 : 0x3f7e567acbcb9 : 4 : getSourceLines :  co_lnotab data: a pair is deltaByte=8 and deltaLine=2
1173789 : 0x3f7e567ad5406 : 4 : getSourceLines :  co_lnotab data: a pair is deltaByte=10 and deltaLine=1
1173789 : 0x3f7e567add9bf : 4 : getSourceLines :  co_lnotab data: a pair is deltaByte=4 and deltaLine=4
1173789 : 0x3f7e567ae5f7a : 4 : getSourceLines :  co_lnotab data: a pair is deltaByte=12 and deltaLine=2
1173789 : 0x3f7e567aee4fa : 4 : getSourceLines :  co_lnotab data: a pair is deltaByte=6 and deltaLine=1
1173789 : 0x3f7e567af6a33 : 4 : getSourceLines :  co_lnotab data: a pair is deltaByte=10 and deltaLine=3
1173789 : 0x3f7e567afef93 : 4 : getSourceLines :  co_lnotab data: a pair is deltaByte=14 and deltaLine=2
1173789 : 0x3f7e567b074d7 : 4 : getSourceLines :  Added faked src entry 64-76 59. Python did not provide src line for this code range.
1173789 : 0x3f7e567b17017 : 4 : getSourceLines :  co_lnotab data: a pair is deltaByte=0 and deltaLine=1
1173789 : 0x3f7e567b1f5f2 : 4 : getSourceLines :  co_lnotab data: a pair is deltaByte=12 and deltaLine=2
1173789 : 0x3f7e567b27b1f : 4 : getSourceLines :  co_lnotab data: a pair is deltaByte=8 and deltaLine=1
1173789 : 0x3f7e567b3009a : 4 : getSourceLines :  co_lnotab data: a pair is deltaByte=8 and deltaLine=1
1173789 : 0x3f7e567b385f9 : 4 : getSourceLines :  Added faked src entry 28-32 257. Python did not provide src line for this code range.
1173789 : 0x3f7e567b457a2 : 4 : getSourceLines :  co_lnotab data: a pair is deltaByte=0 and deltaLine=2
1173789 : 0x3f7e567b4dd11 : 4 : getSourceLines :  co_lnotab data: a pair is deltaByte=6 and deltaLine=1
1173789 : 0x3f7e567b56297 : 4 : getSourceLines :  co_lnotab data: a pair is deltaByte=8 and deltaLine=1
1173789 : 0x3f7e567b5e7de : 4 : getSourceLines :  co_lnotab data: a pair is deltaByte=14 and deltaLine=1
1173789 : 0x3f7e567b66d3d : 4 : getSourceLines :  co_lnotab data: a pair is deltaByte=12 and deltaLine=1