
1173904 : 0x3f7e14918be01 : 1 : spill_jit_data :  Jit agent is not initialized
1173766 : 0x3f7e149225607 : 2 : ittapi_config_mask_get :  --itt-config mask to be applied: 55
1173766 : 0x3f7e149227767 : 2 : ittapi_config_apply_per_lib :  ITTAPI function instrumented: __itt_domain_create
1173766 : 0x3f7e149228163 : 2 : ittapi_config_apply_per_lib :  ITTAPI function instrumented: __itt_module_load_with_sections
1173766 : 0x3f7e149228f79 : 2 : ittapi_config_apply_per_lib :  ITTAPI function not implemented: __itt_module_unload_with_sections
1173766 : 0x3f7e1492297f5 : 2 : ittapi_config_apply_per_lib :  ITTAPI function instrumented: __itt_string_handle_create
1173766 : 0x3f7e149229e8b : 2 : ittapi_config_apply_per_lib :  ITTAPI function instrumented: __itt_counter_create
1173766 : 0x3f7e14922a461 : 2 : ittapi_config_apply_per_lib :  ITTAPI function instrumented: __itt_counter_create_typed
1173766 : 0x3f7e14922aa76 : 2 : ittapi_config_apply_per_lib :  ITTAPI function instrumented: __itt_pause
1173766 : 0x3f7e14922b11a : 2 : ittapi_config_apply_per_lib :  ITTAPI function instrumented: __itt_resume
1173766 : 0x3f7e1492314a0 : 2 : ittapi_config_apply_per_lib :  ITTAPI function not implemented: __itt_pause_scoped
1173766 : 0x3f7e149231f1f : 2 : ittapi_config_apply_per_lib :  ITTAPI function not implemented: __itt_resume_scoped
1173766 : 0x3f7e14923255a : 2 : ittapi_config_apply_per_lib :  ITTAPI function instrumented: __itt_thread_set_name
1173766 : 0x3f7e149232bc1 : 2 : ittapi_config_apply_per_lib :  ITTAPI function instrumented: __itt_thread_ignore
1173766 : 0x3f7e1492331d9 : 2 : ittapi_config_apply_per_lib :  ITTAPI function instrumented: __itt_thr_name_set
1173766 : 0x3f7e149233805 : 2 : ittapi_config_apply_per_lib :  ITTAPI function instrumented: __itt_thr_ignore
1173766 : 0x3f7e149233df5 : 2 : ittapi_config_apply_per_lib :  ITTAPI function instrumented: __itt_histogram_create
1173766 : 0x3f7e14923438a : 2 : ittapi_config_apply_per_lib :  ITTAPI function instrumented: __itt_counter_create_v3
1173766 : 0x3f7e1492349b9 : 2 : ittapi_config_apply_per_lib :  ITTAPI function instrumented: __itt_bind_context_metadata_to_counter
1173766 : 0x3f7e1492350cb : 2 : ittapi_config_apply_per_lib :  ITTAPI function not implemented: __itt_enable_attach
1173766 : 0x3f7e149236b48 : 2 : ittapi_config_apply_per_lib :  ITTAPI function instrumented: __itt_detach
1173766 : 0x3f7e1492370aa : 2 : ittapi_config_apply_per_lib :  ITTAPI function NOT instrumented (not matched by --itt-config option): __itt_sync_create

1173766 : 0x3f7e149237624 : 2 : ittapi_config_apply_per_lib :  ITTAPI function NOT instrumented (not matched by --itt-config option): __itt_sync_rename

1173766 : 0x3f7e149237b77 : 2 : ittapi_config_apply_per_lib :  ITTAPI function NOT instrumented (not matched by --itt-config option): __itt_sync_destroy

1173766 : 0x3f7e149238028 : 2 : ittapi_config_apply_per_lib :  ITTAPI function NOT instrumented (not matched by --itt-config option): __itt_sync_prepare

1173766 : 0x3f7e1492384ea : 2 : ittapi_config_apply_per_lib :  ITTAPI function NOT instrumented (not matched by --itt-config option): __itt_sync_cancel

1173766 : 0x3f7e1492389f1 : 2 : ittapi_config_apply_per_lib :  ITTAPI function NOT instrumented (not matched by --itt-config option): __itt_sync_acquired

1173766 : 0x3f7e149238ec5 : 2 : ittapi_config_apply_per_lib :  ITTAPI function NOT instrumented (not matched by --itt-config option): __itt_sync_releasing

1173766 : 0x3f7e149239553 : 2 : ittapi_config_apply_per_lib :  ITTAPI function not implemented: __itt_suppress_push
1173766 : 0x3f7e149239f4f : 2 : ittapi_config_apply_per_lib :  ITTAPI function not implemented: __itt_suppress_pop
1173766 : 0x3f7e14923b3b6 : 2 : ittapi_config_apply_per_lib :  ITTAPI function not implemented: __itt_suppress_mark_range
1173766 : 0x3f7e14923bd42 : 2 : ittapi_config_apply_per_lib :  ITTAPI function not implemented: __itt_suppress_clear_range
1173766 : 0x3f7e14923c225 : 2 : ittapi_config_apply_per_lib :  ITTAPI function NOT instrumented (not matched by --itt-config option): __itt_sync_prepare

1173766 : 0x3f7e14923c72f : 2 : ittapi_config_apply_per_lib :  ITTAPI function NOT instrumented (not matched by --itt-config option): __itt_sync_cancel

1173766 : 0x3f7e14923cbb9 : 2 : ittapi_config_apply_per_lib :  ITTAPI function NOT instrumented (not matched by --itt-config option): __itt_sync_acquired

1173766 : 0x3f7e14923d064 : 2 : ittapi_config_apply_per_lib :  ITTAPI function NOT instrumented (not matched by --itt-config option): __itt_sync_releasing

1173766 : 0x3f7e14923d568 : 2 : ittapi_config_apply_per_lib :  ITTAPI function NOT instrumented (not matched by --itt-config option): __itt_model_site_begin

1173766 : 0x3f7e14923db12 : 2 : ittapi_config_apply_per_lib :  ITTAPI function NOT instrumented (not matched by --itt-config option): __itt_model_site_end

1173766 : 0x3f7e14923dffc : 2 : ittapi_config_apply_per_lib :  ITTAPI function NOT instrumented (not matched by --itt-config option): __itt_model_task_begin

1173766 : 0x3f7e14923e49e : 2 : ittapi_config_apply_per_lib :  ITTAPI function NOT instrumented (not matched by --itt-config option): __itt_model_task_end

1173766 : 0x3f7e14924060a : 2 : ittapi_config_apply_per_lib :  ITTAPI function NOT instrumented (not matched by --itt-config option): __itt_model_lock_acquire

1173766 : 0x3f7e149240b4e : 2 : ittapi_config_apply_per_lib :  ITTAPI function NOT instrumented (not matched by --itt-config option): __itt_model_lock_release

1173766 : 0x3f7e149240fbf : 2 : ittapi_config_apply_per_lib :  ITTAPI function NOT instrumented (not matched by --itt-config option): __itt_model_record_allocation

1173766 : 0x3f7e1492414c1 : 2 : ittapi_config_apply_per_lib :  ITTAPI function NOT instrumented (not matched by --itt-config option): __itt_model_record_deallocation

1173766 : 0x3f7e14924196c : 2 : ittapi_config_apply_per_lib :  ITTAPI function NOT instrumented (not matched by --itt-config option): __itt_model_induction_uses

1173766 : 0x3f7e149241e68 : 2 : ittapi_config_apply_per_lib :  ITTAPI function NOT instrumented (not matched by --itt-config option): __itt_model_reduction_uses

1173766 : 0x3f7e1492422f9 : 2 : ittapi_config_apply_per_lib :  ITTAPI function NOT instrumented (not matched by --itt-config option): __itt_model_observe_uses

1173766 : 0x3f7e149242794 : 2 : ittapi_config_apply_per_lib :  ITTAPI function NOT instrumented (not matched by --itt-config option): __itt_model_clear_uses

1173766 : 0x3f7e149242c64 : 2 : ittapi_config_apply_per_lib :  ITTAPI function NOT instrumented (not matched by --itt-config option): __itt_model_site_beginA

1173766 : 0x3f7e1492430cf : 2 : ittapi_config_apply_per_lib :  ITTAPI function NOT instrumented (not matched by --itt-config option): __itt_model_site_beginAL

1173766 : 0x3f7e149244295 : 2 : ittapi_config_apply_per_lib :  ITTAPI function NOT instrumented (not matched by --itt-config option): __itt_model_task_beginA

1173766 : 0x3f7e149244751 : 2 : ittapi_config_apply_per_lib :  ITTAPI function NOT instrumented (not matched by --itt-config option): __itt_model_task_beginAL

1173766 : 0x3f7e149244bd4 : 2 : ittapi_config_apply_per_lib :  ITTAPI function NOT instrumented (not matched by --itt-config option): __itt_model_iteration_taskA

1173766 : 0x3f7e1492450d3 : 2 : ittapi_config_apply_per_lib :  ITTAPI function NOT instrumented (not matched by --itt-config option): __itt_model_iteration_taskAL

1173766 : 0x3f7e14924555c : 2 : ittapi_config_apply_per_lib :  ITTAPI function NOT instrumented (not matched by --itt-config option): __itt_model_site_end_2

1173766 : 0x3f7e149245aa8 : 2 : ittapi_config_apply_per_lib :  ITTAPI function NOT instrumented (not matched by --itt-config option): __itt_model_task_end_2

1173766 : 0x3f7e149245f32 : 2 : ittapi_config_apply_per_lib :  ITTAPI function NOT instrumented (not matched by --itt-config option): __itt_model_lock_acquire_2

1173766 : 0x3f7e1492463b7 : 2 : ittapi_config_apply_per_lib :  ITTAPI function NOT instrumented (not matched by --itt-config option): __itt_model_lock_release_2

1173766 : 0x3f7e149246832 : 2 : ittapi_config_apply_per_lib :  ITTAPI function NOT instrumented (not matched by --itt-config option): __itt_model_aggregate_task

1173766 : 0x3f7e149246ca8 : 2 : ittapi_config_apply_per_lib :  ITTAPI function NOT instrumented (not matched by --itt-config option): __itt_model_disable_push

1173766 : 0x3f7e1492487a8 : 2 : ittapi_config_apply_per_lib :  ITTAPI function NOT instrumented (not matched by --itt-config option): __itt_model_disable_pop

1173766 : 0x3f7e149248e19 : 2 : ittapi_config_apply_per_lib :  ITTAPI function instrumented: __itt_heap_function_create
1173766 : 0x3f7e1492493ff : 2 : ittapi_config_apply_per_lib :  ITTAPI function instrumented: __itt_heap_allocate_begin
1173766 : 0x3f7e1492499f0 : 2 : ittapi_config_apply_per_lib :  ITTAPI function instrumented: __itt_heap_allocate_end
1173766 : 0x3f7e149249fcb : 2 : ittapi_config_apply_per_lib :  ITTAPI function instrumented: __itt_heap_free_begin
1173766 : 0x3f7e14924a5a8 : 2 : ittapi_config_apply_per_lib :  ITTAPI function instrumented: __itt_heap_free_end
1173766 : 0x3f7e14924ab11 : 2 : ittapi_config_apply_per_lib :  ITTAPI function instrumented: __itt_heap_reallocate_begin
1173766 : 0x3f7e14924b0bc : 2 : ittapi_config_apply_per_lib :  ITTAPI function instrumented: __itt_heap_reallocate_end
1173766 : 0x3f7e14924b7b2 : 2 : ittapi_config_apply_per_lib :  ITTAPI function not implemented: __itt_heap_internal_access_begin
1173766 : 0x3f7e14924bdf4 : 2 : ittapi_config_apply_per_lib :  ITTAPI function not implemented: __itt_heap_internal_access_end
1173766 : 0x3f7e14924d24b : 2 : ittapi_config_apply_per_lib :  ITTAPI function not implemented: __itt_heap_record_memory_growth_begin
1173766 : 0x3f7e14924d8e9 : 2 : ittapi_config_apply_per_lib :  ITTAPI function not implemented: __itt_heap_record_memory_growth_end
1173766 : 0x3f7e14924df81 : 2 : ittapi_config_apply_per_lib :  ITTAPI function not implemented: __itt_heap_reset_detection
1173766 : 0x3f7e14924e671 : 2 : ittapi_config_apply_per_lib :  ITTAPI function not implemented: __itt_heap_record
1173766 : 0x3f7e14924ecaa : 2 : ittapi_config_apply_per_lib :  ITTAPI function not implemented: __itt_id_create
1173766 : 0x3f7e14924f2ea : 2 : ittapi_config_apply_per_lib :  ITTAPI function not implemented: __itt_id_destroy
1173766 : 0x3f7e14924f8ee : 2 : ittapi_config_apply_per_lib :  ITTAPI function instrumented: __itt_get_timestamp
1173766 : 0x3f7e14924ff25 : 2 : ittapi_config_apply_per_lib :  ITTAPI function not implemented: __itt_region_begin
1173766 : 0x3f7e149250558 : 2 : ittapi_config_apply_per_lib :  ITTAPI function not implemented: __itt_region_end
1173766 : 0x3f7e149250b99 : 2 : ittapi_config_apply_per_lib :  ITTAPI function instrumented: __itt_frame_begin_v3
1173766 : 0x3f7e149251e48 : 2 : ittapi_config_apply_per_lib :  ITTAPI function instrumented: __itt_frame_end_v3
1173766 : 0x3f7e149252414 : 2 : ittapi_config_apply_per_lib :  ITTAPI function instrumented: __itt_frame_submit_v3
1173766 : 0x3f7e149252a61 : 2 : ittapi_config_apply_per_lib :  ITTAPI function not implemented: __itt_task_group
1173766 : 0x3f7e149253066 : 2 : ittapi_config_apply_per_lib :  ITTAPI function instrumented: __itt_task_begin
1173766 : 0x3f7e149253645 : 2 : ittapi_config_apply_per_lib :  ITTAPI function instrumented: __itt_task_begin_fn
1173766 : 0x3f7e149253bbe : 2 : ittapi_config_apply_per_lib :  ITTAPI function instrumented: __itt_task_end
1173766 : 0x3f7e1492541f1 : 2 : ittapi_config_apply_per_lib :  ITTAPI function not implemented: __itt_counter_inc_v3
1173766 : 0x3f7e149254895 : 2 : ittapi_config_apply_per_lib :  ITTAPI function not implemented: __itt_counter_inc_delta_v3
1173766 : 0x3f7e149254f31 : 2 : ittapi_config_apply_per_lib :  ITTAPI function not implemented: __itt_counter_dec_v3
1173766 : 0x3f7e149255501 : 2 : ittapi_config_apply_per_lib :  ITTAPI function not implemented: __itt_counter_dec_delta_v3
1173766 : 0x3f7e149256832 : 2 : ittapi_config_apply_per_lib :  ITTAPI function not implemented: __itt_marker
1173766 : 0x3f7e149256e6d : 2 : ittapi_config_apply_per_lib :  ITTAPI function instrumented: __itt_metadata_add
1173766 : 0x3f7e14925748a : 2 : ittapi_config_apply_per_lib :  ITTAPI function not implemented: __itt_metadata_str_add
1173766 : 0x3f7e149257a7a : 2 : ittapi_config_apply_per_lib :  ITTAPI function not implemented: __itt_relation_add_to_current
1173766 : 0x3f7e1492580c1 : 2 : ittapi_config_apply_per_lib :  ITTAPI function not implemented: __itt_relation_add
1173766 : 0x3f7e149258686 : 2 : ittapi_config_apply_per_lib :  ITTAPI function instrumented: __itt_event_create
1173766 : 0x3f7e149258c59 : 2 : ittapi_config_apply_per_lib :  ITTAPI function instrumented: __itt_event_start
1173766 : 0x3f7e1492591af : 2 : ittapi_config_apply_per_lib :  ITTAPI function instrumented: __itt_event_end
1173766 : 0x3f7e149259650 : 2 : ittapi_config_apply_per_lib :  ITTAPI function NOT instrumented (not matched by --itt-config option): __itt_sync_set_name

1173766 : 0x3f7e149259b35 : 2 : ittapi_config_apply_per_lib :  ITTAPI function NOT instrumented (not matched by --itt-config option): __itt_notify_sync_name

1173766 : 0x3f7e14925c8c6 : 2 : ittapi_config_apply_per_lib :  ITTAPI function NOT instrumented (not matched by --itt-config option): __itt_notify_sync_prepare

1173766 : 0x3f7e14925ceb8 : 2 : ittapi_config_apply_per_lib :  ITTAPI function NOT instrumented (not matched by --itt-config option): __itt_notify_sync_cancel

1173766 : 0x3f7e14925d334 : 2 : ittapi_config_apply_per_lib :  ITTAPI function NOT instrumented (not matched by --itt-config option): __itt_notify_sync_acquired

1173766 : 0x3f7e14925d7fb : 2 : ittapi_config_apply_per_lib :  ITTAPI function NOT instrumented (not matched by --itt-config option): __itt_notify_sync_releasing

1173766 : 0x3f7e14925df06 : 2 : ittapi_config_apply_per_lib :  ITTAPI function not implemented: __itt_memory_read
1173766 : 0x3f7e14925e4f5 : 2 : ittapi_config_apply_per_lib :  ITTAPI function not implemented: __itt_memory_write
1173766 : 0x3f7e14925eb4d : 2 : ittapi_config_apply_per_lib :  ITTAPI function not implemented: __itt_memory_update
1173766 : 0x3f7e14925f1a3 : 2 : ittapi_config_apply_per_lib :  ITTAPI function not implemented: __itt_state_get
1173766 : 0x3f7e14925f778 : 2 : ittapi_config_apply_per_lib :  ITTAPI function not implemented: __itt_state_set
1173766 : 0x3f7e14925fdba : 2 : ittapi_config_apply_per_lib :  ITTAPI function not implemented: __itt_obj_mode_set
1173766 : 0x3f7e14926142d : 2 : ittapi_config_apply_per_lib :  ITTAPI function not implemented: __itt_thr_mode_set
1173766 : 0x3f7e149261a3d : 2 : ittapi_config_apply_per_lib :  ITTAPI function instrumented: __itt_frame_create
1173766 : 0x3f7e149261fdf : 2 : ittapi_config_apply_per_lib :  ITTAPI function instrumented: __itt_pt_region_create
1173766 : 0x3f7e1492625e9 : 2 : ittapi_config_apply_per_lib :  ITTAPI function instrumented: __itt_frame_begin
1173766 : 0x3f7e149262b9b : 2 : ittapi_config_apply_per_lib :  ITTAPI function instrumented: __itt_frame_end
1173766 : 0x3f7e149263357 : 2 : ittapi_config_apply_per_lib :  ITTAPI function not implemented: __itt_counter_destroy
1173766 : 0x3f7e149263929 : 2 : ittapi_config_apply_per_lib :  ITTAPI function instrumented: __itt_counter_inc
1173766 : 0x3f7e149263ede : 2 : ittapi_config_apply_per_lib :  ITTAPI function instrumented: __itt_counter_inc_delta
1173766 : 0x3f7e14926445c : 2 : ittapi_config_apply_per_lib :  ITTAPI function instrumented: __itt_counter_dec
1173766 : 0x3f7e149264a8a : 2 : ittapi_config_apply_per_lib :  ITTAPI function instrumented: __itt_counter_dec_delta
1173766 : 0x3f7e1492660e1 : 2 : ittapi_config_apply_per_lib :  ITTAPI function instrumented: __itt_counter_set_value
1173766 : 0x3f7e14926679d : 2 : ittapi_config_apply_per_lib :  ITTAPI function not implemented: __itt_counter_set_value_ex
1173766 : 0x3f7e149266d9b : 2 : ittapi_config_apply_per_lib :  ITTAPI function not implemented: __itt_mark_create
1173766 : 0x3f7e1492673a3 : 2 : ittapi_config_apply_per_lib :  ITTAPI function not implemented: __itt_mark
1173766 : 0x3f7e14926798d : 2 : ittapi_config_apply_per_lib :  ITTAPI function not implemented: __itt_mark_off
1173766 : 0x3f7e149267fd4 : 2 : ittapi_config_apply_per_lib :  ITTAPI function not implemented: __itt_mark_global
1173766 : 0x3f7e1492685c2 : 2 : ittapi_config_apply_per_lib :  ITTAPI function not implemented: __itt_mark_global_off
1173766 : 0x3f7e149268bff : 2 : ittapi_config_apply_per_lib :  ITTAPI function instrumented: __itt_stack_caller_create
1173766 : 0x3f7e14926919a : 2 : ittapi_config_apply_per_lib :  ITTAPI function instrumented: __itt_stack_caller_destroy
1173766 : 0x3f7e14926973c : 2 : ittapi_config_apply_per_lib :  ITTAPI function instrumented: __itt_stack_callee_enter
1173766 : 0x3f7e14926b410 : 2 : ittapi_config_apply_per_lib :  ITTAPI function instrumented: __itt_stack_callee_leave
1173766 : 0x3f7e14926bab4 : 2 : ittapi_config_apply_per_lib :  ITTAPI function not implemented: __itt_clock_domain_create
1173766 : 0x3f7e14926c0cf : 2 : ittapi_config_apply_per_lib :  ITTAPI function not implemented: __itt_clock_domain_reset
1173766 : 0x3f7e14926c758 : 2 : ittapi_config_apply_per_lib :  ITTAPI function not implemented: __itt_id_create_ex
1173766 : 0x3f7e14926cd39 : 2 : ittapi_config_apply_per_lib :  ITTAPI function not implemented: __itt_id_destroy_ex
1173766 : 0x3f7e14926d391 : 2 : ittapi_config_apply_per_lib :  ITTAPI function not implemented: __itt_task_begin_ex
1173766 : 0x3f7e14926d9f3 : 2 : ittapi_config_apply_per_lib :  ITTAPI function not implemented: __itt_task_begin_fn_ex
1173766 : 0x3f7e14926dff7 : 2 : ittapi_config_apply_per_lib :  ITTAPI function not implemented: __itt_task_end_ex
1173766 : 0x3f7e14926e622 : 2 : ittapi_config_apply_per_lib :  ITTAPI function instrumented: __itt_task_begin_overlapped
1173766 : 0x3f7e14926ec25 : 2 : ittapi_config_apply_per_lib :  ITTAPI function not implemented: __itt_task_begin_overlapped_ex
1173766 : 0x3f7e1492700bb : 2 : ittapi_config_apply_per_lib :  ITTAPI function instrumented: __itt_task_end_overlapped
1173766 : 0x3f7e1492707ba : 2 : ittapi_config_apply_per_lib :  ITTAPI function not implemented: __itt_task_end_overlapped_ex
1173766 : 0x3f7e149270ddc : 2 : ittapi_config_apply_per_lib :  ITTAPI function not implemented: __itt_marker_ex
1173766 : 0x3f7e1492715d4 : 2 : ittapi_config_apply_per_lib :  ITTAPI function not implemented: __itt_metadata_add_with_scope
1173766 : 0x3f7e149271c63 : 2 : ittapi_config_apply_per_lib :  ITTAPI function not implemented: __itt_metadata_str_add_with_scope
1173766 : 0x3f7e1492722c6 : 2 : ittapi_config_apply_per_lib :  ITTAPI function not implemented: __itt_relation_add_to_current_ex
1173766 : 0x3f7e1492728f9 : 2 : ittapi_config_apply_per_lib :  ITTAPI function not implemented: __itt_relation_add_ex
1173766 : 0x3f7e149272fce : 2 : ittapi_config_apply_per_lib :  ITTAPI function not implemented: __itt_track_group_create
1173766 : 0x3f7e14927355b : 2 : ittapi_config_apply_per_lib :  ITTAPI function not implemented: __itt_track_create
1173766 : 0x3f7e149273b28 : 2 : ittapi_config_apply_per_lib :  ITTAPI function not implemented: __itt_set_track
1173766 : 0x3f7e149274ef9 : 2 : ittapi_config_apply_per_lib :  ITTAPI function instrumented: __itt_api_version
1173766 : 0x3f7e149275519 : 2 : ittapi_config_apply_per_lib :  ITTAPI function not implemented: __itt_av_save
1173766 : 0x3f7e149275ac8 : 2 : ittapi_config_apply_per_lib :  ITTAPI function instrumented: __itt_module_load
1173766 : 0x3f7e1492760f4 : 2 : ittapi_config_apply_per_lib :  ITTAPI function not implemented: __itt_module_unload
1173766 : 0x3f7e1492765f5 : 2 : ittapi_config_apply_per_lib :  ITTAPI function NOT instrumented (not matched by --itt-config option): __itt_histogram_submit

1173766 : 0x3f7e149276c62 : 2 : ittapi_config_apply_per_lib :  ITTAPI function instrumented: __itt_counter_set_value_v3