12 [23414308871104] INFO perfrun.launcher <> - Launcher main begin
24 [23414308871104] INFO perfrun.launcher <> - MessageCatalogInit finished
24 [23414308871104] INFO perfrun.launcher <> - Launcher instance created
24 [23414308871104] INFO perfrun.launcher <> - argc = 6; cmdline = /mnt/lustre/e1000/home/y07/shared/cirrus-software/oneapi/vtune/2024.0/bin64/amplxe-runss -dump-vdso -r /dev/shm/s2484724_5731463/amplxe-tmp-s2484724/amplxe-res-972162-1818376852924897 --tmp-dir /dev/shm/s2484724_5731463/amplxe-tmp-s2484724 
131 [23414308871104] INFO perfrun.launcher <> - create msngr2::ICliToolContext
131 [23414308871104] INFO perfrun.launcher <> - create file finder object
138 [23414188291840] INFO perfrun.launcher <> - plugin [remoteplug] was disabled because it doesn't support the given collection type.
138 [23414188291840] INFO perfrun.launcher <> - plugin [system] was disabled because it doesn't support the given collection type.
138 [23414188291840] INFO perfrun.vdso <> - dumping [vdso] pseudomodule
141 [23414188291840] INFO perfrun.launcher <> - plugin [itt] was disabled because it doesn't support the given collection type.
141 [23414188291840] INFO perfrun.launcher <> - plugin [ptracecollector] was disabled because it doesn't support the given collection type.
141 [23414188291840] INFO perfrun.launcher <> - plugin [gpu] was disabled because it doesn't support the given collection type.
141 [23414188291840] INFO perfrun.launcher <> - plugin [] was disabled because it doesn't support the given collection type.
141 [23414188291840] INFO perfrun.launcher <> - plugin [] was disabled because it doesn't support the given collection type.
141 [23414188291840] INFO perfrun.launcher <> - plugin [] was disabled because it doesn't support the given collection type.
141 [23414188291840] INFO perfrun.launcher <> - plugin [mrte] was disabled because it doesn't support the given collection type.
141 [23414188291840] INFO perfrun.launcher <> - plugin [emon] was disabled because it doesn't support the given collection type.
141 [23414188291840] INFO perfrun.launcher <> - plugin [cuscol] was disabled because it doesn't support the given collection type.
141 [23414188291840] INFO perfrun.launcher <> - plugin [stdsrc] was disabled because it doesn't support the given collection type.
141 [23414188291840] INFO perfrun.launcher <> - plugin [sep] was disabled because it doesn't support the given collection type.
141 [23414188291840] INFO perfrun.launcher <> - plugin [vtsspp] was disabled because it doesn't support the given collection type.
141 [23414188291840] INFO perfrun.launcher <> - plugin [perf] was disabled because it doesn't support the given collection type.
141 [23414188291840] INFO perfrun.launcher <> - plugin [aoclprofile] was disabled because it doesn't support the given collection type.
141 [23414188291840] INFO perfrun.launcher <> - plugin [tpss] was disabled because it doesn't support the given collection type.
141 [23414188291840] INFO perfrun.launcher <> - plugin [media] was disabled because it doesn't support the given collection type.
141 [23414188291840] INFO perfrun.launcher <> - plugin [] was disabled because it doesn't support the given collection type.
141 [23414188291840] INFO perfrun.launcher <> - plugin [] was disabled because it doesn't support the given collection type.
141 [23414188291840] INFO perfrun.launcher <> - plugin [parallelfs] was disabled because it doesn't support the given collection type.
141 [23414188291840] INFO perfrun.launcher <> - plugin [power] was disabled because it doesn't support the given collection type.
141 [23414188291840] INFO perfrun.launcher <> - plugin [] was disabled because it doesn't support the given collection type.
141 [23414188291840] INFO perfrun.launcher <> - plugin [ipmwatch] was disabled because it doesn't support the given collection type.
141 [23414188291840] INFO perfrun.launcher <> - plugin [os_counters] was disabled because it doesn't support the given collection type.
141 [23414188291840] INFO perfrun.launcher <> - plugin [l0_metrics] was disabled because it doesn't support the given collection type.
141 [23414308871104] INFO perfrun.launcher <> - Application exit code: 0
141 [23414308871104] INFO perfrun.launcher <> - Exit code: 0
