13 [22380948196288] INFO perfrun.launcher <> - Launcher main begin
24 [22380948196288] INFO perfrun.launcher <> - MessageCatalogInit finished
24 [22380948196288] INFO perfrun.launcher <> - Launcher instance created
24 [22380948196288] INFO perfrun.launcher <> - argc = 7; cmdline = /mnt/lustre/e1000/home/y07/shared/cirrus-software/oneapi/vtune/2024.0/bin64/amplxe-runss --ui-output-format xml --ui-output-fd 6 --option-file /mnt/lustre/e1000/home/m23oc/m23oc/s2484724/hemelb-tests/diffTest/voxel0.0004_memory-consumption_result/config/runss.options 
147 [22380948196288] INFO perfrun.launcher <> - create msngr2::ICliToolContext
147 [22380948196288] INFO perfrun.launcher <> - create file finder object
147 [22380948196288] INFO perfrun.launcher <> - create a result directory: pattern = /mnt/lustre/e1000/home/m23oc/m23oc/s2484724/hemelb-tests/diffTest/voxel0.0004_memory-consumption_result pid = 4294967295
162 [22380948196288] INFO perfrun.sdk <> - checked that the directory /mnt/lustre/e1000/home/m23oc/m23oc/s2484724/hemelb-tests/diffTest/voxel0.0004_memory-consumption_result is a local directory
186 [22380948196288] INFO perfrun.sdk <> - the directory /mnt/lustre/e1000/home/m23oc/m23oc/s2484724/hemelb-tests/diffTest/voxel0.0004_memory-consumption_result is located on a share or its FS ID is unknown 198183888
186 [22380948196288] INFO perfrun.sdk <> - checked that the directory /dev/shm/s2484724_5731463/amplxe-tmp-s2484724 is a local directory
186 [22380948196288] INFO perfrun.sdk <> - the directory /dev/shm/s2484724_5731463/amplxe-tmp-s2484724 is a local directory with FS type ID 16914836
187 [22380948196288] INFO perfrun.launcher <> - Create a local result directory /dev/shm/s2484724_5731463/amplxe-tmp-s2484724/amplxe-res-972162-1818376852924897 due to the user result path /mnt/lustre/e1000/home/m23oc/m23oc/s2484724/hemelb-tests/diffTest/voxel0.0004_memory-consumption_result is located on a share
187 [22380948196288] INFO perfrun.launcher <> - create data directory = /dev/shm/s2484724_5731463/amplxe-tmp-s2484724/amplxe-res-972162-1818376852924897/data.0
189 [22380948196288] INFO perfrun.launcher <> - create data directory = /mnt/lustre/e1000/home/m23oc/m23oc/s2484724/hemelb-tests/diffTest/voxel0.0004_memory-consumption_result/data.0
191 [22380948196288] INFO perfrun.launcher <> - Creating the master collection flag
198 [22380948196288] INFO perfrun.launcher <> - Done creating the master collection flag
206 [22380827617024] INFO perfrun.launcher <> - plugin [remoteplug] was disabled because it doesn't support the given collection type.
207 [22380827617024] INFO perfrun.sdk <> - Allocating TMU :/dev/shm/s2484724_5731463/amplxe-tmp-s2484724/amplxe-res-972162-1818376852924897/data.0/systemcollector-972162-r1i0n23.sc
208 [22380827617024] INFO perfrun.system <> - Tpss based collection
208 [22380827617024] INFO perfrun.launcher <> - plugin [ptracecollector] was disabled because it doesn't support the given collection type.
208 [22380827617024] INFO perfrun.launcher <> - plugin [gpu] was disabled because it doesn't support the given collection type.
208 [22380827617024] INFO perfrun.launcher <> - plugin [] was disabled because it doesn't support the given collection type.
208 [22380827617024] INFO perfrun.launcher <> - plugin [] was disabled because it doesn't support the given collection type.
208 [22380827617024] INFO perfrun.launcher <> - plugin [] was disabled because it doesn't support the given collection type.
208 [22380827617024] INFO perfrun.mrte <> - system-wide mode is 0
208 [22380827617024] INFO perfrun.mrte <> - Getting  mrte profiling environment ...
435 [22380827617024] INFO perfrun.mrte <> - INTEL_MRTE_DATA_DIR=/dev/shm/s2484724_5731463/amplxe-tmp-s2484724/amplxe-res-972162-1818376852924897/data.0
435 [22380827617024] INFO perfrun.mrte <> - INTEL_MRTE_HOST_NAME=r1i0n23
435 [22380827617024] INFO perfrun.mrte <> - JAVA_TOOL_OPTIONS=-agentlib:amplxe_tpssmrte_javaprof_1.0 -Dsun.boot.library.path=/mnt/lustre/e1000/home/y07/shared/cirrus-software/oneapi/vtune/2024.0/lib32/runtime:/mnt/lustre/e1000/home/y07/shared/cirrus-software/oneapi/vtune/2024.0/lib64/runtime
435 [22380827617024] INFO perfrun.mrte <> - LD_LIBRARY_PATH=/mnt/lustre/e1000/home/y07/shared/cirrus-software/oneapi/vtune/2024.0/lib32/runtime:/mnt/lustre/e1000/home/y07/shared/cirrus-software/oneapi/vtune/2024.0/lib64/runtime:/work/y07/shared/cirrus-software/boost/1.84.0/lib:/work/y07/shared/cirrus-software/nvidia/hpcsdk-22.11/Linux_x86_64/22.11/comm_libs/nvshmem/lib:/work/y07/shared/cirrus-software/nvidia/hpcsdk-22.11/Linux_x86_64/22.11/comm_libs/nccl/lib:/work/y07/shared/cirrus-software/nvidia/hpcsdk-22.11/Linux_x86_64/22.11/math_libs/lib64:/work/y07/shared/cirrus-software/nvidia/hpcsdk-22.11/Linux_x86_64/22.11/cuda/extras/CUPTI/lib64:/work/y07/shared/cirrus-software/nvidia/hpcsdk-22.11/Linux_x86_64/22.11/cuda/lib64:/work/y07/shared/cirrus-software/gcc/12.3.0-offload/lib64:/work/y07/shared/cirrus-software/gcc/12.3.0-offload/lib
435 [22380827617024] INFO perfrun.mrte <> - CORECLR_ENABLE_PROFILING=1
435 [22380827617024] INFO perfrun.mrte <> - CORECLR_PROFILER={AA5E4821-E3B1-479c-B7FF-5AD047D22CED}
435 [22380827617024] INFO perfrun.mrte <> - CORECLR_PROFILER_PATH=/mnt/lustre/e1000/home/y07/shared/cirrus-software/oneapi/vtune/2024.0/lib64/libamplxe_samplingmrte_clrprof_1.0.so
435 [22380827617024] INFO perfrun.mrte <> - INTEL_MRTE_PROFILER_MODE=mixed
435 [22380827617024] INFO perfrun.mrte <> - Data directory: /dev/shm/s2484724_5731463/amplxe-tmp-s2484724/amplxe-res-972162-1818376852924897/data.0
435 [22380827617024] INFO perfrun.mrte <> - Mrte plugin is initialized
435 [22380827617024] INFO perfrun.launcher <> - plugin [emon] was disabled because it doesn't support the given collection type.
435 [22380827617024] INFO perfrun.launcher <> - plugin [cuscol] was disabled because it doesn't support the given collection type.
435 [22380827617024] INFO perfrun.launcher <> - plugin [stdsrc] was disabled because it doesn't support the given collection type.
435 [22380827617024] INFO perfrun.launcher <> - plugin [sep] was disabled because it doesn't support the given collection type.
435 [22380827617024] INFO perfrun.launcher <> - plugin [vtsspp] was disabled because it doesn't support the given collection type.
435 [22380827617024] INFO perfrun.launcher <> - plugin [perf] was disabled because it doesn't support the given collection type.
435 [22380827617024] INFO perfrun.launcher <> - plugin [aoclprofile] was disabled because it doesn't support the given collection type.
435 [22380827617024] INFO perfrun.tpss <> - initialize tpss controller
435 [22380827617024] INFO perfrun.tpss <> - configure collection mode: value = memory
435 [22380827617024] INFO perfrun.tpss <> - default obj-size-min=1024
435 [22380827617024] INFO perfrun.tpss <> - default hash-table-size=0
435 [22380827617024] INFO perfrun.tpss <> - obj-size-min 32
435 [22380827617024] INFO perfrun.tpss <> - hash-table-size 0
436 [22380827617024] INFO perfrun.launcher <> - plugin [media] was disabled because it doesn't support the given collection type.
436 [22380827617024] INFO perfrun.launcher <> - plugin [] was disabled because it doesn't support the given collection type.
436 [22380827617024] INFO perfrun.launcher <> - plugin [] was disabled because it doesn't support the given collection type.
436 [22380827617024] INFO perfrun.launcher <> - plugin [parallelfs] was disabled because it doesn't support the given collection type.
436 [22380827617024] INFO perfrun.launcher <> - plugin [power] was disabled because it doesn't support the given collection type.
436 [22380827617024] INFO perfrun.launcher <> - plugin [] was disabled because it doesn't support the given collection type.
436 [22380827617024] INFO perfrun.launcher <> - plugin [ipmwatch] was disabled because it doesn't support the given collection type.
436 [22380827617024] INFO perfrun.launcher <> - plugin [os_counters] was disabled because it doesn't support the given collection type.
436 [22380827617024] INFO perfrun.launcher <> - plugin [l0_metrics] was disabled because it doesn't support the given collection type.
437 [22380948196288] INFO perfrun.launcher <> - set environment variable: LD_LIBRARY_PATH = /mnt/lustre/e1000/home/y07/shared/cirrus-software/oneapi/vtune/2024.0/lib32/runtime:/mnt/lustre/e1000/home/y07/shared/cirrus-software/oneapi/vtune/2024.0/lib64/runtime:/work/y07/shared/cirrus-software/boost/1.84.0/lib:/work/y07/shared/cirrus-software/nvidia/hpcsdk-22.11/Linux_x86_64/22.11/comm_libs/nvshmem/lib:/work/y07/shared/cirrus-software/nvidia/hpcsdk-22.11/Linux_x86_64/22.11/comm_libs/nccl/lib:/work/y07/shared/cirrus-software/nvidia/hpcsdk-22.11/Linux_x86_64/22.11/math_libs/lib64:/work/y07/shared/cirrus-software/nvidia/hpcsdk-22.11/Linux_x86_64/22.11/cuda/extras/CUPTI/lib64:/work/y07/shared/cirrus-software/nvidia/hpcsdk-22.11/Linux_x86_64/22.11/cuda/lib64:/work/y07/shared/cirrus-software/gcc/12.3.0-offload/lib64:/work/y07/shared/cirrus-software/gcc/12.3.0-offload/lib
437 [22380948196288] INFO perfrun.launcher <> - set environment variable: INTEL_LIBITTNOTIFY32 = /mnt/lustre/e1000/home/y07/shared/cirrus-software/oneapi/vtune/2024.0/lib32/runtime/libittnotify_collector.so
437 [22380948196288] INFO perfrun.launcher <> - set environment variable: INTEL_LIBITTNOTIFY64 = /mnt/lustre/e1000/home/y07/shared/cirrus-software/oneapi/vtune/2024.0/lib64/runtime/libittnotify_collector.so
437 [22380948196288] INFO perfrun.launcher <> - set environment variable: INTEL_ITTNOTIFY_GROUPS = 
437 [22380948196288] INFO perfrun.launcher <> - set environment variable: INTEL_JIT_PROFILER32 = /mnt/lustre/e1000/home/y07/shared/cirrus-software/oneapi/vtune/2024.0/lib32/runtime/libittnotify_collector.so
437 [22380948196288] INFO perfrun.launcher <> - set environment variable: INTEL_JIT_PROFILER64 = /mnt/lustre/e1000/home/y07/shared/cirrus-software/oneapi/vtune/2024.0/lib64/runtime/libittnotify_collector.so
437 [22380948196288] INFO perfrun.launcher <> - set environment variable: ENABLE_JITPROFILING = 1
437 [22380948196288] INFO perfrun.launcher <> - set environment variable: CL_CONFIG_USE_VTUNE = True
437 [22380948196288] INFO perfrun.launcher <> - set environment variable: KMP_FORKJOIN_FRAMES = 0
437 [22380948196288] INFO perfrun.launcher <> - set environment variable: KMP_FORKJOIN_FRAMES_MODE = 0
437 [22380948196288] INFO perfrun.launcher <> - set environment variable: INTEL_MRTE_DATA_DIR = /dev/shm/s2484724_5731463/amplxe-tmp-s2484724/amplxe-res-972162-1818376852924897/data.0
437 [22380948196288] INFO perfrun.launcher <> - set environment variable: INTEL_MRTE_HOST_NAME = r1i0n23
437 [22380948196288] INFO perfrun.launcher <> - set environment variable: JAVA_TOOL_OPTIONS = -agentlib:amplxe_tpssmrte_javaprof_1.0 -Dsun.boot.library.path=/mnt/lustre/e1000/home/y07/shared/cirrus-software/oneapi/vtune/2024.0/lib32/runtime:/mnt/lustre/e1000/home/y07/shared/cirrus-software/oneapi/vtune/2024.0/lib64/runtime
437 [22380948196288] INFO perfrun.launcher <> - set environment variable: LD_LIBRARY_PATH = /mnt/lustre/e1000/home/y07/shared/cirrus-software/oneapi/vtune/2024.0/lib32/runtime:/mnt/lustre/e1000/home/y07/shared/cirrus-software/oneapi/vtune/2024.0/lib64/runtime:/work/y07/shared/cirrus-software/boost/1.84.0/lib:/work/y07/shared/cirrus-software/nvidia/hpcsdk-22.11/Linux_x86_64/22.11/comm_libs/nvshmem/lib:/work/y07/shared/cirrus-software/nvidia/hpcsdk-22.11/Linux_x86_64/22.11/comm_libs/nccl/lib:/work/y07/shared/cirrus-software/nvidia/hpcsdk-22.11/Linux_x86_64/22.11/math_libs/lib64:/work/y07/shared/cirrus-software/nvidia/hpcsdk-22.11/Linux_x86_64/22.11/cuda/extras/CUPTI/lib64:/work/y07/shared/cirrus-software/nvidia/hpcsdk-22.11/Linux_x86_64/22.11/cuda/lib64:/work/y07/shared/cirrus-software/gcc/12.3.0-offload/lib64:/work/y07/shared/cirrus-software/gcc/12.3.0-offload/lib
437 [22380948196288] INFO perfrun.launcher <> - set environment variable: CORECLR_ENABLE_PROFILING = 1
437 [22380948196288] INFO perfrun.launcher <> - set environment variable: CORECLR_PROFILER = {AA5E4821-E3B1-479c-B7FF-5AD047D22CED}
437 [22380948196288] INFO perfrun.launcher <> - set environment variable: CORECLR_PROFILER_PATH = /mnt/lustre/e1000/home/y07/shared/cirrus-software/oneapi/vtune/2024.0/lib64/libamplxe_samplingmrte_clrprof_1.0.so
437 [22380948196288] INFO perfrun.launcher <> - set environment variable: INTEL_MRTE_PROFILER_MODE = mixed
437 [22380948196288] INFO perfrun.launcher <> - RpcServer: run RPC server to handle requests
441 [22380948196288] INFO perfrun.launcher <> - Launcher: command line to start before modification = hlb-gmy-cli --voxel 0.0004 cyl.pr2
443 [22380948196288] INFO perfrun.launcher <> - Launcher: command line to start after modification = /mnt/lustre/e1000/home/y07/shared/cirrus-software/oneapi/vtune/2024.0/bin64/pin -error_file /dev/shm/s2484724_5731463/amplxe-tmp-s2484724/amplxe-res-972162-1818376852924897/data.0/pinerr.tpsslog -detach_reattach -follow_execv -tool_load_option deepbind -t64 /mnt/lustre/e1000/home/y07/shared/cirrus-software/oneapi/vtune/2024.0/lib64/libtpsstool.so -t /mnt/lustre/e1000/home/y07/shared/cirrus-software/oneapi/vtune/2024.0/lib32/libtpsstool.so -server_name tpss_ipc.972162 -prd_dir /mnt/lustre/e1000/home/y07/shared/cirrus-software/oneapi/vtune/2024.0 -- hlb-gmy-cli --voxel 0.0004 cyl.pr2
443 [22380948196288] INFO perfrun.launcher <> - ProcessCreator object was created
447 [22380948196288] INFO perfrun.launcher <> - Launcher: the process was started in suspend mode
456 [22380827617024] WARN perfrun.system <> - Could not do anything with /sys/kernel/debug/kvm: boost::filesystem::status: Permission denied: "/sys/kernel/debug/kvm", at file: vcs/perfrun1/plugins/system/src/trace_writer.cpp:787
456 [22380827617024] WARN perfrun.system <> - Folder "/var/run/libvirt/qemu/"doesn't exist, at file: vcs/perfrun1/plugins/system/src/trace_writer.cpp:800
456 [22380827617024] INFO perfrun.itt <> - pause itt controller
456 [22380827617024] WARN perfrun.launcher <> - Messenger::say: Pause command is not supported for managed code profiling. Runtime overhead is still possible. Data size limit may be exceeded.
456 [22380827617024] INFO perfrun.tpss <> - pause tpss controller
465 [22380827617024] WARN perfrun.sdk <> - Failed to find xl binary on any of the system paths: /bin, /sbin, /usr/bin, /usr/sbin., at file: vcs/perfrun1/sdk/src/utils.cpp:204
466 [22380827617024] WARN perfrun.system <> - Could not start ContainerMapping collector, at file: vcs/perfrun1/plugins/system/src/controller.cpp:448
500 [22380827617024] INFO perfrun.vdso <> - Helper runtool '/mnt/lustre/e1000/home/y07/shared/cirrus-software/oneapi/vtune/2024.0/bin32/amplxe-runss -dump-vdso -r /dev/shm/s2484724_5731463/amplxe-tmp-s2484724/amplxe-res-972162-1818376852924897 --tmp-dir /dev/shm/s2484724_5731463/amplxe-tmp-s2484724' returned 1
774 [22380827617024] INFO perfrun.vdso <> - Helper runtool '/mnt/lustre/e1000/home/y07/shared/cirrus-software/oneapi/vtune/2024.0/bin64/amplxe-runss -dump-vdso -r /dev/shm/s2484724_5731463/amplxe-tmp-s2484724/amplxe-res-972162-1818376852924897 --tmp-dir /dev/shm/s2484724_5731463/amplxe-tmp-s2484724' returned 0
774 [22380827617024] INFO perfrun.itt <> - start itt controller for pid #972203
775 [22380827617024] INFO perfrun.tpss <> - start tpss controller for pid #972203
825 [22380948196288] INFO perfrun.launcher <> - Launcher: all plugins were started
825 [22380948196288] INFO perfrun.launcher <> - DirectoryMonitor object was created
825 [22380948196288] INFO perfrun.launcher <> - DirectoryMonitor: a callback was added
825 [22380948196288] INFO perfrun.launcher <> - DirectoryMonitor was started with pingTime = 1000
825 [22380948196288] INFO perfrun.launcher <> - DeadlineTimer is going to be constructed
825 [22380948196288] INFO perfrun.launcher <> - DeadlineTimer: a callback was added
869 [22380948196288] INFO perfrun.launcher <> - Launcher: resume the profiled application and  wait its termination or stop command
45765 [22380827617024] INFO perfrun.itt <> - resume itt controller
45766 [22380827617024] INFO perfrun.tpss <> - resume tpss controller
51830 [22380827617024] INFO perfrun.itt <> - pause itt controller
51830 [22380827617024] INFO perfrun.tpss <> - pause tpss controller
53356 [22380948196288] INFO perfrun.launcher <> - Launcher: the profiled application was terminated  with exit code = 0
53382 [22380827617024] INFO perfrun.itt <> - detach itt controller
53382 [22380827617024] INFO perfrun.itt <> - detach itt controller done
53382 [22380827617024] INFO perfrun.tpss <> - stop tpss controller
53383 [22380827617024] INFO perfrun.sdk <> - De-allocating TMU: /dev/shm/s2484724_5731463/amplxe-tmp-s2484724/amplxe-res-972162-1818376852924897/data.0/systemcollector-972162-r1i0n23.sc
53383 [22380827617024] INFO perfrun.system <> - closed the system trace file: /dev/shm/s2484724_5731463/amplxe-tmp-s2484724/amplxe-res-972162-1818376852924897/data.0/systemcollector-972162-r1i0n23.sc
53383 [22380948196288] INFO perfrun.launcher <> - Launcher: all plugins were stopped.
53383 [22380948196288] INFO perfrun.launcher <> - DeadlineTimer is going to be destroyed
53383 [22380948196288] INFO perfrun.launcher <> - DeadlineTimer was destroyed
53383 [22380948196288] INFO perfrun.launcher <> - DirectoryMonitor object was destroyed
53383 [22380948196288] WARN perfrun.launcher <> - Stop command is ignored because it is received when collection is already stopped, at file: vcs/perfrun1/launcher/src/command_handler.cpp:226
54145 [22380948196288] INFO perfrun.launcher <> - Application exit code: 0
54145 [22380948196288] INFO perfrun.launcher <> - Exit code: 0
