
1498127 : 0x5288dcc8a0b9e : 1 : spill_jit_data :  Jit agent is not initialized
1498032 : 0x5288dcc8a4207 : 2 : ittapi_config_mask_get :  --itt-config mask to be applied: 55
1498032 : 0x5288dcc8a5ea2 : 2 : ittapi_config_apply_per_lib :  ITTAPI function instrumented: __itt_domain_create
1498032 : 0x5288dcc8a6938 : 2 : ittapi_config_apply_per_lib :  ITTAPI function instrumented: __itt_module_load_with_sections
1498032 : 0x5288dcc8a77a2 : 2 : ittapi_config_apply_per_lib :  ITTAPI function not implemented: __itt_module_unload_with_sections
1498032 : 0x5288dcc8a806c : 2 : ittapi_config_apply_per_lib :  ITTAPI function instrumented: __itt_string_handle_create
1498032 : 0x5288dcc8a872e : 2 : ittapi_config_apply_per_lib :  ITTAPI function instrumented: __itt_counter_create
1498032 : 0x5288dcc8a8da3 : 2 : ittapi_config_apply_per_lib :  ITTAPI function instrumented: __itt_counter_create_typed
1498032 : 0x5288dcc8a9463 : 2 : ittapi_config_apply_per_lib :  ITTAPI function instrumented: __itt_pause
1498032 : 0x5288dcc8a9afc : 2 : ittapi_config_apply_per_lib :  ITTAPI function instrumented: __itt_resume
1498032 : 0x5288dcc8adff1 : 2 : ittapi_config_apply_per_lib :  ITTAPI function not implemented: __itt_pause_scoped
1498032 : 0x5288dcc8ae92a : 2 : ittapi_config_apply_per_lib :  ITTAPI function not implemented: __itt_resume_scoped
1498032 : 0x5288dcc8aefb1 : 2 : ittapi_config_apply_per_lib :  ITTAPI function instrumented: __itt_thread_set_name
1498032 : 0x5288dcc8af61f : 2 : ittapi_config_apply_per_lib :  ITTAPI function instrumented: __itt_thread_ignore
1498032 : 0x5288dcc8afcc5 : 2 : ittapi_config_apply_per_lib :  ITTAPI function instrumented: __itt_thr_name_set
1498032 : 0x5288dcc8b0348 : 2 : ittapi_config_apply_per_lib :  ITTAPI function instrumented: __itt_thr_ignore
1498032 : 0x5288dcc8b0a14 : 2 : ittapi_config_apply_per_lib :  ITTAPI function instrumented: __itt_histogram_create
1498032 : 0x5288dcc8b1062 : 2 : ittapi_config_apply_per_lib :  ITTAPI function instrumented: __itt_counter_create_v3
1498032 : 0x5288dcc8b17ac : 2 : ittapi_config_apply_per_lib :  ITTAPI function instrumented: __itt_bind_context_metadata_to_counter
1498032 : 0x5288dcc8b1ed7 : 2 : ittapi_config_apply_per_lib :  ITTAPI function not implemented: __itt_enable_attach
1498032 : 0x5288dcc8b3997 : 2 : ittapi_config_apply_per_lib :  ITTAPI function instrumented: __itt_detach
1498032 : 0x5288dcc8b3fa5 : 2 : ittapi_config_apply_per_lib :  ITTAPI function NOT instrumented (not matched by --itt-config option): __itt_sync_create

1498032 : 0x5288dcc8b456e : 2 : ittapi_config_apply_per_lib :  ITTAPI function NOT instrumented (not matched by --itt-config option): __itt_sync_rename

1498032 : 0x5288dcc8b4a7e : 2 : ittapi_config_apply_per_lib :  ITTAPI function NOT instrumented (not matched by --itt-config option): __itt_sync_destroy

1498032 : 0x5288dcc8b4fa0 : 2 : ittapi_config_apply_per_lib :  ITTAPI function NOT instrumented (not matched by --itt-config option): __itt_sync_prepare

1498032 : 0x5288dcc8b550e : 2 : ittapi_config_apply_per_lib :  ITTAPI function NOT instrumented (not matched by --itt-config option): __itt_sync_cancel

1498032 : 0x5288dcc8b5a15 : 2 : ittapi_config_apply_per_lib :  ITTAPI function NOT instrumented (not matched by --itt-config option): __itt_sync_acquired

1498032 : 0x5288dcc8b5f3a : 2 : ittapi_config_apply_per_lib :  ITTAPI function NOT instrumented (not matched by --itt-config option): __itt_sync_releasing

1498032 : 0x5288dcc8b662e : 2 : ittapi_config_apply_per_lib :  ITTAPI function not implemented: __itt_suppress_push
1498032 : 0x5288dcc8b6f26 : 2 : ittapi_config_apply_per_lib :  ITTAPI function not implemented: __itt_suppress_pop
1498032 : 0x5288dcc8b8510 : 2 : ittapi_config_apply_per_lib :  ITTAPI function not implemented: __itt_suppress_mark_range
1498032 : 0x5288dcc8b8cfe : 2 : ittapi_config_apply_per_lib :  ITTAPI function not implemented: __itt_suppress_clear_range
1498032 : 0x5288dcc8b9258 : 2 : ittapi_config_apply_per_lib :  ITTAPI function NOT instrumented (not matched by --itt-config option): __itt_sync_prepare

1498032 : 0x5288dcc8b9793 : 2 : ittapi_config_apply_per_lib :  ITTAPI function NOT instrumented (not matched by --itt-config option): __itt_sync_cancel

1498032 : 0x5288dcc8b9cca : 2 : ittapi_config_apply_per_lib :  ITTAPI function NOT instrumented (not matched by --itt-config option): __itt_sync_acquired

1498032 : 0x5288dcc8ba1f1 : 2 : ittapi_config_apply_per_lib :  ITTAPI function NOT instrumented (not matched by --itt-config option): __itt_sync_releasing

1498032 : 0x5288dcc8ba78a : 2 : ittapi_config_apply_per_lib :  ITTAPI function NOT instrumented (not matched by --itt-config option): __itt_model_site_begin

1498032 : 0x5288dcc8baceb : 2 : ittapi_config_apply_per_lib :  ITTAPI function NOT instrumented (not matched by --itt-config option): __itt_model_site_end

1498032 : 0x5288dcc8bb22f : 2 : ittapi_config_apply_per_lib :  ITTAPI function NOT instrumented (not matched by --itt-config option): __itt_model_task_begin

1498032 : 0x5288dcc8bb763 : 2 : ittapi_config_apply_per_lib :  ITTAPI function NOT instrumented (not matched by --itt-config option): __itt_model_task_end

1498032 : 0x5288dcc8bd883 : 2 : ittapi_config_apply_per_lib :  ITTAPI function NOT instrumented (not matched by --itt-config option): __itt_model_lock_acquire

1498032 : 0x5288dcc8bde56 : 2 : ittapi_config_apply_per_lib :  ITTAPI function NOT instrumented (not matched by --itt-config option): __itt_model_lock_release

1498032 : 0x5288dcc8be37a : 2 : ittapi_config_apply_per_lib :  ITTAPI function NOT instrumented (not matched by --itt-config option): __itt_model_record_allocation

1498032 : 0x5288dcc8be995 : 2 : ittapi_config_apply_per_lib :  ITTAPI function NOT instrumented (not matched by --itt-config option): __itt_model_record_deallocation

1498032 : 0x5288dcc8beefa : 2 : ittapi_config_apply_per_lib :  ITTAPI function NOT instrumented (not matched by --itt-config option): __itt_model_induction_uses

1498032 : 0x5288dcc8bf438 : 2 : ittapi_config_apply_per_lib :  ITTAPI function NOT instrumented (not matched by --itt-config option): __itt_model_reduction_uses

1498032 : 0x5288dcc8bf93f : 2 : ittapi_config_apply_per_lib :  ITTAPI function NOT instrumented (not matched by --itt-config option): __itt_model_observe_uses

1498032 : 0x5288dcc8bfe63 : 2 : ittapi_config_apply_per_lib :  ITTAPI function NOT instrumented (not matched by --itt-config option): __itt_model_clear_uses

1498032 : 0x5288dcc8c0384 : 2 : ittapi_config_apply_per_lib :  ITTAPI function NOT instrumented (not matched by --itt-config option): __itt_model_site_beginA

1498032 : 0x5288dcc8c089f : 2 : ittapi_config_apply_per_lib :  ITTAPI function NOT instrumented (not matched by --itt-config option): __itt_model_site_beginAL

1498032 : 0x5288dcc8c1cf2 : 2 : ittapi_config_apply_per_lib :  ITTAPI function NOT instrumented (not matched by --itt-config option): __itt_model_task_beginA

1498032 : 0x5288dcc8c2274 : 2 : ittapi_config_apply_per_lib :  ITTAPI function NOT instrumented (not matched by --itt-config option): __itt_model_task_beginAL

1498032 : 0x5288dcc8c27a4 : 2 : ittapi_config_apply_per_lib :  ITTAPI function NOT instrumented (not matched by --itt-config option): __itt_model_iteration_taskA

1498032 : 0x5288dcc8c2cf7 : 2 : ittapi_config_apply_per_lib :  ITTAPI function NOT instrumented (not matched by --itt-config option): __itt_model_iteration_taskAL

1498032 : 0x5288dcc8c3269 : 2 : ittapi_config_apply_per_lib :  ITTAPI function NOT instrumented (not matched by --itt-config option): __itt_model_site_end_2

1498032 : 0x5288dcc8c378e : 2 : ittapi_config_apply_per_lib :  ITTAPI function NOT instrumented (not matched by --itt-config option): __itt_model_task_end_2

1498032 : 0x5288dcc8c3ce0 : 2 : ittapi_config_apply_per_lib :  ITTAPI function NOT instrumented (not matched by --itt-config option): __itt_model_lock_acquire_2

1498032 : 0x5288dcc8c41f4 : 2 : ittapi_config_apply_per_lib :  ITTAPI function NOT instrumented (not matched by --itt-config option): __itt_model_lock_release_2

1498032 : 0x5288dcc8c474a : 2 : ittapi_config_apply_per_lib :  ITTAPI function NOT instrumented (not matched by --itt-config option): __itt_model_aggregate_task

1498032 : 0x5288dcc8c4c4e : 2 : ittapi_config_apply_per_lib :  ITTAPI function NOT instrumented (not matched by --itt-config option): __itt_model_disable_push

1498032 : 0x5288dcc8c6745 : 2 : ittapi_config_apply_per_lib :  ITTAPI function NOT instrumented (not matched by --itt-config option): __itt_model_disable_pop

1498032 : 0x5288dcc8c6ecc : 2 : ittapi_config_apply_per_lib :  ITTAPI function instrumented: __itt_heap_function_create
1498032 : 0x5288dcc8c7537 : 2 : ittapi_config_apply_per_lib :  ITTAPI function instrumented: __itt_heap_allocate_begin
1498032 : 0x5288dcc8c7b4a : 2 : ittapi_config_apply_per_lib :  ITTAPI function instrumented: __itt_heap_allocate_end
1498032 : 0x5288dcc8c81c2 : 2 : ittapi_config_apply_per_lib :  ITTAPI function instrumented: __itt_heap_free_begin
1498032 : 0x5288dcc8c87fb : 2 : ittapi_config_apply_per_lib :  ITTAPI function instrumented: __itt_heap_free_end
1498032 : 0x5288dcc8c8e48 : 2 : ittapi_config_apply_per_lib :  ITTAPI function instrumented: __itt_heap_reallocate_begin
1498032 : 0x5288dcc8c948f : 2 : ittapi_config_apply_per_lib :  ITTAPI function instrumented: __itt_heap_reallocate_end
1498032 : 0x5288dcc8c9c4b : 2 : ittapi_config_apply_per_lib :  ITTAPI function not implemented: __itt_heap_internal_access_begin
1498032 : 0x5288dcc8ca3de : 2 : ittapi_config_apply_per_lib :  ITTAPI function not implemented: __itt_heap_internal_access_end
1498032 : 0x5288dcc8cba30 : 2 : ittapi_config_apply_per_lib :  ITTAPI function not implemented: __itt_heap_record_memory_growth_begin
1498032 : 0x5288dcc8cc18e : 2 : ittapi_config_apply_per_lib :  ITTAPI function not implemented: __itt_heap_record_memory_growth_end
1498032 : 0x5288dcc8cc86c : 2 : ittapi_config_apply_per_lib :  ITTAPI function not implemented: __itt_heap_reset_detection
1498032 : 0x5288dcc8cd02e : 2 : ittapi_config_apply_per_lib :  ITTAPI function not implemented: __itt_heap_record
1498032 : 0x5288dcc8cd755 : 2 : ittapi_config_apply_per_lib :  ITTAPI function not implemented: __itt_id_create
1498032 : 0x5288dcc8cde26 : 2 : ittapi_config_apply_per_lib :  ITTAPI function not implemented: __itt_id_destroy
1498032 : 0x5288dcc8ce4f6 : 2 : ittapi_config_apply_per_lib :  ITTAPI function instrumented: __itt_get_timestamp
1498032 : 0x5288dcc8ceb97 : 2 : ittapi_config_apply_per_lib :  ITTAPI function not implemented: __itt_region_begin
1498032 : 0x5288dcc8cf2c3 : 2 : ittapi_config_apply_per_lib :  ITTAPI function not implemented: __itt_region_end
1498032 : 0x5288dcc8cf967 : 2 : ittapi_config_apply_per_lib :  ITTAPI function instrumented: __itt_frame_begin_v3
1498032 : 0x5288dcc8d4b9c : 2 : ittapi_config_apply_per_lib :  ITTAPI function instrumented: __itt_frame_end_v3
1498032 : 0x5288dcc8d5155 : 2 : ittapi_config_apply_per_lib :  ITTAPI function instrumented: __itt_frame_submit_v3
1498032 : 0x5288dcc8d57b5 : 2 : ittapi_config_apply_per_lib :  ITTAPI function not implemented: __itt_task_group
1498032 : 0x5288dcc8d5dc0 : 2 : ittapi_config_apply_per_lib :  ITTAPI function instrumented: __itt_task_begin
1498032 : 0x5288dcc8d635d : 2 : ittapi_config_apply_per_lib :  ITTAPI function instrumented: __itt_task_begin_fn
1498032 : 0x5288dcc8d6911 : 2 : ittapi_config_apply_per_lib :  ITTAPI function instrumented: __itt_task_end
1498032 : 0x5288dcc8d6f3e : 2 : ittapi_config_apply_per_lib :  ITTAPI function not implemented: __itt_counter_inc_v3
1498032 : 0x5288dcc8d7580 : 2 : ittapi_config_apply_per_lib :  ITTAPI function not implemented: __itt_counter_inc_delta_v3
1498032 : 0x5288dcc8d7bd2 : 2 : ittapi_config_apply_per_lib :  ITTAPI function not implemented: __itt_counter_dec_v3
1498032 : 0x5288dcc8d819d : 2 : ittapi_config_apply_per_lib :  ITTAPI function not implemented: __itt_counter_dec_delta_v3
1498032 : 0x5288dcc8d9425 : 2 : ittapi_config_apply_per_lib :  ITTAPI function not implemented: __itt_marker
1498032 : 0x5288dcc8d9a9d : 2 : ittapi_config_apply_per_lib :  ITTAPI function instrumented: __itt_metadata_add
1498032 : 0x5288dcc8da0d5 : 2 : ittapi_config_apply_per_lib :  ITTAPI function not implemented: __itt_metadata_str_add
1498032 : 0x5288dcc8da6a0 : 2 : ittapi_config_apply_per_lib :  ITTAPI function not implemented: __itt_relation_add_to_current
1498032 : 0x5288dcc8dacbd : 2 : ittapi_config_apply_per_lib :  ITTAPI function not implemented: __itt_relation_add
1498032 : 0x5288dcc8db256 : 2 : ittapi_config_apply_per_lib :  ITTAPI function instrumented: __itt_event_create
1498032 : 0x5288dcc8db859 : 2 : ittapi_config_apply_per_lib :  ITTAPI function instrumented: __itt_event_start
1498032 : 0x5288dcc8dbe4f : 2 : ittapi_config_apply_per_lib :  ITTAPI function instrumented: __itt_event_end
1498032 : 0x5288dcc8dc311 : 2 : ittapi_config_apply_per_lib :  ITTAPI function NOT instrumented (not matched by --itt-config option): __itt_sync_set_name

1498032 : 0x5288dcc8dc825 : 2 : ittapi_config_apply_per_lib :  ITTAPI function NOT instrumented (not matched by --itt-config option): __itt_notify_sync_name

1498032 : 0x5288dcc8de3ab : 2 : ittapi_config_apply_per_lib :  ITTAPI function NOT instrumented (not matched by --itt-config option): __itt_notify_sync_prepare

1498032 : 0x5288dcc8de90b : 2 : ittapi_config_apply_per_lib :  ITTAPI function NOT instrumented (not matched by --itt-config option): __itt_notify_sync_cancel

1498032 : 0x5288dcc8deda0 : 2 : ittapi_config_apply_per_lib :  ITTAPI function NOT instrumented (not matched by --itt-config option): __itt_notify_sync_acquired

1498032 : 0x5288dcc8df228 : 2 : ittapi_config_apply_per_lib :  ITTAPI function NOT instrumented (not matched by --itt-config option): __itt_notify_sync_releasing

1498032 : 0x5288dcc8df894 : 2 : ittapi_config_apply_per_lib :  ITTAPI function not implemented: __itt_memory_read
1498032 : 0x5288dcc8dff26 : 2 : ittapi_config_apply_per_lib :  ITTAPI function not implemented: __itt_memory_write
1498032 : 0x5288dcc8e05f1 : 2 : ittapi_config_apply_per_lib :  ITTAPI function not implemented: __itt_memory_update
1498032 : 0x5288dcc8e0c6f : 2 : ittapi_config_apply_per_lib :  ITTAPI function not implemented: __itt_state_get
1498032 : 0x5288dcc8e1260 : 2 : ittapi_config_apply_per_lib :  ITTAPI function not implemented: __itt_state_set
1498032 : 0x5288dcc8e188f : 2 : ittapi_config_apply_per_lib :  ITTAPI function not implemented: __itt_obj_mode_set
1498032 : 0x5288dcc8e2cdd : 2 : ittapi_config_apply_per_lib :  ITTAPI function not implemented: __itt_thr_mode_set
1498032 : 0x5288dcc8e32cb : 2 : ittapi_config_apply_per_lib :  ITTAPI function instrumented: __itt_frame_create
1498032 : 0x5288dcc8e3853 : 2 : ittapi_config_apply_per_lib :  ITTAPI function instrumented: __itt_pt_region_create
1498032 : 0x5288dcc8e3e58 : 2 : ittapi_config_apply_per_lib :  ITTAPI function instrumented: __itt_frame_begin
1498032 : 0x5288dcc8e4473 : 2 : ittapi_config_apply_per_lib :  ITTAPI function instrumented: __itt_frame_end
1498032 : 0x5288dcc8e4adc : 2 : ittapi_config_apply_per_lib :  ITTAPI function not implemented: __itt_counter_destroy
1498032 : 0x5288dcc8e50b7 : 2 : ittapi_config_apply_per_lib :  ITTAPI function instrumented: __itt_counter_inc
1498032 : 0x5288dcc8e95ff : 2 : ittapi_config_apply_per_lib :  ITTAPI function instrumented: __itt_counter_inc_delta
1498032 : 0x5288dcc8e9bed : 2 : ittapi_config_apply_per_lib :  ITTAPI function instrumented: __itt_counter_dec
1498032 : 0x5288dcc8ea207 : 2 : ittapi_config_apply_per_lib :  ITTAPI function instrumented: __itt_counter_dec_delta
1498032 : 0x5288dcc8eb482 : 2 : ittapi_config_apply_per_lib :  ITTAPI function instrumented: __itt_counter_set_value
1498032 : 0x5288dcc8ebab5 : 2 : ittapi_config_apply_per_lib :  ITTAPI function not implemented: __itt_counter_set_value_ex
1498032 : 0x5288dcc8ec04f : 2 : ittapi_config_apply_per_lib :  ITTAPI function not implemented: __itt_mark_create
1498032 : 0x5288dcc8ec61e : 2 : ittapi_config_apply_per_lib :  ITTAPI function not implemented: __itt_mark
1498032 : 0x5288dcc8f0db0 : 2 : ittapi_config_apply_per_lib :  ITTAPI function not implemented: __itt_mark_off
1498032 : 0x5288dcc8f138b : 2 : ittapi_config_apply_per_lib :  ITTAPI function not implemented: __itt_mark_global
1498032 : 0x5288dcc8f191a : 2 : ittapi_config_apply_per_lib :  ITTAPI function not implemented: __itt_mark_global_off
1498032 : 0x5288dcc8f1eba : 2 : ittapi_config_apply_per_lib :  ITTAPI function instrumented: __itt_stack_caller_create
1498032 : 0x5288dcc8f23c1 : 2 : ittapi_config_apply_per_lib :  ITTAPI function instrumented: __itt_stack_caller_destroy
1498032 : 0x5288dcc8f2930 : 2 : ittapi_config_apply_per_lib :  ITTAPI function instrumented: __itt_stack_callee_enter
1498032 : 0x5288dcc8f405f : 2 : ittapi_config_apply_per_lib :  ITTAPI function instrumented: __itt_stack_callee_leave
1498032 : 0x5288dcc8f4670 : 2 : ittapi_config_apply_per_lib :  ITTAPI function not implemented: __itt_clock_domain_create
1498032 : 0x5288dcc8f4bc6 : 2 : ittapi_config_apply_per_lib :  ITTAPI function not implemented: __itt_clock_domain_reset
1498032 : 0x5288dcc8f514e : 2 : ittapi_config_apply_per_lib :  ITTAPI function not implemented: __itt_id_create_ex
1498032 : 0x5288dcc8f56c9 : 2 : ittapi_config_apply_per_lib :  ITTAPI function not implemented: __itt_id_destroy_ex
1498032 : 0x5288dcc8f5c6b : 2 : ittapi_config_apply_per_lib :  ITTAPI function not implemented: __itt_task_begin_ex
1498032 : 0x5288dcc8f61f9 : 2 : ittapi_config_apply_per_lib :  ITTAPI function not implemented: __itt_task_begin_fn_ex
1498032 : 0x5288dcc8f67a6 : 2 : ittapi_config_apply_per_lib :  ITTAPI function not implemented: __itt_task_end_ex
1498032 : 0x5288dcc8f6ce8 : 2 : ittapi_config_apply_per_lib :  ITTAPI function instrumented: __itt_task_begin_overlapped
1498032 : 0x5288dcc8f727a : 2 : ittapi_config_apply_per_lib :  ITTAPI function not implemented: __itt_task_begin_overlapped_ex
1498032 : 0x5288dcc8f838d : 2 : ittapi_config_apply_per_lib :  ITTAPI function instrumented: __itt_task_end_overlapped
1498032 : 0x5288dcc8f892a : 2 : ittapi_config_apply_per_lib :  ITTAPI function not implemented: __itt_task_end_overlapped_ex
1498032 : 0x5288dcc8f8ec4 : 2 : ittapi_config_apply_per_lib :  ITTAPI function not implemented: __itt_marker_ex
1498032 : 0x5288dcc8f9575 : 2 : ittapi_config_apply_per_lib :  ITTAPI function not implemented: __itt_metadata_add_with_scope
1498032 : 0x5288dcc8f9b89 : 2 : ittapi_config_apply_per_lib :  ITTAPI function not implemented: __itt_metadata_str_add_with_scope
1498032 : 0x5288dcc8fa105 : 2 : ittapi_config_apply_per_lib :  ITTAPI function not implemented: __itt_relation_add_to_current_ex
1498032 : 0x5288dcc8fa6d9 : 2 : ittapi_config_apply_per_lib :  ITTAPI function not implemented: __itt_relation_add_ex
1498032 : 0x5288dcc8fac49 : 2 : ittapi_config_apply_per_lib :  ITTAPI function not implemented: __itt_track_group_create
1498032 : 0x5288dcc8fb174 : 2 : ittapi_config_apply_per_lib :  ITTAPI function not implemented: __itt_track_create
1498032 : 0x5288dcc8fb6f4 : 2 : ittapi_config_apply_per_lib :  ITTAPI function not implemented: __itt_set_track
1498032 : 0x5288dcc8fc942 : 2 : ittapi_config_apply_per_lib :  ITTAPI function instrumented: __itt_api_version
1498032 : 0x5288dcc8fcf2c : 2 : ittapi_config_apply_per_lib :  ITTAPI function not implemented: __itt_av_save
1498032 : 0x5288dcc8fd466 : 2 : ittapi_config_apply_per_lib :  ITTAPI function instrumented: __itt_module_load
1498032 : 0x5288dcc8fdb49 : 2 : ittapi_config_apply_per_lib :  ITTAPI function not implemented: __itt_module_unload
1498032 : 0x5288dcc8fdfb3 : 2 : ittapi_config_apply_per_lib :  ITTAPI function NOT instrumented (not matched by --itt-config option): __itt_histogram_submit

1498032 : 0x5288dcc8fe4f9 : 2 : ittapi_config_apply_per_lib :  ITTAPI function instrumented: __itt_counter_set_value_v3