
Lmod is automatically replacing "cce/15.0.0" with "gcc/11.2.0".


Lmod is automatically replacing "PrgEnv-cray/8.3.3" with "PrgEnv-gnu/8.3.3".


Due to MODULEPATH changes, the following have been reloaded:
  1) cray-mpich/8.1.23

Succesfully created closed polygon from input
The polyhedron has 87736 facets 263208 halfedges 0 border halfedges 43868 vertices 
Using 32 threads
Execution time: 0.887264 seconds
Succesfully created closed polygon from input
The polyhedron has 87736 facets 263208 halfedges 0 border halfedges 43868 vertices 
Using 32 threads
Execution time: 0.830307 seconds
Succesfully created closed polygon from input
The polyhedron has 87736 facets 263208 halfedges 0 border halfedges 43868 vertices 
Using 32 threads
Execution time: 0.820322 seconds
Succesfully created closed polygon from input
The polyhedron has 87736 facets 263208 halfedges 0 border halfedges 43868 vertices 
Using 32 threads
Execution time: 0.88571 seconds
Succesfully created closed polygon from input
The polyhedron has 87736 facets 263208 halfedges 0 border halfedges 43868 vertices 
Using 32 threads
Execution time: 0.812989 seconds

Average time: 0.847 seconds