
Lmod is automatically replacing "cce/15.0.0" with "gcc/11.2.0".


Lmod is automatically replacing "PrgEnv-cray/8.3.3" with "PrgEnv-gnu/8.3.3".


Due to MODULEPATH changes, the following have been reloaded:
  1) cray-mpich/8.1.23

Succesfully created closed polygon from input
The polyhedron has 28608 facets 85824 halfedges 0 border halfedges 14306 vertices 
Preprocessing took: 0.063573 s 
Execution time: 4.38436 seconds
Setup time: 4.416654 s
Succesfully created closed polygon from input
The polyhedron has 28608 facets 85824 halfedges 0 border halfedges 14306 vertices 
Preprocessing took: 0.063873 s 
Execution time: 4.17949 seconds
Setup time: 4.183169 s
Succesfully created closed polygon from input
The polyhedron has 28608 facets 85824 halfedges 0 border halfedges 14306 vertices 
Preprocessing took: 0.06351 s 
Execution time: 4.27918 seconds
double free or corruption (!prev)
/var/spool/slurmd/job6985651/slurm_script: line 27: 88017 Aborted                 hlb-gmy-cli --voxel 0.0001 cyl.pr2
Succesfully created closed polygon from input
The polyhedron has 28608 facets 85824 halfedges 0 border halfedges 14306 vertices 
Preprocessing took: 0.063632 s 
Execution time: 4.12795 seconds
Setup time: 4.130390 s
Succesfully created closed polygon from input
The polyhedron has 28608 facets 85824 halfedges 0 border halfedges 14306 vertices 
Preprocessing took: 0.063569 s 
Execution time: 4.30329 seconds
Setup time: 4.307046 s
Succesfully created closed polygon from input
The polyhedron has 28608 facets 85824 halfedges 0 border halfedges 14306 vertices 
Preprocessing took: 0.062528 s 
Execution time: 4.19154 seconds
Setup time: 4.194364 s
Succesfully created closed polygon from input
The polyhedron has 28608 facets 85824 halfedges 0 border halfedges 14306 vertices 
Preprocessing took: 0.063252 s 
Execution time: 4.26065 seconds
Setup time: 4.265167 s
Succesfully created closed polygon from input
The polyhedron has 28608 facets 85824 halfedges 0 border halfedges 14306 vertices 
Preprocessing took: 0.063616 s 
Execution time: 4.48575 seconds
double free or corruption (!prev)
/var/spool/slurmd/job6985651/slurm_script: line 32: 88718 Aborted                 hlb-gmy-cli --voxel 0.0001 cyl.pr2
Succesfully created closed polygon from input
The polyhedron has 28608 facets 85824 halfedges 0 border halfedges 14306 vertices 
Preprocessing took: 0.063352 s 
Execution time: 4.25991 seconds
Setup time: 4.262793 s
Succesfully created closed polygon from input
The polyhedron has 28608 facets 85824 halfedges 0 border halfedges 14306 vertices 
Preprocessing took: 0.062826 s 
Execution time: 4.21132 seconds
Setup time: 4.213941 s
