
1501589 : 0x52a66f19f7e7d : 1 : spill_jit_data :  Jit agent is not initialized
1501348 : 0x52a66f19fab80 : 2 : ittapi_config_mask_get :  --itt-config mask to be applied: 39
1501348 : 0x52a66f19fc53e : 2 : ittapi_config_apply_per_lib :  ITTAPI function instrumented: __itt_domain_create
1501348 : 0x52a66f19fd064 : 2 : ittapi_config_apply_per_lib :  ITTAPI function instrumented: __itt_module_load_with_sections
1501348 : 0x52a66f19fdbe8 : 2 : ittapi_config_apply_per_lib :  ITTAPI function not implemented: __itt_module_unload_with_sections
1501348 : 0x52a66f19fe340 : 2 : ittapi_config_apply_per_lib :  ITTAPI function instrumented: __itt_string_handle_create
1501348 : 0x52a66f19fe905 : 2 : ittapi_config_apply_per_lib :  ITTAPI function instrumented: __itt_counter_create
1501348 : 0x52a66f19feea5 : 2 : ittapi_config_apply_per_lib :  ITTAPI function instrumented: __itt_counter_create_typed
1501348 : 0x52a66f19ff42d : 2 : ittapi_config_apply_per_lib :  ITTAPI function instrumented: __itt_pause
1501348 : 0x52a66f19ff9d8 : 2 : ittapi_config_apply_per_lib :  ITTAPI function instrumented: __itt_resume
1501348 : 0x52a66f1a0325c : 2 : ittapi_config_apply_per_lib :  ITTAPI function not implemented: __itt_pause_scoped
1501348 : 0x52a66f1a039d3 : 2 : ittapi_config_apply_per_lib :  ITTAPI function not implemented: __itt_resume_scoped
1501348 : 0x52a66f1a03f58 : 2 : ittapi_config_apply_per_lib :  ITTAPI function instrumented: __itt_thread_set_name
1501348 : 0x52a66f1a044f8 : 2 : ittapi_config_apply_per_lib :  ITTAPI function instrumented: __itt_thread_ignore
1501348 : 0x52a66f1a04a8b : 2 : ittapi_config_apply_per_lib :  ITTAPI function instrumented: __itt_thr_name_set
1501348 : 0x52a66f1a05057 : 2 : ittapi_config_apply_per_lib :  ITTAPI function instrumented: __itt_thr_ignore
1501348 : 0x52a66f1a05617 : 2 : ittapi_config_apply_per_lib :  ITTAPI function instrumented: __itt_histogram_create
1501348 : 0x52a66f1a05b53 : 2 : ittapi_config_apply_per_lib :  ITTAPI function instrumented: __itt_counter_create_v3
1501348 : 0x52a66f1a06197 : 2 : ittapi_config_apply_per_lib :  ITTAPI function instrumented: __itt_bind_context_metadata_to_counter
1501348 : 0x52a66f1a06760 : 2 : ittapi_config_apply_per_lib :  ITTAPI function not implemented: __itt_enable_attach
1501348 : 0x52a66f1a07d32 : 2 : ittapi_config_apply_per_lib :  ITTAPI function instrumented: __itt_detach
1501348 : 0x52a66f1a08286 : 2 : ittapi_config_apply_per_lib :  ITTAPI function NOT instrumented (not matched by --itt-config option): __itt_sync_create

1501348 : 0x52a66f1a0873e : 2 : ittapi_config_apply_per_lib :  ITTAPI function NOT instrumented (not matched by --itt-config option): __itt_sync_rename

1501348 : 0x52a66f1a08baf : 2 : ittapi_config_apply_per_lib :  ITTAPI function NOT instrumented (not matched by --itt-config option): __itt_sync_destroy

1501348 : 0x52a66f1a08ffd : 2 : ittapi_config_apply_per_lib :  ITTAPI function NOT instrumented (not matched by --itt-config option): __itt_sync_prepare

1501348 : 0x52a66f1a09470 : 2 : ittapi_config_apply_per_lib :  ITTAPI function NOT instrumented (not matched by --itt-config option): __itt_sync_cancel

1501348 : 0x52a66f1a098b0 : 2 : ittapi_config_apply_per_lib :  ITTAPI function NOT instrumented (not matched by --itt-config option): __itt_sync_acquired

1501348 : 0x52a66f1a09d11 : 2 : ittapi_config_apply_per_lib :  ITTAPI function NOT instrumented (not matched by --itt-config option): __itt_sync_releasing

1501348 : 0x52a66f1a0a2e5 : 2 : ittapi_config_apply_per_lib :  ITTAPI function not implemented: __itt_suppress_push
1501348 : 0x52a66f1a0a991 : 2 : ittapi_config_apply_per_lib :  ITTAPI function not implemented: __itt_suppress_pop
1501348 : 0x52a66f1a0fb6b : 2 : ittapi_config_apply_per_lib :  ITTAPI function not implemented: __itt_suppress_mark_range
1501348 : 0x52a66f1a101d9 : 2 : ittapi_config_apply_per_lib :  ITTAPI function not implemented: __itt_suppress_clear_range
1501348 : 0x52a66f1a10608 : 2 : ittapi_config_apply_per_lib :  ITTAPI function NOT instrumented (not matched by --itt-config option): __itt_sync_prepare

1501348 : 0x52a66f1a10a44 : 2 : ittapi_config_apply_per_lib :  ITTAPI function NOT instrumented (not matched by --itt-config option): __itt_sync_cancel

1501348 : 0x52a66f1a10e57 : 2 : ittapi_config_apply_per_lib :  ITTAPI function NOT instrumented (not matched by --itt-config option): __itt_sync_acquired

1501348 : 0x52a66f1a1126c : 2 : ittapi_config_apply_per_lib :  ITTAPI function NOT instrumented (not matched by --itt-config option): __itt_sync_releasing

1501348 : 0x52a66f1a116cb : 2 : ittapi_config_apply_per_lib :  ITTAPI function NOT instrumented (not matched by --itt-config option): __itt_model_site_begin

1501348 : 0x52a66f1a11b0c : 2 : ittapi_config_apply_per_lib :  ITTAPI function NOT instrumented (not matched by --itt-config option): __itt_model_site_end

1501348 : 0x52a66f1a11f37 : 2 : ittapi_config_apply_per_lib :  ITTAPI function NOT instrumented (not matched by --itt-config option): __itt_model_task_begin

1501348 : 0x52a66f1a12364 : 2 : ittapi_config_apply_per_lib :  ITTAPI function NOT instrumented (not matched by --itt-config option): __itt_model_task_end

1501348 : 0x52a66f1a14086 : 2 : ittapi_config_apply_per_lib :  ITTAPI function NOT instrumented (not matched by --itt-config option): __itt_model_lock_acquire

1501348 : 0x52a66f1a14541 : 2 : ittapi_config_apply_per_lib :  ITTAPI function NOT instrumented (not matched by --itt-config option): __itt_model_lock_release

1501348 : 0x52a66f1a14962 : 2 : ittapi_config_apply_per_lib :  ITTAPI function NOT instrumented (not matched by --itt-config option): __itt_model_record_allocation

1501348 : 0x52a66f1a14dcb : 2 : ittapi_config_apply_per_lib :  ITTAPI function NOT instrumented (not matched by --itt-config option): __itt_model_record_deallocation

1501348 : 0x52a66f1a15207 : 2 : ittapi_config_apply_per_lib :  ITTAPI function NOT instrumented (not matched by --itt-config option): __itt_model_induction_uses

1501348 : 0x52a66f1a15633 : 2 : ittapi_config_apply_per_lib :  ITTAPI function NOT instrumented (not matched by --itt-config option): __itt_model_reduction_uses

1501348 : 0x52a66f1a15a50 : 2 : ittapi_config_apply_per_lib :  ITTAPI function NOT instrumented (not matched by --itt-config option): __itt_model_observe_uses

1501348 : 0x52a66f1a15e5f : 2 : ittapi_config_apply_per_lib :  ITTAPI function NOT instrumented (not matched by --itt-config option): __itt_model_clear_uses

1501348 : 0x52a66f1a1626e : 2 : ittapi_config_apply_per_lib :  ITTAPI function NOT instrumented (not matched by --itt-config option): __itt_model_site_beginA

1501348 : 0x52a66f1a1667d : 2 : ittapi_config_apply_per_lib :  ITTAPI function NOT instrumented (not matched by --itt-config option): __itt_model_site_beginAL

1501348 : 0x52a66f1a176d4 : 2 : ittapi_config_apply_per_lib :  ITTAPI function NOT instrumented (not matched by --itt-config option): __itt_model_task_beginA

1501348 : 0x52a66f1a17b64 : 2 : ittapi_config_apply_per_lib :  ITTAPI function NOT instrumented (not matched by --itt-config option): __itt_model_task_beginAL

1501348 : 0x52a66f1a17f7b : 2 : ittapi_config_apply_per_lib :  ITTAPI function NOT instrumented (not matched by --itt-config option): __itt_model_iteration_taskA

1501348 : 0x52a66f1a18393 : 2 : ittapi_config_apply_per_lib :  ITTAPI function NOT instrumented (not matched by --itt-config option): __itt_model_iteration_taskAL

1501348 : 0x52a66f1a187cb : 2 : ittapi_config_apply_per_lib :  ITTAPI function NOT instrumented (not matched by --itt-config option): __itt_model_site_end_2

1501348 : 0x52a66f1a18be1 : 2 : ittapi_config_apply_per_lib :  ITTAPI function NOT instrumented (not matched by --itt-config option): __itt_model_task_end_2

1501348 : 0x52a66f1a19025 : 2 : ittapi_config_apply_per_lib :  ITTAPI function NOT instrumented (not matched by --itt-config option): __itt_model_lock_acquire_2

1501348 : 0x52a66f1a19438 : 2 : ittapi_config_apply_per_lib :  ITTAPI function NOT instrumented (not matched by --itt-config option): __itt_model_lock_release_2

1501348 : 0x52a66f1a1984e : 2 : ittapi_config_apply_per_lib :  ITTAPI function NOT instrumented (not matched by --itt-config option): __itt_model_aggregate_task

1501348 : 0x52a66f1a19c59 : 2 : ittapi_config_apply_per_lib :  ITTAPI function NOT instrumented (not matched by --itt-config option): __itt_model_disable_push

1501348 : 0x52a66f1a1b25f : 2 : ittapi_config_apply_per_lib :  ITTAPI function NOT instrumented (not matched by --itt-config option): __itt_model_disable_pop

1501348 : 0x52a66f1a1b851 : 2 : ittapi_config_apply_per_lib :  ITTAPI function instrumented: __itt_heap_function_create
1501348 : 0x52a66f1a1bd82 : 2 : ittapi_config_apply_per_lib :  ITTAPI function instrumented: __itt_heap_allocate_begin
1501348 : 0x52a66f1a1c24f : 2 : ittapi_config_apply_per_lib :  ITTAPI function instrumented: __itt_heap_allocate_end
1501348 : 0x52a66f1a1c777 : 2 : ittapi_config_apply_per_lib :  ITTAPI function instrumented: __itt_heap_free_begin
1501348 : 0x52a66f1a1cc78 : 2 : ittapi_config_apply_per_lib :  ITTAPI function instrumented: __itt_heap_free_end
1501348 : 0x52a66f1a1d19d : 2 : ittapi_config_apply_per_lib :  ITTAPI function instrumented: __itt_heap_reallocate_begin
1501348 : 0x52a66f1a1d6a8 : 2 : ittapi_config_apply_per_lib :  ITTAPI function instrumented: __itt_heap_reallocate_end
1501348 : 0x52a66f1a1dcea : 2 : ittapi_config_apply_per_lib :  ITTAPI function not implemented: __itt_heap_internal_access_begin
1501348 : 0x52a66f1a1e32b : 2 : ittapi_config_apply_per_lib :  ITTAPI function not implemented: __itt_heap_internal_access_end
1501348 : 0x52a66f1a1f692 : 2 : ittapi_config_apply_per_lib :  ITTAPI function not implemented: __itt_heap_record_memory_growth_begin
1501348 : 0x52a66f1a1fcc0 : 2 : ittapi_config_apply_per_lib :  ITTAPI function not implemented: __itt_heap_record_memory_growth_end
1501348 : 0x52a66f1a2021a : 2 : ittapi_config_apply_per_lib :  ITTAPI function not implemented: __itt_heap_reset_detection
1501348 : 0x52a66f1a207b2 : 2 : ittapi_config_apply_per_lib :  ITTAPI function not implemented: __itt_heap_record
1501348 : 0x52a66f1a20d60 : 2 : ittapi_config_apply_per_lib :  ITTAPI function not implemented: __itt_id_create
1501348 : 0x52a66f1a212df : 2 : ittapi_config_apply_per_lib :  ITTAPI function not implemented: __itt_id_destroy
1501348 : 0x52a66f1a217f3 : 2 : ittapi_config_apply_per_lib :  ITTAPI function instrumented: __itt_get_timestamp
1501348 : 0x52a66f1a21d54 : 2 : ittapi_config_apply_per_lib :  ITTAPI function not implemented: __itt_region_begin
1501348 : 0x52a66f1a22313 : 2 : ittapi_config_apply_per_lib :  ITTAPI function not implemented: __itt_region_end
1501348 : 0x52a66f1a22882 : 2 : ittapi_config_apply_per_lib :  ITTAPI function instrumented: __itt_frame_begin_v3
1501348 : 0x52a66f1a2394f : 2 : ittapi_config_apply_per_lib :  ITTAPI function instrumented: __itt_frame_end_v3
1501348 : 0x52a66f1a23ee1 : 2 : ittapi_config_apply_per_lib :  ITTAPI function instrumented: __itt_frame_submit_v3
1501348 : 0x52a66f1a244a7 : 2 : ittapi_config_apply_per_lib :  ITTAPI function not implemented: __itt_task_group
1501348 : 0x52a66f1a249ca : 2 : ittapi_config_apply_per_lib :  ITTAPI function instrumented: __itt_task_begin
1501348 : 0x52a66f1a24ee2 : 2 : ittapi_config_apply_per_lib :  ITTAPI function instrumented: __itt_task_begin_fn
1501348 : 0x52a66f1a253d2 : 2 : ittapi_config_apply_per_lib :  ITTAPI function instrumented: __itt_task_end
1501348 : 0x52a66f1a2596d : 2 : ittapi_config_apply_per_lib :  ITTAPI function not implemented: __itt_counter_inc_v3
1501348 : 0x52a66f1a25f0e : 2 : ittapi_config_apply_per_lib :  ITTAPI function not implemented: __itt_counter_inc_delta_v3
1501348 : 0x52a66f1a26446 : 2 : ittapi_config_apply_per_lib :  ITTAPI function not implemented: __itt_counter_dec_v3
1501348 : 0x52a66f1a2698a : 2 : ittapi_config_apply_per_lib :  ITTAPI function not implemented: __itt_counter_dec_delta_v3
1501348 : 0x52a66f1a27ac2 : 2 : ittapi_config_apply_per_lib :  ITTAPI function not implemented: __itt_marker
1501348 : 0x52a66f1a29391 : 2 : ittapi_config_apply_per_lib :  ITTAPI function instrumented: __itt_metadata_add
1501348 : 0x52a66f1a2997e : 2 : ittapi_config_apply_per_lib :  ITTAPI function not implemented: __itt_metadata_str_add
1501348 : 0x52a66f1a29ef4 : 2 : ittapi_config_apply_per_lib :  ITTAPI function not implemented: __itt_relation_add_to_current
1501348 : 0x52a66f1a2e57c : 2 : ittapi_config_apply_per_lib :  ITTAPI function not implemented: __itt_relation_add
1501348 : 0x52a66f1a2ec07 : 2 : ittapi_config_apply_per_lib :  ITTAPI function instrumented: __itt_event_create
1501348 : 0x52a66f1a2f1ee : 2 : ittapi_config_apply_per_lib :  ITTAPI function instrumented: __itt_event_start
1501348 : 0x52a66f1a2f7a2 : 2 : ittapi_config_apply_per_lib :  ITTAPI function instrumented: __itt_event_end
1501348 : 0x52a66f1a2fc69 : 2 : ittapi_config_apply_per_lib :  ITTAPI function NOT instrumented (not matched by --itt-config option): __itt_sync_set_name

1501348 : 0x52a66f1a30150 : 2 : ittapi_config_apply_per_lib :  ITTAPI function NOT instrumented (not matched by --itt-config option): __itt_notify_sync_name

1501348 : 0x52a66f1a31e0a : 2 : ittapi_config_apply_per_lib :  ITTAPI function NOT instrumented (not matched by --itt-config option): __itt_notify_sync_prepare

1501348 : 0x52a66f1a32374 : 2 : ittapi_config_apply_per_lib :  ITTAPI function NOT instrumented (not matched by --itt-config option): __itt_notify_sync_cancel

1501348 : 0x52a66f1a32802 : 2 : ittapi_config_apply_per_lib :  ITTAPI function NOT instrumented (not matched by --itt-config option): __itt_notify_sync_acquired

1501348 : 0x52a66f1a32c8e : 2 : ittapi_config_apply_per_lib :  ITTAPI function NOT instrumented (not matched by --itt-config option): __itt_notify_sync_releasing

1501348 : 0x52a66f1a33315 : 2 : ittapi_config_apply_per_lib :  ITTAPI function not implemented: __itt_memory_read
1501348 : 0x52a66f1a3396a : 2 : ittapi_config_apply_per_lib :  ITTAPI function not implemented: __itt_memory_write
1501348 : 0x52a66f1a33fce : 2 : ittapi_config_apply_per_lib :  ITTAPI function not implemented: __itt_memory_update
1501348 : 0x52a66f1a345de : 2 : ittapi_config_apply_per_lib :  ITTAPI function not implemented: __itt_state_get
1501348 : 0x52a66f1a34c17 : 2 : ittapi_config_apply_per_lib :  ITTAPI function not implemented: __itt_state_set
1501348 : 0x52a66f1a35225 : 2 : ittapi_config_apply_per_lib :  ITTAPI function not implemented: __itt_obj_mode_set
1501348 : 0x52a66f1a36542 : 2 : ittapi_config_apply_per_lib :  ITTAPI function not implemented: __itt_thr_mode_set
1501348 : 0x52a66f1a36b2f : 2 : ittapi_config_apply_per_lib :  ITTAPI function instrumented: __itt_frame_create
1501348 : 0x52a66f1a370ab : 2 : ittapi_config_apply_per_lib :  ITTAPI function instrumented: __itt_pt_region_create
1501348 : 0x52a66f1a37691 : 2 : ittapi_config_apply_per_lib :  ITTAPI function instrumented: __itt_frame_begin
1501348 : 0x52a66f1a37c1e : 2 : ittapi_config_apply_per_lib :  ITTAPI function instrumented: __itt_frame_end
1501348 : 0x52a66f1a3825f : 2 : ittapi_config_apply_per_lib :  ITTAPI function not implemented: __itt_counter_destroy
1501348 : 0x52a66f1a38826 : 2 : ittapi_config_apply_per_lib :  ITTAPI function instrumented: __itt_counter_inc
1501348 : 0x52a66f1a38ddc : 2 : ittapi_config_apply_per_lib :  ITTAPI function instrumented: __itt_counter_inc_delta
1501348 : 0x52a66f1a3938f : 2 : ittapi_config_apply_per_lib :  ITTAPI function instrumented: __itt_counter_dec
1501348 : 0x52a66f1a39956 : 2 : ittapi_config_apply_per_lib :  ITTAPI function instrumented: __itt_counter_dec_delta
1501348 : 0x52a66f1a3ab01 : 2 : ittapi_config_apply_per_lib :  ITTAPI function instrumented: __itt_counter_set_value
1501348 : 0x52a66f1a3b139 : 2 : ittapi_config_apply_per_lib :  ITTAPI function not implemented: __itt_counter_set_value_ex
1501348 : 0x52a66f1a3b6f2 : 2 : ittapi_config_apply_per_lib :  ITTAPI function not implemented: __itt_mark_create
1501348 : 0x52a66f1a3bccb : 2 : ittapi_config_apply_per_lib :  ITTAPI function not implemented: __itt_mark
1501348 : 0x52a66f1a3c28a : 2 : ittapi_config_apply_per_lib :  ITTAPI function not implemented: __itt_mark_off
1501348 : 0x52a66f1a3c88a : 2 : ittapi_config_apply_per_lib :  ITTAPI function not implemented: __itt_mark_global
1501348 : 0x52a66f1a3ce89 : 2 : ittapi_config_apply_per_lib :  ITTAPI function not implemented: __itt_mark_global_off
1501348 : 0x52a66f1a3d36c : 2 : ittapi_config_apply_per_lib :  ITTAPI function NOT instrumented (not matched by --itt-config option): __itt_stack_caller_create

1501348 : 0x52a66f1a3d7f7 : 2 : ittapi_config_apply_per_lib :  ITTAPI function NOT instrumented (not matched by --itt-config option): __itt_stack_caller_destroy

1501348 : 0x52a66f1a3dccf : 2 : ittapi_config_apply_per_lib :  ITTAPI function NOT instrumented (not matched by --itt-config option): __itt_stack_callee_enter

1501348 : 0x52a66f1a3f3c0 : 2 : ittapi_config_apply_per_lib :  ITTAPI function NOT instrumented (not matched by --itt-config option): __itt_stack_callee_leave

1501348 : 0x52a66f1a3fa89 : 2 : ittapi_config_apply_per_lib :  ITTAPI function not implemented: __itt_clock_domain_create
1501348 : 0x52a66f1a4003e : 2 : ittapi_config_apply_per_lib :  ITTAPI function not implemented: __itt_clock_domain_reset
1501348 : 0x52a66f1a40619 : 2 : ittapi_config_apply_per_lib :  ITTAPI function not implemented: __itt_id_create_ex
1501348 : 0x52a66f1a40c1a : 2 : ittapi_config_apply_per_lib :  ITTAPI function not implemented: __itt_id_destroy_ex
1501348 : 0x52a66f1a41212 : 2 : ittapi_config_apply_per_lib :  ITTAPI function not implemented: __itt_task_begin_ex
1501348 : 0x52a66f1a41812 : 2 : ittapi_config_apply_per_lib :  ITTAPI function not implemented: __itt_task_begin_fn_ex
1501348 : 0x52a66f1a41dfa : 2 : ittapi_config_apply_per_lib :  ITTAPI function not implemented: __itt_task_end_ex
1501348 : 0x52a66f1a423e6 : 2 : ittapi_config_apply_per_lib :  ITTAPI function instrumented: __itt_task_begin_overlapped
1501348 : 0x52a66f1a429ef : 2 : ittapi_config_apply_per_lib :  ITTAPI function not implemented: __itt_task_begin_overlapped_ex
1501348 : 0x52a66f1a43bfa : 2 : ittapi_config_apply_per_lib :  ITTAPI function instrumented: __itt_task_end_overlapped
1501348 : 0x52a66f1a4425b : 2 : ittapi_config_apply_per_lib :  ITTAPI function not implemented: __itt_task_end_overlapped_ex
1501348 : 0x52a66f1a44852 : 2 : ittapi_config_apply_per_lib :  ITTAPI function not implemented: __itt_marker_ex
1501348 : 0x52a66f1a44e6c : 2 : ittapi_config_apply_per_lib :  ITTAPI function not implemented: __itt_metadata_add_with_scope
1501348 : 0x52a66f1a454ae : 2 : ittapi_config_apply_per_lib :  ITTAPI function not implemented: __itt_metadata_str_add_with_scope
1501348 : 0x52a66f1a45a8d : 2 : ittapi_config_apply_per_lib :  ITTAPI function not implemented: __itt_relation_add_to_current_ex
1501348 : 0x52a66f1a46051 : 2 : ittapi_config_apply_per_lib :  ITTAPI function not implemented: __itt_relation_add_ex
1501348 : 0x52a66f1a46628 : 2 : ittapi_config_apply_per_lib :  ITTAPI function not implemented: __itt_track_group_create
1501348 : 0x52a66f1a46b92 : 2 : ittapi_config_apply_per_lib :  ITTAPI function not implemented: __itt_track_create
1501348 : 0x52a66f1a4715b : 2 : ittapi_config_apply_per_lib :  ITTAPI function not implemented: __itt_set_track
1501348 : 0x52a66f1a482e7 : 2 : ittapi_config_apply_per_lib :  ITTAPI function instrumented: __itt_api_version
1501348 : 0x52a66f1a48943 : 2 : ittapi_config_apply_per_lib :  ITTAPI function not implemented: __itt_av_save
1501348 : 0x52a66f1a48ed0 : 2 : ittapi_config_apply_per_lib :  ITTAPI function instrumented: __itt_module_load
1501348 : 0x52a66f1a494f9 : 2 : ittapi_config_apply_per_lib :  ITTAPI function not implemented: __itt_module_unload
1501348 : 0x52a66f1a49990 : 2 : ittapi_config_apply_per_lib :  ITTAPI function NOT instrumented (not matched by --itt-config option): __itt_histogram_submit

1501348 : 0x52a66f1a49f37 : 2 : ittapi_config_apply_per_lib :  ITTAPI function instrumented: __itt_counter_set_value_v3