
1173118 : 0x3f778e784a56b : 1 : spill_jit_data :  Jit agent is not initialized
1173022 : 0x3f778e784db23 : 2 : ittapi_config_mask_get :  --itt-config mask to be applied: 55
1173022 : 0x3f778e784f7bc : 2 : ittapi_config_apply_per_lib :  ITTAPI function instrumented: __itt_domain_create
1173022 : 0x3f778e7850306 : 2 : ittapi_config_apply_per_lib :  ITTAPI function instrumented: __itt_module_load_with_sections
1173022 : 0x3f778e785123d : 2 : ittapi_config_apply_per_lib :  ITTAPI function not implemented: __itt_module_unload_with_sections
1173022 : 0x3f778e7851ac4 : 2 : ittapi_config_apply_per_lib :  ITTAPI function instrumented: __itt_string_handle_create
1173022 : 0x3f778e7852123 : 2 : ittapi_config_apply_per_lib :  ITTAPI function instrumented: __itt_counter_create
1173022 : 0x3f778e7852764 : 2 : ittapi_config_apply_per_lib :  ITTAPI function instrumented: __itt_counter_create_typed
1173022 : 0x3f778e7852dc7 : 2 : ittapi_config_apply_per_lib :  ITTAPI function instrumented: __itt_pause
1173022 : 0x3f778e7853404 : 2 : ittapi_config_apply_per_lib :  ITTAPI function instrumented: __itt_resume
1173022 : 0x3f778e78578e6 : 2 : ittapi_config_apply_per_lib :  ITTAPI function not implemented: __itt_pause_scoped
1173022 : 0x3f778e78581be : 2 : ittapi_config_apply_per_lib :  ITTAPI function not implemented: __itt_resume_scoped
1173022 : 0x3f778e7858914 : 2 : ittapi_config_apply_per_lib :  ITTAPI function instrumented: __itt_thread_set_name
1173022 : 0x3f778e7859005 : 2 : ittapi_config_apply_per_lib :  ITTAPI function instrumented: __itt_thread_ignore
1173022 : 0x3f778e78596d8 : 2 : ittapi_config_apply_per_lib :  ITTAPI function instrumented: __itt_thr_name_set
1173022 : 0x3f778e7859d76 : 2 : ittapi_config_apply_per_lib :  ITTAPI function instrumented: __itt_thr_ignore
1173022 : 0x3f778e785a400 : 2 : ittapi_config_apply_per_lib :  ITTAPI function instrumented: __itt_histogram_create
1173022 : 0x3f778e785a9e6 : 2 : ittapi_config_apply_per_lib :  ITTAPI function instrumented: __itt_counter_create_v3
1173022 : 0x3f778e785edfc : 2 : ittapi_config_apply_per_lib :  ITTAPI function instrumented: __itt_bind_context_metadata_to_counter
1173022 : 0x3f778e785f584 : 2 : ittapi_config_apply_per_lib :  ITTAPI function not implemented: __itt_enable_attach
1173022 : 0x3f778e7865009 : 2 : ittapi_config_apply_per_lib :  ITTAPI function instrumented: __itt_detach
1173022 : 0x3f778e786568f : 2 : ittapi_config_apply_per_lib :  ITTAPI function NOT instrumented (not matched by --itt-config option): __itt_sync_create

1173022 : 0x3f778e7865bdd : 2 : ittapi_config_apply_per_lib :  ITTAPI function NOT instrumented (not matched by --itt-config option): __itt_sync_rename

1173022 : 0x3f778e78660b6 : 2 : ittapi_config_apply_per_lib :  ITTAPI function NOT instrumented (not matched by --itt-config option): __itt_sync_destroy

1173022 : 0x3f778e786653c : 2 : ittapi_config_apply_per_lib :  ITTAPI function NOT instrumented (not matched by --itt-config option): __itt_sync_prepare

1173022 : 0x3f778e78669c1 : 2 : ittapi_config_apply_per_lib :  ITTAPI function NOT instrumented (not matched by --itt-config option): __itt_sync_cancel

1173022 : 0x3f778e7866e44 : 2 : ittapi_config_apply_per_lib :  ITTAPI function NOT instrumented (not matched by --itt-config option): __itt_sync_acquired

1173022 : 0x3f778e78672cd : 2 : ittapi_config_apply_per_lib :  ITTAPI function NOT instrumented (not matched by --itt-config option): __itt_sync_releasing

1173022 : 0x3f778e786b78b : 2 : ittapi_config_apply_per_lib :  ITTAPI function not implemented: __itt_suppress_push
1173022 : 0x3f778e786bf18 : 2 : ittapi_config_apply_per_lib :  ITTAPI function not implemented: __itt_suppress_pop
1173022 : 0x3f778e786d1aa : 2 : ittapi_config_apply_per_lib :  ITTAPI function not implemented: __itt_suppress_mark_range
1173022 : 0x3f778e786d84e : 2 : ittapi_config_apply_per_lib :  ITTAPI function not implemented: __itt_suppress_clear_range
1173022 : 0x3f778e786dcb1 : 2 : ittapi_config_apply_per_lib :  ITTAPI function NOT instrumented (not matched by --itt-config option): __itt_sync_prepare

1173022 : 0x3f778e786e0f4 : 2 : ittapi_config_apply_per_lib :  ITTAPI function NOT instrumented (not matched by --itt-config option): __itt_sync_cancel

1173022 : 0x3f778e786e52e : 2 : ittapi_config_apply_per_lib :  ITTAPI function NOT instrumented (not matched by --itt-config option): __itt_sync_acquired

1173022 : 0x3f778e786e960 : 2 : ittapi_config_apply_per_lib :  ITTAPI function NOT instrumented (not matched by --itt-config option): __itt_sync_releasing

1173022 : 0x3f778e786edea : 2 : ittapi_config_apply_per_lib :  ITTAPI function NOT instrumented (not matched by --itt-config option): __itt_model_site_begin

1173022 : 0x3f778e786f29d : 2 : ittapi_config_apply_per_lib :  ITTAPI function NOT instrumented (not matched by --itt-config option): __itt_model_site_end

1173022 : 0x3f778e786f7a8 : 2 : ittapi_config_apply_per_lib :  ITTAPI function NOT instrumented (not matched by --itt-config option): __itt_model_task_begin

1173022 : 0x3f778e786fc10 : 2 : ittapi_config_apply_per_lib :  ITTAPI function NOT instrumented (not matched by --itt-config option): __itt_model_task_end

1173022 : 0x3f778e787184f : 2 : ittapi_config_apply_per_lib :  ITTAPI function NOT instrumented (not matched by --itt-config option): __itt_model_lock_acquire

1173022 : 0x3f778e7871d8f : 2 : ittapi_config_apply_per_lib :  ITTAPI function NOT instrumented (not matched by --itt-config option): __itt_model_lock_release

1173022 : 0x3f778e787221b : 2 : ittapi_config_apply_per_lib :  ITTAPI function NOT instrumented (not matched by --itt-config option): __itt_model_record_allocation

1173022 : 0x3f778e78726a4 : 2 : ittapi_config_apply_per_lib :  ITTAPI function NOT instrumented (not matched by --itt-config option): __itt_model_record_deallocation

1173022 : 0x3f778e7872b3e : 2 : ittapi_config_apply_per_lib :  ITTAPI function NOT instrumented (not matched by --itt-config option): __itt_model_induction_uses

1173022 : 0x3f778e7872f83 : 2 : ittapi_config_apply_per_lib :  ITTAPI function NOT instrumented (not matched by --itt-config option): __itt_model_reduction_uses

1173022 : 0x3f778e78733d4 : 2 : ittapi_config_apply_per_lib :  ITTAPI function NOT instrumented (not matched by --itt-config option): __itt_model_observe_uses

1173022 : 0x3f778e7873873 : 2 : ittapi_config_apply_per_lib :  ITTAPI function NOT instrumented (not matched by --itt-config option): __itt_model_clear_uses

1173022 : 0x3f778e7873d7f : 2 : ittapi_config_apply_per_lib :  ITTAPI function NOT instrumented (not matched by --itt-config option): __itt_model_site_beginA

1173022 : 0x3f778e78742bf : 2 : ittapi_config_apply_per_lib :  ITTAPI function NOT instrumented (not matched by --itt-config option): __itt_model_site_beginAL

1173022 : 0x3f778e7875342 : 2 : ittapi_config_apply_per_lib :  ITTAPI function NOT instrumented (not matched by --itt-config option): __itt_model_task_beginA

1173022 : 0x3f778e78757c4 : 2 : ittapi_config_apply_per_lib :  ITTAPI function NOT instrumented (not matched by --itt-config option): __itt_model_task_beginAL

1173022 : 0x3f778e7875be4 : 2 : ittapi_config_apply_per_lib :  ITTAPI function NOT instrumented (not matched by --itt-config option): __itt_model_iteration_taskA

1173022 : 0x3f778e787602c : 2 : ittapi_config_apply_per_lib :  ITTAPI function NOT instrumented (not matched by --itt-config option): __itt_model_iteration_taskAL

1173022 : 0x3f778e78764a8 : 2 : ittapi_config_apply_per_lib :  ITTAPI function NOT instrumented (not matched by --itt-config option): __itt_model_site_end_2

1173022 : 0x3f778e78768f7 : 2 : ittapi_config_apply_per_lib :  ITTAPI function NOT instrumented (not matched by --itt-config option): __itt_model_task_end_2

1173022 : 0x3f778e7876d26 : 2 : ittapi_config_apply_per_lib :  ITTAPI function NOT instrumented (not matched by --itt-config option): __itt_model_lock_acquire_2

1173022 : 0x3f778e7877183 : 2 : ittapi_config_apply_per_lib :  ITTAPI function NOT instrumented (not matched by --itt-config option): __itt_model_lock_release_2

1173022 : 0x3f778e78775d4 : 2 : ittapi_config_apply_per_lib :  ITTAPI function NOT instrumented (not matched by --itt-config option): __itt_model_aggregate_task

1173022 : 0x3f778e7877a10 : 2 : ittapi_config_apply_per_lib :  ITTAPI function NOT instrumented (not matched by --itt-config option): __itt_model_disable_push

1173022 : 0x3f778e787924a : 2 : ittapi_config_apply_per_lib :  ITTAPI function NOT instrumented (not matched by --itt-config option): __itt_model_disable_pop

1173022 : 0x3f778e7879832 : 2 : ittapi_config_apply_per_lib :  ITTAPI function instrumented: __itt_heap_function_create
1173022 : 0x3f778e7879d7f : 2 : ittapi_config_apply_per_lib :  ITTAPI function instrumented: __itt_heap_allocate_begin
1173022 : 0x3f778e787a291 : 2 : ittapi_config_apply_per_lib :  ITTAPI function instrumented: __itt_heap_allocate_end
1173022 : 0x3f778e787a788 : 2 : ittapi_config_apply_per_lib :  ITTAPI function instrumented: __itt_heap_free_begin
1173022 : 0x3f778e787acc3 : 2 : ittapi_config_apply_per_lib :  ITTAPI function instrumented: __itt_heap_free_end
1173022 : 0x3f778e787b209 : 2 : ittapi_config_apply_per_lib :  ITTAPI function instrumented: __itt_heap_reallocate_begin
1173022 : 0x3f778e787b74f : 2 : ittapi_config_apply_per_lib :  ITTAPI function instrumented: __itt_heap_reallocate_end
1173022 : 0x3f778e787bdee : 2 : ittapi_config_apply_per_lib :  ITTAPI function not implemented: __itt_heap_internal_access_begin
1173022 : 0x3f778e787c3b3 : 2 : ittapi_config_apply_per_lib :  ITTAPI function not implemented: __itt_heap_internal_access_end
1173022 : 0x3f778e787d658 : 2 : ittapi_config_apply_per_lib :  ITTAPI function not implemented: __itt_heap_record_memory_growth_begin
1173022 : 0x3f778e787dcac : 2 : ittapi_config_apply_per_lib :  ITTAPI function not implemented: __itt_heap_record_memory_growth_end
1173022 : 0x3f778e787e280 : 2 : ittapi_config_apply_per_lib :  ITTAPI function not implemented: __itt_heap_reset_detection
1173022 : 0x3f778e787e8f2 : 2 : ittapi_config_apply_per_lib :  ITTAPI function not implemented: __itt_heap_record
1173022 : 0x3f778e787ef0e : 2 : ittapi_config_apply_per_lib :  ITTAPI function not implemented: __itt_id_create
1173022 : 0x3f778e787f4cd : 2 : ittapi_config_apply_per_lib :  ITTAPI function not implemented: __itt_id_destroy
1173022 : 0x3f778e787fa1f : 2 : ittapi_config_apply_per_lib :  ITTAPI function instrumented: __itt_get_timestamp
1173022 : 0x3f778e787ff97 : 2 : ittapi_config_apply_per_lib :  ITTAPI function not implemented: __itt_region_begin
1173022 : 0x3f778e788055c : 2 : ittapi_config_apply_per_lib :  ITTAPI function not implemented: __itt_region_end
1173022 : 0x3f778e7880aba : 2 : ittapi_config_apply_per_lib :  ITTAPI function instrumented: __itt_frame_begin_v3
1173022 : 0x3f778e7881beb : 2 : ittapi_config_apply_per_lib :  ITTAPI function instrumented: __itt_frame_end_v3
1173022 : 0x3f778e7882171 : 2 : ittapi_config_apply_per_lib :  ITTAPI function instrumented: __itt_frame_submit_v3
1173022 : 0x3f778e7882757 : 2 : ittapi_config_apply_per_lib :  ITTAPI function not implemented: __itt_task_group
1173022 : 0x3f778e7882c82 : 2 : ittapi_config_apply_per_lib :  ITTAPI function instrumented: __itt_task_begin
1173022 : 0x3f778e7883170 : 2 : ittapi_config_apply_per_lib :  ITTAPI function instrumented: __itt_task_begin_fn
1173022 : 0x3f778e78836a1 : 2 : ittapi_config_apply_per_lib :  ITTAPI function instrumented: __itt_task_end
1173022 : 0x3f778e7883c9e : 2 : ittapi_config_apply_per_lib :  ITTAPI function not implemented: __itt_counter_inc_v3
1173022 : 0x3f778e788424e : 2 : ittapi_config_apply_per_lib :  ITTAPI function not implemented: __itt_counter_inc_delta_v3
1173022 : 0x3f778e78847ec : 2 : ittapi_config_apply_per_lib :  ITTAPI function not implemented: __itt_counter_dec_v3
1173022 : 0x3f778e7884d53 : 2 : ittapi_config_apply_per_lib :  ITTAPI function not implemented: __itt_counter_dec_delta_v3
1173022 : 0x3f778e7885ede : 2 : ittapi_config_apply_per_lib :  ITTAPI function not implemented: __itt_marker
1173022 : 0x3f778e7886485 : 2 : ittapi_config_apply_per_lib :  ITTAPI function instrumented: __itt_metadata_add
1173022 : 0x3f778e7886a30 : 2 : ittapi_config_apply_per_lib :  ITTAPI function not implemented: __itt_metadata_str_add
1173022 : 0x3f778e7886fac : 2 : ittapi_config_apply_per_lib :  ITTAPI function not implemented: __itt_relation_add_to_current
1173022 : 0x3f778e788752e : 2 : ittapi_config_apply_per_lib :  ITTAPI function not implemented: __itt_relation_add
1173022 : 0x3f778e7887a64 : 2 : ittapi_config_apply_per_lib :  ITTAPI function instrumented: __itt_event_create
1173022 : 0x3f778e7887f8d : 2 : ittapi_config_apply_per_lib :  ITTAPI function instrumented: __itt_event_start
1173022 : 0x3f778e78884a3 : 2 : ittapi_config_apply_per_lib :  ITTAPI function instrumented: __itt_event_end
1173022 : 0x3f778e78888e4 : 2 : ittapi_config_apply_per_lib :  ITTAPI function NOT instrumented (not matched by --itt-config option): __itt_sync_set_name

1173022 : 0x3f778e7888d63 : 2 : ittapi_config_apply_per_lib :  ITTAPI function NOT instrumented (not matched by --itt-config option): __itt_notify_sync_name

1173022 : 0x3f778e788a632 : 2 : ittapi_config_apply_per_lib :  ITTAPI function NOT instrumented (not matched by --itt-config option): __itt_notify_sync_prepare

1173022 : 0x3f778e788aadf : 2 : ittapi_config_apply_per_lib :  ITTAPI function NOT instrumented (not matched by --itt-config option): __itt_notify_sync_cancel

1173022 : 0x3f778e788aefd : 2 : ittapi_config_apply_per_lib :  ITTAPI function NOT instrumented (not matched by --itt-config option): __itt_notify_sync_acquired

1173022 : 0x3f778e788b30b : 2 : ittapi_config_apply_per_lib :  ITTAPI function NOT instrumented (not matched by --itt-config option): __itt_notify_sync_releasing

1173022 : 0x3f778e788b91c : 2 : ittapi_config_apply_per_lib :  ITTAPI function not implemented: __itt_memory_read
1173022 : 0x3f778e788be98 : 2 : ittapi_config_apply_per_lib :  ITTAPI function not implemented: __itt_memory_write
1173022 : 0x3f778e788c42a : 2 : ittapi_config_apply_per_lib :  ITTAPI function not implemented: __itt_memory_update
1173022 : 0x3f778e788c9be : 2 : ittapi_config_apply_per_lib :  ITTAPI function not implemented: __itt_state_get
1173022 : 0x3f778e788cf34 : 2 : ittapi_config_apply_per_lib :  ITTAPI function not implemented: __itt_state_set
1173022 : 0x3f778e788d52e : 2 : ittapi_config_apply_per_lib :  ITTAPI function not implemented: __itt_obj_mode_set
1173022 : 0x3f778e788e714 : 2 : ittapi_config_apply_per_lib :  ITTAPI function not implemented: __itt_thr_mode_set
1173022 : 0x3f778e788ec8c : 2 : ittapi_config_apply_per_lib :  ITTAPI function instrumented: __itt_frame_create
1173022 : 0x3f778e788f1ee : 2 : ittapi_config_apply_per_lib :  ITTAPI function instrumented: __itt_pt_region_create
1173022 : 0x3f778e788f717 : 2 : ittapi_config_apply_per_lib :  ITTAPI function instrumented: __itt_frame_begin
1173022 : 0x3f778e788fc2e : 2 : ittapi_config_apply_per_lib :  ITTAPI function instrumented: __itt_frame_end
1173022 : 0x3f778e7890222 : 2 : ittapi_config_apply_per_lib :  ITTAPI function not implemented: __itt_counter_destroy
1173022 : 0x3f778e7890749 : 2 : ittapi_config_apply_per_lib :  ITTAPI function instrumented: __itt_counter_inc
1173022 : 0x3f778e7890c6b : 2 : ittapi_config_apply_per_lib :  ITTAPI function instrumented: __itt_counter_inc_delta
1173022 : 0x3f778e789119f : 2 : ittapi_config_apply_per_lib :  ITTAPI function instrumented: __itt_counter_dec
1173022 : 0x3f778e78916f4 : 2 : ittapi_config_apply_per_lib :  ITTAPI function instrumented: __itt_counter_dec_delta
1173022 : 0x3f778e789278d : 2 : ittapi_config_apply_per_lib :  ITTAPI function instrumented: __itt_counter_set_value
1173022 : 0x3f778e7892d5a : 2 : ittapi_config_apply_per_lib :  ITTAPI function not implemented: __itt_counter_set_value_ex
1173022 : 0x3f778e78932d8 : 2 : ittapi_config_apply_per_lib :  ITTAPI function not implemented: __itt_mark_create
1173022 : 0x3f778e7893864 : 2 : ittapi_config_apply_per_lib :  ITTAPI function not implemented: __itt_mark
1173022 : 0x3f778e7893de1 : 2 : ittapi_config_apply_per_lib :  ITTAPI function not implemented: __itt_mark_off
1173022 : 0x3f778e789435d : 2 : ittapi_config_apply_per_lib :  ITTAPI function not implemented: __itt_mark_global
1173022 : 0x3f778e78948d9 : 2 : ittapi_config_apply_per_lib :  ITTAPI function not implemented: __itt_mark_global_off
1173022 : 0x3f778e7894e77 : 2 : ittapi_config_apply_per_lib :  ITTAPI function instrumented: __itt_stack_caller_create
1173022 : 0x3f778e78953a0 : 2 : ittapi_config_apply_per_lib :  ITTAPI function instrumented: __itt_stack_caller_destroy
1173022 : 0x3f778e78958a3 : 2 : ittapi_config_apply_per_lib :  ITTAPI function instrumented: __itt_stack_callee_enter
1173022 : 0x3f778e7896ff5 : 2 : ittapi_config_apply_per_lib :  ITTAPI function instrumented: __itt_stack_callee_leave
1173022 : 0x3f778e789760a : 2 : ittapi_config_apply_per_lib :  ITTAPI function not implemented: __itt_clock_domain_create
1173022 : 0x3f778e7897b7c : 2 : ittapi_config_apply_per_lib :  ITTAPI function not implemented: __itt_clock_domain_reset
1173022 : 0x3f778e7898118 : 2 : ittapi_config_apply_per_lib :  ITTAPI function not implemented: __itt_id_create_ex
1173022 : 0x3f778e7898683 : 2 : ittapi_config_apply_per_lib :  ITTAPI function not implemented: __itt_id_destroy_ex
1173022 : 0x3f778e7898bf2 : 2 : ittapi_config_apply_per_lib :  ITTAPI function not implemented: __itt_task_begin_ex
1173022 : 0x3f778e7899165 : 2 : ittapi_config_apply_per_lib :  ITTAPI function not implemented: __itt_task_begin_fn_ex
1173022 : 0x3f778e78996db : 2 : ittapi_config_apply_per_lib :  ITTAPI function not implemented: __itt_task_end_ex
1173022 : 0x3f778e7899c51 : 2 : ittapi_config_apply_per_lib :  ITTAPI function instrumented: __itt_task_begin_overlapped
1173022 : 0x3f778e789a24c : 2 : ittapi_config_apply_per_lib :  ITTAPI function not implemented: __itt_task_begin_overlapped_ex
1173022 : 0x3f778e789b3b5 : 2 : ittapi_config_apply_per_lib :  ITTAPI function instrumented: __itt_task_end_overlapped
1173022 : 0x3f778e789b97f : 2 : ittapi_config_apply_per_lib :  ITTAPI function not implemented: __itt_task_end_overlapped_ex
1173022 : 0x3f778e789bee6 : 2 : ittapi_config_apply_per_lib :  ITTAPI function not implemented: __itt_marker_ex
1173022 : 0x3f778e789c58c : 2 : ittapi_config_apply_per_lib :  ITTAPI function not implemented: __itt_metadata_add_with_scope
1173022 : 0x3f778e789cb9a : 2 : ittapi_config_apply_per_lib :  ITTAPI function not implemented: __itt_metadata_str_add_with_scope
1173022 : 0x3f778e789d15d : 2 : ittapi_config_apply_per_lib :  ITTAPI function not implemented: __itt_relation_add_to_current_ex
1173022 : 0x3f778e789d6f1 : 2 : ittapi_config_apply_per_lib :  ITTAPI function not implemented: __itt_relation_add_ex
1173022 : 0x3f778e789dce1 : 2 : ittapi_config_apply_per_lib :  ITTAPI function not implemented: __itt_track_group_create
1173022 : 0x3f778e789e216 : 2 : ittapi_config_apply_per_lib :  ITTAPI function not implemented: __itt_track_create
1173022 : 0x3f778e789e76d : 2 : ittapi_config_apply_per_lib :  ITTAPI function not implemented: __itt_set_track
1173022 : 0x3f778e789f8c6 : 2 : ittapi_config_apply_per_lib :  ITTAPI function instrumented: __itt_api_version
1173022 : 0x3f778e789fed9 : 2 : ittapi_config_apply_per_lib :  ITTAPI function not implemented: __itt_av_save
1173022 : 0x3f778e78a0406 : 2 : ittapi_config_apply_per_lib :  ITTAPI function instrumented: __itt_module_load
1173022 : 0x3f778e78a099f : 2 : ittapi_config_apply_per_lib :  ITTAPI function not implemented: __itt_module_unload
1173022 : 0x3f778e78a0e32 : 2 : ittapi_config_apply_per_lib :  ITTAPI function NOT instrumented (not matched by --itt-config option): __itt_histogram_submit

1173022 : 0x3f778e78a13b9 : 2 : ittapi_config_apply_per_lib :  ITTAPI function instrumented: __itt_counter_set_value_v3