13 [22597533428672] INFO perfrun.launcher <> - Launcher main begin
25 [22597533428672] INFO perfrun.launcher <> - MessageCatalogInit finished
25 [22597533428672] INFO perfrun.launcher <> - Launcher instance created
25 [22597533428672] INFO perfrun.launcher <> - argc = 6; cmdline = /mnt/lustre/e1000/home/y07/shared/cirrus-software/oneapi/vtune/2024.0/bin64/amplxe-runss -dump-vdso -r /dev/shm/s2484724_5733137/amplxe-tmp-s2484724/amplxe-res-1023165-1940542248224491 --tmp-dir /dev/shm/s2484724_5733137/amplxe-tmp-s2484724 
133 [22597533428672] INFO perfrun.launcher <> - create msngr2::ICliToolContext
133 [22597533428672] INFO perfrun.launcher <> - create file finder object
141 [22597412849408] INFO perfrun.launcher <> - plugin [remoteplug] was disabled because it doesn't support the given collection type.
141 [22597412849408] INFO perfrun.launcher <> - plugin [system] was disabled because it doesn't support the given collection type.
141 [22597412849408] INFO perfrun.vdso <> - dumping [vdso] pseudomodule
144 [22597412849408] INFO perfrun.launcher <> - plugin [itt] was disabled because it doesn't support the given collection type.
144 [22597412849408] INFO perfrun.launcher <> - plugin [ptracecollector] was disabled because it doesn't support the given collection type.
144 [22597412849408] INFO perfrun.launcher <> - plugin [gpu] was disabled because it doesn't support the given collection type.
144 [22597412849408] INFO perfrun.launcher <> - plugin [] was disabled because it doesn't support the given collection type.
144 [22597412849408] INFO perfrun.launcher <> - plugin [] was disabled because it doesn't support the given collection type.
144 [22597412849408] INFO perfrun.launcher <> - plugin [] was disabled because it doesn't support the given collection type.
144 [22597412849408] INFO perfrun.launcher <> - plugin [mrte] was disabled because it doesn't support the given collection type.
144 [22597412849408] INFO perfrun.launcher <> - plugin [emon] was disabled because it doesn't support the given collection type.
144 [22597412849408] INFO perfrun.launcher <> - plugin [cuscol] was disabled because it doesn't support the given collection type.
144 [22597412849408] INFO perfrun.launcher <> - plugin [stdsrc] was disabled because it doesn't support the given collection type.
144 [22597412849408] INFO perfrun.launcher <> - plugin [sep] was disabled because it doesn't support the given collection type.
144 [22597412849408] INFO perfrun.launcher <> - plugin [vtsspp] was disabled because it doesn't support the given collection type.
144 [22597412849408] INFO perfrun.launcher <> - plugin [perf] was disabled because it doesn't support the given collection type.
144 [22597412849408] INFO perfrun.launcher <> - plugin [aoclprofile] was disabled because it doesn't support the given collection type.
144 [22597412849408] INFO perfrun.launcher <> - plugin [tpss] was disabled because it doesn't support the given collection type.
144 [22597412849408] INFO perfrun.launcher <> - plugin [media] was disabled because it doesn't support the given collection type.
144 [22597412849408] INFO perfrun.launcher <> - plugin [] was disabled because it doesn't support the given collection type.
144 [22597412849408] INFO perfrun.launcher <> - plugin [] was disabled because it doesn't support the given collection type.
144 [22597412849408] INFO perfrun.launcher <> - plugin [parallelfs] was disabled because it doesn't support the given collection type.
144 [22597412849408] INFO perfrun.launcher <> - plugin [power] was disabled because it doesn't support the given collection type.
144 [22597412849408] INFO perfrun.launcher <> - plugin [] was disabled because it doesn't support the given collection type.
144 [22597412849408] INFO perfrun.launcher <> - plugin [ipmwatch] was disabled because it doesn't support the given collection type.
144 [22597412849408] INFO perfrun.launcher <> - plugin [os_counters] was disabled because it doesn't support the given collection type.
144 [22597412849408] INFO perfrun.launcher <> - plugin [l0_metrics] was disabled because it doesn't support the given collection type.
144 [22597533428672] INFO perfrun.launcher <> - Application exit code: 0
144 [22597533428672] INFO perfrun.launcher <> - Exit code: 0
