
1171394 : 0x3f6d8fe015624 : 1 : spill_jit_data :  Jit agent is not initialized
1171154 : 0x3f6d8fe0e8b98 : 2 : ittapi_config_mask_get :  --itt-config mask to be applied: 39
1171154 : 0x3f6d8fe0eaeb4 : 2 : ittapi_config_apply_per_lib :  ITTAPI function instrumented: __itt_domain_create
1171154 : 0x3f6d8fe0eb840 : 2 : ittapi_config_apply_per_lib :  ITTAPI function instrumented: __itt_module_load_with_sections
1171154 : 0x3f6d8fe0ec51e : 2 : ittapi_config_apply_per_lib :  ITTAPI function not implemented: __itt_module_unload_with_sections
1171154 : 0x3f6d8fe0eccf2 : 2 : ittapi_config_apply_per_lib :  ITTAPI function instrumented: __itt_string_handle_create
1171154 : 0x3f6d8fe0ed2d1 : 2 : ittapi_config_apply_per_lib :  ITTAPI function instrumented: __itt_counter_create
1171154 : 0x3f6d8fe0ed89a : 2 : ittapi_config_apply_per_lib :  ITTAPI function instrumented: __itt_counter_create_typed
1171154 : 0x3f6d8fe0ede5e : 2 : ittapi_config_apply_per_lib :  ITTAPI function instrumented: __itt_pause
1171154 : 0x3f6d8fe0ee431 : 2 : ittapi_config_apply_per_lib :  ITTAPI function instrumented: __itt_resume
1171154 : 0x3f6d8fe0f3e00 : 2 : ittapi_config_apply_per_lib :  ITTAPI function not implemented: __itt_pause_scoped
1171154 : 0x3f6d8fe0f4713 : 2 : ittapi_config_apply_per_lib :  ITTAPI function not implemented: __itt_resume_scoped
1171154 : 0x3f6d8fe0f4d4a : 2 : ittapi_config_apply_per_lib :  ITTAPI function instrumented: __itt_thread_set_name
1171154 : 0x3f6d8fe0f539b : 2 : ittapi_config_apply_per_lib :  ITTAPI function instrumented: __itt_thread_ignore
1171154 : 0x3f6d8fe0f59ce : 2 : ittapi_config_apply_per_lib :  ITTAPI function instrumented: __itt_thr_name_set
1171154 : 0x3f6d8fe0f5fd0 : 2 : ittapi_config_apply_per_lib :  ITTAPI function instrumented: __itt_thr_ignore
1171154 : 0x3f6d8fe0f65ab : 2 : ittapi_config_apply_per_lib :  ITTAPI function instrumented: __itt_histogram_create
1171154 : 0x3f6d8fe0f6b10 : 2 : ittapi_config_apply_per_lib :  ITTAPI function instrumented: __itt_counter_create_v3
1171154 : 0x3f6d8fe0f70da : 2 : ittapi_config_apply_per_lib :  ITTAPI function instrumented: __itt_bind_context_metadata_to_counter
1171154 : 0x3f6d8fe0f7741 : 2 : ittapi_config_apply_per_lib :  ITTAPI function not implemented: __itt_enable_attach
1171154 : 0x3f6d8fe0f8d97 : 2 : ittapi_config_apply_per_lib :  ITTAPI function instrumented: __itt_detach
1171154 : 0x3f6d8fe0f92bc : 2 : ittapi_config_apply_per_lib :  ITTAPI function NOT instrumented (not matched by --itt-config option): __itt_sync_create

1171154 : 0x3f6d8fe0f980f : 2 : ittapi_config_apply_per_lib :  ITTAPI function NOT instrumented (not matched by --itt-config option): __itt_sync_rename

1171154 : 0x3f6d8fe0f9ce1 : 2 : ittapi_config_apply_per_lib :  ITTAPI function NOT instrumented (not matched by --itt-config option): __itt_sync_destroy

1171154 : 0x3f6d8fe0fa13d : 2 : ittapi_config_apply_per_lib :  ITTAPI function NOT instrumented (not matched by --itt-config option): __itt_sync_prepare

1171154 : 0x3f6d8fe0fa5ce : 2 : ittapi_config_apply_per_lib :  ITTAPI function NOT instrumented (not matched by --itt-config option): __itt_sync_cancel

1171154 : 0x3f6d8fe0faa96 : 2 : ittapi_config_apply_per_lib :  ITTAPI function NOT instrumented (not matched by --itt-config option): __itt_sync_acquired

1171154 : 0x3f6d8fe0faeff : 2 : ittapi_config_apply_per_lib :  ITTAPI function NOT instrumented (not matched by --itt-config option): __itt_sync_releasing

1171154 : 0x3f6d8fe0fb570 : 2 : ittapi_config_apply_per_lib :  ITTAPI function not implemented: __itt_suppress_push
1171154 : 0x3f6d8fe0fbcef : 2 : ittapi_config_apply_per_lib :  ITTAPI function not implemented: __itt_suppress_pop
1171154 : 0x3f6d8fe0fd08d : 2 : ittapi_config_apply_per_lib :  ITTAPI function not implemented: __itt_suppress_mark_range
1171154 : 0x3f6d8fe0fd74b : 2 : ittapi_config_apply_per_lib :  ITTAPI function not implemented: __itt_suppress_clear_range
1171154 : 0x3f6d8fe0fdbf3 : 2 : ittapi_config_apply_per_lib :  ITTAPI function NOT instrumented (not matched by --itt-config option): __itt_sync_prepare

1171154 : 0x3f6d8fe0fe060 : 2 : ittapi_config_apply_per_lib :  ITTAPI function NOT instrumented (not matched by --itt-config option): __itt_sync_cancel

1171154 : 0x3f6d8fe0fe4cb : 2 : ittapi_config_apply_per_lib :  ITTAPI function NOT instrumented (not matched by --itt-config option): __itt_sync_acquired

1171154 : 0x3f6d8fe0fe92b : 2 : ittapi_config_apply_per_lib :  ITTAPI function NOT instrumented (not matched by --itt-config option): __itt_sync_releasing

1171154 : 0x3f6d8fe0fedf9 : 2 : ittapi_config_apply_per_lib :  ITTAPI function NOT instrumented (not matched by --itt-config option): __itt_model_site_begin

1171154 : 0x3f6d8fe0ff2cc : 2 : ittapi_config_apply_per_lib :  ITTAPI function NOT instrumented (not matched by --itt-config option): __itt_model_site_end

1171154 : 0x3f6d8fe0ff82d : 2 : ittapi_config_apply_per_lib :  ITTAPI function NOT instrumented (not matched by --itt-config option): __itt_model_task_begin

1171154 : 0x3f6d8fe0ffcd8 : 2 : ittapi_config_apply_per_lib :  ITTAPI function NOT instrumented (not matched by --itt-config option): __itt_model_task_end

1171154 : 0x3f6d8fe101a23 : 2 : ittapi_config_apply_per_lib :  ITTAPI function NOT instrumented (not matched by --itt-config option): __itt_model_lock_acquire

1171154 : 0x3f6d8fe101f87 : 2 : ittapi_config_apply_per_lib :  ITTAPI function NOT instrumented (not matched by --itt-config option): __itt_model_lock_release

1171154 : 0x3f6d8fe10245d : 2 : ittapi_config_apply_per_lib :  ITTAPI function NOT instrumented (not matched by --itt-config option): __itt_model_record_allocation

1171154 : 0x3f6d8fe1028fd : 2 : ittapi_config_apply_per_lib :  ITTAPI function NOT instrumented (not matched by --itt-config option): __itt_model_record_deallocation

1171154 : 0x3f6d8fe102e5e : 2 : ittapi_config_apply_per_lib :  ITTAPI function NOT instrumented (not matched by --itt-config option): __itt_model_induction_uses

1171154 : 0x3f6d8fe1032db : 2 : ittapi_config_apply_per_lib :  ITTAPI function NOT instrumented (not matched by --itt-config option): __itt_model_reduction_uses

1171154 : 0x3f6d8fe1037c3 : 2 : ittapi_config_apply_per_lib :  ITTAPI function NOT instrumented (not matched by --itt-config option): __itt_model_observe_uses

1171154 : 0x3f6d8fe103cd4 : 2 : ittapi_config_apply_per_lib :  ITTAPI function NOT instrumented (not matched by --itt-config option): __itt_model_clear_uses

1171154 : 0x3f6d8fe104260 : 2 : ittapi_config_apply_per_lib :  ITTAPI function NOT instrumented (not matched by --itt-config option): __itt_model_site_beginA

1171154 : 0x3f6d8fe1047d2 : 2 : ittapi_config_apply_per_lib :  ITTAPI function NOT instrumented (not matched by --itt-config option): __itt_model_site_beginAL

1171154 : 0x3f6d8fe105944 : 2 : ittapi_config_apply_per_lib :  ITTAPI function NOT instrumented (not matched by --itt-config option): __itt_model_task_beginA

1171154 : 0x3f6d8fe105dff : 2 : ittapi_config_apply_per_lib :  ITTAPI function NOT instrumented (not matched by --itt-config option): __itt_model_task_beginAL

1171154 : 0x3f6d8fe106265 : 2 : ittapi_config_apply_per_lib :  ITTAPI function NOT instrumented (not matched by --itt-config option): __itt_model_iteration_taskA

1171154 : 0x3f6d8fe1066c7 : 2 : ittapi_config_apply_per_lib :  ITTAPI function NOT instrumented (not matched by --itt-config option): __itt_model_iteration_taskAL

1171154 : 0x3f6d8fe106b70 : 2 : ittapi_config_apply_per_lib :  ITTAPI function NOT instrumented (not matched by --itt-config option): __itt_model_site_end_2

1171154 : 0x3f6d8fe107006 : 2 : ittapi_config_apply_per_lib :  ITTAPI function NOT instrumented (not matched by --itt-config option): __itt_model_task_end_2

1171154 : 0x3f6d8fe107455 : 2 : ittapi_config_apply_per_lib :  ITTAPI function NOT instrumented (not matched by --itt-config option): __itt_model_lock_acquire_2

1171154 : 0x3f6d8fe1078c1 : 2 : ittapi_config_apply_per_lib :  ITTAPI function NOT instrumented (not matched by --itt-config option): __itt_model_lock_release_2

1171154 : 0x3f6d8fe107d41 : 2 : ittapi_config_apply_per_lib :  ITTAPI function NOT instrumented (not matched by --itt-config option): __itt_model_aggregate_task

1171154 : 0x3f6d8fe1081d3 : 2 : ittapi_config_apply_per_lib :  ITTAPI function NOT instrumented (not matched by --itt-config option): __itt_model_disable_push

1171154 : 0x3f6d8fe109f25 : 2 : ittapi_config_apply_per_lib :  ITTAPI function NOT instrumented (not matched by --itt-config option): __itt_model_disable_pop

1171154 : 0x3f6d8fe10a5c4 : 2 : ittapi_config_apply_per_lib :  ITTAPI function instrumented: __itt_heap_function_create
1171154 : 0x3f6d8fe10ab4a : 2 : ittapi_config_apply_per_lib :  ITTAPI function instrumented: __itt_heap_allocate_begin
1171154 : 0x3f6d8fe10b0ad : 2 : ittapi_config_apply_per_lib :  ITTAPI function instrumented: __itt_heap_allocate_end
1171154 : 0x3f6d8fe10b66d : 2 : ittapi_config_apply_per_lib :  ITTAPI function instrumented: __itt_heap_free_begin
1171154 : 0x3f6d8fe10bbea : 2 : ittapi_config_apply_per_lib :  ITTAPI function instrumented: __itt_heap_free_end
1171154 : 0x3f6d8fe10c130 : 2 : ittapi_config_apply_per_lib :  ITTAPI function instrumented: __itt_heap_reallocate_begin
1171154 : 0x3f6d8fe10c685 : 2 : ittapi_config_apply_per_lib :  ITTAPI function instrumented: __itt_heap_reallocate_end
1171154 : 0x3f6d8fe10cd17 : 2 : ittapi_config_apply_per_lib :  ITTAPI function not implemented: __itt_heap_internal_access_begin
1171154 : 0x3f6d8fe10d352 : 2 : ittapi_config_apply_per_lib :  ITTAPI function not implemented: __itt_heap_internal_access_end
1171154 : 0x3f6d8fe10e706 : 2 : ittapi_config_apply_per_lib :  ITTAPI function not implemented: __itt_heap_record_memory_growth_begin
1171154 : 0x3f6d8fe10ed93 : 2 : ittapi_config_apply_per_lib :  ITTAPI function not implemented: __itt_heap_record_memory_growth_end
1171154 : 0x3f6d8fe10f386 : 2 : ittapi_config_apply_per_lib :  ITTAPI function not implemented: __itt_heap_reset_detection
1171154 : 0x3f6d8fe10f9be : 2 : ittapi_config_apply_per_lib :  ITTAPI function not implemented: __itt_heap_record
1171154 : 0x3f6d8fe10ffef : 2 : ittapi_config_apply_per_lib :  ITTAPI function not implemented: __itt_id_create
1171154 : 0x3f6d8fe1105f4 : 2 : ittapi_config_apply_per_lib :  ITTAPI function not implemented: __itt_id_destroy
1171154 : 0x3f6d8fe110ba4 : 2 : ittapi_config_apply_per_lib :  ITTAPI function instrumented: __itt_get_timestamp
1171154 : 0x3f6d8fe11116d : 2 : ittapi_config_apply_per_lib :  ITTAPI function not implemented: __itt_region_begin
1171154 : 0x3f6d8fe111779 : 2 : ittapi_config_apply_per_lib :  ITTAPI function not implemented: __itt_region_end
1171154 : 0x3f6d8fe111d37 : 2 : ittapi_config_apply_per_lib :  ITTAPI function instrumented: __itt_frame_begin_v3
1171154 : 0x3f6d8fe112eef : 2 : ittapi_config_apply_per_lib :  ITTAPI function instrumented: __itt_frame_end_v3
1171154 : 0x3f6d8fe1134a5 : 2 : ittapi_config_apply_per_lib :  ITTAPI function instrumented: __itt_frame_submit_v3
1171154 : 0x3f6d8fe113b1c : 2 : ittapi_config_apply_per_lib :  ITTAPI function not implemented: __itt_task_group
1171154 : 0x3f6d8fe1140c2 : 2 : ittapi_config_apply_per_lib :  ITTAPI function instrumented: __itt_task_begin
1171154 : 0x3f6d8fe1146aa : 2 : ittapi_config_apply_per_lib :  ITTAPI function instrumented: __itt_task_begin_fn
1171154 : 0x3f6d8fe114c24 : 2 : ittapi_config_apply_per_lib :  ITTAPI function instrumented: __itt_task_end
1171154 : 0x3f6d8fe11520e : 2 : ittapi_config_apply_per_lib :  ITTAPI function not implemented: __itt_counter_inc_v3
1171154 : 0x3f6d8fe115800 : 2 : ittapi_config_apply_per_lib :  ITTAPI function not implemented: __itt_counter_inc_delta_v3
1171154 : 0x3f6d8fe115df7 : 2 : ittapi_config_apply_per_lib :  ITTAPI function not implemented: __itt_counter_dec_v3
1171154 : 0x3f6d8fe116395 : 2 : ittapi_config_apply_per_lib :  ITTAPI function not implemented: __itt_counter_dec_delta_v3
1171154 : 0x3f6d8fe117543 : 2 : ittapi_config_apply_per_lib :  ITTAPI function not implemented: __itt_marker
1171154 : 0x3f6d8fe117afd : 2 : ittapi_config_apply_per_lib :  ITTAPI function instrumented: __itt_metadata_add
1171154 : 0x3f6d8fe1180ec : 2 : ittapi_config_apply_per_lib :  ITTAPI function not implemented: __itt_metadata_str_add
1171154 : 0x3f6d8fe11869c : 2 : ittapi_config_apply_per_lib :  ITTAPI function not implemented: __itt_relation_add_to_current
1171154 : 0x3f6d8fe118c60 : 2 : ittapi_config_apply_per_lib :  ITTAPI function not implemented: __itt_relation_add
1171154 : 0x3f6d8fe1191d9 : 2 : ittapi_config_apply_per_lib :  ITTAPI function instrumented: __itt_event_create
1171154 : 0x3f6d8fe11972f : 2 : ittapi_config_apply_per_lib :  ITTAPI function instrumented: __itt_event_start
1171154 : 0x3f6d8fe119cb9 : 2 : ittapi_config_apply_per_lib :  ITTAPI function instrumented: __itt_event_end
1171154 : 0x3f6d8fe11a13c : 2 : ittapi_config_apply_per_lib :  ITTAPI function NOT instrumented (not matched by --itt-config option): __itt_sync_set_name

1171154 : 0x3f6d8fe11a645 : 2 : ittapi_config_apply_per_lib :  ITTAPI function NOT instrumented (not matched by --itt-config option): __itt_notify_sync_name

1171154 : 0x3f6d8fe11c0dd : 2 : ittapi_config_apply_per_lib :  ITTAPI function NOT instrumented (not matched by --itt-config option): __itt_notify_sync_prepare

1171154 : 0x3f6d8fe11c593 : 2 : ittapi_config_apply_per_lib :  ITTAPI function NOT instrumented (not matched by --itt-config option): __itt_notify_sync_cancel

1171154 : 0x3f6d8fe11ca3e : 2 : ittapi_config_apply_per_lib :  ITTAPI function NOT instrumented (not matched by --itt-config option): __itt_notify_sync_acquired

1171154 : 0x3f6d8fe11ce7f : 2 : ittapi_config_apply_per_lib :  ITTAPI function NOT instrumented (not matched by --itt-config option): __itt_notify_sync_releasing

1171154 : 0x3f6d8fe11d43a : 2 : ittapi_config_apply_per_lib :  ITTAPI function not implemented: __itt_memory_read
1171154 : 0x3f6d8fe11da2a : 2 : ittapi_config_apply_per_lib :  ITTAPI function not implemented: __itt_memory_write
1171154 : 0x3f6d8fe11e042 : 2 : ittapi_config_apply_per_lib :  ITTAPI function not implemented: __itt_memory_update
1171154 : 0x3f6d8fe11e636 : 2 : ittapi_config_apply_per_lib :  ITTAPI function not implemented: __itt_state_get
1171154 : 0x3f6d8fe11ebc4 : 2 : ittapi_config_apply_per_lib :  ITTAPI function not implemented: __itt_state_set
1171154 : 0x3f6d8fe11f1bc : 2 : ittapi_config_apply_per_lib :  ITTAPI function not implemented: __itt_obj_mode_set
1171154 : 0x3f6d8fe12062c : 2 : ittapi_config_apply_per_lib :  ITTAPI function not implemented: __itt_thr_mode_set
1171154 : 0x3f6d8fe120bcc : 2 : ittapi_config_apply_per_lib :  ITTAPI function instrumented: __itt_frame_create
1171154 : 0x3f6d8fe121155 : 2 : ittapi_config_apply_per_lib :  ITTAPI function instrumented: __itt_pt_region_create
1171154 : 0x3f6d8fe1216e8 : 2 : ittapi_config_apply_per_lib :  ITTAPI function instrumented: __itt_frame_begin
1171154 : 0x3f6d8fe121c4d : 2 : ittapi_config_apply_per_lib :  ITTAPI function instrumented: __itt_frame_end
1171154 : 0x3f6d8fe1222a3 : 2 : ittapi_config_apply_per_lib :  ITTAPI function not implemented: __itt_counter_destroy
1171154 : 0x3f6d8fe12284e : 2 : ittapi_config_apply_per_lib :  ITTAPI function instrumented: __itt_counter_inc
1171154 : 0x3f6d8fe122dda : 2 : ittapi_config_apply_per_lib :  ITTAPI function instrumented: __itt_counter_inc_delta
1171154 : 0x3f6d8fe123337 : 2 : ittapi_config_apply_per_lib :  ITTAPI function instrumented: __itt_counter_dec
1171154 : 0x3f6d8fe1238dd : 2 : ittapi_config_apply_per_lib :  ITTAPI function instrumented: __itt_counter_dec_delta
1171154 : 0x3f6d8fe124b52 : 2 : ittapi_config_apply_per_lib :  ITTAPI function instrumented: __itt_counter_set_value
1171154 : 0x3f6d8fe125154 : 2 : ittapi_config_apply_per_lib :  ITTAPI function not implemented: __itt_counter_set_value_ex
1171154 : 0x3f6d8fe125755 : 2 : ittapi_config_apply_per_lib :  ITTAPI function not implemented: __itt_mark_create
1171154 : 0x3f6d8fe125d86 : 2 : ittapi_config_apply_per_lib :  ITTAPI function not implemented: __itt_mark
1171154 : 0x3f6d8fe12632a : 2 : ittapi_config_apply_per_lib :  ITTAPI function not implemented: __itt_mark_off
1171154 : 0x3f6d8fe1268fa : 2 : ittapi_config_apply_per_lib :  ITTAPI function not implemented: __itt_mark_global
1171154 : 0x3f6d8fe126eb8 : 2 : ittapi_config_apply_per_lib :  ITTAPI function not implemented: __itt_mark_global_off
1171154 : 0x3f6d8fe12739b : 2 : ittapi_config_apply_per_lib :  ITTAPI function NOT instrumented (not matched by --itt-config option): __itt_stack_caller_create

1171154 : 0x3f6d8fe12783d : 2 : ittapi_config_apply_per_lib :  ITTAPI function NOT instrumented (not matched by --itt-config option): __itt_stack_caller_destroy

1171154 : 0x3f6d8fe127ca3 : 2 : ittapi_config_apply_per_lib :  ITTAPI function NOT instrumented (not matched by --itt-config option): __itt_stack_callee_enter

1171154 : 0x3f6d8fe129607 : 2 : ittapi_config_apply_per_lib :  ITTAPI function NOT instrumented (not matched by --itt-config option): __itt_stack_callee_leave

1171154 : 0x3f6d8fe129c8a : 2 : ittapi_config_apply_per_lib :  ITTAPI function not implemented: __itt_clock_domain_create
1171154 : 0x3f6d8fe12a259 : 2 : ittapi_config_apply_per_lib :  ITTAPI function not implemented: __itt_clock_domain_reset
1171154 : 0x3f6d8fe12a835 : 2 : ittapi_config_apply_per_lib :  ITTAPI function not implemented: __itt_id_create_ex
1171154 : 0x3f6d8fe12addf : 2 : ittapi_config_apply_per_lib :  ITTAPI function not implemented: __itt_id_destroy_ex
1171154 : 0x3f6d8fe12b361 : 2 : ittapi_config_apply_per_lib :  ITTAPI function not implemented: __itt_task_begin_ex
1171154 : 0x3f6d8fe12b922 : 2 : ittapi_config_apply_per_lib :  ITTAPI function not implemented: __itt_task_begin_fn_ex
1171154 : 0x3f6d8fe12bf31 : 2 : ittapi_config_apply_per_lib :  ITTAPI function not implemented: __itt_task_end_ex
1171154 : 0x3f6d8fe12c4cb : 2 : ittapi_config_apply_per_lib :  ITTAPI function instrumented: __itt_task_begin_overlapped
1171154 : 0x3f6d8fe12cb16 : 2 : ittapi_config_apply_per_lib :  ITTAPI function not implemented: __itt_task_begin_overlapped_ex
1171154 : 0x3f6d8fe12e169 : 2 : ittapi_config_apply_per_lib :  ITTAPI function instrumented: __itt_task_end_overlapped
1171154 : 0x3f6d8fe12e70d : 2 : ittapi_config_apply_per_lib :  ITTAPI function not implemented: __itt_task_end_overlapped_ex
1171154 : 0x3f6d8fe12ecd8 : 2 : ittapi_config_apply_per_lib :  ITTAPI function not implemented: __itt_marker_ex
1171154 : 0x3f6d8fe12f2f0 : 2 : ittapi_config_apply_per_lib :  ITTAPI function not implemented: __itt_metadata_add_with_scope
1171154 : 0x3f6d8fe12f9f0 : 2 : ittapi_config_apply_per_lib :  ITTAPI function not implemented: __itt_metadata_str_add_with_scope
1171154 : 0x3f6d8fe12fff2 : 2 : ittapi_config_apply_per_lib :  ITTAPI function not implemented: __itt_relation_add_to_current_ex
1171154 : 0x3f6d8fe13064b : 2 : ittapi_config_apply_per_lib :  ITTAPI function not implemented: __itt_relation_add_ex
1171154 : 0x3f6d8fe130c70 : 2 : ittapi_config_apply_per_lib :  ITTAPI function not implemented: __itt_track_group_create
1171154 : 0x3f6d8fe131226 : 2 : ittapi_config_apply_per_lib :  ITTAPI function not implemented: __itt_track_create
1171154 : 0x3f6d8fe13183e : 2 : ittapi_config_apply_per_lib :  ITTAPI function not implemented: __itt_set_track
1171154 : 0x3f6d8fe1329bb : 2 : ittapi_config_apply_per_lib :  ITTAPI function instrumented: __itt_api_version
1171154 : 0x3f6d8fe132fde : 2 : ittapi_config_apply_per_lib :  ITTAPI function not implemented: __itt_av_save
1171154 : 0x3f6d8fe13354b : 2 : ittapi_config_apply_per_lib :  ITTAPI function instrumented: __itt_module_load
1171154 : 0x3f6d8fe133b70 : 2 : ittapi_config_apply_per_lib :  ITTAPI function not implemented: __itt_module_unload
1171154 : 0x3f6d8fe134075 : 2 : ittapi_config_apply_per_lib :  ITTAPI function NOT instrumented (not matched by --itt-config option): __itt_histogram_submit

1171154 : 0x3f6d8fe13462b : 2 : ittapi_config_apply_per_lib :  ITTAPI function instrumented: __itt_counter_set_value_v3