
1499830 : 0x5298f79d967be : 3 : logger_init :  LOG FILE OPENED (by collectunits.logger), level: 4
1499830 : 0x5298f7afbdebe : 4 : probePythonFunctions :  PyThreadState_Swap
1499830 : 0x5298f7b0fe2d0 : 4 : probePythonFunctions :  PyThreadState_Swap probed at 0x14bbf8619348
1499830 : 0x5298f7b101e53 : 4 : probePythonFunctions :  PyImport_Cleanup
1499830 : 0x5298f7b333fef : 4 : probePythonFunctions :  PyImport_Cleanup probed at 0x14bbf8619378
1499830 : 0x5298f7b337bd6 : 4 : probePythonFunctions :  PyThreadState_Clear
1499830 : 0x5298f7b49b328 : 4 : probePythonFunctions :  PyThreadState_Clear probed at 0x14bbf86193b0
1499830 : 0x5298f7b49f231 : 4 : probePythonFunctions :  Py_Initialize
1499830 : 0x5298f7b5870ad : 4 : probePythonFunctions :  Py_Initialize probed at 0x14bbf86193d8
1499830 : 0x5298f7b58af4b : 4 : probePythonFunctions :  Py_InitializeEx
1499830 : 0x5298f7b69506b : 4 : probePythonFunctions :  Py_InitializeEx probed at 0x14bbf8619418
1499830 : 0x5298f7b698b50 : 4 : probePythonFunctions :  PyOS_AfterFork_Child
1499830 : 0x5298f7b78595f : 4 : probePythonFunctions :  PyOS_AfterFork_Child probed at 0x14bbf8619460
1499830 : 0x5298f7b7897bc : 4 : probePythonFunctions :  PyCode_New
1499830 : 0x5298f7b844b00 : 4 : probePythonFunctions :  PyCode_New probed at 0x14bbf86194a8
1499830 : 0x5298f7b84cbc9 : 4 : probePythonFunctions :  Py_FinalizeEx
1499830 : 0x5298f7b9fcd88 : 4 : probePythonFunctions :  Py_FinalizeEx probed at 0x14bbf86194d0
1499830 : 0x5298f7ba0093b : 4 : probePythonFunctions :  _PyEval_EvalFrameDefault
1499830 : 0x5298f7d0d6970 : 4 : probePythonFunctions :  _PyEval_EvalFrameDefault probed at 0x14bbf86194f8
1499830 : 0x5298f7d0da7cb : 4 : probePythonFunctions :  PyCode_NewWithPosOnlyArgs
1499830 : 0x5298f7d4f1c6c : 4 : probePythonFunctions :  PyCode_NewWithPosOnlyArgs probed at 0x14bbf8619520
1499830 : 0x5298f7d4f5d64 : 4 : probePythonFunctions :  Py_RunMain
1499830 : 0x5298f7d741304 : 4 : probePythonFunctions :  Py_RunMain probed at 0x14bbf8619548
1499830 : 0x5298f7d744e16 : 4 : probePythonFunctions :  Py_InitializeFromConfig
1499830 : 0x5298f7d96bfbb : 4 : probePythonFunctions :  Py_InitializeFromConfig probed at 0x14bbf8619590
1499830 : 0x5298f7d96fa84 : 4 : probePythonFunctions :  _PySignal_AfterFork
1499830 : 0x5298f7d993c22 : 4 : probePythonFunctions :  the _PySignal_AfterFork size is too small to be probed: size=4. Skip and continue
1499830 : 0x5298f7d99aea3 : 4 : probePythonFunctions :  PyInterpreterState_Head
1499830 : 0x5298f7da96b6e : 4 : probePythonFunctions :  PyInterpreterState_Next
1499830 : 0x5298f7db9cee9 : 4 : probePythonFunctions :  PyInterpreterState_ThreadHead
1499830 : 0x5298f7dc956fd : 4 : probePythonFunctions :  PyThreadState_Next
1499830 : 0x5298f7dda1eb2 : 4 : probePythonFunctions :  PyThreadState_New
1499830 : 0x5298f7deadf24 : 4 : probePythonFunctions :  PyThreadState_Delete
1499830 : 0x5298f7dede5f2 : 4 : probePythonFunctions :  PyGILState_GetThisThreadState
1499830 : 0x5298f7def7ef1 : 4 : probePythonFunctions :  PyEval_AcquireThread
1499830 : 0x5298f7dffb43f : 4 : probePythonFunctions :  PyEval_ReleaseThread
1499830 : 0x5298f7e0220d4 : 4 : probePythonFunctions :  Py_GetVersion
1499830 : 0x5298f7e11d9f1 : 4 : probePythonFunctions :  PySys_GetObject
1499830 : 0x5298f7e201fda : 4 : probePythonFunctions :  PyLong_AsLong
1499830 : 0x5298f7e2d0054 : 4 : probePythonFunctions :  Py_IncRef
1499830 : 0x5298f7e2de1c8 : 4 : probePythonFunctions :  Py_DecRef
1499830 : 0x5298f7e2ed878 : 4 : probePythonFunctions :  PyThreadState_Get
1499830 : 0x5298f7e3b2563 : 4 : probePythonFunctions :  PyEval_GetFrame
1499830 : 0x5298f7e4a1b93 : 4 : probePythonFunctions :  PyEval_ThreadsInitialized
1499830 : 0x5298f7e4b9154 : 4 : probePythonFunctions :  PyObject_GetAttrString
1499830 : 0x5298f7e57b7ed : 4 : probePythonFunctions :  PyObject_Call
1499830 : 0x5298f7e63d3a7 : 4 : probePythonFunctions :  PyTuple_New
1499830 : 0x5298f7e71b62b : 4 : probePythonFunctions :  PyTuple_SetItem
1499830 : 0x5298f7e7dfe6d : 4 : probePythonFunctions :  PyList_New
1499830 : 0x5298f7e8ada68 : 4 : probePythonFunctions :  PyList_GetItem
1499830 : 0x5298f7e9a3a14 : 4 : probePythonFunctions :  PyList_Size
1499830 : 0x5298f7ea70ec1 : 4 : probePythonFunctions :  PyThread_get_thread_ident
1499830 : 0x5298f7eb36650 : 4 : probePythonFunctions :  PyErr_Fetch
1499830 : 0x5298f7ebfef7a : 4 : probePythonFunctions :  PyErr_Restore
1499830 : 0x5298f7ecca5cd : 4 : probePythonFunctions :  PyDict_Next
1499830 : 0x5298f7ed8b607 : 4 : probePythonFunctions :  PyDict_Size
1499830 : 0x5298f7edc15c7 : 4 : probePythonFunctions :  PyDict_GetItemString
1499830 : 0x5298f7eeab97b : 4 : probePythonFunctions :  PyImport_GetModuleDict
1499830 : 0x5298f7ef81c38 : 4 : probePythonFunctions :  PyBytes_AsStringAndSize
1499830 : 0x5298f7f0a4bc3 : 4 : probePythonFunctions :  PyBytes_AsString
1499830 : 0x5298f7f1b5d03 : 4 : probePythonFunctions :  PyUnicode_EncodeLocale
1499830 : 0x5298f7f2eb275 : 4 : probePythonFunctions :  PyUnicode_EncodeFSDefault
1499830 : 0x5298f83420a63 : 4 : pytrace_start_profiling :  [CALLED]
1499830 : 0x5298f914632bc : 4 : pytrace_start_profiling :  [CALLED]
1499830 : 0x5298f9146f702 : 4 : initTmu :  init tmu started
1499830 : 0x5298f914a1523 : 4 : initTmu :  init tmu finished
1499830 : 0x5298f914ca8d4 : 4 : start :  pytrace started successfully
1499830 : 0x5298f914d3452 : 4 : pytrace_start_profiling :  PyTrace collection is started
1499830 : 0x5298f91567db3 : 4 : Py_InitializeFromConfig :  [CALLED]
1499830 : 0x5298f9d9f4802 : 4 : PyEval_InitThreads :  [CALLED]
1499830 : 0x5298f9d9fe3f5 : 4 : Py_RunMain :  [CALLED]
1499830 : 0x5298f9da01a9b : 4 : PyEval_InitThreads :  [CALLED]
1499830 : 0x5298f9da0605c : 4 : PyEval_InitThreads :  [CALLED]
1499830 : 0x5298f9daf66d5 : 4 : writeInitialInfo :  write initial info started
1499830 : 0x5298f9daff7ea : 4 : writeInitialInfo :  write initial info finished
1499847 : 0x52995b2245d58 : 4 : getSourceLines :  co_lnotab data: a pair is deltaByte=8 and deltaLine=1
1499847 : 0x52995b225af07 : 4 : getSourceLines :  co_lnotab data: a pair is deltaByte=8 and deltaLine=1
1499847 : 0x52995b226dc29 : 4 : getSourceLines :  co_lnotab data: a pair is deltaByte=12 and deltaLine=1
1499847 : 0x52995b2282f37 : 4 : getSourceLines :  co_lnotab data: a pair is deltaByte=8 and deltaLine=1
1499847 : 0x52995b2289c56 : 4 : getSourceLines :  co_lnotab data: a pair is deltaByte=26 and deltaLine=1
1499847 : 0x52995b22965d8 : 4 : getSourceLines :  Added faked src entry 62-78 8. Python did not provide src line for this code range.
1499847 : 0x52995b22a6794 : 4 : getSourceLines :  co_lnotab data: a pair is deltaByte=0 and deltaLine=2
1499847 : 0x52995b22ad5cf : 4 : getSourceLines :  co_lnotab data: a pair is deltaByte=8 and deltaLine=2
1499847 : 0x52995b22b4303 : 4 : getSourceLines :  co_lnotab data: a pair is deltaByte=10 and deltaLine=1
1499847 : 0x52995b22bb03c : 4 : getSourceLines :  co_lnotab data: a pair is deltaByte=4 and deltaLine=4
1499847 : 0x52995b22c1da1 : 4 : getSourceLines :  co_lnotab data: a pair is deltaByte=12 and deltaLine=2
1499847 : 0x52995b22c8afe : 4 : getSourceLines :  co_lnotab data: a pair is deltaByte=6 and deltaLine=1
1499847 : 0x52995b22cf84f : 4 : getSourceLines :  co_lnotab data: a pair is deltaByte=10 and deltaLine=3
1499847 : 0x52995b22d653d : 4 : getSourceLines :  co_lnotab data: a pair is deltaByte=14 and deltaLine=2
1499847 : 0x52995b22dd233 : 4 : getSourceLines :  Added faked src entry 64-76 59. Python did not provide src line for this code range.
1499847 : 0x52995b22e9af1 : 4 : getSourceLines :  co_lnotab data: a pair is deltaByte=0 and deltaLine=1
1499847 : 0x52995b22f0830 : 4 : getSourceLines :  co_lnotab data: a pair is deltaByte=12 and deltaLine=2
1499847 : 0x52995b22f750f : 4 : getSourceLines :  co_lnotab data: a pair is deltaByte=8 and deltaLine=1
1499847 : 0x52995b22fe1ea : 4 : getSourceLines :  co_lnotab data: a pair is deltaByte=8 and deltaLine=1
1499847 : 0x52995b2304efb : 4 : getSourceLines :  Added faked src entry 28-32 257. Python did not provide src line for this code range.
1499847 : 0x52995b230f92d : 4 : getSourceLines :  co_lnotab data: a pair is deltaByte=0 and deltaLine=2
1499847 : 0x52995b231cefb : 4 : getSourceLines :  co_lnotab data: a pair is deltaByte=6 and deltaLine=1
1499847 : 0x52995b23258e8 : 4 : getSourceLines :  co_lnotab data: a pair is deltaByte=8 and deltaLine=1
1499847 : 0x52995b232e318 : 4 : getSourceLines :  co_lnotab data: a pair is deltaByte=14 and deltaLine=1
1499847 : 0x52995b2336d32 : 4 : getSourceLines :  co_lnotab data: a pair is deltaByte=12 and deltaLine=1