
1499925 : 0x52991493a1239 : 1 : spill_jit_data :  Jit agent is not initialized
1499830 : 0x52991493a496d : 2 : ittapi_config_mask_get :  --itt-config mask to be applied: 55
1499830 : 0x52991493a6541 : 2 : ittapi_config_apply_per_lib :  ITTAPI function instrumented: __itt_domain_create
1499830 : 0x52991493a7110 : 2 : ittapi_config_apply_per_lib :  ITTAPI function instrumented: __itt_module_load_with_sections
1499830 : 0x52991493a8027 : 2 : ittapi_config_apply_per_lib :  ITTAPI function not implemented: __itt_module_unload_with_sections
1499830 : 0x52991493a8999 : 2 : ittapi_config_apply_per_lib :  ITTAPI function instrumented: __itt_string_handle_create
1499830 : 0x52991493a902e : 2 : ittapi_config_apply_per_lib :  ITTAPI function instrumented: __itt_counter_create
1499830 : 0x52991493a9665 : 2 : ittapi_config_apply_per_lib :  ITTAPI function instrumented: __itt_counter_create_typed
1499830 : 0x52991493a9c93 : 2 : ittapi_config_apply_per_lib :  ITTAPI function instrumented: __itt_pause
1499830 : 0x52991493aa321 : 2 : ittapi_config_apply_per_lib :  ITTAPI function instrumented: __itt_resume
1499830 : 0x52991493b2130 : 2 : ittapi_config_apply_per_lib :  ITTAPI function not implemented: __itt_pause_scoped
1499830 : 0x52991493b2a21 : 2 : ittapi_config_apply_per_lib :  ITTAPI function not implemented: __itt_resume_scoped
1499830 : 0x52991493b3077 : 2 : ittapi_config_apply_per_lib :  ITTAPI function instrumented: __itt_thread_set_name
1499830 : 0x52991493b372d : 2 : ittapi_config_apply_per_lib :  ITTAPI function instrumented: __itt_thread_ignore
1499830 : 0x52991493b3d4c : 2 : ittapi_config_apply_per_lib :  ITTAPI function instrumented: __itt_thr_name_set
1499830 : 0x52991493b4384 : 2 : ittapi_config_apply_per_lib :  ITTAPI function instrumented: __itt_thr_ignore
1499830 : 0x52991493b49a9 : 2 : ittapi_config_apply_per_lib :  ITTAPI function instrumented: __itt_histogram_create
1499830 : 0x52991493b4f71 : 2 : ittapi_config_apply_per_lib :  ITTAPI function instrumented: __itt_counter_create_v3
1499830 : 0x52991493b91eb : 2 : ittapi_config_apply_per_lib :  ITTAPI function instrumented: __itt_bind_context_metadata_to_counter
1499830 : 0x52991493b988f : 2 : ittapi_config_apply_per_lib :  ITTAPI function not implemented: __itt_enable_attach
1499830 : 0x52991493bb105 : 2 : ittapi_config_apply_per_lib :  ITTAPI function instrumented: __itt_detach
1499830 : 0x52991493bb67f : 2 : ittapi_config_apply_per_lib :  ITTAPI function NOT instrumented (not matched by --itt-config option): __itt_sync_create

1499830 : 0x52991493bbb98 : 2 : ittapi_config_apply_per_lib :  ITTAPI function NOT instrumented (not matched by --itt-config option): __itt_sync_rename

1499830 : 0x52991493bc048 : 2 : ittapi_config_apply_per_lib :  ITTAPI function NOT instrumented (not matched by --itt-config option): __itt_sync_destroy

1499830 : 0x52991493bc535 : 2 : ittapi_config_apply_per_lib :  ITTAPI function NOT instrumented (not matched by --itt-config option): __itt_sync_prepare

1499830 : 0x52991493bc9ed : 2 : ittapi_config_apply_per_lib :  ITTAPI function NOT instrumented (not matched by --itt-config option): __itt_sync_cancel

1499830 : 0x52991493bce8a : 2 : ittapi_config_apply_per_lib :  ITTAPI function NOT instrumented (not matched by --itt-config option): __itt_sync_acquired

1499830 : 0x52991493bd367 : 2 : ittapi_config_apply_per_lib :  ITTAPI function NOT instrumented (not matched by --itt-config option): __itt_sync_releasing

1499830 : 0x52991493c17da : 2 : ittapi_config_apply_per_lib :  ITTAPI function not implemented: __itt_suppress_push
1499830 : 0x52991493c200c : 2 : ittapi_config_apply_per_lib :  ITTAPI function not implemented: __itt_suppress_pop
1499830 : 0x52991493c32f6 : 2 : ittapi_config_apply_per_lib :  ITTAPI function not implemented: __itt_suppress_mark_range
1499830 : 0x52991493c3b16 : 2 : ittapi_config_apply_per_lib :  ITTAPI function not implemented: __itt_suppress_clear_range
1499830 : 0x52991493c3f92 : 2 : ittapi_config_apply_per_lib :  ITTAPI function NOT instrumented (not matched by --itt-config option): __itt_sync_prepare

1499830 : 0x52991493c43e7 : 2 : ittapi_config_apply_per_lib :  ITTAPI function NOT instrumented (not matched by --itt-config option): __itt_sync_cancel

1499830 : 0x52991493c4842 : 2 : ittapi_config_apply_per_lib :  ITTAPI function NOT instrumented (not matched by --itt-config option): __itt_sync_acquired

1499830 : 0x52991493c4c95 : 2 : ittapi_config_apply_per_lib :  ITTAPI function NOT instrumented (not matched by --itt-config option): __itt_sync_releasing

1499830 : 0x52991493c515c : 2 : ittapi_config_apply_per_lib :  ITTAPI function NOT instrumented (not matched by --itt-config option): __itt_model_site_begin

1499830 : 0x52991493c5698 : 2 : ittapi_config_apply_per_lib :  ITTAPI function NOT instrumented (not matched by --itt-config option): __itt_model_site_end

1499830 : 0x52991493c5b30 : 2 : ittapi_config_apply_per_lib :  ITTAPI function NOT instrumented (not matched by --itt-config option): __itt_model_task_begin

1499830 : 0x52991493c5f99 : 2 : ittapi_config_apply_per_lib :  ITTAPI function NOT instrumented (not matched by --itt-config option): __itt_model_task_end

1499830 : 0x52991493c7ed3 : 2 : ittapi_config_apply_per_lib :  ITTAPI function NOT instrumented (not matched by --itt-config option): __itt_model_lock_acquire

1499830 : 0x52991493c83a2 : 2 : ittapi_config_apply_per_lib :  ITTAPI function NOT instrumented (not matched by --itt-config option): __itt_model_lock_release

1499830 : 0x52991493c87d9 : 2 : ittapi_config_apply_per_lib :  ITTAPI function NOT instrumented (not matched by --itt-config option): __itt_model_record_allocation

1499830 : 0x52991493c8c73 : 2 : ittapi_config_apply_per_lib :  ITTAPI function NOT instrumented (not matched by --itt-config option): __itt_model_record_deallocation

1499830 : 0x52991493c90d6 : 2 : ittapi_config_apply_per_lib :  ITTAPI function NOT instrumented (not matched by --itt-config option): __itt_model_induction_uses

1499830 : 0x52991493c957d : 2 : ittapi_config_apply_per_lib :  ITTAPI function NOT instrumented (not matched by --itt-config option): __itt_model_reduction_uses

1499830 : 0x52991493c99f7 : 2 : ittapi_config_apply_per_lib :  ITTAPI function NOT instrumented (not matched by --itt-config option): __itt_model_observe_uses

1499830 : 0x52991493c9e32 : 2 : ittapi_config_apply_per_lib :  ITTAPI function NOT instrumented (not matched by --itt-config option): __itt_model_clear_uses

1499830 : 0x52991493ca26b : 2 : ittapi_config_apply_per_lib :  ITTAPI function NOT instrumented (not matched by --itt-config option): __itt_model_site_beginA

1499830 : 0x52991493ca6a2 : 2 : ittapi_config_apply_per_lib :  ITTAPI function NOT instrumented (not matched by --itt-config option): __itt_model_site_beginAL

1499830 : 0x52991493cb74e : 2 : ittapi_config_apply_per_lib :  ITTAPI function NOT instrumented (not matched by --itt-config option): __itt_model_task_beginA

1499830 : 0x52991493cbbe0 : 2 : ittapi_config_apply_per_lib :  ITTAPI function NOT instrumented (not matched by --itt-config option): __itt_model_task_beginAL

1499830 : 0x52991493cc003 : 2 : ittapi_config_apply_per_lib :  ITTAPI function NOT instrumented (not matched by --itt-config option): __itt_model_iteration_taskA

1499830 : 0x52991493cc49e : 2 : ittapi_config_apply_per_lib :  ITTAPI function NOT instrumented (not matched by --itt-config option): __itt_model_iteration_taskAL

1499830 : 0x52991493cc8d1 : 2 : ittapi_config_apply_per_lib :  ITTAPI function NOT instrumented (not matched by --itt-config option): __itt_model_site_end_2

1499830 : 0x52991493ccd07 : 2 : ittapi_config_apply_per_lib :  ITTAPI function NOT instrumented (not matched by --itt-config option): __itt_model_task_end_2

1499830 : 0x52991493cd149 : 2 : ittapi_config_apply_per_lib :  ITTAPI function NOT instrumented (not matched by --itt-config option): __itt_model_lock_acquire_2

1499830 : 0x52991493cd5bf : 2 : ittapi_config_apply_per_lib :  ITTAPI function NOT instrumented (not matched by --itt-config option): __itt_model_lock_release_2

1499830 : 0x52991493cda31 : 2 : ittapi_config_apply_per_lib :  ITTAPI function NOT instrumented (not matched by --itt-config option): __itt_model_aggregate_task

1499830 : 0x52991493cde60 : 2 : ittapi_config_apply_per_lib :  ITTAPI function NOT instrumented (not matched by --itt-config option): __itt_model_disable_push

1499830 : 0x52991493cf589 : 2 : ittapi_config_apply_per_lib :  ITTAPI function NOT instrumented (not matched by --itt-config option): __itt_model_disable_pop

1499830 : 0x52991493cfb83 : 2 : ittapi_config_apply_per_lib :  ITTAPI function instrumented: __itt_heap_function_create
1499830 : 0x52991493d00db : 2 : ittapi_config_apply_per_lib :  ITTAPI function instrumented: __itt_heap_allocate_begin
1499830 : 0x52991493d05f0 : 2 : ittapi_config_apply_per_lib :  ITTAPI function instrumented: __itt_heap_allocate_end
1499830 : 0x52991493d0b5e : 2 : ittapi_config_apply_per_lib :  ITTAPI function instrumented: __itt_heap_free_begin
1499830 : 0x52991493d1086 : 2 : ittapi_config_apply_per_lib :  ITTAPI function instrumented: __itt_heap_free_end
1499830 : 0x52991493d1586 : 2 : ittapi_config_apply_per_lib :  ITTAPI function instrumented: __itt_heap_reallocate_begin
1499830 : 0x52991493d1a8d : 2 : ittapi_config_apply_per_lib :  ITTAPI function instrumented: __itt_heap_reallocate_end
1499830 : 0x52991493d20c4 : 2 : ittapi_config_apply_per_lib :  ITTAPI function not implemented: __itt_heap_internal_access_begin
1499830 : 0x52991493d26bf : 2 : ittapi_config_apply_per_lib :  ITTAPI function not implemented: __itt_heap_internal_access_end
1499830 : 0x52991493d3975 : 2 : ittapi_config_apply_per_lib :  ITTAPI function not implemented: __itt_heap_record_memory_growth_begin
1499830 : 0x52991493d3fc1 : 2 : ittapi_config_apply_per_lib :  ITTAPI function not implemented: __itt_heap_record_memory_growth_end
1499830 : 0x52991493d4569 : 2 : ittapi_config_apply_per_lib :  ITTAPI function not implemented: __itt_heap_reset_detection
1499830 : 0x52991493d4c10 : 2 : ittapi_config_apply_per_lib :  ITTAPI function not implemented: __itt_heap_record
1499830 : 0x52991493d51ba : 2 : ittapi_config_apply_per_lib :  ITTAPI function not implemented: __itt_id_create
1499830 : 0x52991493d5746 : 2 : ittapi_config_apply_per_lib :  ITTAPI function not implemented: __itt_id_destroy
1499830 : 0x52991493d5cb2 : 2 : ittapi_config_apply_per_lib :  ITTAPI function instrumented: __itt_get_timestamp
1499830 : 0x52991493d623d : 2 : ittapi_config_apply_per_lib :  ITTAPI function not implemented: __itt_region_begin
1499830 : 0x52991493d6823 : 2 : ittapi_config_apply_per_lib :  ITTAPI function not implemented: __itt_region_end
1499830 : 0x52991493d6d99 : 2 : ittapi_config_apply_per_lib :  ITTAPI function instrumented: __itt_frame_begin_v3
1499830 : 0x52991493d7eeb : 2 : ittapi_config_apply_per_lib :  ITTAPI function instrumented: __itt_frame_end_v3
1499830 : 0x52991493d8480 : 2 : ittapi_config_apply_per_lib :  ITTAPI function instrumented: __itt_frame_submit_v3
1499830 : 0x52991493d8a47 : 2 : ittapi_config_apply_per_lib :  ITTAPI function not implemented: __itt_task_group
1499830 : 0x52991493d8fdf : 2 : ittapi_config_apply_per_lib :  ITTAPI function instrumented: __itt_task_begin
1499830 : 0x52991493d9505 : 2 : ittapi_config_apply_per_lib :  ITTAPI function instrumented: __itt_task_begin_fn
1499830 : 0x52991493d9a13 : 2 : ittapi_config_apply_per_lib :  ITTAPI function instrumented: __itt_task_end
1499830 : 0x52991493d9ff5 : 2 : ittapi_config_apply_per_lib :  ITTAPI function not implemented: __itt_counter_inc_v3
1499830 : 0x52991493da5bf : 2 : ittapi_config_apply_per_lib :  ITTAPI function not implemented: __itt_counter_inc_delta_v3
1499830 : 0x52991493dab54 : 2 : ittapi_config_apply_per_lib :  ITTAPI function not implemented: __itt_counter_dec_v3
1499830 : 0x52991493db0bb : 2 : ittapi_config_apply_per_lib :  ITTAPI function not implemented: __itt_counter_dec_delta_v3
1499830 : 0x52991493dc24b : 2 : ittapi_config_apply_per_lib :  ITTAPI function not implemented: __itt_marker
1499830 : 0x52991493dc7b0 : 2 : ittapi_config_apply_per_lib :  ITTAPI function instrumented: __itt_metadata_add
1499830 : 0x52991493dcd70 : 2 : ittapi_config_apply_per_lib :  ITTAPI function not implemented: __itt_metadata_str_add
1499830 : 0x52991493dd2d4 : 2 : ittapi_config_apply_per_lib :  ITTAPI function not implemented: __itt_relation_add_to_current
1499830 : 0x52991493dd851 : 2 : ittapi_config_apply_per_lib :  ITTAPI function not implemented: __itt_relation_add
1499830 : 0x52991493ddda4 : 2 : ittapi_config_apply_per_lib :  ITTAPI function instrumented: __itt_event_create
1499830 : 0x52991493de2cd : 2 : ittapi_config_apply_per_lib :  ITTAPI function instrumented: __itt_event_start
1499830 : 0x52991493de7de : 2 : ittapi_config_apply_per_lib :  ITTAPI function instrumented: __itt_event_end
1499830 : 0x52991493dec40 : 2 : ittapi_config_apply_per_lib :  ITTAPI function NOT instrumented (not matched by --itt-config option): __itt_sync_set_name

1499830 : 0x52991493df0bb : 2 : ittapi_config_apply_per_lib :  ITTAPI function NOT instrumented (not matched by --itt-config option): __itt_notify_sync_name

1499830 : 0x52991493e07fb : 2 : ittapi_config_apply_per_lib :  ITTAPI function NOT instrumented (not matched by --itt-config option): __itt_notify_sync_prepare

1499830 : 0x52991493e0c98 : 2 : ittapi_config_apply_per_lib :  ITTAPI function NOT instrumented (not matched by --itt-config option): __itt_notify_sync_cancel

1499830 : 0x52991493e10be : 2 : ittapi_config_apply_per_lib :  ITTAPI function NOT instrumented (not matched by --itt-config option): __itt_notify_sync_acquired

1499830 : 0x52991493e14ea : 2 : ittapi_config_apply_per_lib :  ITTAPI function NOT instrumented (not matched by --itt-config option): __itt_notify_sync_releasing

1499830 : 0x52991493e1aaf : 2 : ittapi_config_apply_per_lib :  ITTAPI function not implemented: __itt_memory_read
1499830 : 0x52991493e203e : 2 : ittapi_config_apply_per_lib :  ITTAPI function not implemented: __itt_memory_write
1499830 : 0x52991493e25db : 2 : ittapi_config_apply_per_lib :  ITTAPI function not implemented: __itt_memory_update
1499830 : 0x52991493e2be0 : 2 : ittapi_config_apply_per_lib :  ITTAPI function not implemented: __itt_state_get
1499830 : 0x52991493e3166 : 2 : ittapi_config_apply_per_lib :  ITTAPI function not implemented: __itt_state_set
1499830 : 0x52991493e3701 : 2 : ittapi_config_apply_per_lib :  ITTAPI function not implemented: __itt_obj_mode_set
1499830 : 0x52991493e4a3a : 2 : ittapi_config_apply_per_lib :  ITTAPI function not implemented: __itt_thr_mode_set
1499830 : 0x52991493e4fd5 : 2 : ittapi_config_apply_per_lib :  ITTAPI function instrumented: __itt_frame_create
1499830 : 0x52991493e5504 : 2 : ittapi_config_apply_per_lib :  ITTAPI function instrumented: __itt_pt_region_create
1499830 : 0x52991493e5a39 : 2 : ittapi_config_apply_per_lib :  ITTAPI function instrumented: __itt_frame_begin
1499830 : 0x52991493e5f6a : 2 : ittapi_config_apply_per_lib :  ITTAPI function instrumented: __itt_frame_end
1499830 : 0x52991493e652e : 2 : ittapi_config_apply_per_lib :  ITTAPI function not implemented: __itt_counter_destroy
1499830 : 0x52991493e6a4f : 2 : ittapi_config_apply_per_lib :  ITTAPI function instrumented: __itt_counter_inc
1499830 : 0x52991493e6f75 : 2 : ittapi_config_apply_per_lib :  ITTAPI function instrumented: __itt_counter_inc_delta
1499830 : 0x52991493e74b5 : 2 : ittapi_config_apply_per_lib :  ITTAPI function instrumented: __itt_counter_dec
1499830 : 0x52991493e79ed : 2 : ittapi_config_apply_per_lib :  ITTAPI function instrumented: __itt_counter_dec_delta
1499830 : 0x52991493e8bc9 : 2 : ittapi_config_apply_per_lib :  ITTAPI function instrumented: __itt_counter_set_value
1499830 : 0x52991493e9174 : 2 : ittapi_config_apply_per_lib :  ITTAPI function not implemented: __itt_counter_set_value_ex
1499830 : 0x52991493e96fc : 2 : ittapi_config_apply_per_lib :  ITTAPI function not implemented: __itt_mark_create
1499830 : 0x52991493e9c9f : 2 : ittapi_config_apply_per_lib :  ITTAPI function not implemented: __itt_mark
1499830 : 0x52991493ea231 : 2 : ittapi_config_apply_per_lib :  ITTAPI function not implemented: __itt_mark_off
1499830 : 0x52991493ea783 : 2 : ittapi_config_apply_per_lib :  ITTAPI function not implemented: __itt_mark_global
1499830 : 0x52991493eacd5 : 2 : ittapi_config_apply_per_lib :  ITTAPI function not implemented: __itt_mark_global_off
1499830 : 0x52991493eb27f : 2 : ittapi_config_apply_per_lib :  ITTAPI function instrumented: __itt_stack_caller_create
1499830 : 0x52991493eb78b : 2 : ittapi_config_apply_per_lib :  ITTAPI function instrumented: __itt_stack_caller_destroy
1499830 : 0x52991493ebcc5 : 2 : ittapi_config_apply_per_lib :  ITTAPI function instrumented: __itt_stack_callee_enter
1499830 : 0x52991493ed7a3 : 2 : ittapi_config_apply_per_lib :  ITTAPI function instrumented: __itt_stack_callee_leave
1499830 : 0x52991493eddbb : 2 : ittapi_config_apply_per_lib :  ITTAPI function not implemented: __itt_clock_domain_create
1499830 : 0x52991493ee372 : 2 : ittapi_config_apply_per_lib :  ITTAPI function not implemented: __itt_clock_domain_reset
1499830 : 0x52991493ee91a : 2 : ittapi_config_apply_per_lib :  ITTAPI function not implemented: __itt_id_create_ex
1499830 : 0x52991493eeeef : 2 : ittapi_config_apply_per_lib :  ITTAPI function not implemented: __itt_id_destroy_ex
1499830 : 0x52991493ef523 : 2 : ittapi_config_apply_per_lib :  ITTAPI function not implemented: __itt_task_begin_ex
1499830 : 0x52991493efabb : 2 : ittapi_config_apply_per_lib :  ITTAPI function not implemented: __itt_task_begin_fn_ex
1499830 : 0x52991493f0077 : 2 : ittapi_config_apply_per_lib :  ITTAPI function not implemented: __itt_task_end_ex
1499830 : 0x52991493f0621 : 2 : ittapi_config_apply_per_lib :  ITTAPI function instrumented: __itt_task_begin_overlapped
1499830 : 0x52991493f0b8c : 2 : ittapi_config_apply_per_lib :  ITTAPI function not implemented: __itt_task_begin_overlapped_ex
1499830 : 0x52991493f1e59 : 2 : ittapi_config_apply_per_lib :  ITTAPI function instrumented: __itt_task_end_overlapped
1499830 : 0x52991493f2477 : 2 : ittapi_config_apply_per_lib :  ITTAPI function not implemented: __itt_task_end_overlapped_ex
1499830 : 0x52991493f2a22 : 2 : ittapi_config_apply_per_lib :  ITTAPI function not implemented: __itt_marker_ex
1499830 : 0x52991493f30d4 : 2 : ittapi_config_apply_per_lib :  ITTAPI function not implemented: __itt_metadata_add_with_scope
1499830 : 0x52991493f36e3 : 2 : ittapi_config_apply_per_lib :  ITTAPI function not implemented: __itt_metadata_str_add_with_scope
1499830 : 0x52991493f3caa : 2 : ittapi_config_apply_per_lib :  ITTAPI function not implemented: __itt_relation_add_to_current_ex
1499830 : 0x52991493f4237 : 2 : ittapi_config_apply_per_lib :  ITTAPI function not implemented: __itt_relation_add_ex
1499830 : 0x52991493f47e6 : 2 : ittapi_config_apply_per_lib :  ITTAPI function not implemented: __itt_track_group_create
1499830 : 0x52991493f4d19 : 2 : ittapi_config_apply_per_lib :  ITTAPI function not implemented: __itt_track_create
1499830 : 0x52991493f529d : 2 : ittapi_config_apply_per_lib :  ITTAPI function not implemented: __itt_set_track
1499830 : 0x52991493f64b4 : 2 : ittapi_config_apply_per_lib :  ITTAPI function instrumented: __itt_api_version
1499830 : 0x52991493f6aa3 : 2 : ittapi_config_apply_per_lib :  ITTAPI function not implemented: __itt_av_save
1499830 : 0x52991493f6fcd : 2 : ittapi_config_apply_per_lib :  ITTAPI function instrumented: __itt_module_load
1499830 : 0x52991493f7591 : 2 : ittapi_config_apply_per_lib :  ITTAPI function not implemented: __itt_module_unload
1499830 : 0x52991493f7a38 : 2 : ittapi_config_apply_per_lib :  ITTAPI function NOT instrumented (not matched by --itt-config option): __itt_histogram_submit

1499830 : 0x52991493f7fd6 : 2 : ittapi_config_apply_per_lib :  ITTAPI function instrumented: __itt_counter_set_value_v3