
1023461 : 0x34863abef1246 : 1 : spill_jit_data :  Jit agent is not initialized
1023219 : 0x34863abf94f54 : 2 : ittapi_config_mask_get :  --itt-config mask to be applied: 39
1023219 : 0x34863abf9784f : 2 : ittapi_config_apply_per_lib :  ITTAPI function instrumented: __itt_domain_create
1023219 : 0x34863abf9842b : 2 : ittapi_config_apply_per_lib :  ITTAPI function instrumented: __itt_module_load_with_sections
1023219 : 0x34863abf99349 : 2 : ittapi_config_apply_per_lib :  ITTAPI function not implemented: __itt_module_unload_with_sections
1023219 : 0x34863abf99c2e : 2 : ittapi_config_apply_per_lib :  ITTAPI function instrumented: __itt_string_handle_create
1023219 : 0x34863abf9a39c : 2 : ittapi_config_apply_per_lib :  ITTAPI function instrumented: __itt_counter_create
1023219 : 0x34863abf9aa7e : 2 : ittapi_config_apply_per_lib :  ITTAPI function instrumented: __itt_counter_create_typed
1023219 : 0x34863abf9b1a3 : 2 : ittapi_config_apply_per_lib :  ITTAPI function instrumented: __itt_pause
1023219 : 0x34863abf9b93b : 2 : ittapi_config_apply_per_lib :  ITTAPI function instrumented: __itt_resume
1023219 : 0x34863abfa1f6d : 2 : ittapi_config_apply_per_lib :  ITTAPI function not implemented: __itt_pause_scoped
1023219 : 0x34863abfa2a47 : 2 : ittapi_config_apply_per_lib :  ITTAPI function not implemented: __itt_resume_scoped
1023219 : 0x34863abfa31b9 : 2 : ittapi_config_apply_per_lib :  ITTAPI function instrumented: __itt_thread_set_name
1023219 : 0x34863abfa38f0 : 2 : ittapi_config_apply_per_lib :  ITTAPI function instrumented: __itt_thread_ignore
1023219 : 0x34863abfa3ff0 : 2 : ittapi_config_apply_per_lib :  ITTAPI function instrumented: __itt_thr_name_set
1023219 : 0x34863abfa472b : 2 : ittapi_config_apply_per_lib :  ITTAPI function instrumented: __itt_thr_ignore
1023219 : 0x34863abfa4e54 : 2 : ittapi_config_apply_per_lib :  ITTAPI function instrumented: __itt_histogram_create
1023219 : 0x34863abfa54c7 : 2 : ittapi_config_apply_per_lib :  ITTAPI function instrumented: __itt_counter_create_v3
1023219 : 0x34863abfa5be6 : 2 : ittapi_config_apply_per_lib :  ITTAPI function instrumented: __itt_bind_context_metadata_to_counter
1023219 : 0x34863abfa638d : 2 : ittapi_config_apply_per_lib :  ITTAPI function not implemented: __itt_enable_attach
1023219 : 0x34863abfa8052 : 2 : ittapi_config_apply_per_lib :  ITTAPI function instrumented: __itt_detach
1023219 : 0x34863abfa869e : 2 : ittapi_config_apply_per_lib :  ITTAPI function NOT instrumented (not matched by --itt-config option): __itt_sync_create

1023219 : 0x34863abfa8c92 : 2 : ittapi_config_apply_per_lib :  ITTAPI function NOT instrumented (not matched by --itt-config option): __itt_sync_rename

1023219 : 0x34863abfa9207 : 2 : ittapi_config_apply_per_lib :  ITTAPI function NOT instrumented (not matched by --itt-config option): __itt_sync_destroy

1023219 : 0x34863abfa9771 : 2 : ittapi_config_apply_per_lib :  ITTAPI function NOT instrumented (not matched by --itt-config option): __itt_sync_prepare

1023219 : 0x34863abfa9d00 : 2 : ittapi_config_apply_per_lib :  ITTAPI function NOT instrumented (not matched by --itt-config option): __itt_sync_cancel

1023219 : 0x34863abfaa27c : 2 : ittapi_config_apply_per_lib :  ITTAPI function NOT instrumented (not matched by --itt-config option): __itt_sync_acquired

1023219 : 0x34863abfaa808 : 2 : ittapi_config_apply_per_lib :  ITTAPI function NOT instrumented (not matched by --itt-config option): __itt_sync_releasing

1023219 : 0x34863abfaaf38 : 2 : ittapi_config_apply_per_lib :  ITTAPI function not implemented: __itt_suppress_push
1023219 : 0x34863abfaf6a3 : 2 : ittapi_config_apply_per_lib :  ITTAPI function not implemented: __itt_suppress_pop
1023219 : 0x34863abfb0dae : 2 : ittapi_config_apply_per_lib :  ITTAPI function not implemented: __itt_suppress_mark_range
1023219 : 0x34863abfb167c : 2 : ittapi_config_apply_per_lib :  ITTAPI function not implemented: __itt_suppress_clear_range
1023219 : 0x34863abfb1bc6 : 2 : ittapi_config_apply_per_lib :  ITTAPI function NOT instrumented (not matched by --itt-config option): __itt_sync_prepare

1023219 : 0x34863abfb20cd : 2 : ittapi_config_apply_per_lib :  ITTAPI function NOT instrumented (not matched by --itt-config option): __itt_sync_cancel

1023219 : 0x34863abfb25fe : 2 : ittapi_config_apply_per_lib :  ITTAPI function NOT instrumented (not matched by --itt-config option): __itt_sync_acquired

1023219 : 0x34863abfb2b40 : 2 : ittapi_config_apply_per_lib :  ITTAPI function NOT instrumented (not matched by --itt-config option): __itt_sync_releasing

1023219 : 0x34863abfb30e5 : 2 : ittapi_config_apply_per_lib :  ITTAPI function NOT instrumented (not matched by --itt-config option): __itt_model_site_begin

1023219 : 0x34863abfb3734 : 2 : ittapi_config_apply_per_lib :  ITTAPI function NOT instrumented (not matched by --itt-config option): __itt_model_site_end

1023219 : 0x34863abfb3cc4 : 2 : ittapi_config_apply_per_lib :  ITTAPI function NOT instrumented (not matched by --itt-config option): __itt_model_task_begin

1023219 : 0x34863abfb8af5 : 2 : ittapi_config_apply_per_lib :  ITTAPI function NOT instrumented (not matched by --itt-config option): __itt_model_task_end

1023219 : 0x34863abfbefbd : 2 : ittapi_config_apply_per_lib :  ITTAPI function NOT instrumented (not matched by --itt-config option): __itt_model_lock_acquire

1023219 : 0x34863abfbf542 : 2 : ittapi_config_apply_per_lib :  ITTAPI function NOT instrumented (not matched by --itt-config option): __itt_model_lock_release

1023219 : 0x34863abfbfa59 : 2 : ittapi_config_apply_per_lib :  ITTAPI function NOT instrumented (not matched by --itt-config option): __itt_model_record_allocation

1023219 : 0x34863abfbff7f : 2 : ittapi_config_apply_per_lib :  ITTAPI function NOT instrumented (not matched by --itt-config option): __itt_model_record_deallocation

1023219 : 0x34863abfc045c : 2 : ittapi_config_apply_per_lib :  ITTAPI function NOT instrumented (not matched by --itt-config option): __itt_model_induction_uses

1023219 : 0x34863abfc0999 : 2 : ittapi_config_apply_per_lib :  ITTAPI function NOT instrumented (not matched by --itt-config option): __itt_model_reduction_uses

1023219 : 0x34863abfc0e71 : 2 : ittapi_config_apply_per_lib :  ITTAPI function NOT instrumented (not matched by --itt-config option): __itt_model_observe_uses

1023219 : 0x34863abfc55d8 : 2 : ittapi_config_apply_per_lib :  ITTAPI function NOT instrumented (not matched by --itt-config option): __itt_model_clear_uses

1023219 : 0x34863abfc5ad7 : 2 : ittapi_config_apply_per_lib :  ITTAPI function NOT instrumented (not matched by --itt-config option): __itt_model_site_beginA

1023219 : 0x34863abfc5f70 : 2 : ittapi_config_apply_per_lib :  ITTAPI function NOT instrumented (not matched by --itt-config option): __itt_model_site_beginAL

1023219 : 0x34863abfc7176 : 2 : ittapi_config_apply_per_lib :  ITTAPI function NOT instrumented (not matched by --itt-config option): __itt_model_task_beginA

1023219 : 0x34863abfc7630 : 2 : ittapi_config_apply_per_lib :  ITTAPI function NOT instrumented (not matched by --itt-config option): __itt_model_task_beginAL

1023219 : 0x34863abfc7a9f : 2 : ittapi_config_apply_per_lib :  ITTAPI function NOT instrumented (not matched by --itt-config option): __itt_model_iteration_taskA

1023219 : 0x34863abfc7fa0 : 2 : ittapi_config_apply_per_lib :  ITTAPI function NOT instrumented (not matched by --itt-config option): __itt_model_iteration_taskAL

1023219 : 0x34863abfc843f : 2 : ittapi_config_apply_per_lib :  ITTAPI function NOT instrumented (not matched by --itt-config option): __itt_model_site_end_2

1023219 : 0x34863abfc894d : 2 : ittapi_config_apply_per_lib :  ITTAPI function NOT instrumented (not matched by --itt-config option): __itt_model_task_end_2

1023219 : 0x34863abfc8dd5 : 2 : ittapi_config_apply_per_lib :  ITTAPI function NOT instrumented (not matched by --itt-config option): __itt_model_lock_acquire_2

1023219 : 0x34863abfc926c : 2 : ittapi_config_apply_per_lib :  ITTAPI function NOT instrumented (not matched by --itt-config option): __itt_model_lock_release_2

1023219 : 0x34863abfc978a : 2 : ittapi_config_apply_per_lib :  ITTAPI function NOT instrumented (not matched by --itt-config option): __itt_model_aggregate_task

1023219 : 0x34863abfc9bfc : 2 : ittapi_config_apply_per_lib :  ITTAPI function NOT instrumented (not matched by --itt-config option): __itt_model_disable_push

1023219 : 0x34863abfcbc29 : 2 : ittapi_config_apply_per_lib :  ITTAPI function NOT instrumented (not matched by --itt-config option): __itt_model_disable_pop

1023219 : 0x34863abfcc310 : 2 : ittapi_config_apply_per_lib :  ITTAPI function instrumented: __itt_heap_function_create
1023219 : 0x34863abfcc8ce : 2 : ittapi_config_apply_per_lib :  ITTAPI function instrumented: __itt_heap_allocate_begin
1023219 : 0x34863abfcceae : 2 : ittapi_config_apply_per_lib :  ITTAPI function instrumented: __itt_heap_allocate_end
1023219 : 0x34863abfcd478 : 2 : ittapi_config_apply_per_lib :  ITTAPI function instrumented: __itt_heap_free_begin
1023219 : 0x34863abfcda66 : 2 : ittapi_config_apply_per_lib :  ITTAPI function instrumented: __itt_heap_free_end
1023219 : 0x34863abfce005 : 2 : ittapi_config_apply_per_lib :  ITTAPI function instrumented: __itt_heap_reallocate_begin
1023219 : 0x34863abfce5b8 : 2 : ittapi_config_apply_per_lib :  ITTAPI function instrumented: __itt_heap_reallocate_end
1023219 : 0x34863abfcecd8 : 2 : ittapi_config_apply_per_lib :  ITTAPI function not implemented: __itt_heap_internal_access_begin
1023219 : 0x34863abfcf3b5 : 2 : ittapi_config_apply_per_lib :  ITTAPI function not implemented: __itt_heap_internal_access_end
1023219 : 0x34863abfd0878 : 2 : ittapi_config_apply_per_lib :  ITTAPI function not implemented: __itt_heap_record_memory_growth_begin
1023219 : 0x34863abfd0f4d : 2 : ittapi_config_apply_per_lib :  ITTAPI function not implemented: __itt_heap_record_memory_growth_end
1023219 : 0x34863abfd15ff : 2 : ittapi_config_apply_per_lib :  ITTAPI function not implemented: __itt_heap_reset_detection
1023219 : 0x34863abfd1c09 : 2 : ittapi_config_apply_per_lib :  ITTAPI function not implemented: __itt_heap_record
1023219 : 0x34863abfd2272 : 2 : ittapi_config_apply_per_lib :  ITTAPI function not implemented: __itt_id_create
1023219 : 0x34863abfd28dd : 2 : ittapi_config_apply_per_lib :  ITTAPI function not implemented: __itt_id_destroy
1023219 : 0x34863abfd2ec8 : 2 : ittapi_config_apply_per_lib :  ITTAPI function instrumented: __itt_get_timestamp
1023219 : 0x34863abfd3534 : 2 : ittapi_config_apply_per_lib :  ITTAPI function not implemented: __itt_region_begin
1023219 : 0x34863abfd3b73 : 2 : ittapi_config_apply_per_lib :  ITTAPI function not implemented: __itt_region_end
1023219 : 0x34863abfd4126 : 2 : ittapi_config_apply_per_lib :  ITTAPI function instrumented: __itt_frame_begin_v3
1023219 : 0x34863abfd53d0 : 2 : ittapi_config_apply_per_lib :  ITTAPI function instrumented: __itt_frame_end_v3
1023219 : 0x34863abfd5991 : 2 : ittapi_config_apply_per_lib :  ITTAPI function instrumented: __itt_frame_submit_v3
1023219 : 0x34863abfd5fd2 : 2 : ittapi_config_apply_per_lib :  ITTAPI function not implemented: __itt_task_group
1023219 : 0x34863abfd65c6 : 2 : ittapi_config_apply_per_lib :  ITTAPI function instrumented: __itt_task_begin
1023219 : 0x34863abfd6b91 : 2 : ittapi_config_apply_per_lib :  ITTAPI function instrumented: __itt_task_begin_fn
1023219 : 0x34863abfd7114 : 2 : ittapi_config_apply_per_lib :  ITTAPI function instrumented: __itt_task_end
1023219 : 0x34863abfd7736 : 2 : ittapi_config_apply_per_lib :  ITTAPI function not implemented: __itt_counter_inc_v3
1023219 : 0x34863abfd7d84 : 2 : ittapi_config_apply_per_lib :  ITTAPI function not implemented: __itt_counter_inc_delta_v3
1023219 : 0x34863abfd83ff : 2 : ittapi_config_apply_per_lib :  ITTAPI function not implemented: __itt_counter_dec_v3
1023219 : 0x34863abfd89c7 : 2 : ittapi_config_apply_per_lib :  ITTAPI function not implemented: __itt_counter_dec_delta_v3
1023219 : 0x34863abfd9cd4 : 2 : ittapi_config_apply_per_lib :  ITTAPI function not implemented: __itt_marker
1023219 : 0x34863abfda2e3 : 2 : ittapi_config_apply_per_lib :  ITTAPI function instrumented: __itt_metadata_add
1023219 : 0x34863abfda8f6 : 2 : ittapi_config_apply_per_lib :  ITTAPI function not implemented: __itt_metadata_str_add
1023219 : 0x34863abfdaece : 2 : ittapi_config_apply_per_lib :  ITTAPI function not implemented: __itt_relation_add_to_current
1023219 : 0x34863abfdb527 : 2 : ittapi_config_apply_per_lib :  ITTAPI function not implemented: __itt_relation_add
1023219 : 0x34863abfdbad7 : 2 : ittapi_config_apply_per_lib :  ITTAPI function instrumented: __itt_event_create
1023219 : 0x34863abfdc0a0 : 2 : ittapi_config_apply_per_lib :  ITTAPI function instrumented: __itt_event_start
1023219 : 0x34863abfdc605 : 2 : ittapi_config_apply_per_lib :  ITTAPI function instrumented: __itt_event_end
1023219 : 0x34863abfdcaa7 : 2 : ittapi_config_apply_per_lib :  ITTAPI function NOT instrumented (not matched by --itt-config option): __itt_sync_set_name

1023219 : 0x34863abfdcf55 : 2 : ittapi_config_apply_per_lib :  ITTAPI function NOT instrumented (not matched by --itt-config option): __itt_notify_sync_name

1023219 : 0x34863abfdea49 : 2 : ittapi_config_apply_per_lib :  ITTAPI function NOT instrumented (not matched by --itt-config option): __itt_notify_sync_prepare

1023219 : 0x34863abfdef20 : 2 : ittapi_config_apply_per_lib :  ITTAPI function NOT instrumented (not matched by --itt-config option): __itt_notify_sync_cancel

1023219 : 0x34863abfdf37f : 2 : ittapi_config_apply_per_lib :  ITTAPI function NOT instrumented (not matched by --itt-config option): __itt_notify_sync_acquired

1023219 : 0x34863abfdf7df : 2 : ittapi_config_apply_per_lib :  ITTAPI function NOT instrumented (not matched by --itt-config option): __itt_notify_sync_releasing

1023219 : 0x34863abfdfddd : 2 : ittapi_config_apply_per_lib :  ITTAPI function not implemented: __itt_memory_read
1023219 : 0x34863abfe0425 : 2 : ittapi_config_apply_per_lib :  ITTAPI function not implemented: __itt_memory_write
1023219 : 0x34863abfe0a8c : 2 : ittapi_config_apply_per_lib :  ITTAPI function not implemented: __itt_memory_update
1023219 : 0x34863abfe10a4 : 2 : ittapi_config_apply_per_lib :  ITTAPI function not implemented: __itt_state_get
1023219 : 0x34863abfe1659 : 2 : ittapi_config_apply_per_lib :  ITTAPI function not implemented: __itt_state_set
1023219 : 0x34863abfe1cff : 2 : ittapi_config_apply_per_lib :  ITTAPI function not implemented: __itt_obj_mode_set
1023219 : 0x34863abfe30d7 : 2 : ittapi_config_apply_per_lib :  ITTAPI function not implemented: __itt_thr_mode_set
1023219 : 0x34863abfe3696 : 2 : ittapi_config_apply_per_lib :  ITTAPI function instrumented: __itt_frame_create
1023219 : 0x34863abfe3c16 : 2 : ittapi_config_apply_per_lib :  ITTAPI function instrumented: __itt_pt_region_create
1023219 : 0x34863abfe4227 : 2 : ittapi_config_apply_per_lib :  ITTAPI function instrumented: __itt_frame_begin
1023219 : 0x34863abfe47a4 : 2 : ittapi_config_apply_per_lib :  ITTAPI function instrumented: __itt_frame_end
1023219 : 0x34863abfe4e96 : 2 : ittapi_config_apply_per_lib :  ITTAPI function not implemented: __itt_counter_destroy
1023219 : 0x34863abfe5444 : 2 : ittapi_config_apply_per_lib :  ITTAPI function instrumented: __itt_counter_inc
1023219 : 0x34863abfe59d6 : 2 : ittapi_config_apply_per_lib :  ITTAPI function instrumented: __itt_counter_inc_delta
1023219 : 0x34863abfe5f52 : 2 : ittapi_config_apply_per_lib :  ITTAPI function instrumented: __itt_counter_dec
1023219 : 0x34863abfe657a : 2 : ittapi_config_apply_per_lib :  ITTAPI function instrumented: __itt_counter_dec_delta
1023219 : 0x34863abfe78b0 : 2 : ittapi_config_apply_per_lib :  ITTAPI function instrumented: __itt_counter_set_value
1023219 : 0x34863abfe7f67 : 2 : ittapi_config_apply_per_lib :  ITTAPI function not implemented: __itt_counter_set_value_ex
1023219 : 0x34863abfe855a : 2 : ittapi_config_apply_per_lib :  ITTAPI function not implemented: __itt_mark_create
1023219 : 0x34863abfe8b6e : 2 : ittapi_config_apply_per_lib :  ITTAPI function not implemented: __itt_mark
1023219 : 0x34863abfe9154 : 2 : ittapi_config_apply_per_lib :  ITTAPI function not implemented: __itt_mark_off
1023219 : 0x34863abfe979e : 2 : ittapi_config_apply_per_lib :  ITTAPI function not implemented: __itt_mark_global
1023219 : 0x34863abfe9d58 : 2 : ittapi_config_apply_per_lib :  ITTAPI function not implemented: __itt_mark_global_off
1023219 : 0x34863abfea244 : 2 : ittapi_config_apply_per_lib :  ITTAPI function NOT instrumented (not matched by --itt-config option): __itt_stack_caller_create

1023219 : 0x34863abfea702 : 2 : ittapi_config_apply_per_lib :  ITTAPI function NOT instrumented (not matched by --itt-config option): __itt_stack_caller_destroy

1023219 : 0x34863abfeac2e : 2 : ittapi_config_apply_per_lib :  ITTAPI function NOT instrumented (not matched by --itt-config option): __itt_stack_callee_enter

1023219 : 0x34863abfec88b : 2 : ittapi_config_apply_per_lib :  ITTAPI function NOT instrumented (not matched by --itt-config option): __itt_stack_callee_leave

1023219 : 0x34863abfecfd4 : 2 : ittapi_config_apply_per_lib :  ITTAPI function not implemented: __itt_clock_domain_create
1023219 : 0x34863abfed5eb : 2 : ittapi_config_apply_per_lib :  ITTAPI function not implemented: __itt_clock_domain_reset
1023219 : 0x34863abfedc8b : 2 : ittapi_config_apply_per_lib :  ITTAPI function not implemented: __itt_id_create_ex
1023219 : 0x34863abfee266 : 2 : ittapi_config_apply_per_lib :  ITTAPI function not implemented: __itt_id_destroy_ex
1023219 : 0x34863abfee870 : 2 : ittapi_config_apply_per_lib :  ITTAPI function not implemented: __itt_task_begin_ex
1023219 : 0x34863abfeeef7 : 2 : ittapi_config_apply_per_lib :  ITTAPI function not implemented: __itt_task_begin_fn_ex
1023219 : 0x34863abfef50d : 2 : ittapi_config_apply_per_lib :  ITTAPI function not implemented: __itt_task_end_ex
1023219 : 0x34863abfefac5 : 2 : ittapi_config_apply_per_lib :  ITTAPI function instrumented: __itt_task_begin_overlapped
1023219 : 0x34863abff015c : 2 : ittapi_config_apply_per_lib :  ITTAPI function not implemented: __itt_task_begin_overlapped_ex
1023219 : 0x34863abff14f3 : 2 : ittapi_config_apply_per_lib :  ITTAPI function instrumented: __itt_task_end_overlapped
1023219 : 0x34863abff1b71 : 2 : ittapi_config_apply_per_lib :  ITTAPI function not implemented: __itt_task_end_overlapped_ex
1023219 : 0x34863abff2176 : 2 : ittapi_config_apply_per_lib :  ITTAPI function not implemented: __itt_marker_ex
1023219 : 0x34863abff27db : 2 : ittapi_config_apply_per_lib :  ITTAPI function not implemented: __itt_metadata_add_with_scope
1023219 : 0x34863abff2e54 : 2 : ittapi_config_apply_per_lib :  ITTAPI function not implemented: __itt_metadata_str_add_with_scope
1023219 : 0x34863abff34be : 2 : ittapi_config_apply_per_lib :  ITTAPI function not implemented: __itt_relation_add_to_current_ex
1023219 : 0x34863abff3ad0 : 2 : ittapi_config_apply_per_lib :  ITTAPI function not implemented: __itt_relation_add_ex
1023219 : 0x34863abff419d : 2 : ittapi_config_apply_per_lib :  ITTAPI function not implemented: __itt_track_group_create
1023219 : 0x34863abff4717 : 2 : ittapi_config_apply_per_lib :  ITTAPI function not implemented: __itt_track_create
1023219 : 0x34863abff4cc8 : 2 : ittapi_config_apply_per_lib :  ITTAPI function not implemented: __itt_set_track
1023219 : 0x34863abff605a : 2 : ittapi_config_apply_per_lib :  ITTAPI function instrumented: __itt_api_version
1023219 : 0x34863abff666a : 2 : ittapi_config_apply_per_lib :  ITTAPI function not implemented: __itt_av_save
1023219 : 0x34863abff6c10 : 2 : ittapi_config_apply_per_lib :  ITTAPI function instrumented: __itt_module_load
1023219 : 0x34863abff7220 : 2 : ittapi_config_apply_per_lib :  ITTAPI function not implemented: __itt_module_unload
1023219 : 0x34863abff76fc : 2 : ittapi_config_apply_per_lib :  ITTAPI function NOT instrumented (not matched by --itt-config option): __itt_histogram_submit

1023219 : 0x34863abff7d91 : 2 : ittapi_config_apply_per_lib :  ITTAPI function instrumented: __itt_counter_set_value_v3