
1172161 : 0x3f72b5838e52d : 1 : spill_jit_data :  Jit agent is not initialized
1172025 : 0x3f72b58448a1d : 2 : ittapi_config_mask_get :  --itt-config mask to be applied: 55
1172025 : 0x3f72b5844acb8 : 2 : ittapi_config_apply_per_lib :  ITTAPI function instrumented: __itt_domain_create
1172025 : 0x3f72b5844b7b3 : 2 : ittapi_config_apply_per_lib :  ITTAPI function instrumented: __itt_module_load_with_sections
1172025 : 0x3f72b5844c86d : 2 : ittapi_config_apply_per_lib :  ITTAPI function not implemented: __itt_module_unload_with_sections
1172025 : 0x3f72b5844d199 : 2 : ittapi_config_apply_per_lib :  ITTAPI function instrumented: __itt_string_handle_create
1172025 : 0x3f72b5844d8be : 2 : ittapi_config_apply_per_lib :  ITTAPI function instrumented: __itt_counter_create
1172025 : 0x3f72b5844dfe0 : 2 : ittapi_config_apply_per_lib :  ITTAPI function instrumented: __itt_counter_create_typed
1172025 : 0x3f72b5844e696 : 2 : ittapi_config_apply_per_lib :  ITTAPI function instrumented: __itt_pause
1172025 : 0x3f72b5844ed61 : 2 : ittapi_config_apply_per_lib :  ITTAPI function instrumented: __itt_resume
1172025 : 0x3f72b5845566c : 2 : ittapi_config_apply_per_lib :  ITTAPI function not implemented: __itt_pause_scoped
1172025 : 0x3f72b584561bf : 2 : ittapi_config_apply_per_lib :  ITTAPI function not implemented: __itt_resume_scoped
1172025 : 0x3f72b5845690d : 2 : ittapi_config_apply_per_lib :  ITTAPI function instrumented: __itt_thread_set_name
1172025 : 0x3f72b58457073 : 2 : ittapi_config_apply_per_lib :  ITTAPI function instrumented: __itt_thread_ignore
1172025 : 0x3f72b584577bb : 2 : ittapi_config_apply_per_lib :  ITTAPI function instrumented: __itt_thr_name_set
1172025 : 0x3f72b58457e78 : 2 : ittapi_config_apply_per_lib :  ITTAPI function instrumented: __itt_thr_ignore
1172025 : 0x3f72b58458547 : 2 : ittapi_config_apply_per_lib :  ITTAPI function instrumented: __itt_histogram_create
1172025 : 0x3f72b58458b7e : 2 : ittapi_config_apply_per_lib :  ITTAPI function instrumented: __itt_counter_create_v3
1172025 : 0x3f72b58459276 : 2 : ittapi_config_apply_per_lib :  ITTAPI function instrumented: __itt_bind_context_metadata_to_counter
1172025 : 0x3f72b58459a56 : 2 : ittapi_config_apply_per_lib :  ITTAPI function not implemented: __itt_enable_attach
1172025 : 0x3f72b5845b89c : 2 : ittapi_config_apply_per_lib :  ITTAPI function instrumented: __itt_detach
1172025 : 0x3f72b5845bf07 : 2 : ittapi_config_apply_per_lib :  ITTAPI function NOT instrumented (not matched by --itt-config option): __itt_sync_create

1172025 : 0x3f72b5845c565 : 2 : ittapi_config_apply_per_lib :  ITTAPI function NOT instrumented (not matched by --itt-config option): __itt_sync_rename

1172025 : 0x3f72b5845caf2 : 2 : ittapi_config_apply_per_lib :  ITTAPI function NOT instrumented (not matched by --itt-config option): __itt_sync_destroy

1172025 : 0x3f72b5845d02d : 2 : ittapi_config_apply_per_lib :  ITTAPI function NOT instrumented (not matched by --itt-config option): __itt_sync_prepare

1172025 : 0x3f72b5845d571 : 2 : ittapi_config_apply_per_lib :  ITTAPI function NOT instrumented (not matched by --itt-config option): __itt_sync_cancel

1172025 : 0x3f72b5845dae8 : 2 : ittapi_config_apply_per_lib :  ITTAPI function NOT instrumented (not matched by --itt-config option): __itt_sync_acquired

1172025 : 0x3f72b5845e050 : 2 : ittapi_config_apply_per_lib :  ITTAPI function NOT instrumented (not matched by --itt-config option): __itt_sync_releasing

1172025 : 0x3f72b5845e7dc : 2 : ittapi_config_apply_per_lib :  ITTAPI function not implemented: __itt_suppress_push
1172025 : 0x3f72b5845f139 : 2 : ittapi_config_apply_per_lib :  ITTAPI function not implemented: __itt_suppress_pop
1172025 : 0x3f72b5846083f : 2 : ittapi_config_apply_per_lib :  ITTAPI function not implemented: __itt_suppress_mark_range
1172025 : 0x3f72b5846117a : 2 : ittapi_config_apply_per_lib :  ITTAPI function not implemented: __itt_suppress_clear_range
1172025 : 0x3f72b584616d7 : 2 : ittapi_config_apply_per_lib :  ITTAPI function NOT instrumented (not matched by --itt-config option): __itt_sync_prepare

1172025 : 0x3f72b58461c37 : 2 : ittapi_config_apply_per_lib :  ITTAPI function NOT instrumented (not matched by --itt-config option): __itt_sync_cancel

1172025 : 0x3f72b5846217b : 2 : ittapi_config_apply_per_lib :  ITTAPI function NOT instrumented (not matched by --itt-config option): __itt_sync_acquired

1172025 : 0x3f72b5846269b : 2 : ittapi_config_apply_per_lib :  ITTAPI function NOT instrumented (not matched by --itt-config option): __itt_sync_releasing

1172025 : 0x3f72b58462c53 : 2 : ittapi_config_apply_per_lib :  ITTAPI function NOT instrumented (not matched by --itt-config option): __itt_model_site_begin

1172025 : 0x3f72b58463217 : 2 : ittapi_config_apply_per_lib :  ITTAPI function NOT instrumented (not matched by --itt-config option): __itt_model_site_end

1172025 : 0x3f72b58463823 : 2 : ittapi_config_apply_per_lib :  ITTAPI function NOT instrumented (not matched by --itt-config option): __itt_model_task_begin

1172025 : 0x3f72b58463d98 : 2 : ittapi_config_apply_per_lib :  ITTAPI function NOT instrumented (not matched by --itt-config option): __itt_model_task_end

1172025 : 0x3f72b58465ed5 : 2 : ittapi_config_apply_per_lib :  ITTAPI function NOT instrumented (not matched by --itt-config option): __itt_model_lock_acquire

1172025 : 0x3f72b58466558 : 2 : ittapi_config_apply_per_lib :  ITTAPI function NOT instrumented (not matched by --itt-config option): __itt_model_lock_release

1172025 : 0x3f72b58466b18 : 2 : ittapi_config_apply_per_lib :  ITTAPI function NOT instrumented (not matched by --itt-config option): __itt_model_record_allocation

1172025 : 0x3f72b58467088 : 2 : ittapi_config_apply_per_lib :  ITTAPI function NOT instrumented (not matched by --itt-config option): __itt_model_record_deallocation

1172025 : 0x3f72b5846763e : 2 : ittapi_config_apply_per_lib :  ITTAPI function NOT instrumented (not matched by --itt-config option): __itt_model_induction_uses

1172025 : 0x3f72b58467b99 : 2 : ittapi_config_apply_per_lib :  ITTAPI function NOT instrumented (not matched by --itt-config option): __itt_model_reduction_uses

1172025 : 0x3f72b584680e2 : 2 : ittapi_config_apply_per_lib :  ITTAPI function NOT instrumented (not matched by --itt-config option): __itt_model_observe_uses

1172025 : 0x3f72b584686cb : 2 : ittapi_config_apply_per_lib :  ITTAPI function NOT instrumented (not matched by --itt-config option): __itt_model_clear_uses

1172025 : 0x3f72b58468d69 : 2 : ittapi_config_apply_per_lib :  ITTAPI function NOT instrumented (not matched by --itt-config option): __itt_model_site_beginA

1172025 : 0x3f72b58469406 : 2 : ittapi_config_apply_per_lib :  ITTAPI function NOT instrumented (not matched by --itt-config option): __itt_model_site_beginAL

1172025 : 0x3f72b5846a91b : 2 : ittapi_config_apply_per_lib :  ITTAPI function NOT instrumented (not matched by --itt-config option): __itt_model_task_beginA

1172025 : 0x3f72b5846aec8 : 2 : ittapi_config_apply_per_lib :  ITTAPI function NOT instrumented (not matched by --itt-config option): __itt_model_task_beginAL

1172025 : 0x3f72b5846b3fc : 2 : ittapi_config_apply_per_lib :  ITTAPI function NOT instrumented (not matched by --itt-config option): __itt_model_iteration_taskA

1172025 : 0x3f72b5846f8e8 : 2 : ittapi_config_apply_per_lib :  ITTAPI function NOT instrumented (not matched by --itt-config option): __itt_model_iteration_taskAL

1172025 : 0x3f72b5846fe70 : 2 : ittapi_config_apply_per_lib :  ITTAPI function NOT instrumented (not matched by --itt-config option): __itt_model_site_end_2

1172025 : 0x3f72b58470398 : 2 : ittapi_config_apply_per_lib :  ITTAPI function NOT instrumented (not matched by --itt-config option): __itt_model_task_end_2

1172025 : 0x3f72b58470889 : 2 : ittapi_config_apply_per_lib :  ITTAPI function NOT instrumented (not matched by --itt-config option): __itt_model_lock_acquire_2

1172025 : 0x3f72b58470d82 : 2 : ittapi_config_apply_per_lib :  ITTAPI function NOT instrumented (not matched by --itt-config option): __itt_model_lock_release_2

1172025 : 0x3f72b584712d4 : 2 : ittapi_config_apply_per_lib :  ITTAPI function NOT instrumented (not matched by --itt-config option): __itt_model_aggregate_task

1172025 : 0x3f72b584717cc : 2 : ittapi_config_apply_per_lib :  ITTAPI function NOT instrumented (not matched by --itt-config option): __itt_model_disable_push

1172025 : 0x3f72b58477c62 : 2 : ittapi_config_apply_per_lib :  ITTAPI function NOT instrumented (not matched by --itt-config option): __itt_model_disable_pop

1172025 : 0x3f72b584783de : 2 : ittapi_config_apply_per_lib :  ITTAPI function instrumented: __itt_heap_function_create
1172025 : 0x3f72b58478a5a : 2 : ittapi_config_apply_per_lib :  ITTAPI function instrumented: __itt_heap_allocate_begin
1172025 : 0x3f72b58479018 : 2 : ittapi_config_apply_per_lib :  ITTAPI function instrumented: __itt_heap_allocate_end
1172025 : 0x3f72b5847abd8 : 2 : ittapi_config_apply_per_lib :  ITTAPI function instrumented: __itt_heap_free_begin
1172025 : 0x3f72b5847b1d7 : 2 : ittapi_config_apply_per_lib :  ITTAPI function instrumented: __itt_heap_free_end
1172025 : 0x3f72b5847b92f : 2 : ittapi_config_apply_per_lib :  ITTAPI function instrumented: __itt_heap_reallocate_begin
1172025 : 0x3f72b5847beb9 : 2 : ittapi_config_apply_per_lib :  ITTAPI function instrumented: __itt_heap_reallocate_end
1172025 : 0x3f72b5847c624 : 2 : ittapi_config_apply_per_lib :  ITTAPI function not implemented: __itt_heap_internal_access_begin
1172025 : 0x3f72b58481e1f : 2 : ittapi_config_apply_per_lib :  ITTAPI function not implemented: __itt_heap_internal_access_end
1172025 : 0x3f72b584841ba : 2 : ittapi_config_apply_per_lib :  ITTAPI function not implemented: __itt_heap_record_memory_growth_begin
1172025 : 0x3f72b584849c2 : 2 : ittapi_config_apply_per_lib :  ITTAPI function not implemented: __itt_heap_record_memory_growth_end
1172025 : 0x3f72b584850eb : 2 : ittapi_config_apply_per_lib :  ITTAPI function not implemented: __itt_heap_reset_detection
1172025 : 0x3f72b584858d8 : 2 : ittapi_config_apply_per_lib :  ITTAPI function not implemented: __itt_heap_record
1172025 : 0x3f72b5848607b : 2 : ittapi_config_apply_per_lib :  ITTAPI function not implemented: __itt_id_create
1172025 : 0x3f72b584867e6 : 2 : ittapi_config_apply_per_lib :  ITTAPI function not implemented: __itt_id_destroy
1172025 : 0x3f72b58486e9a : 2 : ittapi_config_apply_per_lib :  ITTAPI function instrumented: __itt_get_timestamp
1172025 : 0x3f72b58487577 : 2 : ittapi_config_apply_per_lib :  ITTAPI function not implemented: __itt_region_begin
1172025 : 0x3f72b58487c91 : 2 : ittapi_config_apply_per_lib :  ITTAPI function not implemented: __itt_region_end
1172025 : 0x3f72b58488351 : 2 : ittapi_config_apply_per_lib :  ITTAPI function instrumented: __itt_frame_begin_v3
1172025 : 0x3f72b584899be : 2 : ittapi_config_apply_per_lib :  ITTAPI function instrumented: __itt_frame_end_v3
1172025 : 0x3f72b5848a0c6 : 2 : ittapi_config_apply_per_lib :  ITTAPI function instrumented: __itt_frame_submit_v3
1172025 : 0x3f72b5848a822 : 2 : ittapi_config_apply_per_lib :  ITTAPI function not implemented: __itt_task_group
1172025 : 0x3f72b5848aeb7 : 2 : ittapi_config_apply_per_lib :  ITTAPI function instrumented: __itt_task_begin
1172025 : 0x3f72b5848b4f9 : 2 : ittapi_config_apply_per_lib :  ITTAPI function instrumented: __itt_task_begin_fn
1172025 : 0x3f72b5848bb73 : 2 : ittapi_config_apply_per_lib :  ITTAPI function instrumented: __itt_task_end
1172025 : 0x3f72b5848c273 : 2 : ittapi_config_apply_per_lib :  ITTAPI function not implemented: __itt_counter_inc_v3
1172025 : 0x3f72b5848c994 : 2 : ittapi_config_apply_per_lib :  ITTAPI function not implemented: __itt_counter_inc_delta_v3
1172025 : 0x3f72b5848d067 : 2 : ittapi_config_apply_per_lib :  ITTAPI function not implemented: __itt_counter_dec_v3
1172025 : 0x3f72b5848d709 : 2 : ittapi_config_apply_per_lib :  ITTAPI function not implemented: __itt_counter_dec_delta_v3
1172025 : 0x3f72b5848ed84 : 2 : ittapi_config_apply_per_lib :  ITTAPI function not implemented: __itt_marker
1172025 : 0x3f72b5848f497 : 2 : ittapi_config_apply_per_lib :  ITTAPI function instrumented: __itt_metadata_add
1172025 : 0x3f72b5848fb99 : 2 : ittapi_config_apply_per_lib :  ITTAPI function not implemented: __itt_metadata_str_add
1172025 : 0x3f72b5849021a : 2 : ittapi_config_apply_per_lib :  ITTAPI function not implemented: __itt_relation_add_to_current
1172025 : 0x3f72b584908b8 : 2 : ittapi_config_apply_per_lib :  ITTAPI function not implemented: __itt_relation_add
1172025 : 0x3f72b58490f02 : 2 : ittapi_config_apply_per_lib :  ITTAPI function instrumented: __itt_event_create
1172025 : 0x3f72b5849159c : 2 : ittapi_config_apply_per_lib :  ITTAPI function instrumented: __itt_event_start
1172025 : 0x3f72b58491be6 : 2 : ittapi_config_apply_per_lib :  ITTAPI function instrumented: __itt_event_end
1172025 : 0x3f72b5849212c : 2 : ittapi_config_apply_per_lib :  ITTAPI function NOT instrumented (not matched by --itt-config option): __itt_sync_set_name

1172025 : 0x3f72b584926b7 : 2 : ittapi_config_apply_per_lib :  ITTAPI function NOT instrumented (not matched by --itt-config option): __itt_notify_sync_name

1172025 : 0x3f72b58494695 : 2 : ittapi_config_apply_per_lib :  ITTAPI function NOT instrumented (not matched by --itt-config option): __itt_notify_sync_prepare

1172025 : 0x3f72b58494c7f : 2 : ittapi_config_apply_per_lib :  ITTAPI function NOT instrumented (not matched by --itt-config option): __itt_notify_sync_cancel

1172025 : 0x3f72b584951d9 : 2 : ittapi_config_apply_per_lib :  ITTAPI function NOT instrumented (not matched by --itt-config option): __itt_notify_sync_acquired

1172025 : 0x3f72b584956fd : 2 : ittapi_config_apply_per_lib :  ITTAPI function NOT instrumented (not matched by --itt-config option): __itt_notify_sync_releasing

1172025 : 0x3f72b58495e23 : 2 : ittapi_config_apply_per_lib :  ITTAPI function not implemented: __itt_memory_read
1172025 : 0x3f72b5849651b : 2 : ittapi_config_apply_per_lib :  ITTAPI function not implemented: __itt_memory_write
1172025 : 0x3f72b58496c35 : 2 : ittapi_config_apply_per_lib :  ITTAPI function not implemented: __itt_memory_update
1172025 : 0x3f72b58497335 : 2 : ittapi_config_apply_per_lib :  ITTAPI function not implemented: __itt_state_get
1172025 : 0x3f72b584979ff : 2 : ittapi_config_apply_per_lib :  ITTAPI function not implemented: __itt_state_set
1172025 : 0x3f72b5849814f : 2 : ittapi_config_apply_per_lib :  ITTAPI function not implemented: __itt_obj_mode_set
1172025 : 0x3f72b58499839 : 2 : ittapi_config_apply_per_lib :  ITTAPI function not implemented: __itt_thr_mode_set
1172025 : 0x3f72b58499ed7 : 2 : ittapi_config_apply_per_lib :  ITTAPI function instrumented: __itt_frame_create
1172025 : 0x3f72b5849a56d : 2 : ittapi_config_apply_per_lib :  ITTAPI function instrumented: __itt_pt_region_create
1172025 : 0x3f72b5849abb4 : 2 : ittapi_config_apply_per_lib :  ITTAPI function instrumented: __itt_frame_begin
1172025 : 0x3f72b5849b258 : 2 : ittapi_config_apply_per_lib :  ITTAPI function instrumented: __itt_frame_end
1172025 : 0x3f72b5849b97a : 2 : ittapi_config_apply_per_lib :  ITTAPI function not implemented: __itt_counter_destroy
1172025 : 0x3f72b5849bfb9 : 2 : ittapi_config_apply_per_lib :  ITTAPI function instrumented: __itt_counter_inc
1172025 : 0x3f72b5849c60b : 2 : ittapi_config_apply_per_lib :  ITTAPI function instrumented: __itt_counter_inc_delta
1172025 : 0x3f72b5849cc5b : 2 : ittapi_config_apply_per_lib :  ITTAPI function instrumented: __itt_counter_dec
1172025 : 0x3f72b5849d2f2 : 2 : ittapi_config_apply_per_lib :  ITTAPI function instrumented: __itt_counter_dec_delta
1172025 : 0x3f72b5849e8a4 : 2 : ittapi_config_apply_per_lib :  ITTAPI function instrumented: __itt_counter_set_value
1172025 : 0x3f72b5849efb8 : 2 : ittapi_config_apply_per_lib :  ITTAPI function not implemented: __itt_counter_set_value_ex
1172025 : 0x3f72b5849f692 : 2 : ittapi_config_apply_per_lib :  ITTAPI function not implemented: __itt_mark_create
1172025 : 0x3f72b5849fd73 : 2 : ittapi_config_apply_per_lib :  ITTAPI function not implemented: __itt_mark
1172025 : 0x3f72b584a0426 : 2 : ittapi_config_apply_per_lib :  ITTAPI function not implemented: __itt_mark_off
1172025 : 0x3f72b584a0aa3 : 2 : ittapi_config_apply_per_lib :  ITTAPI function not implemented: __itt_mark_global
1172025 : 0x3f72b584a115a : 2 : ittapi_config_apply_per_lib :  ITTAPI function not implemented: __itt_mark_global_off
1172025 : 0x3f72b584a1826 : 2 : ittapi_config_apply_per_lib :  ITTAPI function instrumented: __itt_stack_caller_create
1172025 : 0x3f72b584a1eb4 : 2 : ittapi_config_apply_per_lib :  ITTAPI function instrumented: __itt_stack_caller_destroy
1172025 : 0x3f72b584a2522 : 2 : ittapi_config_apply_per_lib :  ITTAPI function instrumented: __itt_stack_callee_enter
1172025 : 0x3f72b584a43dc : 2 : ittapi_config_apply_per_lib :  ITTAPI function instrumented: __itt_stack_callee_leave
1172025 : 0x3f72b584a4b50 : 2 : ittapi_config_apply_per_lib :  ITTAPI function not implemented: __itt_clock_domain_create
1172025 : 0x3f72b584a523a : 2 : ittapi_config_apply_per_lib :  ITTAPI function not implemented: __itt_clock_domain_reset
1172025 : 0x3f72b584a5945 : 2 : ittapi_config_apply_per_lib :  ITTAPI function not implemented: __itt_id_create_ex
1172025 : 0x3f72b584a5fe6 : 2 : ittapi_config_apply_per_lib :  ITTAPI function not implemented: __itt_id_destroy_ex
1172025 : 0x3f72b584a6679 : 2 : ittapi_config_apply_per_lib :  ITTAPI function not implemented: __itt_task_begin_ex
1172025 : 0x3f72b584a6d1f : 2 : ittapi_config_apply_per_lib :  ITTAPI function not implemented: __itt_task_begin_fn_ex
1172025 : 0x3f72b584a73ca : 2 : ittapi_config_apply_per_lib :  ITTAPI function not implemented: __itt_task_end_ex
1172025 : 0x3f72b584a7ab7 : 2 : ittapi_config_apply_per_lib :  ITTAPI function instrumented: __itt_task_begin_overlapped
1172025 : 0x3f72b584a8203 : 2 : ittapi_config_apply_per_lib :  ITTAPI function not implemented: __itt_task_begin_overlapped_ex
1172025 : 0x3f72b584a993a : 2 : ittapi_config_apply_per_lib :  ITTAPI function instrumented: __itt_task_end_overlapped
1172025 : 0x3f72b584aa09b : 2 : ittapi_config_apply_per_lib :  ITTAPI function not implemented: __itt_task_end_overlapped_ex
1172025 : 0x3f72b584aa723 : 2 : ittapi_config_apply_per_lib :  ITTAPI function not implemented: __itt_marker_ex
1172025 : 0x3f72b584aaf32 : 2 : ittapi_config_apply_per_lib :  ITTAPI function not implemented: __itt_metadata_add_with_scope
1172025 : 0x3f72b584ab6ad : 2 : ittapi_config_apply_per_lib :  ITTAPI function not implemented: __itt_metadata_str_add_with_scope
1172025 : 0x3f72b584abdf4 : 2 : ittapi_config_apply_per_lib :  ITTAPI function not implemented: __itt_relation_add_to_current_ex
1172025 : 0x3f72b584ac4b0 : 2 : ittapi_config_apply_per_lib :  ITTAPI function not implemented: __itt_relation_add_ex
1172025 : 0x3f72b584acc2c : 2 : ittapi_config_apply_per_lib :  ITTAPI function not implemented: __itt_track_group_create
1172025 : 0x3f72b584ad28c : 2 : ittapi_config_apply_per_lib :  ITTAPI function not implemented: __itt_track_create
1172025 : 0x3f72b584ad914 : 2 : ittapi_config_apply_per_lib :  ITTAPI function not implemented: __itt_set_track
1172025 : 0x3f72b584af420 : 2 : ittapi_config_apply_per_lib :  ITTAPI function instrumented: __itt_api_version
1172025 : 0x3f72b584afb88 : 2 : ittapi_config_apply_per_lib :  ITTAPI function not implemented: __itt_av_save
1172025 : 0x3f72b584b0241 : 2 : ittapi_config_apply_per_lib :  ITTAPI function instrumented: __itt_module_load
1172025 : 0x3f72b584b0908 : 2 : ittapi_config_apply_per_lib :  ITTAPI function not implemented: __itt_module_unload
1172025 : 0x3f72b584b0ec8 : 2 : ittapi_config_apply_per_lib :  ITTAPI function NOT instrumented (not matched by --itt-config option): __itt_histogram_submit

1172025 : 0x3f72b584b1593 : 2 : ittapi_config_apply_per_lib :  ITTAPI function instrumented: __itt_counter_set_value_v3