
969870 : 0x310d74dd922a5 : 1 : spill_jit_data :  Jit agent is not initialized
969735 : 0x310d74de30605 : 2 : ittapi_config_mask_get :  --itt-config mask to be applied: 55
969735 : 0x310d74de3248f : 2 : ittapi_config_apply_per_lib :  ITTAPI function instrumented: __itt_domain_create
969735 : 0x310d74de32e8a : 2 : ittapi_config_apply_per_lib :  ITTAPI function instrumented: __itt_module_load_with_sections
969735 : 0x310d74de33c4d : 2 : ittapi_config_apply_per_lib :  ITTAPI function not implemented: __itt_module_unload_with_sections
969735 : 0x310d74de344d8 : 2 : ittapi_config_apply_per_lib :  ITTAPI function instrumented: __itt_string_handle_create
969735 : 0x310d74de34b75 : 2 : ittapi_config_apply_per_lib :  ITTAPI function instrumented: __itt_counter_create
969735 : 0x310d74de35180 : 2 : ittapi_config_apply_per_lib :  ITTAPI function instrumented: __itt_counter_create_typed
969735 : 0x310d74de357b9 : 2 : ittapi_config_apply_per_lib :  ITTAPI function instrumented: __itt_pause
969735 : 0x310d74de35e79 : 2 : ittapi_config_apply_per_lib :  ITTAPI function instrumented: __itt_resume
969735 : 0x310d74de3b3fd : 2 : ittapi_config_apply_per_lib :  ITTAPI function not implemented: __itt_pause_scoped
969735 : 0x310d74de3bd63 : 2 : ittapi_config_apply_per_lib :  ITTAPI function not implemented: __itt_resume_scoped
969735 : 0x310d74de3c430 : 2 : ittapi_config_apply_per_lib :  ITTAPI function instrumented: __itt_thread_set_name
969735 : 0x310d74de3cad0 : 2 : ittapi_config_apply_per_lib :  ITTAPI function instrumented: __itt_thread_ignore
969735 : 0x310d74de3d121 : 2 : ittapi_config_apply_per_lib :  ITTAPI function instrumented: __itt_thr_name_set
969735 : 0x310d74de3d764 : 2 : ittapi_config_apply_per_lib :  ITTAPI function instrumented: __itt_thr_ignore
969735 : 0x310d74de3ddad : 2 : ittapi_config_apply_per_lib :  ITTAPI function instrumented: __itt_histogram_create
969735 : 0x310d74de3e377 : 2 : ittapi_config_apply_per_lib :  ITTAPI function instrumented: __itt_counter_create_v3
969735 : 0x310d74de3e9d2 : 2 : ittapi_config_apply_per_lib :  ITTAPI function instrumented: __itt_bind_context_metadata_to_counter
969735 : 0x310d74de3f074 : 2 : ittapi_config_apply_per_lib :  ITTAPI function not implemented: __itt_enable_attach
969735 : 0x310d74de40aab : 2 : ittapi_config_apply_per_lib :  ITTAPI function instrumented: __itt_detach
969735 : 0x310d74de41055 : 2 : ittapi_config_apply_per_lib :  ITTAPI function NOT instrumented (not matched by --itt-config option): __itt_sync_create

969735 : 0x310d74de415a8 : 2 : ittapi_config_apply_per_lib :  ITTAPI function NOT instrumented (not matched by --itt-config option): __itt_sync_rename

969735 : 0x310d74de41a95 : 2 : ittapi_config_apply_per_lib :  ITTAPI function NOT instrumented (not matched by --itt-config option): __itt_sync_destroy

969735 : 0x310d74de41fa5 : 2 : ittapi_config_apply_per_lib :  ITTAPI function NOT instrumented (not matched by --itt-config option): __itt_sync_prepare

969735 : 0x310d74de424cf : 2 : ittapi_config_apply_per_lib :  ITTAPI function NOT instrumented (not matched by --itt-config option): __itt_sync_cancel

969735 : 0x310d74de429c3 : 2 : ittapi_config_apply_per_lib :  ITTAPI function NOT instrumented (not matched by --itt-config option): __itt_sync_acquired

969735 : 0x310d74de42ecd : 2 : ittapi_config_apply_per_lib :  ITTAPI function NOT instrumented (not matched by --itt-config option): __itt_sync_releasing

969735 : 0x310d74de43560 : 2 : ittapi_config_apply_per_lib :  ITTAPI function not implemented: __itt_suppress_push
969735 : 0x310d74de43dd0 : 2 : ittapi_config_apply_per_lib :  ITTAPI function not implemented: __itt_suppress_pop
969735 : 0x310d74de452ea : 2 : ittapi_config_apply_per_lib :  ITTAPI function not implemented: __itt_suppress_mark_range
969735 : 0x310d74de45d48 : 2 : ittapi_config_apply_per_lib :  ITTAPI function not implemented: __itt_suppress_clear_range
969735 : 0x310d74de4624a : 2 : ittapi_config_apply_per_lib :  ITTAPI function NOT instrumented (not matched by --itt-config option): __itt_sync_prepare

969735 : 0x310d74de4674c : 2 : ittapi_config_apply_per_lib :  ITTAPI function NOT instrumented (not matched by --itt-config option): __itt_sync_cancel

969735 : 0x310d74de46c37 : 2 : ittapi_config_apply_per_lib :  ITTAPI function NOT instrumented (not matched by --itt-config option): __itt_sync_acquired

969735 : 0x310d74de47111 : 2 : ittapi_config_apply_per_lib :  ITTAPI function NOT instrumented (not matched by --itt-config option): __itt_sync_releasing

969735 : 0x310d74de476a3 : 2 : ittapi_config_apply_per_lib :  ITTAPI function NOT instrumented (not matched by --itt-config option): __itt_model_site_begin

969735 : 0x310d74de47c7a : 2 : ittapi_config_apply_per_lib :  ITTAPI function NOT instrumented (not matched by --itt-config option): __itt_model_site_end

969735 : 0x310d74de48198 : 2 : ittapi_config_apply_per_lib :  ITTAPI function NOT instrumented (not matched by --itt-config option): __itt_model_task_begin

969735 : 0x310d74de4866f : 2 : ittapi_config_apply_per_lib :  ITTAPI function NOT instrumented (not matched by --itt-config option): __itt_model_task_end

969735 : 0x310d74de4a411 : 2 : ittapi_config_apply_per_lib :  ITTAPI function NOT instrumented (not matched by --itt-config option): __itt_model_lock_acquire

969735 : 0x310d74de4a943 : 2 : ittapi_config_apply_per_lib :  ITTAPI function NOT instrumented (not matched by --itt-config option): __itt_model_lock_release

969735 : 0x310d74de4adfc : 2 : ittapi_config_apply_per_lib :  ITTAPI function NOT instrumented (not matched by --itt-config option): __itt_model_record_allocation

969735 : 0x310d74de4b33e : 2 : ittapi_config_apply_per_lib :  ITTAPI function NOT instrumented (not matched by --itt-config option): __itt_model_record_deallocation

969735 : 0x310d74de4b838 : 2 : ittapi_config_apply_per_lib :  ITTAPI function NOT instrumented (not matched by --itt-config option): __itt_model_induction_uses

969735 : 0x310d74de4bcf4 : 2 : ittapi_config_apply_per_lib :  ITTAPI function NOT instrumented (not matched by --itt-config option): __itt_model_reduction_uses

969735 : 0x310d74de4c1cf : 2 : ittapi_config_apply_per_lib :  ITTAPI function NOT instrumented (not matched by --itt-config option): __itt_model_observe_uses

969735 : 0x310d74de4c681 : 2 : ittapi_config_apply_per_lib :  ITTAPI function NOT instrumented (not matched by --itt-config option): __itt_model_clear_uses

969735 : 0x310d74de4e205 : 2 : ittapi_config_apply_per_lib :  ITTAPI function NOT instrumented (not matched by --itt-config option): __itt_model_site_beginA

969735 : 0x310d74de546b2 : 2 : ittapi_config_apply_per_lib :  ITTAPI function NOT instrumented (not matched by --itt-config option): __itt_model_site_beginAL

969735 : 0x310d74de562cf : 2 : ittapi_config_apply_per_lib :  ITTAPI function NOT instrumented (not matched by --itt-config option): __itt_model_task_beginA

969735 : 0x310d74de568e0 : 2 : ittapi_config_apply_per_lib :  ITTAPI function NOT instrumented (not matched by --itt-config option): __itt_model_task_beginAL

969735 : 0x310d74de56ddd : 2 : ittapi_config_apply_per_lib :  ITTAPI function NOT instrumented (not matched by --itt-config option): __itt_model_iteration_taskA

969735 : 0x310d74de572e1 : 2 : ittapi_config_apply_per_lib :  ITTAPI function NOT instrumented (not matched by --itt-config option): __itt_model_iteration_taskAL

969735 : 0x310d74de57801 : 2 : ittapi_config_apply_per_lib :  ITTAPI function NOT instrumented (not matched by --itt-config option): __itt_model_site_end_2

969735 : 0x310d74de57d19 : 2 : ittapi_config_apply_per_lib :  ITTAPI function NOT instrumented (not matched by --itt-config option): __itt_model_task_end_2

969735 : 0x310d74de58245 : 2 : ittapi_config_apply_per_lib :  ITTAPI function NOT instrumented (not matched by --itt-config option): __itt_model_lock_acquire_2

969735 : 0x310d74de58770 : 2 : ittapi_config_apply_per_lib :  ITTAPI function NOT instrumented (not matched by --itt-config option): __itt_model_lock_release_2

969735 : 0x310d74de58c8d : 2 : ittapi_config_apply_per_lib :  ITTAPI function NOT instrumented (not matched by --itt-config option): __itt_model_aggregate_task

969735 : 0x310d74de59180 : 2 : ittapi_config_apply_per_lib :  ITTAPI function NOT instrumented (not matched by --itt-config option): __itt_model_disable_push

969735 : 0x310d74de5aef8 : 2 : ittapi_config_apply_per_lib :  ITTAPI function NOT instrumented (not matched by --itt-config option): __itt_model_disable_pop

969735 : 0x310d74de5b73d : 2 : ittapi_config_apply_per_lib :  ITTAPI function instrumented: __itt_heap_function_create
969735 : 0x310d74de5bdd3 : 2 : ittapi_config_apply_per_lib :  ITTAPI function instrumented: __itt_heap_allocate_begin
969735 : 0x310d74de5c3b2 : 2 : ittapi_config_apply_per_lib :  ITTAPI function instrumented: __itt_heap_allocate_end
969735 : 0x310d74de5ca0a : 2 : ittapi_config_apply_per_lib :  ITTAPI function instrumented: __itt_heap_free_begin
969735 : 0x310d74de5d00a : 2 : ittapi_config_apply_per_lib :  ITTAPI function instrumented: __itt_heap_free_end
969735 : 0x310d74de5d646 : 2 : ittapi_config_apply_per_lib :  ITTAPI function instrumented: __itt_heap_reallocate_begin
969735 : 0x310d74de5dc86 : 2 : ittapi_config_apply_per_lib :  ITTAPI function instrumented: __itt_heap_reallocate_end
969735 : 0x310d74de5e4ec : 2 : ittapi_config_apply_per_lib :  ITTAPI function not implemented: __itt_heap_internal_access_begin
969735 : 0x310d74de5ec05 : 2 : ittapi_config_apply_per_lib :  ITTAPI function not implemented: __itt_heap_internal_access_end
969735 : 0x310d74de602d8 : 2 : ittapi_config_apply_per_lib :  ITTAPI function not implemented: __itt_heap_record_memory_growth_begin
969735 : 0x310d74de60a6c : 2 : ittapi_config_apply_per_lib :  ITTAPI function not implemented: __itt_heap_record_memory_growth_end
969735 : 0x310d74de61146 : 2 : ittapi_config_apply_per_lib :  ITTAPI function not implemented: __itt_heap_reset_detection
969735 : 0x310d74de618ff : 2 : ittapi_config_apply_per_lib :  ITTAPI function not implemented: __itt_heap_record
969735 : 0x310d74de6204e : 2 : ittapi_config_apply_per_lib :  ITTAPI function not implemented: __itt_id_create
969735 : 0x310d74de626f8 : 2 : ittapi_config_apply_per_lib :  ITTAPI function not implemented: __itt_id_destroy
969735 : 0x310d74de62da9 : 2 : ittapi_config_apply_per_lib :  ITTAPI function instrumented: __itt_get_timestamp
969735 : 0x310d74de63435 : 2 : ittapi_config_apply_per_lib :  ITTAPI function not implemented: __itt_region_begin
969735 : 0x310d74de63ae6 : 2 : ittapi_config_apply_per_lib :  ITTAPI function not implemented: __itt_region_end
969735 : 0x310d74de64174 : 2 : ittapi_config_apply_per_lib :  ITTAPI function instrumented: __itt_frame_begin_v3
969735 : 0x310d74de655fd : 2 : ittapi_config_apply_per_lib :  ITTAPI function instrumented: __itt_frame_end_v3
969735 : 0x310d74de65cb8 : 2 : ittapi_config_apply_per_lib :  ITTAPI function instrumented: __itt_frame_submit_v3
969735 : 0x310d74de663eb : 2 : ittapi_config_apply_per_lib :  ITTAPI function not implemented: __itt_task_group
969735 : 0x310d74de66a92 : 2 : ittapi_config_apply_per_lib :  ITTAPI function instrumented: __itt_task_begin
969735 : 0x310d74de67111 : 2 : ittapi_config_apply_per_lib :  ITTAPI function instrumented: __itt_task_begin_fn
969735 : 0x310d74de6772e : 2 : ittapi_config_apply_per_lib :  ITTAPI function instrumented: __itt_task_end
969735 : 0x310d74de67e2a : 2 : ittapi_config_apply_per_lib :  ITTAPI function not implemented: __itt_counter_inc_v3
969735 : 0x310d74de68519 : 2 : ittapi_config_apply_per_lib :  ITTAPI function not implemented: __itt_counter_inc_delta_v3
969735 : 0x310d74de68bb9 : 2 : ittapi_config_apply_per_lib :  ITTAPI function not implemented: __itt_counter_dec_v3
969735 : 0x310d74de69256 : 2 : ittapi_config_apply_per_lib :  ITTAPI function not implemented: __itt_counter_dec_delta_v3
969735 : 0x310d74de6abde : 2 : ittapi_config_apply_per_lib :  ITTAPI function not implemented: __itt_marker
969735 : 0x310d74de6b294 : 2 : ittapi_config_apply_per_lib :  ITTAPI function instrumented: __itt_metadata_add
969735 : 0x310d74de6b976 : 2 : ittapi_config_apply_per_lib :  ITTAPI function not implemented: __itt_metadata_str_add
969735 : 0x310d74de6c01e : 2 : ittapi_config_apply_per_lib :  ITTAPI function not implemented: __itt_relation_add_to_current
969735 : 0x310d74de6c701 : 2 : ittapi_config_apply_per_lib :  ITTAPI function not implemented: __itt_relation_add
969735 : 0x310d74de6cd50 : 2 : ittapi_config_apply_per_lib :  ITTAPI function instrumented: __itt_event_create
969735 : 0x310d74de6d392 : 2 : ittapi_config_apply_per_lib :  ITTAPI function instrumented: __itt_event_start
969735 : 0x310d74de6d9ad : 2 : ittapi_config_apply_per_lib :  ITTAPI function instrumented: __itt_event_end
969735 : 0x310d74de6dee3 : 2 : ittapi_config_apply_per_lib :  ITTAPI function NOT instrumented (not matched by --itt-config option): __itt_sync_set_name

969735 : 0x310d74de6e444 : 2 : ittapi_config_apply_per_lib :  ITTAPI function NOT instrumented (not matched by --itt-config option): __itt_notify_sync_name

969735 : 0x310d74de6ff24 : 2 : ittapi_config_apply_per_lib :  ITTAPI function NOT instrumented (not matched by --itt-config option): __itt_notify_sync_prepare

969735 : 0x310d74de704c6 : 2 : ittapi_config_apply_per_lib :  ITTAPI function NOT instrumented (not matched by --itt-config option): __itt_notify_sync_cancel

969735 : 0x310d74de709cd : 2 : ittapi_config_apply_per_lib :  ITTAPI function NOT instrumented (not matched by --itt-config option): __itt_notify_sync_acquired

969735 : 0x310d74de70ed5 : 2 : ittapi_config_apply_per_lib :  ITTAPI function NOT instrumented (not matched by --itt-config option): __itt_notify_sync_releasing

969735 : 0x310d74de7159d : 2 : ittapi_config_apply_per_lib :  ITTAPI function not implemented: __itt_memory_read
969735 : 0x310d74de71c47 : 2 : ittapi_config_apply_per_lib :  ITTAPI function not implemented: __itt_memory_write
969735 : 0x310d74de72314 : 2 : ittapi_config_apply_per_lib :  ITTAPI function not implemented: __itt_memory_update
969735 : 0x310d74de729fa : 2 : ittapi_config_apply_per_lib :  ITTAPI function not implemented: __itt_state_get
969735 : 0x310d74de73070 : 2 : ittapi_config_apply_per_lib :  ITTAPI function not implemented: __itt_state_set
969735 : 0x310d74de73756 : 2 : ittapi_config_apply_per_lib :  ITTAPI function not implemented: __itt_obj_mode_set
969735 : 0x310d74de74d7c : 2 : ittapi_config_apply_per_lib :  ITTAPI function not implemented: __itt_thr_mode_set
969735 : 0x310d74de75431 : 2 : ittapi_config_apply_per_lib :  ITTAPI function instrumented: __itt_frame_create
969735 : 0x310d74de75a5e : 2 : ittapi_config_apply_per_lib :  ITTAPI function instrumented: __itt_pt_region_create
969735 : 0x310d74de760a3 : 2 : ittapi_config_apply_per_lib :  ITTAPI function instrumented: __itt_frame_begin
969735 : 0x310d74de766c3 : 2 : ittapi_config_apply_per_lib :  ITTAPI function instrumented: __itt_frame_end
969735 : 0x310d74de76deb : 2 : ittapi_config_apply_per_lib :  ITTAPI function not implemented: __itt_counter_destroy
969735 : 0x310d74de7743a : 2 : ittapi_config_apply_per_lib :  ITTAPI function instrumented: __itt_counter_inc
969735 : 0x310d74de77a83 : 2 : ittapi_config_apply_per_lib :  ITTAPI function instrumented: __itt_counter_inc_delta
969735 : 0x310d74de7809b : 2 : ittapi_config_apply_per_lib :  ITTAPI function instrumented: __itt_counter_dec
969735 : 0x310d74de786cd : 2 : ittapi_config_apply_per_lib :  ITTAPI function instrumented: __itt_counter_dec_delta
969735 : 0x310d74de79c1f : 2 : ittapi_config_apply_per_lib :  ITTAPI function instrumented: __itt_counter_set_value
969735 : 0x310d74de7a320 : 2 : ittapi_config_apply_per_lib :  ITTAPI function not implemented: __itt_counter_set_value_ex
969735 : 0x310d74de7a9d1 : 2 : ittapi_config_apply_per_lib :  ITTAPI function not implemented: __itt_mark_create
969735 : 0x310d74de7b07f : 2 : ittapi_config_apply_per_lib :  ITTAPI function not implemented: __itt_mark
969735 : 0x310d74de7b71f : 2 : ittapi_config_apply_per_lib :  ITTAPI function not implemented: __itt_mark_off
969735 : 0x310d74de7bdba : 2 : ittapi_config_apply_per_lib :  ITTAPI function not implemented: __itt_mark_global
969735 : 0x310d74de7c43f : 2 : ittapi_config_apply_per_lib :  ITTAPI function not implemented: __itt_mark_global_off
969735 : 0x310d74de7cb4e : 2 : ittapi_config_apply_per_lib :  ITTAPI function instrumented: __itt_stack_caller_create
969735 : 0x310d74de7d19c : 2 : ittapi_config_apply_per_lib :  ITTAPI function instrumented: __itt_stack_caller_destroy
969735 : 0x310d74de7d7db : 2 : ittapi_config_apply_per_lib :  ITTAPI function instrumented: __itt_stack_callee_enter
969735 : 0x310d74de7f912 : 2 : ittapi_config_apply_per_lib :  ITTAPI function instrumented: __itt_stack_callee_leave
969735 : 0x310d74de8008c : 2 : ittapi_config_apply_per_lib :  ITTAPI function not implemented: __itt_clock_domain_create
969735 : 0x310d74de8074e : 2 : ittapi_config_apply_per_lib :  ITTAPI function not implemented: __itt_clock_domain_reset
969735 : 0x310d74de80e21 : 2 : ittapi_config_apply_per_lib :  ITTAPI function not implemented: __itt_id_create_ex
969735 : 0x310d74de814be : 2 : ittapi_config_apply_per_lib :  ITTAPI function not implemented: __itt_id_destroy_ex
969735 : 0x310d74de81bbd : 2 : ittapi_config_apply_per_lib :  ITTAPI function not implemented: __itt_task_begin_ex
969735 : 0x310d74de8226b : 2 : ittapi_config_apply_per_lib :  ITTAPI function not implemented: __itt_task_begin_fn_ex
969735 : 0x310d74de82928 : 2 : ittapi_config_apply_per_lib :  ITTAPI function not implemented: __itt_task_end_ex
969735 : 0x310d74de82ff8 : 2 : ittapi_config_apply_per_lib :  ITTAPI function instrumented: __itt_task_begin_overlapped
969735 : 0x310d74de83691 : 2 : ittapi_config_apply_per_lib :  ITTAPI function not implemented: __itt_task_begin_overlapped_ex
969735 : 0x310d74de84cdd : 2 : ittapi_config_apply_per_lib :  ITTAPI function instrumented: __itt_task_end_overlapped
969735 : 0x310d74de8544b : 2 : ittapi_config_apply_per_lib :  ITTAPI function not implemented: __itt_task_end_overlapped_ex
969735 : 0x310d74de85b23 : 2 : ittapi_config_apply_per_lib :  ITTAPI function not implemented: __itt_marker_ex
969735 : 0x310d74de8625c : 2 : ittapi_config_apply_per_lib :  ITTAPI function not implemented: __itt_metadata_add_with_scope
969735 : 0x310d74de86996 : 2 : ittapi_config_apply_per_lib :  ITTAPI function not implemented: __itt_metadata_str_add_with_scope
969735 : 0x310d74de87086 : 2 : ittapi_config_apply_per_lib :  ITTAPI function not implemented: __itt_relation_add_to_current_ex
969735 : 0x310d74de8777f : 2 : ittapi_config_apply_per_lib :  ITTAPI function not implemented: __itt_relation_add_ex
969735 : 0x310d74de87eb2 : 2 : ittapi_config_apply_per_lib :  ITTAPI function not implemented: __itt_track_group_create
969735 : 0x310d74de88503 : 2 : ittapi_config_apply_per_lib :  ITTAPI function not implemented: __itt_track_create
969735 : 0x310d74de88b89 : 2 : ittapi_config_apply_per_lib :  ITTAPI function not implemented: __itt_set_track
969735 : 0x310d74de8a103 : 2 : ittapi_config_apply_per_lib :  ITTAPI function instrumented: __itt_api_version
969735 : 0x310d74de8a827 : 2 : ittapi_config_apply_per_lib :  ITTAPI function not implemented: __itt_av_save
969735 : 0x310d74de8ae70 : 2 : ittapi_config_apply_per_lib :  ITTAPI function instrumented: __itt_module_load
969735 : 0x310d74de8b551 : 2 : ittapi_config_apply_per_lib :  ITTAPI function not implemented: __itt_module_unload
969735 : 0x310d74de8bab7 : 2 : ittapi_config_apply_per_lib :  ITTAPI function NOT instrumented (not matched by --itt-config option): __itt_histogram_submit

969735 : 0x310d74de8c16c : 2 : ittapi_config_apply_per_lib :  ITTAPI function instrumented: __itt_counter_set_value_v3