
972335 : 0x3137bea4f09f2 : 1 : spill_jit_data :  Jit agent is not initialized
972203 : 0x3137bea57ee6c : 2 : ittapi_config_mask_get :  --itt-config mask to be applied: 55
972203 : 0x3137bea580f8a : 2 : ittapi_config_apply_per_lib :  ITTAPI function instrumented: __itt_domain_create
972203 : 0x3137bea581b4a : 2 : ittapi_config_apply_per_lib :  ITTAPI function instrumented: __itt_module_load_with_sections
972203 : 0x3137bea5833a1 : 2 : ittapi_config_apply_per_lib :  ITTAPI function not implemented: __itt_module_unload_with_sections
972203 : 0x3137bea5843af : 2 : ittapi_config_apply_per_lib :  ITTAPI function instrumented: __itt_string_handle_create
972203 : 0x3137bea584aac : 2 : ittapi_config_apply_per_lib :  ITTAPI function instrumented: __itt_counter_create
972203 : 0x3137bea5851d0 : 2 : ittapi_config_apply_per_lib :  ITTAPI function instrumented: __itt_counter_create_typed
972203 : 0x3137bea5858e8 : 2 : ittapi_config_apply_per_lib :  ITTAPI function instrumented: __itt_pause
972203 : 0x3137bea587065 : 2 : ittapi_config_apply_per_lib :  ITTAPI function instrumented: __itt_resume
972203 : 0x3137bea58d2b5 : 2 : ittapi_config_apply_per_lib :  ITTAPI function not implemented: __itt_pause_scoped
972203 : 0x3137bea58e659 : 2 : ittapi_config_apply_per_lib :  ITTAPI function not implemented: __itt_resume_scoped
972203 : 0x3137bea58f14d : 2 : ittapi_config_apply_per_lib :  ITTAPI function instrumented: __itt_thread_set_name
972203 : 0x3137bea58f907 : 2 : ittapi_config_apply_per_lib :  ITTAPI function instrumented: __itt_thread_ignore
972203 : 0x3137bea59004a : 2 : ittapi_config_apply_per_lib :  ITTAPI function instrumented: __itt_thr_name_set
972203 : 0x3137bea5907a2 : 2 : ittapi_config_apply_per_lib :  ITTAPI function instrumented: __itt_thr_ignore
972203 : 0x3137bea590ec1 : 2 : ittapi_config_apply_per_lib :  ITTAPI function instrumented: __itt_histogram_create
972203 : 0x3137bea591590 : 2 : ittapi_config_apply_per_lib :  ITTAPI function instrumented: __itt_counter_create_v3
972203 : 0x3137bea591d3c : 2 : ittapi_config_apply_per_lib :  ITTAPI function instrumented: __itt_bind_context_metadata_to_counter
972203 : 0x3137bea592897 : 2 : ittapi_config_apply_per_lib :  ITTAPI function not implemented: __itt_enable_attach
972203 : 0x3137bea594a2f : 2 : ittapi_config_apply_per_lib :  ITTAPI function instrumented: __itt_detach
972203 : 0x3137bea5950d5 : 2 : ittapi_config_apply_per_lib :  ITTAPI function NOT instrumented (not matched by --itt-config option): __itt_sync_create

972203 : 0x3137bea5956ed : 2 : ittapi_config_apply_per_lib :  ITTAPI function NOT instrumented (not matched by --itt-config option): __itt_sync_rename

972203 : 0x3137bea595ca2 : 2 : ittapi_config_apply_per_lib :  ITTAPI function NOT instrumented (not matched by --itt-config option): __itt_sync_destroy

972203 : 0x3137bea596259 : 2 : ittapi_config_apply_per_lib :  ITTAPI function NOT instrumented (not matched by --itt-config option): __itt_sync_prepare

972203 : 0x3137bea596842 : 2 : ittapi_config_apply_per_lib :  ITTAPI function NOT instrumented (not matched by --itt-config option): __itt_sync_cancel

972203 : 0x3137bea596df0 : 2 : ittapi_config_apply_per_lib :  ITTAPI function NOT instrumented (not matched by --itt-config option): __itt_sync_acquired

972203 : 0x3137bea5973e4 : 2 : ittapi_config_apply_per_lib :  ITTAPI function NOT instrumented (not matched by --itt-config option): __itt_sync_releasing

972203 : 0x3137bea597f77 : 2 : ittapi_config_apply_per_lib :  ITTAPI function not implemented: __itt_suppress_push
972203 : 0x3137bea598fdc : 2 : ittapi_config_apply_per_lib :  ITTAPI function not implemented: __itt_suppress_pop
972203 : 0x3137bea59b027 : 2 : ittapi_config_apply_per_lib :  ITTAPI function not implemented: __itt_suppress_mark_range
972203 : 0x3137bea59c149 : 2 : ittapi_config_apply_per_lib :  ITTAPI function not implemented: __itt_suppress_clear_range
972203 : 0x3137bea59c72b : 2 : ittapi_config_apply_per_lib :  ITTAPI function NOT instrumented (not matched by --itt-config option): __itt_sync_prepare

972203 : 0x3137bea59ccd2 : 2 : ittapi_config_apply_per_lib :  ITTAPI function NOT instrumented (not matched by --itt-config option): __itt_sync_cancel

972203 : 0x3137bea59d264 : 2 : ittapi_config_apply_per_lib :  ITTAPI function NOT instrumented (not matched by --itt-config option): __itt_sync_acquired

972203 : 0x3137bea59d809 : 2 : ittapi_config_apply_per_lib :  ITTAPI function NOT instrumented (not matched by --itt-config option): __itt_sync_releasing

972203 : 0x3137bea59de35 : 2 : ittapi_config_apply_per_lib :  ITTAPI function NOT instrumented (not matched by --itt-config option): __itt_model_site_begin

972203 : 0x3137bea59e51b : 2 : ittapi_config_apply_per_lib :  ITTAPI function NOT instrumented (not matched by --itt-config option): __itt_model_site_end

972203 : 0x3137bea5a28af : 2 : ittapi_config_apply_per_lib :  ITTAPI function NOT instrumented (not matched by --itt-config option): __itt_model_task_begin

972203 : 0x3137bea5a2e1f : 2 : ittapi_config_apply_per_lib :  ITTAPI function NOT instrumented (not matched by --itt-config option): __itt_model_task_end

972203 : 0x3137bea5a8e22 : 2 : ittapi_config_apply_per_lib :  ITTAPI function NOT instrumented (not matched by --itt-config option): __itt_model_lock_acquire

972203 : 0x3137bea5a93b0 : 2 : ittapi_config_apply_per_lib :  ITTAPI function NOT instrumented (not matched by --itt-config option): __itt_model_lock_release

972203 : 0x3137bea5a9893 : 2 : ittapi_config_apply_per_lib :  ITTAPI function NOT instrumented (not matched by --itt-config option): __itt_model_record_allocation

972203 : 0x3137bea5a9dea : 2 : ittapi_config_apply_per_lib :  ITTAPI function NOT instrumented (not matched by --itt-config option): __itt_model_record_deallocation

972203 : 0x3137bea5aa32e : 2 : ittapi_config_apply_per_lib :  ITTAPI function NOT instrumented (not matched by --itt-config option): __itt_model_induction_uses

972203 : 0x3137bea5aa85d : 2 : ittapi_config_apply_per_lib :  ITTAPI function NOT instrumented (not matched by --itt-config option): __itt_model_reduction_uses

972203 : 0x3137bea5aad60 : 2 : ittapi_config_apply_per_lib :  ITTAPI function NOT instrumented (not matched by --itt-config option): __itt_model_observe_uses

972203 : 0x3137bea5ab24f : 2 : ittapi_config_apply_per_lib :  ITTAPI function NOT instrumented (not matched by --itt-config option): __itt_model_clear_uses

972203 : 0x3137bea5ab728 : 2 : ittapi_config_apply_per_lib :  ITTAPI function NOT instrumented (not matched by --itt-config option): __itt_model_site_beginA

972203 : 0x3137bea5abc13 : 2 : ittapi_config_apply_per_lib :  ITTAPI function NOT instrumented (not matched by --itt-config option): __itt_model_site_beginAL

972203 : 0x3137bea5ad083 : 2 : ittapi_config_apply_per_lib :  ITTAPI function NOT instrumented (not matched by --itt-config option): __itt_model_task_beginA

972203 : 0x3137bea5ad5de : 2 : ittapi_config_apply_per_lib :  ITTAPI function NOT instrumented (not matched by --itt-config option): __itt_model_task_beginAL

972203 : 0x3137bea5adad4 : 2 : ittapi_config_apply_per_lib :  ITTAPI function NOT instrumented (not matched by --itt-config option): __itt_model_iteration_taskA

972203 : 0x3137bea5adfa5 : 2 : ittapi_config_apply_per_lib :  ITTAPI function NOT instrumented (not matched by --itt-config option): __itt_model_iteration_taskAL

972203 : 0x3137bea5ae4b6 : 2 : ittapi_config_apply_per_lib :  ITTAPI function NOT instrumented (not matched by --itt-config option): __itt_model_site_end_2

972203 : 0x3137bea5ae9d8 : 2 : ittapi_config_apply_per_lib :  ITTAPI function NOT instrumented (not matched by --itt-config option): __itt_model_task_end_2

972203 : 0x3137bea5aeea8 : 2 : ittapi_config_apply_per_lib :  ITTAPI function NOT instrumented (not matched by --itt-config option): __itt_model_lock_acquire_2

972203 : 0x3137bea5af381 : 2 : ittapi_config_apply_per_lib :  ITTAPI function NOT instrumented (not matched by --itt-config option): __itt_model_lock_release_2

972203 : 0x3137bea5af876 : 2 : ittapi_config_apply_per_lib :  ITTAPI function NOT instrumented (not matched by --itt-config option): __itt_model_aggregate_task

972203 : 0x3137bea5afd39 : 2 : ittapi_config_apply_per_lib :  ITTAPI function NOT instrumented (not matched by --itt-config option): __itt_model_disable_push

972203 : 0x3137bea5b192f : 2 : ittapi_config_apply_per_lib :  ITTAPI function NOT instrumented (not matched by --itt-config option): __itt_model_disable_pop

972203 : 0x3137bea5b243b : 2 : ittapi_config_apply_per_lib :  ITTAPI function instrumented: __itt_heap_function_create
972203 : 0x3137bea5b2a82 : 2 : ittapi_config_apply_per_lib :  ITTAPI function instrumented: __itt_heap_allocate_begin
972203 : 0x3137bea5b3048 : 2 : ittapi_config_apply_per_lib :  ITTAPI function instrumented: __itt_heap_allocate_end
972203 : 0x3137bea5b3680 : 2 : ittapi_config_apply_per_lib :  ITTAPI function instrumented: __itt_heap_free_begin
972203 : 0x3137bea5b3c57 : 2 : ittapi_config_apply_per_lib :  ITTAPI function instrumented: __itt_heap_free_end
972203 : 0x3137bea5b4224 : 2 : ittapi_config_apply_per_lib :  ITTAPI function instrumented: __itt_heap_reallocate_begin
972203 : 0x3137bea5b47eb : 2 : ittapi_config_apply_per_lib :  ITTAPI function instrumented: __itt_heap_reallocate_end
972203 : 0x3137bea5b52d4 : 2 : ittapi_config_apply_per_lib :  ITTAPI function not implemented: __itt_heap_internal_access_begin
972203 : 0x3137bea5b603d : 2 : ittapi_config_apply_per_lib :  ITTAPI function not implemented: __itt_heap_internal_access_end
972203 : 0x3137bea5b7cdb : 2 : ittapi_config_apply_per_lib :  ITTAPI function not implemented: __itt_heap_record_memory_growth_begin
972203 : 0x3137bea5b8acf : 2 : ittapi_config_apply_per_lib :  ITTAPI function not implemented: __itt_heap_record_memory_growth_end
972203 : 0x3137bea5b97da : 2 : ittapi_config_apply_per_lib :  ITTAPI function not implemented: __itt_heap_reset_detection
972203 : 0x3137bea5ba5d4 : 2 : ittapi_config_apply_per_lib :  ITTAPI function not implemented: __itt_heap_record
972203 : 0x3137bea5bb335 : 2 : ittapi_config_apply_per_lib :  ITTAPI function not implemented: __itt_id_create
972203 : 0x3137bea5bc077 : 2 : ittapi_config_apply_per_lib :  ITTAPI function not implemented: __itt_id_destroy
972203 : 0x3137bea5bc9da : 2 : ittapi_config_apply_per_lib :  ITTAPI function instrumented: __itt_get_timestamp
972203 : 0x3137bea5bd35d : 2 : ittapi_config_apply_per_lib :  ITTAPI function not implemented: __itt_region_begin
972203 : 0x3137bea5be038 : 2 : ittapi_config_apply_per_lib :  ITTAPI function not implemented: __itt_region_end
972203 : 0x3137bea5be9e5 : 2 : ittapi_config_apply_per_lib :  ITTAPI function instrumented: __itt_frame_begin_v3
972203 : 0x3137bea5bfe05 : 2 : ittapi_config_apply_per_lib :  ITTAPI function instrumented: __itt_frame_end_v3
972203 : 0x3137bea5c0453 : 2 : ittapi_config_apply_per_lib :  ITTAPI function instrumented: __itt_frame_submit_v3
972203 : 0x3137bea5c0e7a : 2 : ittapi_config_apply_per_lib :  ITTAPI function not implemented: __itt_task_group
972203 : 0x3137bea5c17e0 : 2 : ittapi_config_apply_per_lib :  ITTAPI function instrumented: __itt_task_begin
972203 : 0x3137bea5c1dea : 2 : ittapi_config_apply_per_lib :  ITTAPI function instrumented: __itt_task_begin_fn
972203 : 0x3137bea5c2395 : 2 : ittapi_config_apply_per_lib :  ITTAPI function instrumented: __itt_task_end
972203 : 0x3137bea5c2d97 : 2 : ittapi_config_apply_per_lib :  ITTAPI function not implemented: __itt_counter_inc_v3
972203 : 0x3137bea5c3acc : 2 : ittapi_config_apply_per_lib :  ITTAPI function not implemented: __itt_counter_inc_delta_v3
972203 : 0x3137bea5c4786 : 2 : ittapi_config_apply_per_lib :  ITTAPI function not implemented: __itt_counter_dec_v3
972203 : 0x3137bea5c5425 : 2 : ittapi_config_apply_per_lib :  ITTAPI function not implemented: __itt_counter_dec_delta_v3
972203 : 0x3137bea5c6f26 : 2 : ittapi_config_apply_per_lib :  ITTAPI function not implemented: __itt_marker
972203 : 0x3137bea5c7902 : 2 : ittapi_config_apply_per_lib :  ITTAPI function instrumented: __itt_metadata_add
972203 : 0x3137bea5c830b : 2 : ittapi_config_apply_per_lib :  ITTAPI function not implemented: __itt_metadata_str_add
972203 : 0x3137bea5c8fce : 2 : ittapi_config_apply_per_lib :  ITTAPI function not implemented: __itt_relation_add_to_current
972203 : 0x3137bea5c9cb5 : 2 : ittapi_config_apply_per_lib :  ITTAPI function not implemented: __itt_relation_add
972203 : 0x3137bea5ca603 : 2 : ittapi_config_apply_per_lib :  ITTAPI function instrumented: __itt_event_create
972203 : 0x3137bea5cac1e : 2 : ittapi_config_apply_per_lib :  ITTAPI function instrumented: __itt_event_start
972203 : 0x3137bea5cb23e : 2 : ittapi_config_apply_per_lib :  ITTAPI function instrumented: __itt_event_end
972203 : 0x3137bea5cb765 : 2 : ittapi_config_apply_per_lib :  ITTAPI function NOT instrumented (not matched by --itt-config option): __itt_sync_set_name

972203 : 0x3137bea5cbc84 : 2 : ittapi_config_apply_per_lib :  ITTAPI function NOT instrumented (not matched by --itt-config option): __itt_notify_sync_name

972203 : 0x3137bea5cd6a9 : 2 : ittapi_config_apply_per_lib :  ITTAPI function NOT instrumented (not matched by --itt-config option): __itt_notify_sync_prepare

972203 : 0x3137bea5cdbf9 : 2 : ittapi_config_apply_per_lib :  ITTAPI function NOT instrumented (not matched by --itt-config option): __itt_notify_sync_cancel

972203 : 0x3137bea5ce0c3 : 2 : ittapi_config_apply_per_lib :  ITTAPI function NOT instrumented (not matched by --itt-config option): __itt_notify_sync_acquired

972203 : 0x3137bea5ce57f : 2 : ittapi_config_apply_per_lib :  ITTAPI function NOT instrumented (not matched by --itt-config option): __itt_notify_sync_releasing

972203 : 0x3137bea5cefa9 : 2 : ittapi_config_apply_per_lib :  ITTAPI function not implemented: __itt_memory_read
972203 : 0x3137bea5cfc9f : 2 : ittapi_config_apply_per_lib :  ITTAPI function not implemented: __itt_memory_write
972203 : 0x3137bea5d0994 : 2 : ittapi_config_apply_per_lib :  ITTAPI function not implemented: __itt_memory_update
972203 : 0x3137bea5d1697 : 2 : ittapi_config_apply_per_lib :  ITTAPI function not implemented: __itt_state_get
972203 : 0x3137bea5d235e : 2 : ittapi_config_apply_per_lib :  ITTAPI function not implemented: __itt_state_set
972203 : 0x3137bea5d3094 : 2 : ittapi_config_apply_per_lib :  ITTAPI function not implemented: __itt_obj_mode_set
972203 : 0x3137bea5d4c2e : 2 : ittapi_config_apply_per_lib :  ITTAPI function not implemented: __itt_thr_mode_set
972203 : 0x3137bea5d55ed : 2 : ittapi_config_apply_per_lib :  ITTAPI function instrumented: __itt_frame_create
972203 : 0x3137bea5d5c0d : 2 : ittapi_config_apply_per_lib :  ITTAPI function instrumented: __itt_pt_region_create
972203 : 0x3137bea5d622b : 2 : ittapi_config_apply_per_lib :  ITTAPI function instrumented: __itt_frame_begin
972203 : 0x3137bea5d6845 : 2 : ittapi_config_apply_per_lib :  ITTAPI function instrumented: __itt_frame_end
972203 : 0x3137bea5d7277 : 2 : ittapi_config_apply_per_lib :  ITTAPI function not implemented: __itt_counter_destroy
972203 : 0x3137bea5d7bad : 2 : ittapi_config_apply_per_lib :  ITTAPI function instrumented: __itt_counter_inc
972203 : 0x3137bea5d8199 : 2 : ittapi_config_apply_per_lib :  ITTAPI function instrumented: __itt_counter_inc_delta
972203 : 0x3137bea5d8785 : 2 : ittapi_config_apply_per_lib :  ITTAPI function instrumented: __itt_counter_dec
972203 : 0x3137bea5d8db8 : 2 : ittapi_config_apply_per_lib :  ITTAPI function instrumented: __itt_counter_dec_delta
972203 : 0x3137bea5da124 : 2 : ittapi_config_apply_per_lib :  ITTAPI function instrumented: __itt_counter_set_value
972203 : 0x3137bea5dab77 : 2 : ittapi_config_apply_per_lib :  ITTAPI function not implemented: __itt_counter_set_value_ex
972203 : 0x3137bea5db84b : 2 : ittapi_config_apply_per_lib :  ITTAPI function not implemented: __itt_mark_create
972203 : 0x3137bea5dc562 : 2 : ittapi_config_apply_per_lib :  ITTAPI function not implemented: __itt_mark
972203 : 0x3137bea5dd225 : 2 : ittapi_config_apply_per_lib :  ITTAPI function not implemented: __itt_mark_off
972203 : 0x3137bea5dde94 : 2 : ittapi_config_apply_per_lib :  ITTAPI function not implemented: __itt_mark_global
972203 : 0x3137bea5deb2d : 2 : ittapi_config_apply_per_lib :  ITTAPI function not implemented: __itt_mark_global_off
972203 : 0x3137bea5df503 : 2 : ittapi_config_apply_per_lib :  ITTAPI function instrumented: __itt_stack_caller_create
972203 : 0x3137bea5dfaf9 : 2 : ittapi_config_apply_per_lib :  ITTAPI function instrumented: __itt_stack_caller_destroy
972203 : 0x3137bea5e00cd : 2 : ittapi_config_apply_per_lib :  ITTAPI function instrumented: __itt_stack_callee_enter
972203 : 0x3137bea5e1bd2 : 2 : ittapi_config_apply_per_lib :  ITTAPI function instrumented: __itt_stack_callee_leave
972203 : 0x3137bea5e264e : 2 : ittapi_config_apply_per_lib :  ITTAPI function not implemented: __itt_clock_domain_create
972203 : 0x3137bea5e336d : 2 : ittapi_config_apply_per_lib :  ITTAPI function not implemented: __itt_clock_domain_reset
972203 : 0x3137bea5e403a : 2 : ittapi_config_apply_per_lib :  ITTAPI function not implemented: __itt_id_create_ex
972203 : 0x3137bea5e4cf8 : 2 : ittapi_config_apply_per_lib :  ITTAPI function not implemented: __itt_id_destroy_ex
972203 : 0x3137bea5e59d4 : 2 : ittapi_config_apply_per_lib :  ITTAPI function not implemented: __itt_task_begin_ex
972203 : 0x3137bea5e66ca : 2 : ittapi_config_apply_per_lib :  ITTAPI function not implemented: __itt_task_begin_fn_ex
972203 : 0x3137bea5e73b9 : 2 : ittapi_config_apply_per_lib :  ITTAPI function not implemented: __itt_task_end_ex
972203 : 0x3137bea5e7d6d : 2 : ittapi_config_apply_per_lib :  ITTAPI function instrumented: __itt_task_begin_overlapped
972203 : 0x3137bea5e8723 : 2 : ittapi_config_apply_per_lib :  ITTAPI function not implemented: __itt_task_begin_overlapped_ex
972203 : 0x3137bea5e9f76 : 2 : ittapi_config_apply_per_lib :  ITTAPI function instrumented: __itt_task_end_overlapped
972203 : 0x3137bea5eaa22 : 2 : ittapi_config_apply_per_lib :  ITTAPI function not implemented: __itt_task_end_overlapped_ex
972203 : 0x3137bea5eb723 : 2 : ittapi_config_apply_per_lib :  ITTAPI function not implemented: __itt_marker_ex
972203 : 0x3137bea5ec4bc : 2 : ittapi_config_apply_per_lib :  ITTAPI function not implemented: __itt_metadata_add_with_scope
972203 : 0x3137bea5ed24f : 2 : ittapi_config_apply_per_lib :  ITTAPI function not implemented: __itt_metadata_str_add_with_scope
972203 : 0x3137bea5edf47 : 2 : ittapi_config_apply_per_lib :  ITTAPI function not implemented: __itt_relation_add_to_current_ex
972203 : 0x3137bea5eec46 : 2 : ittapi_config_apply_per_lib :  ITTAPI function not implemented: __itt_relation_add_ex
972203 : 0x3137bea5ef978 : 2 : ittapi_config_apply_per_lib :  ITTAPI function not implemented: __itt_track_group_create
972203 : 0x3137bea5f05fc : 2 : ittapi_config_apply_per_lib :  ITTAPI function not implemented: __itt_track_create
972203 : 0x3137bea5f12f7 : 2 : ittapi_config_apply_per_lib :  ITTAPI function not implemented: __itt_set_track
972203 : 0x3137bea5f2a8e : 2 : ittapi_config_apply_per_lib :  ITTAPI function instrumented: __itt_api_version
972203 : 0x3137bea5f34c6 : 2 : ittapi_config_apply_per_lib :  ITTAPI function not implemented: __itt_av_save
972203 : 0x3137bea5f3df6 : 2 : ittapi_config_apply_per_lib :  ITTAPI function instrumented: __itt_module_load
972203 : 0x3137bea5f480f : 2 : ittapi_config_apply_per_lib :  ITTAPI function not implemented: __itt_module_unload
972203 : 0x3137bea5f4d71 : 2 : ittapi_config_apply_per_lib :  ITTAPI function NOT instrumented (not matched by --itt-config option): __itt_histogram_submit

972203 : 0x3137bea5f56e7 : 2 : ittapi_config_apply_per_lib :  ITTAPI function instrumented: __itt_counter_set_value_v3