Using CPUID GenuineIntel-6-4F-1
Warning:
UNC_M_CAS_COUNT.RD[UNIT0] event is not supported by the kernel.
Warning:
UNC_M_CAS_COUNT.RD[UNIT1] event is not supported by the kernel.
Warning:
UNC_M_CAS_COUNT.RD[UNIT4] event is not supported by the kernel.
Warning:
UNC_M_CAS_COUNT.RD[UNIT5] event is not supported by the kernel.
Warning:
UNC_M_CAS_COUNT.WR[UNIT0] event is not supported by the kernel.
Warning:
UNC_M_CAS_COUNT.WR[UNIT1] event is not supported by the kernel.
Warning:
UNC_M_CAS_COUNT.WR[UNIT4] event is not supported by the kernel.
Warning:
UNC_M_CAS_COUNT.WR[UNIT5] event is not supported by the kernel.
Events disabled

1026307:perf-sync:ready:SYS=925663376861665
failed to read counter UNC_M_CAS_COUNT.RD[UNIT0]
failed to read counter UNC_M_CAS_COUNT.RD[UNIT1]
failed to read counter UNC_M_CAS_COUNT.RD[UNIT4]
failed to read counter UNC_M_CAS_COUNT.RD[UNIT5]
failed to read counter UNC_M_CAS_COUNT.WR[UNIT0]
failed to read counter UNC_M_CAS_COUNT.WR[UNIT1]
failed to read counter UNC_M_CAS_COUNT.WR[UNIT4]
failed to read counter UNC_M_CAS_COUNT.WR[UNIT5]
