threads_spec: cpu
Using CPUID GenuineIntel-6-4F-1
DEBUGINFOD_URLS=
Compression enabled, disabling build id collection at the end of the session.
nr_threads: 72
thread_masks[0]: 0x55c92826e950: maps mask[72]: 0
thread_masks[0]: 0x55c92826e960: affinity mask[72]: 0
thread_masks[1]: 0x55c92826e970: maps mask[72]: 1
thread_masks[1]: 0x55c92826e980: affinity mask[72]: 1
thread_masks[2]: 0x55c92826e990: maps mask[72]: 2
thread_masks[2]: 0x55c92826e9a0: affinity mask[72]: 2
thread_masks[3]: 0x55c92826e9b0: maps mask[72]: 3
thread_masks[3]: 0x55c92826e9c0: affinity mask[72]: 3
thread_masks[4]: 0x55c92826e9d0: maps mask[72]: 4
thread_masks[4]: 0x55c92826e9e0: affinity mask[72]: 4
thread_masks[5]: 0x55c92826e9f0: maps mask[72]: 5
thread_masks[5]: 0x55c92826ea00: affinity mask[72]: 5
thread_masks[6]: 0x55c92826ea10: maps mask[72]: 6
thread_masks[6]: 0x55c92826ea20: affinity mask[72]: 6
thread_masks[7]: 0x55c92826ea30: maps mask[72]: 7
thread_masks[7]: 0x55c92826ea40: affinity mask[72]: 7
thread_masks[8]: 0x55c92826ea50: maps mask[72]: 8
thread_masks[8]: 0x55c92826ea60: affinity mask[72]: 8
thread_masks[9]: 0x55c92826ea70: maps mask[72]: 9
thread_masks[9]: 0x55c92826ea80: affinity mask[72]: 9
thread_masks[10]: 0x55c92826ea90: maps mask[72]: 10
thread_masks[10]: 0x55c92826eaa0: affinity mask[72]: 10
thread_masks[11]: 0x55c92826eab0: maps mask[72]: 11
thread_masks[11]: 0x55c92826eac0: affinity mask[72]: 11
thread_masks[12]: 0x55c92826ead0: maps mask[72]: 12
thread_masks[12]: 0x55c92826eae0: affinity mask[72]: 12
thread_masks[13]: 0x55c92826eaf0: maps mask[72]: 13
thread_masks[13]: 0x55c92826eb00: affinity mask[72]: 13
thread_masks[14]: 0x55c92826eb10: maps mask[72]: 14
thread_masks[14]: 0x55c92826eb20: affinity mask[72]: 14
thread_masks[15]: 0x55c92826eb30: maps mask[72]: 15
thread_masks[15]: 0x55c92826eb40: affinity mask[72]: 15
thread_masks[16]: 0x55c92826eb50: maps mask[72]: 16
thread_masks[16]: 0x55c92826eb60: affinity mask[72]: 16
thread_masks[17]: 0x55c92826eb70: maps mask[72]: 17
thread_masks[17]: 0x55c92826eb80: affinity mask[72]: 17
thread_masks[18]: 0x55c92826eb90: maps mask[72]: 18
thread_masks[18]: 0x55c92826eba0: affinity mask[72]: 18
thread_masks[19]: 0x55c92826ebb0: maps mask[72]: 19
thread_masks[19]: 0x55c92826ebc0: affinity mask[72]: 19
thread_masks[20]: 0x55c92826ebd0: maps mask[72]: 20
thread_masks[20]: 0x55c92826ebe0: affinity mask[72]: 20
thread_masks[21]: 0x55c92826ebf0: maps mask[72]: 21
thread_masks[21]: 0x55c92826ec00: affinity mask[72]: 21
thread_masks[22]: 0x55c92826ec10: maps mask[72]: 22
thread_masks[22]: 0x55c92826ec20: affinity mask[72]: 22
thread_masks[23]: 0x55c92826ec30: maps mask[72]: 23
thread_masks[23]: 0x55c92826ec40: affinity mask[72]: 23
thread_masks[24]: 0x55c92826ec50: maps mask[72]: 24
thread_masks[24]: 0x55c92826ec60: affinity mask[72]: 24
thread_masks[25]: 0x55c92826ec70: maps mask[72]: 25
thread_masks[25]: 0x55c92826ec80: affinity mask[72]: 25
thread_masks[26]: 0x55c92826ec90: maps mask[72]: 26
thread_masks[26]: 0x55c92826eca0: affinity mask[72]: 26
thread_masks[27]: 0x55c92826ecb0: maps mask[72]: 27
thread_masks[27]: 0x55c92826ecc0: affinity mask[72]: 27
thread_masks[28]: 0x55c92826ecd0: maps mask[72]: 28
thread_masks[28]: 0x55c92826ece0: affinity mask[72]: 28
thread_masks[29]: 0x55c92826ecf0: maps mask[72]: 29
thread_masks[29]: 0x55c92826ed00: affinity mask[72]: 29
thread_masks[30]: 0x55c92826ed10: maps mask[72]: 30
thread_masks[30]: 0x55c92826ed20: affinity mask[72]: 30
thread_masks[31]: 0x55c92826ed30: maps mask[72]: 31
thread_masks[31]: 0x55c92826ed40: affinity mask[72]: 31
thread_masks[32]: 0x55c92826ed50: maps mask[72]: 32
thread_masks[32]: 0x55c92826ed60: affinity mask[72]: 32
thread_masks[33]: 0x55c92826ed70: maps mask[72]: 33
thread_masks[33]: 0x55c92826ed80: affinity mask[72]: 33
thread_masks[34]: 0x55c92826ed90: maps mask[72]: 34
thread_masks[34]: 0x55c92826eda0: affinity mask[72]: 34
thread_masks[35]: 0x55c92826edb0: maps mask[72]: 35
thread_masks[35]: 0x55c92826edc0: affinity mask[72]: 35
thread_masks[36]: 0x55c92826edd0: maps mask[72]: 36
thread_masks[36]: 0x55c92826ede0: affinity mask[72]: 36
thread_masks[37]: 0x55c92826edf0: maps mask[72]: 37
thread_masks[37]: 0x55c92826ee00: affinity mask[72]: 37
thread_masks[38]: 0x55c92826ee10: maps mask[72]: 38
thread_masks[38]: 0x55c92826ee20: affinity mask[72]: 38
thread_masks[39]: 0x55c92826ee30: maps mask[72]: 39
thread_masks[39]: 0x55c92826ee40: affinity mask[72]: 39
thread_masks[40]: 0x55c92826ee50: maps mask[72]: 40
thread_masks[40]: 0x55c92826ee60: affinity mask[72]: 40
thread_masks[41]: 0x55c92826ee70: maps mask[72]: 41
thread_masks[41]: 0x55c92826ee80: affinity mask[72]: 41
thread_masks[42]: 0x55c92826ee90: maps mask[72]: 42
thread_masks[42]: 0x55c92826eea0: affinity mask[72]: 42
thread_masks[43]: 0x55c92826eeb0: maps mask[72]: 43
thread_masks[43]: 0x55c92826eec0: affinity mask[72]: 43
thread_masks[44]: 0x55c92826eed0: maps mask[72]: 44
thread_masks[44]: 0x55c92826eee0: affinity mask[72]: 44
thread_masks[45]: 0x55c92826eef0: maps mask[72]: 45
thread_masks[45]: 0x55c92826ef00: affinity mask[72]: 45
thread_masks[46]: 0x55c92826ef10: maps mask[72]: 46
thread_masks[46]: 0x55c92826ef20: affinity mask[72]: 46
thread_masks[47]: 0x55c92826ef30: maps mask[72]: 47
thread_masks[47]: 0x55c92826ef40: affinity mask[72]: 47
thread_masks[48]: 0x55c92826ef50: maps mask[72]: 48
thread_masks[48]: 0x55c92826ef60: affinity mask[72]: 48
thread_masks[49]: 0x55c92826ef70: maps mask[72]: 49
thread_masks[49]: 0x55c92826ef80: affinity mask[72]: 49
thread_masks[50]: 0x55c92826ef90: maps mask[72]: 50
thread_masks[50]: 0x55c92826efa0: affinity mask[72]: 50
thread_masks[51]: 0x55c92826efb0: maps mask[72]: 51
thread_masks[51]: 0x55c92826efc0: affinity mask[72]: 51
thread_masks[52]: 0x55c92826efd0: maps mask[72]: 52
thread_masks[52]: 0x55c92826efe0: affinity mask[72]: 52
thread_masks[53]: 0x55c92826eff0: maps mask[72]: 53
thread_masks[53]: 0x55c92826f000: affinity mask[72]: 53
thread_masks[54]: 0x55c92826f010: maps mask[72]: 54
thread_masks[54]: 0x55c92826f020: affinity mask[72]: 54
thread_masks[55]: 0x55c92826f030: maps mask[72]: 55
thread_masks[55]: 0x55c92826f040: affinity mask[72]: 55
thread_masks[56]: 0x55c92826f050: maps mask[72]: 56
thread_masks[56]: 0x55c92826f060: affinity mask[72]: 56
thread_masks[57]: 0x55c92826f070: maps mask[72]: 57
thread_masks[57]: 0x55c92826f080: affinity mask[72]: 57
thread_masks[58]: 0x55c92826f090: maps mask[72]: 58
thread_masks[58]: 0x55c92826f0a0: affinity mask[72]: 58
thread_masks[59]: 0x55c92826f0b0: maps mask[72]: 59
thread_masks[59]: 0x55c92826f0c0: affinity mask[72]: 59
thread_masks[60]: 0x55c92826f0d0: maps mask[72]: 60
thread_masks[60]: 0x55c92826f0e0: affinity mask[72]: 60
thread_masks[61]: 0x55c92826f0f0: maps mask[72]: 61
thread_masks[61]: 0x55c92826f100: affinity mask[72]: 61
thread_masks[62]: 0x55c92826f110: maps mask[72]: 62
thread_masks[62]: 0x55c92826f120: affinity mask[72]: 62
thread_masks[63]: 0x55c92826f130: maps mask[72]: 63
thread_masks[63]: 0x55c92826f140: affinity mask[72]: 63
thread_masks[64]: 0x55c92826f150: maps mask[72]: 64
thread_masks[64]: 0x55c92826f160: affinity mask[72]: 64
thread_masks[65]: 0x55c92826f170: maps mask[72]: 65
thread_masks[65]: 0x55c92826f180: affinity mask[72]: 65
thread_masks[66]: 0x55c92826f190: maps mask[72]: 66
thread_masks[66]: 0x55c92826f1a0: affinity mask[72]: 66
thread_masks[67]: 0x55c92826f1b0: maps mask[72]: 67
thread_masks[67]: 0x55c92826f1c0: affinity mask[72]: 67
thread_masks[68]: 0x55c92826f1d0: maps mask[72]: 68
thread_masks[68]: 0x55c92826f1e0: affinity mask[72]: 68
thread_masks[69]: 0x55c92826f1f0: maps mask[72]: 69
thread_masks[69]: 0x55c92826f200: affinity mask[72]: 69
thread_masks[70]: 0x55c92826f210: maps mask[72]: 70
thread_masks[70]: 0x55c92826f220: affinity mask[72]: 70
thread_masks[71]: 0x55c92826f230: maps mask[72]: 71
thread_masks[71]: 0x55c92826f240: affinity mask[72]: 71
nr_cblocks: 0
affinity: SYS
mmap flush: 1
comp level: 1
Problems creating module maps, continuing anyway...
WARNING: Kernel address maps (/proc/{kallsyms,modules}) are restricted,
check /proc/sys/kernel/kptr_restrict and /proc/sys/kernel/perf_event_paranoid.

Samples in kernel functions may not be resolved if a suitable vmlinux
file is not found in the buildid cache or in the vmlinux path.

Samples in kernel modules won't be resolved at all.

If some relocation was applied (e.g. kexec) symbols may be misresolved
even with a suitable vmlinux or kallsyms file.

mmap size 528384B
Couldn't record kernel reference relocation symbol
Symbol resolution may be skewed if relocation was used (e.g. kexec).
Check /proc/kallsyms permission or run as root.
couldn't open /proc/1/task/1/maps
couldn't open /proc/1701/task/1701/maps
couldn't open /proc/1757/task/1757/maps
couldn't open /proc/2309/task/2309/maps
couldn't open /proc/2328/task/2328/maps
couldn't open /proc/2330/task/2330/maps
couldn't open /proc/2338/task/2338/maps
couldn't open /proc/2351/task/2351/maps
couldn't open /proc/2431/task/2431/maps
couldn't open /proc/2529/task/2529/maps
couldn't open /proc/2900/task/2900/maps
couldn't open /proc/2915/task/2915/maps
couldn't open /proc/2920/task/2920/maps
couldn't open /proc/2922/task/2922/maps
couldn't open /proc/2926/task/2926/maps
couldn't open /proc/2929/task/2929/maps
couldn't open /proc/2941/task/2941/maps
couldn't open /proc/2963/task/2963/maps
couldn't open /proc/3254/task/3254/maps
couldn't open /proc/3269/task/3269/maps
couldn't open /proc/3348/task/3348/maps
couldn't open /proc/3355/task/3355/maps
couldn't open /proc/3359/task/3359/maps
couldn't open /proc/3362/task/3362/maps
couldn't open /proc/3376/task/3376/maps
couldn't open /proc/3377/task/3377/maps
couldn't open /proc/3378/task/3378/maps
couldn't open /proc/3379/task/3379/maps
couldn't open /proc/3381/task/3381/maps
couldn't open /proc/3383/task/3383/maps
couldn't open /proc/3389/task/3389/maps
couldn't open /proc/4013/task/4013/maps
couldn't open /proc/4019/task/4019/maps
couldn't open /proc/4024/task/4024/maps
couldn't open /proc/4039/task/4039/maps
couldn't open /proc/4040/task/4040/maps
couldn't open /proc/7518/task/7518/maps
couldn't open /proc/108161/task/108161/maps
couldn't open /proc/1008919/task/1008919/maps
couldn't open /proc/1011341/task/1011341/maps
couldn't open /proc/1011345/task/1011345/maps
couldn't open /proc/1011394/task/1011394/maps
threads[1011672]: started on cpu1
threads[1011673]: started on cpu2
threads[1011674]: started on cpu3
threads[1011675]: started on cpu4
threads[1011676]: started on cpu5
threads[1011677]: started on cpu6
threads[1011678]: started on cpu7
threads[1011679]: started on cpu8
threads[1011680]: started on cpu9
threads[1011681]: started on cpu10
threads[1011682]: started on cpu11
threads[1011683]: started on cpu12
threads[1011684]: started on cpu13
threads[1011685]: started on cpu14
threads[1011686]: started on cpu15
threads[1011687]: started on cpu16
threads[1011688]: started on cpu17
threads[1011689]: started on cpu18
threads[1011690]: started on cpu19
threads[1011691]: started on cpu20
threads[1011692]: started on cpu21
threads[1011693]: started on cpu22
threads[1011694]: started on cpu23
threads[1011695]: started on cpu24
threads[1011696]: started on cpu25
threads[1011697]: started on cpu26
threads[1011698]: started on cpu27
threads[1011699]: started on cpu28
threads[1011700]: started on cpu29
threads[1011701]: started on cpu30
threads[1011702]: started on cpu31
threads[1011703]: started on cpu32
threads[1011704]: started on cpu33
threads[1011705]: started on cpu34
threads[1011706]: started on cpu35
threads[1011707]: started on cpu36
threads[1011708]: started on cpu37
threads[1011709]: started on cpu38
threads[1011710]: started on cpu39
threads[1011711]: started on cpu40
threads[1011712]: started on cpu41
threads[1011713]: started on cpu42
threads[1011714]: started on cpu43
threads[1011715]: started on cpu44
threads[1011716]: started on cpu45
threads[1011717]: started on cpu46
threads[1011718]: started on cpu47
threads[1011719]: started on cpu48
threads[1011720]: started on cpu49
threads[1011721]: started on cpu50
threads[1011722]: started on cpu51
threads[1011723]: started on cpu52
threads[1011724]: started on cpu53
threads[1011725]: started on cpu54
threads[1011726]: started on cpu55
threads[1011727]: started on cpu56
threads[1011728]: started on cpu57
threads[1011729]: started on cpu58
threads[1011730]: started on cpu59
threads[1011731]: started on cpu60
threads[1011732]: started on cpu61
threads[1011733]: started on cpu62
threads[1011734]: started on cpu63
threads[1011735]: started on cpu64
threads[1011736]: started on cpu65
threads[1011737]: started on cpu66
threads[1011738]: started on cpu67
threads[1011739]: started on cpu68
threads[1011740]: started on cpu69
threads[1011741]: started on cpu70
threads[1011742]: started on cpu71
threads[1011670]: started on cpu0
Events disabled

1011671:perf-sync:ready:SYS=915506780305759
Message from ctl_fd: "enable\0"
Events enabled
Message from ctl_fd: "disable\0"
Events disabled
[ perf record: Woken up 13 times to write data ]
threads[1011670]: samples=4, wakes=3, transferred=37880, compressed=5663
threads[1011672]: samples=1, wakes=2, transferred=29696, compressed=4020
threads[1011673]: samples=1, wakes=2, transferred=50616, compressed=7113
threads[1011674]: samples=1, wakes=2, transferred=123848, compressed=11738
threads[1011675]: samples=1, wakes=2, transferred=29104, compressed=4034
threads[1011676]: samples=1, wakes=2, transferred=29992, compressed=4065
threads[1011677]: samples=1, wakes=2, transferred=27976, compressed=3820
threads[1011678]: samples=1, wakes=2, transferred=33104, compressed=4479
threads[1011679]: samples=1, wakes=2, transferred=20560, compressed=2825
threads[1011680]: samples=1, wakes=2, transferred=37632, compressed=5421
threads[1011681]: samples=3, wakes=2, transferred=54888, compressed=6408
threads[1011682]: samples=3, wakes=2, transferred=33568, compressed=4399
threads[1011683]: samples=3, wakes=2, transferred=35368, compressed=4670
threads[1011684]: samples=3, wakes=2, transferred=33640, compressed=4569
threads[1011685]: samples=3, wakes=2, transferred=34264, compressed=4668
threads[1011686]: samples=3, wakes=2, transferred=34368, compressed=4590
threads[1011687]: samples=3, wakes=2, transferred=35224, compressed=4591
threads[1011688]: samples=3, wakes=2, transferred=35440, compressed=4905
threads[1011689]: samples=1, wakes=2, transferred=129824, compressed=20563
threads[1011690]: samples=3, wakes=2, transferred=121488, compressed=15461
threads[1011691]: samples=3, wakes=2, transferred=32336, compressed=4381
threads[1011692]: samples=3, wakes=2, transferred=30688, compressed=4235
threads[1011693]: samples=3, wakes=2, transferred=220144, compressed=32219
threads[1011694]: samples=3, wakes=2, transferred=29824, compressed=4102
threads[1011695]: samples=3, wakes=2, transferred=32344, compressed=4684
threads[1011696]: samples=1, wakes=2, transferred=28848, compressed=3928
threads[1011697]: samples=3, wakes=2, transferred=37200, compressed=5436
threads[1011698]: samples=1, wakes=2, transferred=49352, compressed=5987
threads[1011699]: samples=3, wakes=2, transferred=32608, compressed=4506
threads[1011700]: samples=8, wakes=5, transferred=815048, compressed=101334
threads[1011701]: samples=3, wakes=2, transferred=39784, compressed=5618
threads[1011702]: samples=3, wakes=2, transferred=33496, compressed=4514
threads[1011703]: samples=3, wakes=2, transferred=32720, compressed=4283
threads[1011704]: samples=3, wakes=2, transferred=34648, compressed=4412
threads[1011705]: samples=3, wakes=2, transferred=35736, compressed=4850
threads[1011706]: samples=3, wakes=2, transferred=81080, compressed=9648
threads[1011707]: samples=3, wakes=2, transferred=25216, compressed=3492
threads[1011708]: samples=3, wakes=2, transferred=68384, compressed=7078
threads[1011709]: samples=3, wakes=2, transferred=25648, compressed=3469
threads[1011710]: samples=3, wakes=2, transferred=29752, compressed=4086
threads[1011711]: samples=3, wakes=2, transferred=24640, compressed=3302
threads[1011712]: samples=3, wakes=2, transferred=25648, compressed=3413
threads[1011713]: samples=3, wakes=2, transferred=23992, compressed=3219
threads[1011714]: samples=3, wakes=3, transferred=298720, compressed=38430
threads[1011715]: samples=11, wakes=6, transferred=1057768, compressed=149004
threads[1011716]: samples=3, wakes=2, transferred=27160, compressed=3595
threads[1011717]: samples=3, wakes=2, transferred=27088, compressed=3426
threads[1011718]: samples=3, wakes=2, transferred=28880, compressed=3751
threads[1011719]: samples=3, wakes=2, transferred=31528, compressed=4105
threads[1011720]: samples=3, wakes=2, transferred=68624, compressed=8565
threads[1011721]: samples=1, wakes=2, transferred=49672, compressed=6959
threads[1011722]: samples=3, wakes=2, transferred=62872, compressed=8936
threads[1011723]: samples=3, wakes=2, transferred=34256, compressed=4851
threads[1011724]: samples=1, wakes=2, transferred=28392, compressed=3692
threads[1011725]: samples=7, wakes=4, transferred=527056, compressed=77631
threads[1011726]: samples=3, wakes=2, transferred=25200, compressed=3516
threads[1011727]: samples=3, wakes=2, transferred=27664, compressed=3625
threads[1011728]: samples=3, wakes=2, transferred=50704, compressed=7069
threads[1011729]: samples=3, wakes=2, transferred=42256, compressed=6259
threads[1011730]: samples=1, wakes=2, transferred=74136, compressed=10654
threads[1011731]: samples=3, wakes=2, transferred=28072, compressed=4043
threads[1011732]: samples=3, wakes=2, transferred=25200, compressed=3390
threads[1011733]: samples=3, wakes=2, transferred=25288, compressed=3426
threads[1011734]: samples=3, wakes=2, transferred=26728, compressed=3522
threads[1011735]: samples=3, wakes=2, transferred=28152, compressed=3677
threads[1011736]: samples=3, wakes=2, transferred=77264, compressed=8055
threads[1011737]: samples=3, wakes=2, transferred=83344, compressed=8839
threads[1011738]: samples=3, wakes=2, transferred=177048, compressed=16005
threads[1011739]: samples=3, wakes=2, transferred=28536, compressed=3967
threads[1011740]: samples=3, wakes=2, transferred=32904, compressed=4361
threads[1011741]: samples=3, wakes=2, transferred=36512, compressed=5017
threads[1011742]: samples=3, wakes=2, transferred=29104, compressed=3706
failed to write feature HYBRID_TOPOLOGY
[ perf record: Captured and wrote 1.216 MB /dev/shm/s2484724_5732628/amplxe-tmp-s2484724/amplxe-res-1011566-1922737091891856/data.0/system-wide.perf, compressed (original 5.548 MB, ratio is 7.533) ]
