
1011821 : 0x340ad617514e5 : 1 : spill_jit_data :  Jit agent is not initialized
1011622 : 0x340ad6188497a : 2 : ittapi_config_mask_get :  --itt-config mask to be applied: 39
1011622 : 0x340ad61886ea3 : 2 : ittapi_config_apply_per_lib :  ITTAPI function instrumented: __itt_domain_create
1011622 : 0x340ad618879d4 : 2 : ittapi_config_apply_per_lib :  ITTAPI function instrumented: __itt_module_load_with_sections
1011622 : 0x340ad618888a4 : 2 : ittapi_config_apply_per_lib :  ITTAPI function not implemented: __itt_module_unload_with_sections
1011622 : 0x340ad61889159 : 2 : ittapi_config_apply_per_lib :  ITTAPI function instrumented: __itt_string_handle_create
1011622 : 0x340ad6188989a : 2 : ittapi_config_apply_per_lib :  ITTAPI function instrumented: __itt_counter_create
1011622 : 0x340ad61889fd9 : 2 : ittapi_config_apply_per_lib :  ITTAPI function instrumented: __itt_counter_create_typed
1011622 : 0x340ad6188a675 : 2 : ittapi_config_apply_per_lib :  ITTAPI function instrumented: __itt_pause
1011622 : 0x340ad6188ae0c : 2 : ittapi_config_apply_per_lib :  ITTAPI function instrumented: __itt_resume
1011622 : 0x340ad618917b1 : 2 : ittapi_config_apply_per_lib :  ITTAPI function not implemented: __itt_pause_scoped
1011622 : 0x340ad6189243b : 2 : ittapi_config_apply_per_lib :  ITTAPI function not implemented: __itt_resume_scoped
1011622 : 0x340ad61892b6e : 2 : ittapi_config_apply_per_lib :  ITTAPI function instrumented: __itt_thread_set_name
1011622 : 0x340ad61893294 : 2 : ittapi_config_apply_per_lib :  ITTAPI function instrumented: __itt_thread_ignore
1011622 : 0x340ad6189392b : 2 : ittapi_config_apply_per_lib :  ITTAPI function instrumented: __itt_thr_name_set
1011622 : 0x340ad61893ffd : 2 : ittapi_config_apply_per_lib :  ITTAPI function instrumented: __itt_thr_ignore
1011622 : 0x340ad618946e6 : 2 : ittapi_config_apply_per_lib :  ITTAPI function instrumented: __itt_histogram_create
1011622 : 0x340ad61894d47 : 2 : ittapi_config_apply_per_lib :  ITTAPI function instrumented: __itt_counter_create_v3
1011622 : 0x340ad61895461 : 2 : ittapi_config_apply_per_lib :  ITTAPI function instrumented: __itt_bind_context_metadata_to_counter
1011622 : 0x340ad61895c0c : 2 : ittapi_config_apply_per_lib :  ITTAPI function not implemented: __itt_enable_attach
1011622 : 0x340ad618976a0 : 2 : ittapi_config_apply_per_lib :  ITTAPI function instrumented: __itt_detach
1011622 : 0x340ad61897ce5 : 2 : ittapi_config_apply_per_lib :  ITTAPI function NOT instrumented (not matched by --itt-config option): __itt_sync_create

1011622 : 0x340ad618982aa : 2 : ittapi_config_apply_per_lib :  ITTAPI function NOT instrumented (not matched by --itt-config option): __itt_sync_rename

1011622 : 0x340ad6189882c : 2 : ittapi_config_apply_per_lib :  ITTAPI function NOT instrumented (not matched by --itt-config option): __itt_sync_destroy

1011622 : 0x340ad61898d63 : 2 : ittapi_config_apply_per_lib :  ITTAPI function NOT instrumented (not matched by --itt-config option): __itt_sync_prepare

1011622 : 0x340ad618992ca : 2 : ittapi_config_apply_per_lib :  ITTAPI function NOT instrumented (not matched by --itt-config option): __itt_sync_cancel

1011622 : 0x340ad6189983a : 2 : ittapi_config_apply_per_lib :  ITTAPI function NOT instrumented (not matched by --itt-config option): __itt_sync_acquired

1011622 : 0x340ad61899d79 : 2 : ittapi_config_apply_per_lib :  ITTAPI function NOT instrumented (not matched by --itt-config option): __itt_sync_releasing

1011622 : 0x340ad6189a482 : 2 : ittapi_config_apply_per_lib :  ITTAPI function not implemented: __itt_suppress_push
1011622 : 0x340ad6189ad0a : 2 : ittapi_config_apply_per_lib :  ITTAPI function not implemented: __itt_suppress_pop
1011622 : 0x340ad6189c383 : 2 : ittapi_config_apply_per_lib :  ITTAPI function not implemented: __itt_suppress_mark_range
1011622 : 0x340ad6189cca1 : 2 : ittapi_config_apply_per_lib :  ITTAPI function not implemented: __itt_suppress_clear_range
1011622 : 0x340ad6189d215 : 2 : ittapi_config_apply_per_lib :  ITTAPI function NOT instrumented (not matched by --itt-config option): __itt_sync_prepare

1011622 : 0x340ad6189d775 : 2 : ittapi_config_apply_per_lib :  ITTAPI function NOT instrumented (not matched by --itt-config option): __itt_sync_cancel

1011622 : 0x340ad6189dc96 : 2 : ittapi_config_apply_per_lib :  ITTAPI function NOT instrumented (not matched by --itt-config option): __itt_sync_acquired

1011622 : 0x340ad6189e1b4 : 2 : ittapi_config_apply_per_lib :  ITTAPI function NOT instrumented (not matched by --itt-config option): __itt_sync_releasing

1011622 : 0x340ad6189e783 : 2 : ittapi_config_apply_per_lib :  ITTAPI function NOT instrumented (not matched by --itt-config option): __itt_model_site_begin

1011622 : 0x340ad6189ee13 : 2 : ittapi_config_apply_per_lib :  ITTAPI function NOT instrumented (not matched by --itt-config option): __itt_model_site_end

1011622 : 0x340ad618a4490 : 2 : ittapi_config_apply_per_lib :  ITTAPI function NOT instrumented (not matched by --itt-config option): __itt_model_task_begin

1011622 : 0x340ad618a498d : 2 : ittapi_config_apply_per_lib :  ITTAPI function NOT instrumented (not matched by --itt-config option): __itt_model_task_end

1011622 : 0x340ad618aae33 : 2 : ittapi_config_apply_per_lib :  ITTAPI function NOT instrumented (not matched by --itt-config option): __itt_model_lock_acquire

1011622 : 0x340ad618ab41d : 2 : ittapi_config_apply_per_lib :  ITTAPI function NOT instrumented (not matched by --itt-config option): __itt_model_lock_release

1011622 : 0x340ad618ab8b9 : 2 : ittapi_config_apply_per_lib :  ITTAPI function NOT instrumented (not matched by --itt-config option): __itt_model_record_allocation

1011622 : 0x340ad618abdf9 : 2 : ittapi_config_apply_per_lib :  ITTAPI function NOT instrumented (not matched by --itt-config option): __itt_model_record_deallocation

1011622 : 0x340ad618ac2ff : 2 : ittapi_config_apply_per_lib :  ITTAPI function NOT instrumented (not matched by --itt-config option): __itt_model_induction_uses

1011622 : 0x340ad618ac801 : 2 : ittapi_config_apply_per_lib :  ITTAPI function NOT instrumented (not matched by --itt-config option): __itt_model_reduction_uses

1011622 : 0x340ad618accdd : 2 : ittapi_config_apply_per_lib :  ITTAPI function NOT instrumented (not matched by --itt-config option): __itt_model_observe_uses

1011622 : 0x340ad618ad194 : 2 : ittapi_config_apply_per_lib :  ITTAPI function NOT instrumented (not matched by --itt-config option): __itt_model_clear_uses

1011622 : 0x340ad618ad6a5 : 2 : ittapi_config_apply_per_lib :  ITTAPI function NOT instrumented (not matched by --itt-config option): __itt_model_site_beginA

1011622 : 0x340ad618adb46 : 2 : ittapi_config_apply_per_lib :  ITTAPI function NOT instrumented (not matched by --itt-config option): __itt_model_site_beginAL

1011622 : 0x340ad618aee9c : 2 : ittapi_config_apply_per_lib :  ITTAPI function NOT instrumented (not matched by --itt-config option): __itt_model_task_beginA

1011622 : 0x340ad618af41e : 2 : ittapi_config_apply_per_lib :  ITTAPI function NOT instrumented (not matched by --itt-config option): __itt_model_task_beginAL

1011622 : 0x340ad618af8c6 : 2 : ittapi_config_apply_per_lib :  ITTAPI function NOT instrumented (not matched by --itt-config option): __itt_model_iteration_taskA

1011622 : 0x340ad618afdc6 : 2 : ittapi_config_apply_per_lib :  ITTAPI function NOT instrumented (not matched by --itt-config option): __itt_model_iteration_taskAL

1011622 : 0x340ad618b028f : 2 : ittapi_config_apply_per_lib :  ITTAPI function NOT instrumented (not matched by --itt-config option): __itt_model_site_end_2

1011622 : 0x340ad618b079c : 2 : ittapi_config_apply_per_lib :  ITTAPI function NOT instrumented (not matched by --itt-config option): __itt_model_task_end_2

1011622 : 0x340ad618b0c44 : 2 : ittapi_config_apply_per_lib :  ITTAPI function NOT instrumented (not matched by --itt-config option): __itt_model_lock_acquire_2

1011622 : 0x340ad618b1105 : 2 : ittapi_config_apply_per_lib :  ITTAPI function NOT instrumented (not matched by --itt-config option): __itt_model_lock_release_2

1011622 : 0x340ad618b1676 : 2 : ittapi_config_apply_per_lib :  ITTAPI function NOT instrumented (not matched by --itt-config option): __itt_model_aggregate_task

1011622 : 0x340ad618b1b25 : 2 : ittapi_config_apply_per_lib :  ITTAPI function NOT instrumented (not matched by --itt-config option): __itt_model_disable_push

1011622 : 0x340ad618b37d8 : 2 : ittapi_config_apply_per_lib :  ITTAPI function NOT instrumented (not matched by --itt-config option): __itt_model_disable_pop

1011622 : 0x340ad618b3f7e : 2 : ittapi_config_apply_per_lib :  ITTAPI function instrumented: __itt_heap_function_create
1011622 : 0x340ad618b455a : 2 : ittapi_config_apply_per_lib :  ITTAPI function instrumented: __itt_heap_allocate_begin
1011622 : 0x340ad618b4b4a : 2 : ittapi_config_apply_per_lib :  ITTAPI function instrumented: __itt_heap_allocate_end
1011622 : 0x340ad618b51a5 : 2 : ittapi_config_apply_per_lib :  ITTAPI function instrumented: __itt_heap_free_begin
1011622 : 0x340ad618b57bd : 2 : ittapi_config_apply_per_lib :  ITTAPI function instrumented: __itt_heap_free_end
1011622 : 0x340ad618b5d87 : 2 : ittapi_config_apply_per_lib :  ITTAPI function instrumented: __itt_heap_reallocate_begin
1011622 : 0x340ad618b6356 : 2 : ittapi_config_apply_per_lib :  ITTAPI function instrumented: __itt_heap_reallocate_end
1011622 : 0x340ad618b6ab7 : 2 : ittapi_config_apply_per_lib :  ITTAPI function not implemented: __itt_heap_internal_access_begin
1011622 : 0x340ad618b716c : 2 : ittapi_config_apply_per_lib :  ITTAPI function not implemented: __itt_heap_internal_access_end
1011622 : 0x340ad618b8b87 : 2 : ittapi_config_apply_per_lib :  ITTAPI function not implemented: __itt_heap_record_memory_growth_begin
1011622 : 0x340ad618bab27 : 2 : ittapi_config_apply_per_lib :  ITTAPI function not implemented: __itt_heap_record_memory_growth_end
1011622 : 0x340ad618bb196 : 2 : ittapi_config_apply_per_lib :  ITTAPI function not implemented: __itt_heap_reset_detection
1011622 : 0x340ad618bb80b : 2 : ittapi_config_apply_per_lib :  ITTAPI function not implemented: __itt_heap_record
1011622 : 0x340ad618bbe77 : 2 : ittapi_config_apply_per_lib :  ITTAPI function not implemented: __itt_id_create
1011622 : 0x340ad618c09f8 : 2 : ittapi_config_apply_per_lib :  ITTAPI function not implemented: __itt_id_destroy
1011622 : 0x340ad618c10f0 : 2 : ittapi_config_apply_per_lib :  ITTAPI function instrumented: __itt_get_timestamp
1011622 : 0x340ad618c1766 : 2 : ittapi_config_apply_per_lib :  ITTAPI function not implemented: __itt_region_begin
1011622 : 0x340ad618c1e44 : 2 : ittapi_config_apply_per_lib :  ITTAPI function not implemented: __itt_region_end
1011622 : 0x340ad618c24de : 2 : ittapi_config_apply_per_lib :  ITTAPI function instrumented: __itt_frame_begin_v3
1011622 : 0x340ad618c3f48 : 2 : ittapi_config_apply_per_lib :  ITTAPI function instrumented: __itt_frame_end_v3
1011622 : 0x340ad618c4667 : 2 : ittapi_config_apply_per_lib :  ITTAPI function instrumented: __itt_frame_submit_v3
1011622 : 0x340ad618c4dae : 2 : ittapi_config_apply_per_lib :  ITTAPI function not implemented: __itt_task_group
1011622 : 0x340ad618c5466 : 2 : ittapi_config_apply_per_lib :  ITTAPI function instrumented: __itt_task_begin
1011622 : 0x340ad618c5ad7 : 2 : ittapi_config_apply_per_lib :  ITTAPI function instrumented: __itt_task_begin_fn
1011622 : 0x340ad618c6139 : 2 : ittapi_config_apply_per_lib :  ITTAPI function instrumented: __itt_task_end
1011622 : 0x340ad618c685f : 2 : ittapi_config_apply_per_lib :  ITTAPI function not implemented: __itt_counter_inc_v3
1011622 : 0x340ad618c6f5a : 2 : ittapi_config_apply_per_lib :  ITTAPI function not implemented: __itt_counter_inc_delta_v3
1011622 : 0x340ad618c7644 : 2 : ittapi_config_apply_per_lib :  ITTAPI function not implemented: __itt_counter_dec_v3
1011622 : 0x340ad618c7cba : 2 : ittapi_config_apply_per_lib :  ITTAPI function not implemented: __itt_counter_dec_delta_v3
1011622 : 0x340ad618c920a : 2 : ittapi_config_apply_per_lib :  ITTAPI function not implemented: __itt_marker
1011622 : 0x340ad618c9905 : 2 : ittapi_config_apply_per_lib :  ITTAPI function instrumented: __itt_metadata_add
1011622 : 0x340ad618c9fd0 : 2 : ittapi_config_apply_per_lib :  ITTAPI function not implemented: __itt_metadata_str_add
1011622 : 0x340ad618ca66d : 2 : ittapi_config_apply_per_lib :  ITTAPI function not implemented: __itt_relation_add_to_current
1011622 : 0x340ad618cad6f : 2 : ittapi_config_apply_per_lib :  ITTAPI function not implemented: __itt_relation_add
1011622 : 0x340ad618cb432 : 2 : ittapi_config_apply_per_lib :  ITTAPI function instrumented: __itt_event_create
1011622 : 0x340ad618cba89 : 2 : ittapi_config_apply_per_lib :  ITTAPI function instrumented: __itt_event_start
1011622 : 0x340ad618cc0e4 : 2 : ittapi_config_apply_per_lib :  ITTAPI function instrumented: __itt_event_end
1011622 : 0x340ad618cc611 : 2 : ittapi_config_apply_per_lib :  ITTAPI function NOT instrumented (not matched by --itt-config option): __itt_sync_set_name

1011622 : 0x340ad618ccb78 : 2 : ittapi_config_apply_per_lib :  ITTAPI function NOT instrumented (not matched by --itt-config option): __itt_notify_sync_name

1011622 : 0x340ad618cec11 : 2 : ittapi_config_apply_per_lib :  ITTAPI function NOT instrumented (not matched by --itt-config option): __itt_notify_sync_prepare

1011622 : 0x340ad618cf264 : 2 : ittapi_config_apply_per_lib :  ITTAPI function NOT instrumented (not matched by --itt-config option): __itt_notify_sync_cancel

1011622 : 0x340ad618cf762 : 2 : ittapi_config_apply_per_lib :  ITTAPI function NOT instrumented (not matched by --itt-config option): __itt_notify_sync_acquired

1011622 : 0x340ad618cfcb4 : 2 : ittapi_config_apply_per_lib :  ITTAPI function NOT instrumented (not matched by --itt-config option): __itt_notify_sync_releasing

1011622 : 0x340ad618d03dd : 2 : ittapi_config_apply_per_lib :  ITTAPI function not implemented: __itt_memory_read
1011622 : 0x340ad618d0ad6 : 2 : ittapi_config_apply_per_lib :  ITTAPI function not implemented: __itt_memory_write
1011622 : 0x340ad618d11b8 : 2 : ittapi_config_apply_per_lib :  ITTAPI function not implemented: __itt_memory_update
1011622 : 0x340ad618d1888 : 2 : ittapi_config_apply_per_lib :  ITTAPI function not implemented: __itt_state_get
1011622 : 0x340ad618d1f04 : 2 : ittapi_config_apply_per_lib :  ITTAPI function not implemented: __itt_state_set
1011622 : 0x340ad618d25cd : 2 : ittapi_config_apply_per_lib :  ITTAPI function not implemented: __itt_obj_mode_set
1011622 : 0x340ad618d3bca : 2 : ittapi_config_apply_per_lib :  ITTAPI function not implemented: __itt_thr_mode_set
1011622 : 0x340ad618d42ea : 2 : ittapi_config_apply_per_lib :  ITTAPI function instrumented: __itt_frame_create
1011622 : 0x340ad618d492d : 2 : ittapi_config_apply_per_lib :  ITTAPI function instrumented: __itt_pt_region_create
1011622 : 0x340ad618d4fd0 : 2 : ittapi_config_apply_per_lib :  ITTAPI function instrumented: __itt_frame_begin
1011622 : 0x340ad618d5607 : 2 : ittapi_config_apply_per_lib :  ITTAPI function instrumented: __itt_frame_end
1011622 : 0x340ad618d5d77 : 2 : ittapi_config_apply_per_lib :  ITTAPI function not implemented: __itt_counter_destroy
1011622 : 0x340ad618d63da : 2 : ittapi_config_apply_per_lib :  ITTAPI function instrumented: __itt_counter_inc
1011622 : 0x340ad618d6a38 : 2 : ittapi_config_apply_per_lib :  ITTAPI function instrumented: __itt_counter_inc_delta
1011622 : 0x340ad618d703d : 2 : ittapi_config_apply_per_lib :  ITTAPI function instrumented: __itt_counter_dec
1011622 : 0x340ad618d7719 : 2 : ittapi_config_apply_per_lib :  ITTAPI function instrumented: __itt_counter_dec_delta
1011622 : 0x340ad618d8b5c : 2 : ittapi_config_apply_per_lib :  ITTAPI function instrumented: __itt_counter_set_value
1011622 : 0x340ad618d92d9 : 2 : ittapi_config_apply_per_lib :  ITTAPI function not implemented: __itt_counter_set_value_ex
1011622 : 0x340ad618d9957 : 2 : ittapi_config_apply_per_lib :  ITTAPI function not implemented: __itt_mark_create
1011622 : 0x340ad618da00c : 2 : ittapi_config_apply_per_lib :  ITTAPI function not implemented: __itt_mark
1011622 : 0x340ad618da69d : 2 : ittapi_config_apply_per_lib :  ITTAPI function not implemented: __itt_mark_off
1011622 : 0x340ad618dad1d : 2 : ittapi_config_apply_per_lib :  ITTAPI function not implemented: __itt_mark_global
1011622 : 0x340ad618db366 : 2 : ittapi_config_apply_per_lib :  ITTAPI function not implemented: __itt_mark_global_off
1011622 : 0x340ad618db8de : 2 : ittapi_config_apply_per_lib :  ITTAPI function NOT instrumented (not matched by --itt-config option): __itt_stack_caller_create

1011622 : 0x340ad618dbe06 : 2 : ittapi_config_apply_per_lib :  ITTAPI function NOT instrumented (not matched by --itt-config option): __itt_stack_caller_destroy

1011622 : 0x340ad618dc36b : 2 : ittapi_config_apply_per_lib :  ITTAPI function NOT instrumented (not matched by --itt-config option): __itt_stack_callee_enter

1011622 : 0x340ad618de0f5 : 2 : ittapi_config_apply_per_lib :  ITTAPI function NOT instrumented (not matched by --itt-config option): __itt_stack_callee_leave

1011622 : 0x340ad618de9b6 : 2 : ittapi_config_apply_per_lib :  ITTAPI function not implemented: __itt_clock_domain_create
1011622 : 0x340ad618df05d : 2 : ittapi_config_apply_per_lib :  ITTAPI function not implemented: __itt_clock_domain_reset
1011622 : 0x340ad618df778 : 2 : ittapi_config_apply_per_lib :  ITTAPI function not implemented: __itt_id_create_ex
1011622 : 0x340ad618dfe0b : 2 : ittapi_config_apply_per_lib :  ITTAPI function not implemented: __itt_id_destroy_ex
1011622 : 0x340ad618e04f3 : 2 : ittapi_config_apply_per_lib :  ITTAPI function not implemented: __itt_task_begin_ex
1011622 : 0x340ad618e0b94 : 2 : ittapi_config_apply_per_lib :  ITTAPI function not implemented: __itt_task_begin_fn_ex
1011622 : 0x340ad618e1274 : 2 : ittapi_config_apply_per_lib :  ITTAPI function not implemented: __itt_task_end_ex
1011622 : 0x340ad618e1942 : 2 : ittapi_config_apply_per_lib :  ITTAPI function instrumented: __itt_task_begin_overlapped
1011622 : 0x340ad618e2012 : 2 : ittapi_config_apply_per_lib :  ITTAPI function not implemented: __itt_task_begin_overlapped_ex
1011622 : 0x340ad618e360a : 2 : ittapi_config_apply_per_lib :  ITTAPI function instrumented: __itt_task_end_overlapped
1011622 : 0x340ad618e3e2d : 2 : ittapi_config_apply_per_lib :  ITTAPI function not implemented: __itt_task_end_overlapped_ex
1011622 : 0x340ad618e44d4 : 2 : ittapi_config_apply_per_lib :  ITTAPI function not implemented: __itt_marker_ex
1011622 : 0x340ad618e4bfd : 2 : ittapi_config_apply_per_lib :  ITTAPI function not implemented: __itt_metadata_add_with_scope
1011622 : 0x340ad618e5321 : 2 : ittapi_config_apply_per_lib :  ITTAPI function not implemented: __itt_metadata_str_add_with_scope
1011622 : 0x340ad618e5a3c : 2 : ittapi_config_apply_per_lib :  ITTAPI function not implemented: __itt_relation_add_to_current_ex
1011622 : 0x340ad618e60eb : 2 : ittapi_config_apply_per_lib :  ITTAPI function not implemented: __itt_relation_add_ex
1011622 : 0x340ad618e681b : 2 : ittapi_config_apply_per_lib :  ITTAPI function not implemented: __itt_track_group_create
1011622 : 0x340ad618e6e43 : 2 : ittapi_config_apply_per_lib :  ITTAPI function not implemented: __itt_track_create
1011622 : 0x340ad618e74cf : 2 : ittapi_config_apply_per_lib :  ITTAPI function not implemented: __itt_set_track
1011622 : 0x340ad618e8968 : 2 : ittapi_config_apply_per_lib :  ITTAPI function instrumented: __itt_api_version
1011622 : 0x340ad618e90b0 : 2 : ittapi_config_apply_per_lib :  ITTAPI function not implemented: __itt_av_save
1011622 : 0x340ad618e96d6 : 2 : ittapi_config_apply_per_lib :  ITTAPI function instrumented: __itt_module_load
1011622 : 0x340ad618e9d8d : 2 : ittapi_config_apply_per_lib :  ITTAPI function not implemented: __itt_module_unload
1011622 : 0x340ad618ea330 : 2 : ittapi_config_apply_per_lib :  ITTAPI function NOT instrumented (not matched by --itt-config option): __itt_histogram_submit

1011622 : 0x340ad618eaa01 : 2 : ittapi_config_apply_per_lib :  ITTAPI function instrumented: __itt_counter_set_value_v3