
1499593 : 0x5298404df54ab : 1 : spill_jit_data :  Jit agent is not initialized
1499498 : 0x5298404df9069 : 2 : ittapi_config_mask_get :  --itt-config mask to be applied: 55
1499498 : 0x5298404dfacd8 : 2 : ittapi_config_apply_per_lib :  ITTAPI function instrumented: __itt_domain_create
1499498 : 0x5298404dfb862 : 2 : ittapi_config_apply_per_lib :  ITTAPI function instrumented: __itt_module_load_with_sections
1499498 : 0x5298404dfc612 : 2 : ittapi_config_apply_per_lib :  ITTAPI function not implemented: __itt_module_unload_with_sections
1499498 : 0x5298404dfcef9 : 2 : ittapi_config_apply_per_lib :  ITTAPI function instrumented: __itt_string_handle_create
1499498 : 0x5298404dfd579 : 2 : ittapi_config_apply_per_lib :  ITTAPI function instrumented: __itt_counter_create
1499498 : 0x5298404dfdbb8 : 2 : ittapi_config_apply_per_lib :  ITTAPI function instrumented: __itt_counter_create_typed
1499498 : 0x5298404dfe1f9 : 2 : ittapi_config_apply_per_lib :  ITTAPI function instrumented: __itt_pause
1499498 : 0x5298404dfe8e2 : 2 : ittapi_config_apply_per_lib :  ITTAPI function instrumented: __itt_resume
1499498 : 0x5298404e0332a : 2 : ittapi_config_apply_per_lib :  ITTAPI function not implemented: __itt_pause_scoped
1499498 : 0x5298404e03c9e : 2 : ittapi_config_apply_per_lib :  ITTAPI function not implemented: __itt_resume_scoped
1499498 : 0x5298404e04335 : 2 : ittapi_config_apply_per_lib :  ITTAPI function instrumented: __itt_thread_set_name
1499498 : 0x5298404e04a23 : 2 : ittapi_config_apply_per_lib :  ITTAPI function instrumented: __itt_thread_ignore
1499498 : 0x5298404e05097 : 2 : ittapi_config_apply_per_lib :  ITTAPI function instrumented: __itt_thr_name_set
1499498 : 0x5298404e056f3 : 2 : ittapi_config_apply_per_lib :  ITTAPI function instrumented: __itt_thr_ignore
1499498 : 0x5298404e05d6b : 2 : ittapi_config_apply_per_lib :  ITTAPI function instrumented: __itt_histogram_create
1499498 : 0x5298404e063b8 : 2 : ittapi_config_apply_per_lib :  ITTAPI function instrumented: __itt_counter_create_v3
1499498 : 0x5298404e06a7f : 2 : ittapi_config_apply_per_lib :  ITTAPI function instrumented: __itt_bind_context_metadata_to_counter
1499498 : 0x5298404e0717f : 2 : ittapi_config_apply_per_lib :  ITTAPI function not implemented: __itt_enable_attach
1499498 : 0x5298404e08c06 : 2 : ittapi_config_apply_per_lib :  ITTAPI function instrumented: __itt_detach
1499498 : 0x5298404e0923e : 2 : ittapi_config_apply_per_lib :  ITTAPI function NOT instrumented (not matched by --itt-config option): __itt_sync_create

1499498 : 0x5298404e097e6 : 2 : ittapi_config_apply_per_lib :  ITTAPI function NOT instrumented (not matched by --itt-config option): __itt_sync_rename

1499498 : 0x5298404e09ce9 : 2 : ittapi_config_apply_per_lib :  ITTAPI function NOT instrumented (not matched by --itt-config option): __itt_sync_destroy

1499498 : 0x5298404e0a215 : 2 : ittapi_config_apply_per_lib :  ITTAPI function NOT instrumented (not matched by --itt-config option): __itt_sync_prepare

1499498 : 0x5298404e0a777 : 2 : ittapi_config_apply_per_lib :  ITTAPI function NOT instrumented (not matched by --itt-config option): __itt_sync_cancel

1499498 : 0x5298404e0ac90 : 2 : ittapi_config_apply_per_lib :  ITTAPI function NOT instrumented (not matched by --itt-config option): __itt_sync_acquired

1499498 : 0x5298404e0b1d9 : 2 : ittapi_config_apply_per_lib :  ITTAPI function NOT instrumented (not matched by --itt-config option): __itt_sync_releasing

1499498 : 0x5298404e0b8d6 : 2 : ittapi_config_apply_per_lib :  ITTAPI function not implemented: __itt_suppress_push
1499498 : 0x5298404e0c14d : 2 : ittapi_config_apply_per_lib :  ITTAPI function not implemented: __itt_suppress_pop
1499498 : 0x5298404e0d6c5 : 2 : ittapi_config_apply_per_lib :  ITTAPI function not implemented: __itt_suppress_mark_range
1499498 : 0x5298404e0dffa : 2 : ittapi_config_apply_per_lib :  ITTAPI function not implemented: __itt_suppress_clear_range
1499498 : 0x5298404e0e536 : 2 : ittapi_config_apply_per_lib :  ITTAPI function NOT instrumented (not matched by --itt-config option): __itt_sync_prepare

1499498 : 0x5298404e0ea8a : 2 : ittapi_config_apply_per_lib :  ITTAPI function NOT instrumented (not matched by --itt-config option): __itt_sync_cancel

1499498 : 0x5298404e0efb2 : 2 : ittapi_config_apply_per_lib :  ITTAPI function NOT instrumented (not matched by --itt-config option): __itt_sync_acquired

1499498 : 0x5298404e0f4bb : 2 : ittapi_config_apply_per_lib :  ITTAPI function NOT instrumented (not matched by --itt-config option): __itt_sync_releasing

1499498 : 0x5298404e0fa3a : 2 : ittapi_config_apply_per_lib :  ITTAPI function NOT instrumented (not matched by --itt-config option): __itt_model_site_begin

1499498 : 0x5298404e1005d : 2 : ittapi_config_apply_per_lib :  ITTAPI function NOT instrumented (not matched by --itt-config option): __itt_model_site_end

1499498 : 0x5298404e105a6 : 2 : ittapi_config_apply_per_lib :  ITTAPI function NOT instrumented (not matched by --itt-config option): __itt_model_task_begin

1499498 : 0x5298404e10aaa : 2 : ittapi_config_apply_per_lib :  ITTAPI function NOT instrumented (not matched by --itt-config option): __itt_model_task_end

1499498 : 0x5298404e12bf8 : 2 : ittapi_config_apply_per_lib :  ITTAPI function NOT instrumented (not matched by --itt-config option): __itt_model_lock_acquire

1499498 : 0x5298404e13199 : 2 : ittapi_config_apply_per_lib :  ITTAPI function NOT instrumented (not matched by --itt-config option): __itt_model_lock_release

1499498 : 0x5298404e1367e : 2 : ittapi_config_apply_per_lib :  ITTAPI function NOT instrumented (not matched by --itt-config option): __itt_model_record_allocation

1499498 : 0x5298404e13bf8 : 2 : ittapi_config_apply_per_lib :  ITTAPI function NOT instrumented (not matched by --itt-config option): __itt_model_record_deallocation

1499498 : 0x5298404e14125 : 2 : ittapi_config_apply_per_lib :  ITTAPI function NOT instrumented (not matched by --itt-config option): __itt_model_induction_uses

1499498 : 0x5298404e14685 : 2 : ittapi_config_apply_per_lib :  ITTAPI function NOT instrumented (not matched by --itt-config option): __itt_model_reduction_uses

1499498 : 0x5298404e14ba5 : 2 : ittapi_config_apply_per_lib :  ITTAPI function NOT instrumented (not matched by --itt-config option): __itt_model_observe_uses

1499498 : 0x5298404e15095 : 2 : ittapi_config_apply_per_lib :  ITTAPI function NOT instrumented (not matched by --itt-config option): __itt_model_clear_uses

1499498 : 0x5298404e15571 : 2 : ittapi_config_apply_per_lib :  ITTAPI function NOT instrumented (not matched by --itt-config option): __itt_model_site_beginA

1499498 : 0x5298404e15a67 : 2 : ittapi_config_apply_per_lib :  ITTAPI function NOT instrumented (not matched by --itt-config option): __itt_model_site_beginAL

1499498 : 0x5298404e16e3e : 2 : ittapi_config_apply_per_lib :  ITTAPI function NOT instrumented (not matched by --itt-config option): __itt_model_task_beginA

1499498 : 0x5298404e173f7 : 2 : ittapi_config_apply_per_lib :  ITTAPI function NOT instrumented (not matched by --itt-config option): __itt_model_task_beginAL

1499498 : 0x5298404e17906 : 2 : ittapi_config_apply_per_lib :  ITTAPI function NOT instrumented (not matched by --itt-config option): __itt_model_iteration_taskA

1499498 : 0x5298404e17ded : 2 : ittapi_config_apply_per_lib :  ITTAPI function NOT instrumented (not matched by --itt-config option): __itt_model_iteration_taskAL

1499498 : 0x5298404e18313 : 2 : ittapi_config_apply_per_lib :  ITTAPI function NOT instrumented (not matched by --itt-config option): __itt_model_site_end_2

1499498 : 0x5298404e1886d : 2 : ittapi_config_apply_per_lib :  ITTAPI function NOT instrumented (not matched by --itt-config option): __itt_model_task_end_2

1499498 : 0x5298404e18d68 : 2 : ittapi_config_apply_per_lib :  ITTAPI function NOT instrumented (not matched by --itt-config option): __itt_model_lock_acquire_2

1499498 : 0x5298404e19288 : 2 : ittapi_config_apply_per_lib :  ITTAPI function NOT instrumented (not matched by --itt-config option): __itt_model_lock_release_2

1499498 : 0x5298404e19781 : 2 : ittapi_config_apply_per_lib :  ITTAPI function NOT instrumented (not matched by --itt-config option): __itt_model_aggregate_task

1499498 : 0x5298404e19c5d : 2 : ittapi_config_apply_per_lib :  ITTAPI function NOT instrumented (not matched by --itt-config option): __itt_model_disable_push

1499498 : 0x5298404e1b776 : 2 : ittapi_config_apply_per_lib :  ITTAPI function NOT instrumented (not matched by --itt-config option): __itt_model_disable_pop

1499498 : 0x5298404e1bee1 : 2 : ittapi_config_apply_per_lib :  ITTAPI function instrumented: __itt_heap_function_create
1499498 : 0x5298404e1c526 : 2 : ittapi_config_apply_per_lib :  ITTAPI function instrumented: __itt_heap_allocate_begin
1499498 : 0x5298404e1cb0e : 2 : ittapi_config_apply_per_lib :  ITTAPI function instrumented: __itt_heap_allocate_end
1499498 : 0x5298404e1d162 : 2 : ittapi_config_apply_per_lib :  ITTAPI function instrumented: __itt_heap_free_begin
1499498 : 0x5298404e1d75c : 2 : ittapi_config_apply_per_lib :  ITTAPI function instrumented: __itt_heap_free_end
1499498 : 0x5298404e1dd83 : 2 : ittapi_config_apply_per_lib :  ITTAPI function instrumented: __itt_heap_reallocate_begin
1499498 : 0x5298404e1e368 : 2 : ittapi_config_apply_per_lib :  ITTAPI function instrumented: __itt_heap_reallocate_end
1499498 : 0x5298404e1eacb : 2 : ittapi_config_apply_per_lib :  ITTAPI function not implemented: __itt_heap_internal_access_begin
1499498 : 0x5298404e1f1b3 : 2 : ittapi_config_apply_per_lib :  ITTAPI function not implemented: __itt_heap_internal_access_end
1499498 : 0x5298404e207d6 : 2 : ittapi_config_apply_per_lib :  ITTAPI function not implemented: __itt_heap_record_memory_growth_begin
1499498 : 0x5298404e20f57 : 2 : ittapi_config_apply_per_lib :  ITTAPI function not implemented: __itt_heap_record_memory_growth_end
1499498 : 0x5298404e21658 : 2 : ittapi_config_apply_per_lib :  ITTAPI function not implemented: __itt_heap_reset_detection
1499498 : 0x5298404e21d61 : 2 : ittapi_config_apply_per_lib :  ITTAPI function not implemented: __itt_heap_record
1499498 : 0x5298404e22430 : 2 : ittapi_config_apply_per_lib :  ITTAPI function not implemented: __itt_id_create
1499498 : 0x5298404e22a9a : 2 : ittapi_config_apply_per_lib :  ITTAPI function not implemented: __itt_id_destroy
1499498 : 0x5298404e230e2 : 2 : ittapi_config_apply_per_lib :  ITTAPI function instrumented: __itt_get_timestamp
1499498 : 0x5298404e23742 : 2 : ittapi_config_apply_per_lib :  ITTAPI function not implemented: __itt_region_begin
1499498 : 0x5298404e23e0e : 2 : ittapi_config_apply_per_lib :  ITTAPI function not implemented: __itt_region_end
1499498 : 0x5298404e24497 : 2 : ittapi_config_apply_per_lib :  ITTAPI function instrumented: __itt_frame_begin_v3
1499498 : 0x5298404e258c6 : 2 : ittapi_config_apply_per_lib :  ITTAPI function instrumented: __itt_frame_end_v3
1499498 : 0x5298404e25f7e : 2 : ittapi_config_apply_per_lib :  ITTAPI function instrumented: __itt_frame_submit_v3
1499498 : 0x5298404e2666d : 2 : ittapi_config_apply_per_lib :  ITTAPI function not implemented: __itt_task_group
1499498 : 0x5298404e26ce1 : 2 : ittapi_config_apply_per_lib :  ITTAPI function instrumented: __itt_task_begin
1499498 : 0x5298404e272e4 : 2 : ittapi_config_apply_per_lib :  ITTAPI function instrumented: __itt_task_begin_fn
1499498 : 0x5298404e278e8 : 2 : ittapi_config_apply_per_lib :  ITTAPI function instrumented: __itt_task_end
1499498 : 0x5298404e27fc3 : 2 : ittapi_config_apply_per_lib :  ITTAPI function not implemented: __itt_counter_inc_v3
1499498 : 0x5298404e28670 : 2 : ittapi_config_apply_per_lib :  ITTAPI function not implemented: __itt_counter_inc_delta_v3
1499498 : 0x5298404e28cca : 2 : ittapi_config_apply_per_lib :  ITTAPI function not implemented: __itt_counter_dec_v3
1499498 : 0x5298404e29328 : 2 : ittapi_config_apply_per_lib :  ITTAPI function not implemented: __itt_counter_dec_delta_v3
1499498 : 0x5298404e2a7b5 : 2 : ittapi_config_apply_per_lib :  ITTAPI function not implemented: __itt_marker
1499498 : 0x5298404e2ae1e : 2 : ittapi_config_apply_per_lib :  ITTAPI function instrumented: __itt_metadata_add
1499498 : 0x5298404e2b4b4 : 2 : ittapi_config_apply_per_lib :  ITTAPI function not implemented: __itt_metadata_str_add
1499498 : 0x5298404e2bb05 : 2 : ittapi_config_apply_per_lib :  ITTAPI function not implemented: __itt_relation_add_to_current
1499498 : 0x5298404e2c1ac : 2 : ittapi_config_apply_per_lib :  ITTAPI function not implemented: __itt_relation_add
1499498 : 0x5298404e2c7d0 : 2 : ittapi_config_apply_per_lib :  ITTAPI function instrumented: __itt_event_create
1499498 : 0x5298404e2cddc : 2 : ittapi_config_apply_per_lib :  ITTAPI function instrumented: __itt_event_start
1499498 : 0x5298404e2d3df : 2 : ittapi_config_apply_per_lib :  ITTAPI function instrumented: __itt_event_end
1499498 : 0x5298404e2d8f6 : 2 : ittapi_config_apply_per_lib :  ITTAPI function NOT instrumented (not matched by --itt-config option): __itt_sync_set_name

1499498 : 0x5298404e2de5c : 2 : ittapi_config_apply_per_lib :  ITTAPI function NOT instrumented (not matched by --itt-config option): __itt_notify_sync_name

1499498 : 0x5298404e2f897 : 2 : ittapi_config_apply_per_lib :  ITTAPI function NOT instrumented (not matched by --itt-config option): __itt_notify_sync_prepare

1499498 : 0x5298404e2fe1e : 2 : ittapi_config_apply_per_lib :  ITTAPI function NOT instrumented (not matched by --itt-config option): __itt_notify_sync_cancel

1499498 : 0x5298404e302ff : 2 : ittapi_config_apply_per_lib :  ITTAPI function NOT instrumented (not matched by --itt-config option): __itt_notify_sync_acquired

1499498 : 0x5298404e307c9 : 2 : ittapi_config_apply_per_lib :  ITTAPI function NOT instrumented (not matched by --itt-config option): __itt_notify_sync_releasing

1499498 : 0x5298404e30eac : 2 : ittapi_config_apply_per_lib :  ITTAPI function not implemented: __itt_memory_read
1499498 : 0x5298404e31511 : 2 : ittapi_config_apply_per_lib :  ITTAPI function not implemented: __itt_memory_write
1499498 : 0x5298404e31b98 : 2 : ittapi_config_apply_per_lib :  ITTAPI function not implemented: __itt_memory_update
1499498 : 0x5298404e32298 : 2 : ittapi_config_apply_per_lib :  ITTAPI function not implemented: __itt_state_get
1499498 : 0x5298404e328f1 : 2 : ittapi_config_apply_per_lib :  ITTAPI function not implemented: __itt_state_set
1499498 : 0x5298404e32fa4 : 2 : ittapi_config_apply_per_lib :  ITTAPI function not implemented: __itt_obj_mode_set
1499498 : 0x5298404e34518 : 2 : ittapi_config_apply_per_lib :  ITTAPI function not implemented: __itt_thr_mode_set
1499498 : 0x5298404e34bda : 2 : ittapi_config_apply_per_lib :  ITTAPI function instrumented: __itt_frame_create
1499498 : 0x5298404e39020 : 2 : ittapi_config_apply_per_lib :  ITTAPI function instrumented: __itt_pt_region_create
1499498 : 0x5298404e3962e : 2 : ittapi_config_apply_per_lib :  ITTAPI function instrumented: __itt_frame_begin
1499498 : 0x5298404e39bf6 : 2 : ittapi_config_apply_per_lib :  ITTAPI function instrumented: __itt_frame_end
1499498 : 0x5298404e3a292 : 2 : ittapi_config_apply_per_lib :  ITTAPI function not implemented: __itt_counter_destroy
1499498 : 0x5298404e3a881 : 2 : ittapi_config_apply_per_lib :  ITTAPI function instrumented: __itt_counter_inc
1499498 : 0x5298404e3ec3c : 2 : ittapi_config_apply_per_lib :  ITTAPI function instrumented: __itt_counter_inc_delta
1499498 : 0x5298404e3f21d : 2 : ittapi_config_apply_per_lib :  ITTAPI function instrumented: __itt_counter_dec
1499498 : 0x5298404e3f7d0 : 2 : ittapi_config_apply_per_lib :  ITTAPI function instrumented: __itt_counter_dec_delta
1499498 : 0x5298404e40a6b : 2 : ittapi_config_apply_per_lib :  ITTAPI function instrumented: __itt_counter_set_value
1499498 : 0x5298404e450a7 : 2 : ittapi_config_apply_per_lib :  ITTAPI function not implemented: __itt_counter_set_value_ex
1499498 : 0x5298404e45644 : 2 : ittapi_config_apply_per_lib :  ITTAPI function not implemented: __itt_mark_create
1499498 : 0x5298404e45bea : 2 : ittapi_config_apply_per_lib :  ITTAPI function not implemented: __itt_mark
1499498 : 0x5298404e4617d : 2 : ittapi_config_apply_per_lib :  ITTAPI function not implemented: __itt_mark_off
1499498 : 0x5298404e466fc : 2 : ittapi_config_apply_per_lib :  ITTAPI function not implemented: __itt_mark_global
1499498 : 0x5298404e46c79 : 2 : ittapi_config_apply_per_lib :  ITTAPI function not implemented: __itt_mark_global_off
1499498 : 0x5298404e4724a : 2 : ittapi_config_apply_per_lib :  ITTAPI function instrumented: __itt_stack_caller_create
1499498 : 0x5298404e47790 : 2 : ittapi_config_apply_per_lib :  ITTAPI function instrumented: __itt_stack_caller_destroy
1499498 : 0x5298404e47cde : 2 : ittapi_config_apply_per_lib :  ITTAPI function instrumented: __itt_stack_callee_enter
1499498 : 0x5298404e495e8 : 2 : ittapi_config_apply_per_lib :  ITTAPI function instrumented: __itt_stack_callee_leave
1499498 : 0x5298404e49c16 : 2 : ittapi_config_apply_per_lib :  ITTAPI function not implemented: __itt_clock_domain_create
1499498 : 0x5298404e4a1cd : 2 : ittapi_config_apply_per_lib :  ITTAPI function not implemented: __itt_clock_domain_reset
1499498 : 0x5298404e4a78e : 2 : ittapi_config_apply_per_lib :  ITTAPI function not implemented: __itt_id_create_ex
1499498 : 0x5298404e4ad21 : 2 : ittapi_config_apply_per_lib :  ITTAPI function not implemented: __itt_id_destroy_ex
1499498 : 0x5298404e4b2db : 2 : ittapi_config_apply_per_lib :  ITTAPI function not implemented: __itt_task_begin_ex
1499498 : 0x5298404e4b891 : 2 : ittapi_config_apply_per_lib :  ITTAPI function not implemented: __itt_task_begin_fn_ex
1499498 : 0x5298404e4be54 : 2 : ittapi_config_apply_per_lib :  ITTAPI function not implemented: __itt_task_end_ex
1499498 : 0x5298404e4c3f4 : 2 : ittapi_config_apply_per_lib :  ITTAPI function instrumented: __itt_task_begin_overlapped
1499498 : 0x5298404e4c99f : 2 : ittapi_config_apply_per_lib :  ITTAPI function not implemented: __itt_task_begin_overlapped_ex
1499498 : 0x5298404e4dbea : 2 : ittapi_config_apply_per_lib :  ITTAPI function instrumented: __itt_task_end_overlapped
1499498 : 0x5298404e4e228 : 2 : ittapi_config_apply_per_lib :  ITTAPI function not implemented: __itt_task_end_overlapped_ex
1499498 : 0x5298404e4e809 : 2 : ittapi_config_apply_per_lib :  ITTAPI function not implemented: __itt_marker_ex
1499498 : 0x5298404e4eede : 2 : ittapi_config_apply_per_lib :  ITTAPI function not implemented: __itt_metadata_add_with_scope
1499498 : 0x5298404e4f530 : 2 : ittapi_config_apply_per_lib :  ITTAPI function not implemented: __itt_metadata_str_add_with_scope
1499498 : 0x5298404e4faf8 : 2 : ittapi_config_apply_per_lib :  ITTAPI function not implemented: __itt_relation_add_to_current_ex
1499498 : 0x5298404e500c0 : 2 : ittapi_config_apply_per_lib :  ITTAPI function not implemented: __itt_relation_add_ex
1499498 : 0x5298404e5068e : 2 : ittapi_config_apply_per_lib :  ITTAPI function not implemented: __itt_track_group_create
1499498 : 0x5298404e50bec : 2 : ittapi_config_apply_per_lib :  ITTAPI function not implemented: __itt_track_create
1499498 : 0x5298404e51184 : 2 : ittapi_config_apply_per_lib :  ITTAPI function not implemented: __itt_set_track
1499498 : 0x5298404e52321 : 2 : ittapi_config_apply_per_lib :  ITTAPI function instrumented: __itt_api_version
1499498 : 0x5298404e52938 : 2 : ittapi_config_apply_per_lib :  ITTAPI function not implemented: __itt_av_save
1499498 : 0x5298404e52e7e : 2 : ittapi_config_apply_per_lib :  ITTAPI function instrumented: __itt_module_load
1499498 : 0x5298404e5345a : 2 : ittapi_config_apply_per_lib :  ITTAPI function not implemented: __itt_module_unload
1499498 : 0x5298404e538f9 : 2 : ittapi_config_apply_per_lib :  ITTAPI function NOT instrumented (not matched by --itt-config option): __itt_histogram_submit

1499498 : 0x5298404e53ea0 : 2 : ittapi_config_apply_per_lib :  ITTAPI function instrumented: __itt_counter_set_value_v3