
Lmod is automatically replacing "cce/15.0.0" with "gcc/11.2.0".


Lmod is automatically replacing "PrgEnv-cray/8.3.3" with "PrgEnv-gnu/8.3.3".


Due to MODULEPATH changes, the following have been reloaded:
  1) cray-mpich/8.1.23

Succesfully created closed polygon from input
The polyhedron has 28608 facets 85824 halfedges 0 border halfedges 14306 vertices 
Preprocessing took: 0.06468 s 
double free or corruption (!prev)
/var/spool/slurmd/job6985278/slurm_script: line 25: 31721 Aborted                 hlb-gmy-cli --voxel 0.0001 cyl.pr2
Succesfully created closed polygon from input
The polyhedron has 28608 facets 85824 halfedges 0 border halfedges 14306 vertices 
Preprocessing took: 0.064159 s 
Execution time: 16.8707 seconds
Setup time: 16.882802 s
Succesfully created closed polygon from input
The polyhedron has 28608 facets 85824 halfedges 0 border halfedges 14306 vertices 
Preprocessing took: 0.062794 s 
double free or corruption (!prev)
/var/spool/slurmd/job6985278/slurm_script: line 27: 32143 Aborted                 hlb-gmy-cli --voxel 0.0001 cyl.pr2
Succesfully created closed polygon from input
The polyhedron has 28608 facets 85824 halfedges 0 border halfedges 14306 vertices 
Preprocessing took: 0.063511 s 
Execution time: 16.7854 seconds
free(): invalid pointer
/var/spool/slurmd/job6985278/slurm_script: line 28: 32273 Aborted                 hlb-gmy-cli --voxel 0.0001 cyl.pr2
Succesfully created closed polygon from input
The polyhedron has 28608 facets 85824 halfedges 0 border halfedges 14306 vertices 
Preprocessing took: 0.063865 s 
free(): invalid pointer
/var/spool/slurmd/job6985278/slurm_script: line 29: 32719 Aborted                 hlb-gmy-cli --voxel 0.0001 cyl.pr2
