
Lmod is automatically replacing "cce/15.0.0" with "gcc/11.2.0".


Lmod is automatically replacing "PrgEnv-cray/8.3.3" with "PrgEnv-gnu/8.3.3".


Due to MODULEPATH changes, the following have been reloaded:
  1) cray-mpich/8.1.23

Succesfully created closed polygon from input
The polyhedron has 28608 facets 85824 halfedges 0 border halfedges 14306 vertices 
Preprocessing took: 0.063587 s 
Execution time: 4.25147 seconds
double free or corruption (!prev)
/var/spool/slurmd/job6985616/slurm_script: line 25: 32523 Aborted                 hlb-gmy-cli --voxel 0.0001 cyl.pr2
Succesfully created closed polygon from input
The polyhedron has 28608 facets 85824 halfedges 0 border halfedges 14306 vertices 
Preprocessing took: 0.066846 s 
malloc(): unsorted double linked list corrupted
/var/spool/slurmd/job6985616/slurm_script: line 26: 32709 Aborted                 hlb-gmy-cli --voxel 0.0001 cyl.pr2
Succesfully created closed polygon from input
The polyhedron has 28608 facets 85824 halfedges 0 border halfedges 14306 vertices 
Preprocessing took: 0.063232 s 
/var/spool/slurmd/job6985616/slurm_script: line 27: 32845 Segmentation fault      hlb-gmy-cli --voxel 0.0001 cyl.pr2
Succesfully created closed polygon from input
The polyhedron has 28608 facets 85824 halfedges 0 border halfedges 14306 vertices 
Preprocessing took: 0.063841 s 
/var/spool/slurmd/job6985616/slurm_script: line 28: 32981 Segmentation fault      hlb-gmy-cli --voxel 0.0001 cyl.pr2
Succesfully created closed polygon from input
The polyhedron has 28608 facets 85824 halfedges 0 border halfedges 14306 vertices 
Preprocessing took: 0.063742 s 
free(): invalid pointer
Unknown cut type 16777216 for site (47,23,170)
/var/spool/slurmd/job6985616/slurm_script: line 29: 33118 Aborted                 hlb-gmy-cli --voxel 0.0001 cyl.pr2
Succesfully created closed polygon from input
The polyhedron has 28608 facets 85824 halfedges 0 border halfedges 14306 vertices 
Preprocessing took: 0.06368 s 
Unknown cut type 16777216 for site (34,47,113)
Unknown cut type 16777216 for site (34,47,116)
Unknown cut type 16777216 for site (34,47,119)
Execution time: 3.95644 seconds
double free or corruption (!prev)
/var/spool/slurmd/job6985616/slurm_script: line 30: 33254 Aborted                 hlb-gmy-cli --voxel 0.0001 cyl.pr2
Succesfully created closed polygon from input
The polyhedron has 28608 facets 85824 halfedges 0 border halfedges 14306 vertices 
Preprocessing took: 0.063017 s 
Unknown cut type 16777216 for site (7,48,233)
Unknown cut type 16777216 for site (7,48,233)
Unknown cut type 3379951678 for site (7,48,233)
Unknown cut type 16777216 for site (7,48,233)
Unknown cut type 16777216 for site (7,48,233)
Unknown cut type 136210490 for site (7,48,233)
Unknown cut type 397957183 for site (7,48,233)
Unknown cut type 16777216 for site (7,48,233)
Unknown cut type 2932758079 for site (7,48,233)
Unknown cut type 1976605245 for site (7,49,232)
Unknown cut type 537938879 for site (7,49,232)
Unknown cut type 16777216 for site (7,49,232)
Unknown cut type 2002422333 for site (7,49,232)
Unknown cut type 3678001212 for site (7,49,232)
Unknown cut type 16777216 for site (7,49,232)
free(): invalid pointer
/var/spool/slurmd/job6985616/slurm_script: line 31: 33391 Aborted                 hlb-gmy-cli --voxel 0.0001 cyl.pr2
Succesfully created closed polygon from input
The polyhedron has 28608 facets 85824 halfedges 0 border halfedges 14306 vertices 
Preprocessing took: 0.063524 s 
Execution time: 4.30873 seconds
double free or corruption (!prev)
/var/spool/slurmd/job6985616/slurm_script: line 32: 33527 Aborted                 hlb-gmy-cli --voxel 0.0001 cyl.pr2
Succesfully created closed polygon from input
The polyhedron has 28608 facets 85824 halfedges 0 border halfedges 14306 vertices 
Preprocessing took: 0.063988 s 
Execution time: 4.29126 seconds
corrupted size vs. prev_size
/var/spool/slurmd/job6985616/slurm_script: line 33: 33680 Aborted                 hlb-gmy-cli --voxel 0.0001 cyl.pr2
Succesfully created closed polygon from input
The polyhedron has 28608 facets 85824 halfedges 0 border halfedges 14306 vertices 
Preprocessing took: 0.063274 s 
malloc(): unsorted double linked list corrupted
/var/spool/slurmd/job6985616/slurm_script: line 34: 33816 Aborted                 hlb-gmy-cli --voxel 0.0001 cyl.pr2
