
1173022 : 0x3f77757f8a56e : 3 : logger_init :  LOG FILE OPENED (by collectunits.logger), level: 4
1173022 : 0x3f7775904996e : 4 : probePythonFunctions :  PyThreadState_Swap
1173022 : 0x3f7775916a97a : 4 : probePythonFunctions :  PyThreadState_Swap probed at 0x1481528b4348
1173022 : 0x3f7775916e405 : 4 : probePythonFunctions :  PyImport_Cleanup
1173022 : 0x3f77759396916 : 4 : probePythonFunctions :  PyImport_Cleanup probed at 0x1481528b4378
1173022 : 0x3f7775939a40a : 4 : probePythonFunctions :  PyThreadState_Clear
1173022 : 0x3f777594eb16d : 4 : probePythonFunctions :  PyThreadState_Clear probed at 0x1481528b43b0
1173022 : 0x3f777594eeb01 : 4 : probePythonFunctions :  Py_Initialize
1173022 : 0x3f777595c6b27 : 4 : probePythonFunctions :  Py_Initialize probed at 0x1481528b43d8
1173022 : 0x3f777595ca4ac : 4 : probePythonFunctions :  Py_InitializeEx
1173022 : 0x3f777596ce678 : 4 : probePythonFunctions :  Py_InitializeEx probed at 0x1481528b4418
1173022 : 0x3f777596d20e3 : 4 : probePythonFunctions :  PyOS_AfterFork_Child
1173022 : 0x3f777597b3549 : 4 : probePythonFunctions :  PyOS_AfterFork_Child probed at 0x1481528b4460
1173022 : 0x3f777597baed4 : 4 : probePythonFunctions :  PyCode_New
1173022 : 0x3f77759871c9d : 4 : probePythonFunctions :  PyCode_New probed at 0x1481528b44a8
1173022 : 0x3f7775987570e : 4 : probePythonFunctions :  Py_FinalizeEx
1173022 : 0x3f77759a161ad : 4 : probePythonFunctions :  Py_FinalizeEx probed at 0x1481528b44d0
1173022 : 0x3f77759a19b9b : 4 : probePythonFunctions :  _PyEval_EvalFrameDefault
1173022 : 0x3f7775afe9ee7 : 4 : probePythonFunctions :  _PyEval_EvalFrameDefault probed at 0x1481528b44f8
1173022 : 0x3f7775afedbe8 : 4 : probePythonFunctions :  PyCode_NewWithPosOnlyArgs
1173022 : 0x3f7775b3b94d8 : 4 : probePythonFunctions :  PyCode_NewWithPosOnlyArgs probed at 0x1481528b4520
1173022 : 0x3f7775b3bd0b9 : 4 : probePythonFunctions :  Py_RunMain
1173022 : 0x3f7775b5d9c9e : 4 : probePythonFunctions :  Py_RunMain probed at 0x1481528b4548
1173022 : 0x3f7775b5dd6eb : 4 : probePythonFunctions :  Py_InitializeFromConfig
1173022 : 0x3f7775b7df6c5 : 4 : probePythonFunctions :  Py_InitializeFromConfig probed at 0x1481528b4590
1173022 : 0x3f7775b7e306c : 4 : probePythonFunctions :  _PySignal_AfterFork
1173022 : 0x3f7775b806a91 : 4 : probePythonFunctions :  the _PySignal_AfterFork size is too small to be probed: size=4. Skip and continue
1173022 : 0x3f7775b80dd21 : 4 : probePythonFunctions :  PyInterpreterState_Head
1173022 : 0x3f7775b8fc689 : 4 : probePythonFunctions :  PyInterpreterState_Next
1173022 : 0x3f7775b9e974c : 4 : probePythonFunctions :  PyInterpreterState_ThreadHead
1173022 : 0x3f7775bad944f : 4 : probePythonFunctions :  PyThreadState_Next
1173022 : 0x3f7775bbc5a6a : 4 : probePythonFunctions :  PyThreadState_New
1173022 : 0x3f7775bcba6f8 : 4 : probePythonFunctions :  PyThreadState_Delete
1173022 : 0x3f7775bce2a19 : 4 : probePythonFunctions :  PyGILState_GetThisThreadState
1173022 : 0x3f7775bcfbf0d : 4 : probePythonFunctions :  PyEval_AcquireThread
1173022 : 0x3f7775bdef0c4 : 4 : probePythonFunctions :  PyEval_ReleaseThread
1173022 : 0x3f7775be15760 : 4 : probePythonFunctions :  Py_GetVersion
1173022 : 0x3f7775bf032d6 : 4 : probePythonFunctions :  PySys_GetObject
1173022 : 0x3f7775bfda546 : 4 : probePythonFunctions :  PyLong_AsLong
1173022 : 0x3f7775c09891b : 4 : probePythonFunctions :  Py_IncRef
1173022 : 0x3f7775c0a6826 : 4 : probePythonFunctions :  Py_DecRef
1173022 : 0x3f7775c0b5d66 : 4 : probePythonFunctions :  PyThreadState_Get
1173022 : 0x3f7775c17a42d : 4 : probePythonFunctions :  PyEval_GetFrame
1173022 : 0x3f7775c263006 : 4 : probePythonFunctions :  PyEval_ThreadsInitialized
1173022 : 0x3f7775c278ca2 : 4 : probePythonFunctions :  PyObject_GetAttrString
1173022 : 0x3f7775c33462a : 4 : probePythonFunctions :  PyObject_Call
1173022 : 0x3f7775c3ee8c4 : 4 : probePythonFunctions :  PyTuple_New
1173022 : 0x3f7775c4b6373 : 4 : probePythonFunctions :  PyTuple_SetItem
1173022 : 0x3f7775c57514c : 4 : probePythonFunctions :  PyList_New
1173022 : 0x3f7775c635f56 : 4 : probePythonFunctions :  PyList_GetItem
1173022 : 0x3f7775c70a655 : 4 : probePythonFunctions :  PyList_Size
1173022 : 0x3f7775c7c46bb : 4 : probePythonFunctions :  PyThread_get_thread_ident
1173022 : 0x3f7775c87bd23 : 4 : probePythonFunctions :  PyErr_Fetch
1173022 : 0x3f7775c92ff2d : 4 : probePythonFunctions :  PyErr_Restore
1173022 : 0x3f7775c9e267f : 4 : probePythonFunctions :  PyDict_Next
1173022 : 0x3f7775ca925f3 : 4 : probePythonFunctions :  PyDict_Size
1173022 : 0x3f7775cac11c4 : 4 : probePythonFunctions :  PyDict_GetItemString
1173022 : 0x3f7775cb9784b : 4 : probePythonFunctions :  PyImport_GetModuleDict
1173022 : 0x3f7775cc51a02 : 4 : probePythonFunctions :  PyBytes_AsStringAndSize
1173022 : 0x3f7775cd4def8 : 4 : probePythonFunctions :  PyBytes_AsString
1173022 : 0x3f7775ce4629c : 4 : probePythonFunctions :  PyUnicode_EncodeLocale
1173022 : 0x3f7775cf5b6a2 : 4 : probePythonFunctions :  PyUnicode_EncodeFSDefault
1173022 : 0x3f77760d7ce3b : 4 : pytrace_start_profiling :  [CALLED]
1173022 : 0x3f7776a20e2d1 : 4 : pytrace_start_profiling :  [CALLED]
1173022 : 0x3f7776a215318 : 4 : initTmu :  init tmu started
1173022 : 0x3f7776a23e748 : 4 : initTmu :  init tmu finished
1173022 : 0x3f7776a25b2b5 : 4 : start :  pytrace started successfully
1173022 : 0x3f7776a264e80 : 4 : pytrace_start_profiling :  PyTrace collection is started
1173022 : 0x3f7776a313e5a : 4 : Py_InitializeFromConfig :  [CALLED]
1173022 : 0x3f7776d8fc622 : 4 : PyEval_InitThreads :  [CALLED]
1173022 : 0x3f7776d90516b : 4 : Py_RunMain :  [CALLED]
1173022 : 0x3f7776d9088c5 : 4 : PyEval_InitThreads :  [CALLED]
1173022 : 0x3f7776d90cb73 : 4 : PyEval_InitThreads :  [CALLED]
1173022 : 0x3f7776d9de77b : 4 : writeInitialInfo :  write initial info started
1173022 : 0x3f7776d9e70d2 : 4 : writeInitialInfo :  write initial info finished
1173039 : 0x3f77d53c4cace : 4 : getSourceLines :  co_lnotab data: a pair is deltaByte=8 and deltaLine=1
1173039 : 0x3f77d53c56fef : 4 : getSourceLines :  co_lnotab data: a pair is deltaByte=8 and deltaLine=1
1173039 : 0x3f77d53c5fc05 : 4 : getSourceLines :  co_lnotab data: a pair is deltaByte=12 and deltaLine=1
1173039 : 0x3f77d53c68730 : 4 : getSourceLines :  co_lnotab data: a pair is deltaByte=8 and deltaLine=1
1173039 : 0x3f77d53c71202 : 4 : getSourceLines :  co_lnotab data: a pair is deltaByte=26 and deltaLine=1
1173039 : 0x3f77d53c84648 : 4 : getSourceLines :  Added faked src entry 62-78 8. Python did not provide src line for this code range.
1173039 : 0x3f77d53c9553f : 4 : getSourceLines :  co_lnotab data: a pair is deltaByte=0 and deltaLine=2
1173039 : 0x3f77d53c9ca67 : 4 : getSourceLines :  co_lnotab data: a pair is deltaByte=8 and deltaLine=2
1173039 : 0x3f77d53ca3e3d : 4 : getSourceLines :  co_lnotab data: a pair is deltaByte=10 and deltaLine=1
1173039 : 0x3f77d53cab231 : 4 : getSourceLines :  co_lnotab data: a pair is deltaByte=4 and deltaLine=4
1173039 : 0x3f77d53cb2620 : 4 : getSourceLines :  co_lnotab data: a pair is deltaByte=12 and deltaLine=2
1173039 : 0x3f77d53cb99fa : 4 : getSourceLines :  co_lnotab data: a pair is deltaByte=6 and deltaLine=1
1173039 : 0x3f77d53cc0dc7 : 4 : getSourceLines :  co_lnotab data: a pair is deltaByte=10 and deltaLine=3
1173039 : 0x3f77d53cc81a4 : 4 : getSourceLines :  co_lnotab data: a pair is deltaByte=14 and deltaLine=2
1173039 : 0x3f77d53ccf5b2 : 4 : getSourceLines :  Added faked src entry 64-76 59. Python did not provide src line for this code range.
1173039 : 0x3f77d53cdcf8c : 4 : getSourceLines :  co_lnotab data: a pair is deltaByte=0 and deltaLine=1
1173039 : 0x3f77d53ce43dc : 4 : getSourceLines :  co_lnotab data: a pair is deltaByte=12 and deltaLine=2
1173039 : 0x3f77d53ceb78c : 4 : getSourceLines :  co_lnotab data: a pair is deltaByte=8 and deltaLine=1
1173039 : 0x3f77d53cf2b58 : 4 : getSourceLines :  co_lnotab data: a pair is deltaByte=8 and deltaLine=1
1173039 : 0x3f77d53cf9f4a : 4 : getSourceLines :  Added faked src entry 28-32 257. Python did not provide src line for this code range.
1173039 : 0x3f77d53d056b5 : 4 : getSourceLines :  co_lnotab data: a pair is deltaByte=0 and deltaLine=2
1173039 : 0x3f77d53d0caf0 : 4 : getSourceLines :  co_lnotab data: a pair is deltaByte=6 and deltaLine=1
1173039 : 0x3f77d53d13ef8 : 4 : getSourceLines :  co_lnotab data: a pair is deltaByte=8 and deltaLine=1
1173039 : 0x3f77d53d1b2d6 : 4 : getSourceLines :  co_lnotab data: a pair is deltaByte=14 and deltaLine=1
1173039 : 0x3f77d53d282ff : 4 : getSourceLines :  co_lnotab data: a pair is deltaByte=12 and deltaLine=1