12 [22887430847424] INFO perfrun.launcher <> - Launcher main begin
23 [22887430847424] INFO perfrun.launcher <> - MessageCatalogInit finished
23 [22887430847424] INFO perfrun.launcher <> - Launcher instance created
23 [22887430847424] INFO perfrun.launcher <> - argc = 6; cmdline = /mnt/lustre/e1000/home/y07/shared/cirrus-software/oneapi/vtune/2024.0/bin64/amplxe-runss -dump-vdso -r /dev/shm/s2484724_5732628/amplxe-tmp-s2484724/amplxe-res-1011566-1922737091891856 --tmp-dir /dev/shm/s2484724_5732628/amplxe-tmp-s2484724 
127 [22887430847424] INFO perfrun.launcher <> - create msngr2::ICliToolContext
128 [22887430847424] INFO perfrun.launcher <> - create file finder object
135 [22887310268160] INFO perfrun.launcher <> - plugin [remoteplug] was disabled because it doesn't support the given collection type.
135 [22887310268160] INFO perfrun.launcher <> - plugin [system] was disabled because it doesn't support the given collection type.
135 [22887310268160] INFO perfrun.vdso <> - dumping [vdso] pseudomodule
137 [22887310268160] INFO perfrun.launcher <> - plugin [itt] was disabled because it doesn't support the given collection type.
137 [22887310268160] INFO perfrun.launcher <> - plugin [ptracecollector] was disabled because it doesn't support the given collection type.
137 [22887310268160] INFO perfrun.launcher <> - plugin [gpu] was disabled because it doesn't support the given collection type.
138 [22887310268160] INFO perfrun.launcher <> - plugin [] was disabled because it doesn't support the given collection type.
138 [22887310268160] INFO perfrun.launcher <> - plugin [] was disabled because it doesn't support the given collection type.
138 [22887310268160] INFO perfrun.launcher <> - plugin [] was disabled because it doesn't support the given collection type.
138 [22887310268160] INFO perfrun.launcher <> - plugin [mrte] was disabled because it doesn't support the given collection type.
138 [22887310268160] INFO perfrun.launcher <> - plugin [emon] was disabled because it doesn't support the given collection type.
138 [22887310268160] INFO perfrun.launcher <> - plugin [cuscol] was disabled because it doesn't support the given collection type.
138 [22887310268160] INFO perfrun.launcher <> - plugin [stdsrc] was disabled because it doesn't support the given collection type.
138 [22887310268160] INFO perfrun.launcher <> - plugin [sep] was disabled because it doesn't support the given collection type.
138 [22887310268160] INFO perfrun.launcher <> - plugin [vtsspp] was disabled because it doesn't support the given collection type.
138 [22887310268160] INFO perfrun.launcher <> - plugin [perf] was disabled because it doesn't support the given collection type.
138 [22887310268160] INFO perfrun.launcher <> - plugin [aoclprofile] was disabled because it doesn't support the given collection type.
138 [22887310268160] INFO perfrun.launcher <> - plugin [tpss] was disabled because it doesn't support the given collection type.
138 [22887310268160] INFO perfrun.launcher <> - plugin [media] was disabled because it doesn't support the given collection type.
138 [22887310268160] INFO perfrun.launcher <> - plugin [] was disabled because it doesn't support the given collection type.
138 [22887310268160] INFO perfrun.launcher <> - plugin [] was disabled because it doesn't support the given collection type.
138 [22887310268160] INFO perfrun.launcher <> - plugin [parallelfs] was disabled because it doesn't support the given collection type.
138 [22887310268160] INFO perfrun.launcher <> - plugin [power] was disabled because it doesn't support the given collection type.
138 [22887310268160] INFO perfrun.launcher <> - plugin [] was disabled because it doesn't support the given collection type.
138 [22887310268160] INFO perfrun.launcher <> - plugin [ipmwatch] was disabled because it doesn't support the given collection type.
138 [22887310268160] INFO perfrun.launcher <> - plugin [os_counters] was disabled because it doesn't support the given collection type.
138 [22887310268160] INFO perfrun.launcher <> - plugin [l0_metrics] was disabled because it doesn't support the given collection type.
138 [22887430847424] INFO perfrun.launcher <> - Application exit code: 0
138 [22887430847424] INFO perfrun.launcher <> - Exit code: 0
