
1172025 : 0x3f7209d70f1ae : 3 : logger_init :  LOG FILE OPENED (by collectunits.logger), level: 4
1172025 : 0x3f7209e986ea3 : 4 : probePythonFunctions :  PyThreadState_Swap
1172025 : 0x3f7209eacc389 : 4 : probePythonFunctions :  PyThreadState_Swap probed at 0x14b4a4a59348
1172025 : 0x3f7209eacff79 : 4 : probePythonFunctions :  PyImport_Cleanup
1172025 : 0x3f7209ee41c32 : 4 : probePythonFunctions :  PyImport_Cleanup probed at 0x14b4a4a59378
1172025 : 0x3f7209ee457af : 4 : probePythonFunctions :  PyThreadState_Clear
1172025 : 0x3f7209efb459b : 4 : probePythonFunctions :  PyThreadState_Clear probed at 0x14b4a4a593b0
1172025 : 0x3f7209efb7ef8 : 4 : probePythonFunctions :  Py_Initialize
1172025 : 0x3f7209f0b7a95 : 4 : probePythonFunctions :  Py_Initialize probed at 0x14b4a4a593d8
1172025 : 0x3f7209f0bb49f : 4 : probePythonFunctions :  Py_InitializeEx
1172025 : 0x3f7209f1d1699 : 4 : probePythonFunctions :  Py_InitializeEx probed at 0x14b4a4a59418
1172025 : 0x3f7209f1d50cb : 4 : probePythonFunctions :  PyOS_AfterFork_Child
1172025 : 0x3f7209f2d1aab : 4 : probePythonFunctions :  PyOS_AfterFork_Child probed at 0x14b4a4a59460
1172025 : 0x3f7209f2dab53 : 4 : probePythonFunctions :  PyCode_New
1172025 : 0x3f7209f3a05cc : 4 : probePythonFunctions :  PyCode_New probed at 0x14b4a4a594a8
1172025 : 0x3f7209f3a3f42 : 4 : probePythonFunctions :  Py_FinalizeEx
1172025 : 0x3f7209f56d84a : 4 : probePythonFunctions :  Py_FinalizeEx probed at 0x14b4a4a594d0
1172025 : 0x3f7209f571245 : 4 : probePythonFunctions :  _PyEval_EvalFrameDefault
1172025 : 0x3f720a0f595f1 : 4 : probePythonFunctions :  _PyEval_EvalFrameDefault probed at 0x14b4a4a594f8
1172025 : 0x3f720a0f5d532 : 4 : probePythonFunctions :  PyCode_NewWithPosOnlyArgs
1172025 : 0x3f720a13c0785 : 4 : probePythonFunctions :  PyCode_NewWithPosOnlyArgs probed at 0x14b4a4a59520
1172025 : 0x3f720a13c4374 : 4 : probePythonFunctions :  Py_RunMain
1172025 : 0x3f720a1656b22 : 4 : probePythonFunctions :  Py_RunMain probed at 0x14b4a4a59548
1172025 : 0x3f720a165b549 : 4 : probePythonFunctions :  Py_InitializeFromConfig
1172025 : 0x3f720a18bc829 : 4 : probePythonFunctions :  Py_InitializeFromConfig probed at 0x14b4a4a59590
1172025 : 0x3f720a18c0266 : 4 : probePythonFunctions :  _PySignal_AfterFork
1172025 : 0x3f720a18e8967 : 4 : probePythonFunctions :  the _PySignal_AfterFork size is too small to be probed: size=4. Skip and continue
1172025 : 0x3f720a18efd32 : 4 : probePythonFunctions :  PyInterpreterState_Head
1172025 : 0x3f720a1a12782 : 4 : probePythonFunctions :  PyInterpreterState_Next
1172025 : 0x3f720a1b29e55 : 4 : probePythonFunctions :  PyInterpreterState_ThreadHead
1172025 : 0x3f720a1c4668f : 4 : probePythonFunctions :  PyThreadState_Next
1172025 : 0x3f720a1d5fe8b : 4 : probePythonFunctions :  PyThreadState_New
1172025 : 0x3f720a1e74dd7 : 4 : probePythonFunctions :  PyThreadState_Delete
1172025 : 0x3f720a1e9e903 : 4 : probePythonFunctions :  PyGILState_GetThisThreadState
1172025 : 0x3f720a1ebe4e5 : 4 : probePythonFunctions :  PyEval_AcquireThread
1172025 : 0x3f720a1fe189a : 4 : probePythonFunctions :  PyEval_ReleaseThread
1172025 : 0x3f720a20194ed : 4 : probePythonFunctions :  Py_GetVersion
1172025 : 0x3f720a2128ee0 : 4 : probePythonFunctions :  PySys_GetObject
1172025 : 0x3f720a2220d20 : 4 : probePythonFunctions :  PyLong_AsLong
1172025 : 0x3f720a22fbb12 : 4 : probePythonFunctions :  Py_IncRef
1172025 : 0x3f720a230a173 : 4 : probePythonFunctions :  Py_DecRef
1172025 : 0x3f720a2319705 : 4 : probePythonFunctions :  PyThreadState_Get
1172025 : 0x3f720a23e95f3 : 4 : probePythonFunctions :  PyEval_GetFrame
1172025 : 0x3f720a24e8d88 : 4 : probePythonFunctions :  PyEval_ThreadsInitialized
1172025 : 0x3f720a24ff810 : 4 : probePythonFunctions :  PyObject_GetAttrString
1172025 : 0x3f720a25d61f4 : 4 : probePythonFunctions :  PyObject_Call
1172025 : 0x3f720a26b3b2e : 4 : probePythonFunctions :  PyTuple_New
1172025 : 0x3f720a2789615 : 4 : probePythonFunctions :  PyTuple_SetItem
1172025 : 0x3f720a2857ced : 4 : probePythonFunctions :  PyList_New
1172025 : 0x3f720a2924c4d : 4 : probePythonFunctions :  PyList_GetItem
1172025 : 0x3f720a2a143ce : 4 : probePythonFunctions :  PyList_Size
1172025 : 0x3f720a2adffdf : 4 : probePythonFunctions :  PyThread_get_thread_ident
1172025 : 0x3f720a2ba92b6 : 4 : probePythonFunctions :  PyErr_Fetch
1172025 : 0x3f720a2c754fb : 4 : probePythonFunctions :  PyErr_Restore
1172025 : 0x3f720a2d3f511 : 4 : probePythonFunctions :  PyDict_Next
1172025 : 0x3f720a2e02f1a : 4 : probePythonFunctions :  PyDict_Size
1172025 : 0x3f720a2e3815a : 4 : probePythonFunctions :  PyDict_GetItemString
1172025 : 0x3f720a2f189fa : 4 : probePythonFunctions :  PyImport_GetModuleDict
1172025 : 0x3f720a2fd8554 : 4 : probePythonFunctions :  PyBytes_AsStringAndSize
1172025 : 0x3f720a30e390c : 4 : probePythonFunctions :  PyBytes_AsString
1172025 : 0x3f720a3206bc9 : 4 : probePythonFunctions :  PyUnicode_EncodeLocale
1172025 : 0x3f720a332f61c : 4 : probePythonFunctions :  PyUnicode_EncodeFSDefault
1172025 : 0x3f720a7777975 : 4 : pytrace_start_profiling :  [CALLED]
1172025 : 0x3f720c4076924 : 4 : pytrace_start_profiling :  [CALLED]
1172025 : 0x3f720c4136257 : 4 : initTmu :  init tmu started
1172025 : 0x3f720c460d603 : 4 : initTmu :  init tmu finished
1172025 : 0x3f720c47800c5 : 4 : start :  pytrace started successfully
1172025 : 0x3f720c4785495 : 4 : pytrace_start_profiling :  PyTrace collection is started
1172025 : 0x3f720c48397f8 : 4 : Py_InitializeFromConfig :  [CALLED]
1172025 : 0x3f720d99781f9 : 4 : PyEval_InitThreads :  [CALLED]
1172025 : 0x3f720d99820c8 : 4 : Py_RunMain :  [CALLED]
1172025 : 0x3f720d99857c6 : 4 : PyEval_InitThreads :  [CALLED]
1172025 : 0x3f720d9989fbc : 4 : PyEval_InitThreads :  [CALLED]
1172025 : 0x3f720d9ab2c2a : 4 : writeInitialInfo :  write initial info started
1172025 : 0x3f720d9abb219 : 4 : writeInitialInfo :  write initial info finished
1172048 : 0x3f72fc6e22099 : 4 : getSourceLines :  co_lnotab data: a pair is deltaByte=8 and deltaLine=1
1172048 : 0x3f72fc6e2bec2 : 4 : getSourceLines :  co_lnotab data: a pair is deltaByte=8 and deltaLine=1
1172048 : 0x3f72fc6e344e7 : 4 : getSourceLines :  co_lnotab data: a pair is deltaByte=12 and deltaLine=1
1172048 : 0x3f72fc6e3ca72 : 4 : getSourceLines :  co_lnotab data: a pair is deltaByte=8 and deltaLine=1
1172048 : 0x3f72fc6e44fc3 : 4 : getSourceLines :  co_lnotab data: a pair is deltaByte=26 and deltaLine=1
1172048 : 0x3f72fc6e5277d : 4 : getSourceLines :  Added faked src entry 62-78 8. Python did not provide src line for this code range.
1172048 : 0x3f72fc6e65644 : 4 : getSourceLines :  co_lnotab data: a pair is deltaByte=0 and deltaLine=2
1172048 : 0x3f72fc6e6dcc9 : 4 : getSourceLines :  co_lnotab data: a pair is deltaByte=8 and deltaLine=2
1172048 : 0x3f72fc6e76257 : 4 : getSourceLines :  co_lnotab data: a pair is deltaByte=10 and deltaLine=1
1172048 : 0x3f72fc6e7e7cf : 4 : getSourceLines :  co_lnotab data: a pair is deltaByte=4 and deltaLine=4
1172048 : 0x3f72fc6e86d4d : 4 : getSourceLines :  co_lnotab data: a pair is deltaByte=12 and deltaLine=2
1172048 : 0x3f72fc6e8f2da : 4 : getSourceLines :  co_lnotab data: a pair is deltaByte=6 and deltaLine=1
1172048 : 0x3f72fc6e977ee : 4 : getSourceLines :  co_lnotab data: a pair is deltaByte=10 and deltaLine=3
1172048 : 0x3f72fc6e9fcfc : 4 : getSourceLines :  co_lnotab data: a pair is deltaByte=14 and deltaLine=2
1172048 : 0x3f72fc6ea8284 : 4 : getSourceLines :  Added faked src entry 64-76 59. Python did not provide src line for this code range.
1172048 : 0x3f72fc6ebe2ce : 4 : getSourceLines :  co_lnotab data: a pair is deltaByte=0 and deltaLine=1
1172048 : 0x3f72fc6ec6e0d : 4 : getSourceLines :  co_lnotab data: a pair is deltaByte=12 and deltaLine=2
1172048 : 0x3f72fc6ecf86f : 4 : getSourceLines :  co_lnotab data: a pair is deltaByte=8 and deltaLine=1
1172048 : 0x3f72fc6ed8308 : 4 : getSourceLines :  co_lnotab data: a pair is deltaByte=8 and deltaLine=1
1172048 : 0x3f72fc6ee0dc5 : 4 : getSourceLines :  Added faked src entry 28-32 257. Python did not provide src line for this code range.
1172048 : 0x3f72fc6eee68c : 4 : getSourceLines :  co_lnotab data: a pair is deltaByte=0 and deltaLine=2
1172048 : 0x3f72fc6ef714c : 4 : getSourceLines :  co_lnotab data: a pair is deltaByte=6 and deltaLine=1
1172048 : 0x3f72fc6f03631 : 4 : getSourceLines :  co_lnotab data: a pair is deltaByte=8 and deltaLine=1
1172048 : 0x3f72fc6f0bb36 : 4 : getSourceLines :  co_lnotab data: a pair is deltaByte=14 and deltaLine=1
1172048 : 0x3f72fc6f14048 : 4 : getSourceLines :  co_lnotab data: a pair is deltaByte=12 and deltaLine=1