14 [22700833758144] INFO perfrun.launcher <> - Launcher main begin
28 [22700833758144] INFO perfrun.launcher <> - MessageCatalogInit finished
28 [22700833758144] INFO perfrun.launcher <> - Launcher instance created
28 [22700833758144] INFO perfrun.launcher <> - argc = 7; cmdline = /mnt/lustre/e1000/home/y07/shared/cirrus-software/oneapi/vtune/2024.0/bin64/amplxe-runss --ui-output-format xml --ui-output-fd 6 --option-file /mnt/lustre/e1000/home/m23oc/m23oc/s2484724/hemelb-tests/diffTest/site_pointer_remove/voxel0.0001_memoryconsumption/config/runss.options 
214 [22700833758144] INFO perfrun.launcher <> - create msngr2::ICliToolContext
215 [22700833758144] INFO perfrun.launcher <> - create file finder object
215 [22700833758144] INFO perfrun.launcher <> - create a result directory: pattern = /mnt/lustre/e1000/home/m23oc/m23oc/s2484724/hemelb-tests/diffTest/site_pointer_remove/voxel0.0001_memoryconsumption pid = 4294967295
293 [22700833758144] INFO perfrun.sdk <> - checked that the directory /mnt/lustre/e1000/home/m23oc/m23oc/s2484724/hemelb-tests/diffTest/site_pointer_remove/voxel0.0001_memoryconsumption is a local directory
325 [22700833758144] INFO perfrun.sdk <> - the directory /mnt/lustre/e1000/home/m23oc/m23oc/s2484724/hemelb-tests/diffTest/site_pointer_remove/voxel0.0001_memoryconsumption is located on a share or its FS ID is unknown 198183888
325 [22700833758144] INFO perfrun.sdk <> - checked that the directory /dev/shm/s2484724_5750659/amplxe-tmp-s2484724 is a local directory
325 [22700833758144] INFO perfrun.sdk <> - the directory /dev/shm/s2484724_5750659/amplxe-tmp-s2484724 is a local directory with FS type ID 16914836
325 [22700833758144] INFO perfrun.launcher <> - Create a local result directory /dev/shm/s2484724_5750659/amplxe-tmp-s2484724/amplxe-res-1502373-3055042190901008 due to the user result path /mnt/lustre/e1000/home/m23oc/m23oc/s2484724/hemelb-tests/diffTest/site_pointer_remove/voxel0.0001_memoryconsumption is located on a share
326 [22700833758144] INFO perfrun.launcher <> - create data directory = /dev/shm/s2484724_5750659/amplxe-tmp-s2484724/amplxe-res-1502373-3055042190901008/data.0
347 [22700833758144] INFO perfrun.launcher <> - create data directory = /mnt/lustre/e1000/home/m23oc/m23oc/s2484724/hemelb-tests/diffTest/site_pointer_remove/voxel0.0001_memoryconsumption/data.0
365 [22700833758144] INFO perfrun.launcher <> - Creating the master collection flag
402 [22700833758144] INFO perfrun.launcher <> - Done creating the master collection flag
410 [22700713178880] INFO perfrun.launcher <> - plugin [remoteplug] was disabled because it doesn't support the given collection type.
411 [22700713178880] INFO perfrun.sdk <> - Allocating TMU :/dev/shm/s2484724_5750659/amplxe-tmp-s2484724/amplxe-res-1502373-3055042190901008/data.0/systemcollector-1502373-r1i0n23.sc
411 [22700713178880] INFO perfrun.system <> - Tpss based collection
412 [22700713178880] INFO perfrun.launcher <> - plugin [ptracecollector] was disabled because it doesn't support the given collection type.
412 [22700713178880] INFO perfrun.launcher <> - plugin [gpu] was disabled because it doesn't support the given collection type.
412 [22700713178880] INFO perfrun.launcher <> - plugin [] was disabled because it doesn't support the given collection type.
412 [22700713178880] INFO perfrun.launcher <> - plugin [] was disabled because it doesn't support the given collection type.
412 [22700713178880] INFO perfrun.launcher <> - plugin [] was disabled because it doesn't support the given collection type.
412 [22700713178880] INFO perfrun.mrte <> - system-wide mode is 0
412 [22700713178880] INFO perfrun.mrte <> - Getting  mrte profiling environment ...
1067 [22700713178880] INFO perfrun.mrte <> - INTEL_MRTE_DATA_DIR=/dev/shm/s2484724_5750659/amplxe-tmp-s2484724/amplxe-res-1502373-3055042190901008/data.0
1067 [22700713178880] INFO perfrun.mrte <> - INTEL_MRTE_HOST_NAME=r1i0n23
1067 [22700713178880] INFO perfrun.mrte <> - JAVA_TOOL_OPTIONS=-agentlib:amplxe_tpssmrte_javaprof_1.0 -Dsun.boot.library.path=/mnt/lustre/e1000/home/y07/shared/cirrus-software/oneapi/vtune/2024.0/lib32/runtime:/mnt/lustre/e1000/home/y07/shared/cirrus-software/oneapi/vtune/2024.0/lib64/runtime
1067 [22700713178880] INFO perfrun.mrte <> - LD_LIBRARY_PATH=/mnt/lustre/e1000/home/y07/shared/cirrus-software/oneapi/vtune/2024.0/lib32/runtime:/mnt/lustre/e1000/home/y07/shared/cirrus-software/oneapi/vtune/2024.0/lib64/runtime:/work/y07/shared/cirrus-software/boost/1.84.0/lib:/work/y07/shared/cirrus-software/nvidia/hpcsdk-22.11/Linux_x86_64/22.11/comm_libs/nvshmem/lib:/work/y07/shared/cirrus-software/nvidia/hpcsdk-22.11/Linux_x86_64/22.11/comm_libs/nccl/lib:/work/y07/shared/cirrus-software/nvidia/hpcsdk-22.11/Linux_x86_64/22.11/math_libs/lib64:/work/y07/shared/cirrus-software/nvidia/hpcsdk-22.11/Linux_x86_64/22.11/cuda/extras/CUPTI/lib64:/work/y07/shared/cirrus-software/nvidia/hpcsdk-22.11/Linux_x86_64/22.11/cuda/lib64:/work/y07/shared/cirrus-software/gcc/12.3.0-offload/lib64:/work/y07/shared/cirrus-software/gcc/12.3.0-offload/lib
1067 [22700713178880] INFO perfrun.mrte <> - CORECLR_ENABLE_PROFILING=1
1067 [22700713178880] INFO perfrun.mrte <> - CORECLR_PROFILER={AA5E4821-E3B1-479c-B7FF-5AD047D22CED}
1067 [22700713178880] INFO perfrun.mrte <> - CORECLR_PROFILER_PATH=/mnt/lustre/e1000/home/y07/shared/cirrus-software/oneapi/vtune/2024.0/lib64/libamplxe_samplingmrte_clrprof_1.0.so
1067 [22700713178880] INFO perfrun.mrte <> - INTEL_MRTE_PROFILER_MODE=mixed
1067 [22700713178880] INFO perfrun.mrte <> - Data directory: /dev/shm/s2484724_5750659/amplxe-tmp-s2484724/amplxe-res-1502373-3055042190901008/data.0
1067 [22700713178880] INFO perfrun.mrte <> - Mrte plugin is initialized
1067 [22700713178880] INFO perfrun.launcher <> - plugin [emon] was disabled because it doesn't support the given collection type.
1067 [22700713178880] INFO perfrun.launcher <> - plugin [cuscol] was disabled because it doesn't support the given collection type.
1067 [22700713178880] INFO perfrun.launcher <> - plugin [stdsrc] was disabled because it doesn't support the given collection type.
1067 [22700713178880] INFO perfrun.launcher <> - plugin [sep] was disabled because it doesn't support the given collection type.
1067 [22700713178880] INFO perfrun.launcher <> - plugin [vtsspp] was disabled because it doesn't support the given collection type.
1067 [22700713178880] INFO perfrun.launcher <> - plugin [perf] was disabled because it doesn't support the given collection type.
1067 [22700713178880] INFO perfrun.launcher <> - plugin [aoclprofile] was disabled because it doesn't support the given collection type.
1067 [22700713178880] INFO perfrun.tpss <> - initialize tpss controller
1067 [22700713178880] INFO perfrun.tpss <> - configure collection mode: value = memory
1067 [22700713178880] INFO perfrun.tpss <> - default obj-size-min=1024
1067 [22700713178880] INFO perfrun.tpss <> - default hash-table-size=0
1067 [22700713178880] INFO perfrun.tpss <> - obj-size-min 32
1067 [22700713178880] INFO perfrun.tpss <> - hash-table-size 0
1068 [22700713178880] INFO perfrun.launcher <> - plugin [media] was disabled because it doesn't support the given collection type.
1068 [22700713178880] INFO perfrun.launcher <> - plugin [] was disabled because it doesn't support the given collection type.
1068 [22700713178880] INFO perfrun.launcher <> - plugin [] was disabled because it doesn't support the given collection type.
1068 [22700713178880] INFO perfrun.launcher <> - plugin [parallelfs] was disabled because it doesn't support the given collection type.
1068 [22700713178880] INFO perfrun.launcher <> - plugin [power] was disabled because it doesn't support the given collection type.
1068 [22700713178880] INFO perfrun.launcher <> - plugin [] was disabled because it doesn't support the given collection type.
1068 [22700713178880] INFO perfrun.launcher <> - plugin [ipmwatch] was disabled because it doesn't support the given collection type.
1068 [22700713178880] INFO perfrun.launcher <> - plugin [os_counters] was disabled because it doesn't support the given collection type.
1068 [22700713178880] INFO perfrun.launcher <> - plugin [l0_metrics] was disabled because it doesn't support the given collection type.
1068 [22700833758144] INFO perfrun.launcher <> - set environment variable: LD_LIBRARY_PATH = /mnt/lustre/e1000/home/y07/shared/cirrus-software/oneapi/vtune/2024.0/lib32/runtime:/mnt/lustre/e1000/home/y07/shared/cirrus-software/oneapi/vtune/2024.0/lib64/runtime:/work/y07/shared/cirrus-software/boost/1.84.0/lib:/work/y07/shared/cirrus-software/nvidia/hpcsdk-22.11/Linux_x86_64/22.11/comm_libs/nvshmem/lib:/work/y07/shared/cirrus-software/nvidia/hpcsdk-22.11/Linux_x86_64/22.11/comm_libs/nccl/lib:/work/y07/shared/cirrus-software/nvidia/hpcsdk-22.11/Linux_x86_64/22.11/math_libs/lib64:/work/y07/shared/cirrus-software/nvidia/hpcsdk-22.11/Linux_x86_64/22.11/cuda/extras/CUPTI/lib64:/work/y07/shared/cirrus-software/nvidia/hpcsdk-22.11/Linux_x86_64/22.11/cuda/lib64:/work/y07/shared/cirrus-software/gcc/12.3.0-offload/lib64:/work/y07/shared/cirrus-software/gcc/12.3.0-offload/lib
1068 [22700833758144] INFO perfrun.launcher <> - set environment variable: INTEL_LIBITTNOTIFY32 = /mnt/lustre/e1000/home/y07/shared/cirrus-software/oneapi/vtune/2024.0/lib32/runtime/libittnotify_collector.so
1068 [22700833758144] INFO perfrun.launcher <> - set environment variable: INTEL_LIBITTNOTIFY64 = /mnt/lustre/e1000/home/y07/shared/cirrus-software/oneapi/vtune/2024.0/lib64/runtime/libittnotify_collector.so
1068 [22700833758144] INFO perfrun.launcher <> - set environment variable: INTEL_ITTNOTIFY_GROUPS = 
1068 [22700833758144] INFO perfrun.launcher <> - set environment variable: INTEL_JIT_PROFILER32 = /mnt/lustre/e1000/home/y07/shared/cirrus-software/oneapi/vtune/2024.0/lib32/runtime/libittnotify_collector.so
1068 [22700833758144] INFO perfrun.launcher <> - set environment variable: INTEL_JIT_PROFILER64 = /mnt/lustre/e1000/home/y07/shared/cirrus-software/oneapi/vtune/2024.0/lib64/runtime/libittnotify_collector.so
1068 [22700833758144] INFO perfrun.launcher <> - set environment variable: ENABLE_JITPROFILING = 1
1068 [22700833758144] INFO perfrun.launcher <> - set environment variable: CL_CONFIG_USE_VTUNE = True
1068 [22700833758144] INFO perfrun.launcher <> - set environment variable: KMP_FORKJOIN_FRAMES = 0
1068 [22700833758144] INFO perfrun.launcher <> - set environment variable: KMP_FORKJOIN_FRAMES_MODE = 0
1068 [22700833758144] INFO perfrun.launcher <> - set environment variable: INTEL_MRTE_DATA_DIR = /dev/shm/s2484724_5750659/amplxe-tmp-s2484724/amplxe-res-1502373-3055042190901008/data.0
1068 [22700833758144] INFO perfrun.launcher <> - set environment variable: INTEL_MRTE_HOST_NAME = r1i0n23
1068 [22700833758144] INFO perfrun.launcher <> - set environment variable: JAVA_TOOL_OPTIONS = -agentlib:amplxe_tpssmrte_javaprof_1.0 -Dsun.boot.library.path=/mnt/lustre/e1000/home/y07/shared/cirrus-software/oneapi/vtune/2024.0/lib32/runtime:/mnt/lustre/e1000/home/y07/shared/cirrus-software/oneapi/vtune/2024.0/lib64/runtime
1068 [22700833758144] INFO perfrun.launcher <> - set environment variable: LD_LIBRARY_PATH = /mnt/lustre/e1000/home/y07/shared/cirrus-software/oneapi/vtune/2024.0/lib32/runtime:/mnt/lustre/e1000/home/y07/shared/cirrus-software/oneapi/vtune/2024.0/lib64/runtime:/work/y07/shared/cirrus-software/boost/1.84.0/lib:/work/y07/shared/cirrus-software/nvidia/hpcsdk-22.11/Linux_x86_64/22.11/comm_libs/nvshmem/lib:/work/y07/shared/cirrus-software/nvidia/hpcsdk-22.11/Linux_x86_64/22.11/comm_libs/nccl/lib:/work/y07/shared/cirrus-software/nvidia/hpcsdk-22.11/Linux_x86_64/22.11/math_libs/lib64:/work/y07/shared/cirrus-software/nvidia/hpcsdk-22.11/Linux_x86_64/22.11/cuda/extras/CUPTI/lib64:/work/y07/shared/cirrus-software/nvidia/hpcsdk-22.11/Linux_x86_64/22.11/cuda/lib64:/work/y07/shared/cirrus-software/gcc/12.3.0-offload/lib64:/work/y07/shared/cirrus-software/gcc/12.3.0-offload/lib
1068 [22700833758144] INFO perfrun.launcher <> - set environment variable: CORECLR_ENABLE_PROFILING = 1
1068 [22700833758144] INFO perfrun.launcher <> - set environment variable: CORECLR_PROFILER = {AA5E4821-E3B1-479c-B7FF-5AD047D22CED}
1068 [22700833758144] INFO perfrun.launcher <> - set environment variable: CORECLR_PROFILER_PATH = /mnt/lustre/e1000/home/y07/shared/cirrus-software/oneapi/vtune/2024.0/lib64/libamplxe_samplingmrte_clrprof_1.0.so
1068 [22700833758144] INFO perfrun.launcher <> - set environment variable: INTEL_MRTE_PROFILER_MODE = mixed
1068 [22700833758144] INFO perfrun.launcher <> - RpcServer: run RPC server to handle requests
1074 [22700833758144] INFO perfrun.launcher <> - Launcher: command line to start before modification = hlb-gmy-cli --voxel 0.0004 cyl.pr2
1077 [22700833758144] INFO perfrun.launcher <> - Launcher: command line to start after modification = /mnt/lustre/e1000/home/y07/shared/cirrus-software/oneapi/vtune/2024.0/bin64/pin -error_file /dev/shm/s2484724_5750659/amplxe-tmp-s2484724/amplxe-res-1502373-3055042190901008/data.0/pinerr.tpsslog -detach_reattach -follow_execv -tool_load_option deepbind -t64 /mnt/lustre/e1000/home/y07/shared/cirrus-software/oneapi/vtune/2024.0/lib64/libtpsstool.so -t /mnt/lustre/e1000/home/y07/shared/cirrus-software/oneapi/vtune/2024.0/lib32/libtpsstool.so -server_name tpss_ipc.1502373 -prd_dir /mnt/lustre/e1000/home/y07/shared/cirrus-software/oneapi/vtune/2024.0 -- hlb-gmy-cli --voxel 0.0004 cyl.pr2
1077 [22700833758144] INFO perfrun.launcher <> - ProcessCreator object was created
1101 [22700833758144] INFO perfrun.launcher <> - Launcher: the process was started in suspend mode
1111 [22700713178880] WARN perfrun.system <> - Could not do anything with /sys/kernel/debug/kvm: boost::filesystem::status: Permission denied: "/sys/kernel/debug/kvm", at file: vcs/perfrun1/plugins/system/src/trace_writer.cpp:787
1111 [22700713178880] WARN perfrun.system <> - Folder "/var/run/libvirt/qemu/"doesn't exist, at file: vcs/perfrun1/plugins/system/src/trace_writer.cpp:800
1111 [22700713178880] INFO perfrun.itt <> - pause itt controller
1111 [22700713178880] WARN perfrun.launcher <> - Messenger::say: Pause command is not supported for managed code profiling. Runtime overhead is still possible. Data size limit may be exceeded.
1111 [22700713178880] INFO perfrun.tpss <> - pause tpss controller
1120 [22700713178880] WARN perfrun.sdk <> - Failed to find xl binary on any of the system paths: /bin, /sbin, /usr/bin, /usr/sbin., at file: vcs/perfrun1/sdk/src/utils.cpp:204
1120 [22700713178880] WARN perfrun.system <> - Could not start ContainerMapping collector, at file: vcs/perfrun1/plugins/system/src/controller.cpp:448
1145 [22700713178880] INFO perfrun.vdso <> - Helper runtool '/mnt/lustre/e1000/home/y07/shared/cirrus-software/oneapi/vtune/2024.0/bin32/amplxe-runss -dump-vdso -r /dev/shm/s2484724_5750659/amplxe-tmp-s2484724/amplxe-res-1502373-3055042190901008 --tmp-dir /dev/shm/s2484724_5750659/amplxe-tmp-s2484724' returned 1
1570 [22700713178880] INFO perfrun.vdso <> - Helper runtool '/mnt/lustre/e1000/home/y07/shared/cirrus-software/oneapi/vtune/2024.0/bin64/amplxe-runss -dump-vdso -r /dev/shm/s2484724_5750659/amplxe-tmp-s2484724/amplxe-res-1502373-3055042190901008 --tmp-dir /dev/shm/s2484724_5750659/amplxe-tmp-s2484724' returned 0
1570 [22700713178880] INFO perfrun.itt <> - start itt controller for pid #1502412
1570 [22700713178880] INFO perfrun.tpss <> - start tpss controller for pid #1502412
1620 [22700833758144] INFO perfrun.launcher <> - Launcher: all plugins were started
1621 [22700833758144] INFO perfrun.launcher <> - DirectoryMonitor object was created
1621 [22700833758144] INFO perfrun.launcher <> - DirectoryMonitor: a callback was added
1621 [22700833758144] INFO perfrun.launcher <> - DirectoryMonitor was started with pingTime = 1000
1621 [22700833758144] INFO perfrun.launcher <> - DeadlineTimer is going to be constructed
1621 [22700833758144] INFO perfrun.launcher <> - DeadlineTimer: a callback was added
1685 [22700833758144] INFO perfrun.launcher <> - Launcher: resume the profiled application and  wait its termination or stop command
65015 [22700713178880] INFO perfrun.itt <> - resume itt controller
65016 [22700713178880] INFO perfrun.tpss <> - resume tpss controller
70784 [22700713178880] INFO perfrun.itt <> - pause itt controller
70784 [22700713178880] INFO perfrun.tpss <> - pause tpss controller
74159 [22700833758144] INFO perfrun.launcher <> - Launcher: the profiled application was terminated  with exit code = 0
74193 [22700713178880] INFO perfrun.itt <> - detach itt controller
74193 [22700713178880] INFO perfrun.itt <> - detach itt controller done
74193 [22700713178880] INFO perfrun.tpss <> - stop tpss controller
74194 [22700713178880] INFO perfrun.sdk <> - De-allocating TMU: /dev/shm/s2484724_5750659/amplxe-tmp-s2484724/amplxe-res-1502373-3055042190901008/data.0/systemcollector-1502373-r1i0n23.sc
74194 [22700713178880] INFO perfrun.system <> - closed the system trace file: /dev/shm/s2484724_5750659/amplxe-tmp-s2484724/amplxe-res-1502373-3055042190901008/data.0/systemcollector-1502373-r1i0n23.sc
74194 [22700833758144] INFO perfrun.launcher <> - Launcher: all plugins were stopped.
74194 [22700833758144] INFO perfrun.launcher <> - DeadlineTimer is going to be destroyed
74194 [22700833758144] INFO perfrun.launcher <> - DeadlineTimer was destroyed
74194 [22700833758144] INFO perfrun.launcher <> - DirectoryMonitor object was destroyed
74194 [22700833758144] WARN perfrun.launcher <> - Stop command is ignored because it is received when collection is already stopped, at file: vcs/perfrun1/launcher/src/command_handler.cpp:226
75794 [22700833758144] INFO perfrun.launcher <> - Application exit code: 0
75794 [22700833758144] INFO perfrun.launcher <> - Exit code: 0
