
1499119 : 0x529653b418824 : 3 : logger_init :  LOG FILE OPENED (by collectunits.logger), level: 4
1499119 : 0x529653c6fc207 : 4 : probePythonFunctions :  PyThreadState_Swap
1499119 : 0x529653c840eaa : 4 : probePythonFunctions :  PyThreadState_Swap probed at 0x148ac79c9348
1499119 : 0x529653c844fba : 4 : probePythonFunctions :  PyImport_Cleanup
1499119 : 0x529653cb8379d : 4 : probePythonFunctions :  PyImport_Cleanup probed at 0x148ac79c9378
1499119 : 0x529653cb873de : 4 : probePythonFunctions :  PyThreadState_Clear
1499119 : 0x529653ccf9502 : 4 : probePythonFunctions :  PyThreadState_Clear probed at 0x148ac79c93b0
1499119 : 0x529653ccfd31b : 4 : probePythonFunctions :  Py_Initialize
1499119 : 0x529653cde7b9d : 4 : probePythonFunctions :  Py_Initialize probed at 0x148ac79c93d8
1499119 : 0x529653cdeb6be : 4 : probePythonFunctions :  Py_InitializeEx
1499119 : 0x529653cef7514 : 4 : probePythonFunctions :  Py_InitializeEx probed at 0x148ac79c9418
1499119 : 0x529653cefafa0 : 4 : probePythonFunctions :  PyOS_AfterFork_Child
1499119 : 0x529653cfe116b : 4 : probePythonFunctions :  PyOS_AfterFork_Child probed at 0x148ac79c9460
1499119 : 0x529653cfe4c12 : 4 : probePythonFunctions :  PyCode_New
1499119 : 0x529653d0a48f3 : 4 : probePythonFunctions :  PyCode_New probed at 0x148ac79c94a8
1499119 : 0x529653d0a83bf : 4 : probePythonFunctions :  Py_FinalizeEx
1499119 : 0x529653d26d857 : 4 : probePythonFunctions :  Py_FinalizeEx probed at 0x148ac79c94d0
1499119 : 0x529653d27131f : 4 : probePythonFunctions :  _PyEval_EvalFrameDefault
1499119 : 0x529653ec2751e : 4 : probePythonFunctions :  _PyEval_EvalFrameDefault probed at 0x148ac79c94f8
1499119 : 0x529653ec2b480 : 4 : probePythonFunctions :  PyCode_NewWithPosOnlyArgs
1499119 : 0x529653f0214f4 : 4 : probePythonFunctions :  PyCode_NewWithPosOnlyArgs probed at 0x148ac79c9520
1499119 : 0x529653f02511e : 4 : probePythonFunctions :  Py_RunMain
1499119 : 0x529653f24f014 : 4 : probePythonFunctions :  Py_RunMain probed at 0x148ac79c9548
1499119 : 0x529653f252b7f : 4 : probePythonFunctions :  Py_InitializeFromConfig
1499119 : 0x529653f45f41c : 4 : probePythonFunctions :  Py_InitializeFromConfig probed at 0x148ac79c9590
1499119 : 0x529653f462e3c : 4 : probePythonFunctions :  _PySignal_AfterFork
1499119 : 0x529653f48a62b : 4 : probePythonFunctions :  the _PySignal_AfterFork size is too small to be probed: size=4. Skip and continue
1499119 : 0x529653f4919e9 : 4 : probePythonFunctions :  PyInterpreterState_Head
1499119 : 0x529653f581176 : 4 : probePythonFunctions :  PyInterpreterState_Next
1499119 : 0x529653f67a45e : 4 : probePythonFunctions :  PyInterpreterState_ThreadHead
1499119 : 0x529653f76ab5e : 4 : probePythonFunctions :  PyThreadState_Next
1499119 : 0x529653f86411a : 4 : probePythonFunctions :  PyThreadState_New
1499119 : 0x529653f96eee1 : 4 : probePythonFunctions :  PyThreadState_Delete
1499119 : 0x529653f9975a9 : 4 : probePythonFunctions :  PyGILState_GetThisThreadState
1499119 : 0x529653f9b64fb : 4 : probePythonFunctions :  PyEval_AcquireThread
1499119 : 0x529653fad2f62 : 4 : probePythonFunctions :  PyEval_ReleaseThread
1499119 : 0x529653fb04beb : 4 : probePythonFunctions :  Py_GetVersion
1499119 : 0x529653fc06be3 : 4 : probePythonFunctions :  PySys_GetObject
1499119 : 0x529653fceb9c4 : 4 : probePythonFunctions :  PyLong_AsLong
1499119 : 0x529653fdb2652 : 4 : probePythonFunctions :  Py_IncRef
1499119 : 0x529653fdcccb0 : 4 : probePythonFunctions :  Py_DecRef
1499119 : 0x529653fdef5c5 : 4 : probePythonFunctions :  PyThreadState_Get
1499119 : 0x529653fed08a1 : 4 : probePythonFunctions :  PyEval_GetFrame
1499119 : 0x529653ffd2f81 : 4 : probePythonFunctions :  PyEval_ThreadsInitialized
1499119 : 0x529653ffe8d11 : 4 : probePythonFunctions :  PyObject_GetAttrString
1499119 : 0x52965400bfe52 : 4 : probePythonFunctions :  PyObject_Call
1499119 : 0x5296540181c92 : 4 : probePythonFunctions :  PyTuple_New
1499119 : 0x529654025c26d : 4 : probePythonFunctions :  PyTuple_SetItem
1499119 : 0x5296540321ad7 : 4 : probePythonFunctions :  PyList_New
1499119 : 0x52965403f5202 : 4 : probePythonFunctions :  PyList_GetItem
1499119 : 0x52965404d6ea6 : 4 : probePythonFunctions :  PyList_Size
1499119 : 0x52965405959bd : 4 : probePythonFunctions :  PyThread_get_thread_ident
1499119 : 0x5296540653a1c : 4 : probePythonFunctions :  PyErr_Fetch
1499119 : 0x5296540706c6f : 4 : probePythonFunctions :  PyErr_Restore
1499119 : 0x52965407c6f5a : 4 : probePythonFunctions :  PyDict_Next
1499119 : 0x529654087718f : 4 : probePythonFunctions :  PyDict_Size
1499119 : 0x52965408a5e0d : 4 : probePythonFunctions :  PyDict_GetItemString
1499119 : 0x529654097d0b4 : 4 : probePythonFunctions :  PyImport_GetModuleDict
1499119 : 0x5296540a4e33f : 4 : probePythonFunctions :  PyBytes_AsStringAndSize
1499119 : 0x5296540b66b15 : 4 : probePythonFunctions :  PyBytes_AsString
1499119 : 0x5296540c75717 : 4 : probePythonFunctions :  PyUnicode_EncodeLocale
1499119 : 0x5296540d971f5 : 4 : probePythonFunctions :  PyUnicode_EncodeFSDefault
1499119 : 0x5296545150fc1 : 4 : pytrace_start_profiling :  [CALLED]
1499119 : 0x529657242bd5a : 4 : pytrace_start_profiling :  [CALLED]
1499119 : 0x529657256891e : 4 : initTmu :  init tmu started
1499119 : 0x5296572c458f3 : 4 : initTmu :  init tmu finished
1499119 : 0x5296572e04d0f : 4 : start :  pytrace started successfully
1499119 : 0x5296572e0b76f : 4 : pytrace_start_profiling :  PyTrace collection is started
1499119 : 0x5296572f357b9 : 4 : Py_InitializeFromConfig :  [CALLED]
1499119 : 0x5296588dfd08a : 4 : PyEval_InitThreads :  [CALLED]
1499119 : 0x5296588e07895 : 4 : Py_RunMain :  [CALLED]
1499119 : 0x5296588e0af6d : 4 : PyEval_InitThreads :  [CALLED]
1499119 : 0x5296588e0f830 : 4 : PyEval_InitThreads :  [CALLED]
1499119 : 0x5296588f1529d : 4 : writeInitialInfo :  write initial info started
1499119 : 0x5296588f1eff1 : 4 : writeInitialInfo :  write initial info finished
1499142 : 0x529773e4feb17 : 4 : getSourceLines :  co_lnotab data: a pair is deltaByte=8 and deltaLine=1
1499142 : 0x529773e508463 : 4 : getSourceLines :  co_lnotab data: a pair is deltaByte=8 and deltaLine=1
1499142 : 0x529773e510acf : 4 : getSourceLines :  co_lnotab data: a pair is deltaByte=12 and deltaLine=1
1499142 : 0x529773e519078 : 4 : getSourceLines :  co_lnotab data: a pair is deltaByte=8 and deltaLine=1
1499142 : 0x529773e5215c3 : 4 : getSourceLines :  co_lnotab data: a pair is deltaByte=26 and deltaLine=1
1499142 : 0x529773e52e1c6 : 4 : getSourceLines :  Added faked src entry 62-78 8. Python did not provide src line for this code range.
1499142 : 0x529773e53f8d6 : 4 : getSourceLines :  co_lnotab data: a pair is deltaByte=0 and deltaLine=2
1499142 : 0x529773e547f99 : 4 : getSourceLines :  co_lnotab data: a pair is deltaByte=8 and deltaLine=2
1499142 : 0x529773e55054c : 4 : getSourceLines :  co_lnotab data: a pair is deltaByte=10 and deltaLine=1
1499142 : 0x529773e558abd : 4 : getSourceLines :  co_lnotab data: a pair is deltaByte=4 and deltaLine=4
1499142 : 0x529773e561029 : 4 : getSourceLines :  co_lnotab data: a pair is deltaByte=12 and deltaLine=2
1499142 : 0x529773e569595 : 4 : getSourceLines :  co_lnotab data: a pair is deltaByte=6 and deltaLine=1
1499142 : 0x529773e571adb : 4 : getSourceLines :  co_lnotab data: a pair is deltaByte=10 and deltaLine=3
1499142 : 0x529773e579ff0 : 4 : getSourceLines :  co_lnotab data: a pair is deltaByte=14 and deltaLine=2
1499142 : 0x529773e582564 : 4 : getSourceLines :  Added faked src entry 64-76 59. Python did not provide src line for this code range.
1499142 : 0x529773e59167b : 4 : getSourceLines :  co_lnotab data: a pair is deltaByte=0 and deltaLine=1
1499142 : 0x529773e599c07 : 4 : getSourceLines :  co_lnotab data: a pair is deltaByte=12 and deltaLine=2
1499142 : 0x529773e5a80f1 : 4 : getSourceLines :  co_lnotab data: a pair is deltaByte=8 and deltaLine=1
1499142 : 0x529773e5b0b61 : 4 : getSourceLines :  co_lnotab data: a pair is deltaByte=8 and deltaLine=1
1499142 : 0x529773e5b95ba : 4 : getSourceLines :  Added faked src entry 28-32 257. Python did not provide src line for this code range.
1499142 : 0x529773e5c743d : 4 : getSourceLines :  co_lnotab data: a pair is deltaByte=0 and deltaLine=2
1499142 : 0x529773e5cfe98 : 4 : getSourceLines :  co_lnotab data: a pair is deltaByte=6 and deltaLine=1
1499142 : 0x529773e5d893c : 4 : getSourceLines :  co_lnotab data: a pair is deltaByte=8 and deltaLine=1
1499142 : 0x529773e5e13d2 : 4 : getSourceLines :  co_lnotab data: a pair is deltaByte=14 and deltaLine=1
1499142 : 0x529773e5ed96d : 4 : getSourceLines :  co_lnotab data: a pair is deltaByte=12 and deltaLine=1