
1499256 : 0x529731febaa90 : 1 : spill_jit_data :  Jit agent is not initialized
1499119 : 0x529731ff86a0f : 2 : ittapi_config_mask_get :  --itt-config mask to be applied: 55
1499119 : 0x529731ff89263 : 2 : ittapi_config_apply_per_lib :  ITTAPI function instrumented: __itt_domain_create
1499119 : 0x529731ff89cee : 2 : ittapi_config_apply_per_lib :  ITTAPI function instrumented: __itt_module_load_with_sections
1499119 : 0x529731ff8accf : 2 : ittapi_config_apply_per_lib :  ITTAPI function not implemented: __itt_module_unload_with_sections
1499119 : 0x529731ff8b550 : 2 : ittapi_config_apply_per_lib :  ITTAPI function instrumented: __itt_string_handle_create
1499119 : 0x529731ff8bc1b : 2 : ittapi_config_apply_per_lib :  ITTAPI function instrumented: __itt_counter_create
1499119 : 0x529731ff8c26f : 2 : ittapi_config_apply_per_lib :  ITTAPI function instrumented: __itt_counter_create_typed
1499119 : 0x529731ff8c8c8 : 2 : ittapi_config_apply_per_lib :  ITTAPI function instrumented: __itt_pause
1499119 : 0x529731ff8d003 : 2 : ittapi_config_apply_per_lib :  ITTAPI function instrumented: __itt_resume
1499119 : 0x529731ff94bb7 : 2 : ittapi_config_apply_per_lib :  ITTAPI function not implemented: __itt_pause_scoped
1499119 : 0x529731ff95866 : 2 : ittapi_config_apply_per_lib :  ITTAPI function not implemented: __itt_resume_scoped
1499119 : 0x529731ff95ef0 : 2 : ittapi_config_apply_per_lib :  ITTAPI function instrumented: __itt_thread_set_name
1499119 : 0x529731ff96605 : 2 : ittapi_config_apply_per_lib :  ITTAPI function instrumented: __itt_thread_ignore
1499119 : 0x529731ff96c5d : 2 : ittapi_config_apply_per_lib :  ITTAPI function instrumented: __itt_thr_name_set
1499119 : 0x529731ff972d8 : 2 : ittapi_config_apply_per_lib :  ITTAPI function instrumented: __itt_thr_ignore
1499119 : 0x529731ff97965 : 2 : ittapi_config_apply_per_lib :  ITTAPI function instrumented: __itt_histogram_create
1499119 : 0x529731ff97f40 : 2 : ittapi_config_apply_per_lib :  ITTAPI function instrumented: __itt_counter_create_v3
1499119 : 0x529731ff98594 : 2 : ittapi_config_apply_per_lib :  ITTAPI function instrumented: __itt_bind_context_metadata_to_counter
1499119 : 0x529731ff98cbd : 2 : ittapi_config_apply_per_lib :  ITTAPI function not implemented: __itt_enable_attach
1499119 : 0x529731ff9abd3 : 2 : ittapi_config_apply_per_lib :  ITTAPI function instrumented: __itt_detach
1499119 : 0x529731ff9b1bb : 2 : ittapi_config_apply_per_lib :  ITTAPI function NOT instrumented (not matched by --itt-config option): __itt_sync_create

1499119 : 0x529731ff9b730 : 2 : ittapi_config_apply_per_lib :  ITTAPI function NOT instrumented (not matched by --itt-config option): __itt_sync_rename

1499119 : 0x529731ff9bbee : 2 : ittapi_config_apply_per_lib :  ITTAPI function NOT instrumented (not matched by --itt-config option): __itt_sync_destroy

1499119 : 0x529731ff9c0cf : 2 : ittapi_config_apply_per_lib :  ITTAPI function NOT instrumented (not matched by --itt-config option): __itt_sync_prepare

1499119 : 0x529731ff9c5f6 : 2 : ittapi_config_apply_per_lib :  ITTAPI function NOT instrumented (not matched by --itt-config option): __itt_sync_cancel

1499119 : 0x529731ff9cb82 : 2 : ittapi_config_apply_per_lib :  ITTAPI function NOT instrumented (not matched by --itt-config option): __itt_sync_acquired

1499119 : 0x529731ff9d084 : 2 : ittapi_config_apply_per_lib :  ITTAPI function NOT instrumented (not matched by --itt-config option): __itt_sync_releasing

1499119 : 0x529731ff9d727 : 2 : ittapi_config_apply_per_lib :  ITTAPI function not implemented: __itt_suppress_push
1499119 : 0x529731ff9e039 : 2 : ittapi_config_apply_per_lib :  ITTAPI function not implemented: __itt_suppress_pop
1499119 : 0x529731ff9f775 : 2 : ittapi_config_apply_per_lib :  ITTAPI function not implemented: __itt_suppress_mark_range
1499119 : 0x529731ffa0064 : 2 : ittapi_config_apply_per_lib :  ITTAPI function not implemented: __itt_suppress_clear_range
1499119 : 0x529731ffa055b : 2 : ittapi_config_apply_per_lib :  ITTAPI function NOT instrumented (not matched by --itt-config option): __itt_sync_prepare

1499119 : 0x529731ffa0a3f : 2 : ittapi_config_apply_per_lib :  ITTAPI function NOT instrumented (not matched by --itt-config option): __itt_sync_cancel

1499119 : 0x529731ffa0f2c : 2 : ittapi_config_apply_per_lib :  ITTAPI function NOT instrumented (not matched by --itt-config option): __itt_sync_acquired

1499119 : 0x529731ffa140a : 2 : ittapi_config_apply_per_lib :  ITTAPI function NOT instrumented (not matched by --itt-config option): __itt_sync_releasing

1499119 : 0x529731ffa195a : 2 : ittapi_config_apply_per_lib :  ITTAPI function NOT instrumented (not matched by --itt-config option): __itt_model_site_begin

1499119 : 0x529731ffa1f53 : 2 : ittapi_config_apply_per_lib :  ITTAPI function NOT instrumented (not matched by --itt-config option): __itt_model_site_end

1499119 : 0x529731ffa249d : 2 : ittapi_config_apply_per_lib :  ITTAPI function NOT instrumented (not matched by --itt-config option): __itt_model_task_begin

1499119 : 0x529731ffa299a : 2 : ittapi_config_apply_per_lib :  ITTAPI function NOT instrumented (not matched by --itt-config option): __itt_model_task_end

1499119 : 0x529731ffa4da9 : 2 : ittapi_config_apply_per_lib :  ITTAPI function NOT instrumented (not matched by --itt-config option): __itt_model_lock_acquire

1499119 : 0x529731ffa52fd : 2 : ittapi_config_apply_per_lib :  ITTAPI function NOT instrumented (not matched by --itt-config option): __itt_model_lock_release

1499119 : 0x529731ffa5794 : 2 : ittapi_config_apply_per_lib :  ITTAPI function NOT instrumented (not matched by --itt-config option): __itt_model_record_allocation

1499119 : 0x529731ffa5cc1 : 2 : ittapi_config_apply_per_lib :  ITTAPI function NOT instrumented (not matched by --itt-config option): __itt_model_record_deallocation

1499119 : 0x529731ffa6198 : 2 : ittapi_config_apply_per_lib :  ITTAPI function NOT instrumented (not matched by --itt-config option): __itt_model_induction_uses

1499119 : 0x529731ffa66d8 : 2 : ittapi_config_apply_per_lib :  ITTAPI function NOT instrumented (not matched by --itt-config option): __itt_model_reduction_uses

1499119 : 0x529731ffa6b8d : 2 : ittapi_config_apply_per_lib :  ITTAPI function NOT instrumented (not matched by --itt-config option): __itt_model_observe_uses

1499119 : 0x529731ffa703d : 2 : ittapi_config_apply_per_lib :  ITTAPI function NOT instrumented (not matched by --itt-config option): __itt_model_clear_uses

1499119 : 0x529731ffa7561 : 2 : ittapi_config_apply_per_lib :  ITTAPI function NOT instrumented (not matched by --itt-config option): __itt_model_site_beginA

1499119 : 0x529731ffa7a1a : 2 : ittapi_config_apply_per_lib :  ITTAPI function NOT instrumented (not matched by --itt-config option): __itt_model_site_beginAL

1499119 : 0x529731ffa8f39 : 2 : ittapi_config_apply_per_lib :  ITTAPI function NOT instrumented (not matched by --itt-config option): __itt_model_task_beginA

1499119 : 0x529731ffa9432 : 2 : ittapi_config_apply_per_lib :  ITTAPI function NOT instrumented (not matched by --itt-config option): __itt_model_task_beginAL

1499119 : 0x529731ffa98d9 : 2 : ittapi_config_apply_per_lib :  ITTAPI function NOT instrumented (not matched by --itt-config option): __itt_model_iteration_taskA

1499119 : 0x529731ffa9e31 : 2 : ittapi_config_apply_per_lib :  ITTAPI function NOT instrumented (not matched by --itt-config option): __itt_model_iteration_taskAL

1499119 : 0x529731ffaa2e9 : 2 : ittapi_config_apply_per_lib :  ITTAPI function NOT instrumented (not matched by --itt-config option): __itt_model_site_end_2

1499119 : 0x529731ffaa851 : 2 : ittapi_config_apply_per_lib :  ITTAPI function NOT instrumented (not matched by --itt-config option): __itt_model_task_end_2

1499119 : 0x529731ffaace5 : 2 : ittapi_config_apply_per_lib :  ITTAPI function NOT instrumented (not matched by --itt-config option): __itt_model_lock_acquire_2

1499119 : 0x529731ffab196 : 2 : ittapi_config_apply_per_lib :  ITTAPI function NOT instrumented (not matched by --itt-config option): __itt_model_lock_release_2

1499119 : 0x529731ffab6fd : 2 : ittapi_config_apply_per_lib :  ITTAPI function NOT instrumented (not matched by --itt-config option): __itt_model_aggregate_task

1499119 : 0x529731ffabb92 : 2 : ittapi_config_apply_per_lib :  ITTAPI function NOT instrumented (not matched by --itt-config option): __itt_model_disable_push

1499119 : 0x529731ffae2ee : 2 : ittapi_config_apply_per_lib :  ITTAPI function NOT instrumented (not matched by --itt-config option): __itt_model_disable_pop

1499119 : 0x529731ffaea62 : 2 : ittapi_config_apply_per_lib :  ITTAPI function instrumented: __itt_heap_function_create
1499119 : 0x529731ffaf05a : 2 : ittapi_config_apply_per_lib :  ITTAPI function instrumented: __itt_heap_allocate_begin
1499119 : 0x529731ffaf680 : 2 : ittapi_config_apply_per_lib :  ITTAPI function instrumented: __itt_heap_allocate_end
1499119 : 0x529731ffafc9a : 2 : ittapi_config_apply_per_lib :  ITTAPI function instrumented: __itt_heap_free_begin
1499119 : 0x529731ffb030f : 2 : ittapi_config_apply_per_lib :  ITTAPI function instrumented: __itt_heap_free_end
1499119 : 0x529731ffb0902 : 2 : ittapi_config_apply_per_lib :  ITTAPI function instrumented: __itt_heap_reallocate_begin
1499119 : 0x529731ffb0ee0 : 2 : ittapi_config_apply_per_lib :  ITTAPI function instrumented: __itt_heap_reallocate_end
1499119 : 0x529731ffb16a1 : 2 : ittapi_config_apply_per_lib :  ITTAPI function not implemented: __itt_heap_internal_access_begin
1499119 : 0x529731ffb1d63 : 2 : ittapi_config_apply_per_lib :  ITTAPI function not implemented: __itt_heap_internal_access_end
1499119 : 0x529731ffb3659 : 2 : ittapi_config_apply_per_lib :  ITTAPI function not implemented: __itt_heap_record_memory_growth_begin
1499119 : 0x529731ffb3de1 : 2 : ittapi_config_apply_per_lib :  ITTAPI function not implemented: __itt_heap_record_memory_growth_end
1499119 : 0x529731ffb4566 : 2 : ittapi_config_apply_per_lib :  ITTAPI function not implemented: __itt_heap_reset_detection
1499119 : 0x529731ffb8a01 : 2 : ittapi_config_apply_per_lib :  ITTAPI function not implemented: __itt_heap_record
1499119 : 0x529731ffb90b8 : 2 : ittapi_config_apply_per_lib :  ITTAPI function not implemented: __itt_id_create
1499119 : 0x529731ffb9702 : 2 : ittapi_config_apply_per_lib :  ITTAPI function not implemented: __itt_id_destroy
1499119 : 0x529731ffb9d03 : 2 : ittapi_config_apply_per_lib :  ITTAPI function instrumented: __itt_get_timestamp
1499119 : 0x529731ffba37d : 2 : ittapi_config_apply_per_lib :  ITTAPI function not implemented: __itt_region_begin
1499119 : 0x529731ffba991 : 2 : ittapi_config_apply_per_lib :  ITTAPI function not implemented: __itt_region_end
1499119 : 0x529731ffbaf9f : 2 : ittapi_config_apply_per_lib :  ITTAPI function instrumented: __itt_frame_begin_v3
1499119 : 0x529731ffbc60c : 2 : ittapi_config_apply_per_lib :  ITTAPI function instrumented: __itt_frame_end_v3
1499119 : 0x529731ffbcbf7 : 2 : ittapi_config_apply_per_lib :  ITTAPI function instrumented: __itt_frame_submit_v3
1499119 : 0x529731ffbd2b4 : 2 : ittapi_config_apply_per_lib :  ITTAPI function not implemented: __itt_task_group
1499119 : 0x529731ffbd960 : 2 : ittapi_config_apply_per_lib :  ITTAPI function instrumented: __itt_task_begin
1499119 : 0x529731ffbdfb8 : 2 : ittapi_config_apply_per_lib :  ITTAPI function instrumented: __itt_task_begin_fn
1499119 : 0x529731ffbe556 : 2 : ittapi_config_apply_per_lib :  ITTAPI function instrumented: __itt_task_end
1499119 : 0x529731ffbebd1 : 2 : ittapi_config_apply_per_lib :  ITTAPI function not implemented: __itt_counter_inc_v3
1499119 : 0x529731ffbf257 : 2 : ittapi_config_apply_per_lib :  ITTAPI function not implemented: __itt_counter_inc_delta_v3
1499119 : 0x529731ffbf905 : 2 : ittapi_config_apply_per_lib :  ITTAPI function not implemented: __itt_counter_dec_v3
1499119 : 0x529731ffbfee8 : 2 : ittapi_config_apply_per_lib :  ITTAPI function not implemented: __itt_counter_dec_delta_v3
1499119 : 0x529731ffc1424 : 2 : ittapi_config_apply_per_lib :  ITTAPI function not implemented: __itt_marker
1499119 : 0x529731ffc1a3a : 2 : ittapi_config_apply_per_lib :  ITTAPI function instrumented: __itt_metadata_add
1499119 : 0x529731ffc205a : 2 : ittapi_config_apply_per_lib :  ITTAPI function not implemented: __itt_metadata_str_add
1499119 : 0x529731ffc2648 : 2 : ittapi_config_apply_per_lib :  ITTAPI function not implemented: __itt_relation_add_to_current
1499119 : 0x529731ffc2cc1 : 2 : ittapi_config_apply_per_lib :  ITTAPI function not implemented: __itt_relation_add
1499119 : 0x529731ffc3266 : 2 : ittapi_config_apply_per_lib :  ITTAPI function instrumented: __itt_event_create
1499119 : 0x529731ffc3874 : 2 : ittapi_config_apply_per_lib :  ITTAPI function instrumented: __itt_event_start
1499119 : 0x529731ffc3dda : 2 : ittapi_config_apply_per_lib :  ITTAPI function instrumented: __itt_event_end
1499119 : 0x529731ffc4280 : 2 : ittapi_config_apply_per_lib :  ITTAPI function NOT instrumented (not matched by --itt-config option): __itt_sync_set_name

1499119 : 0x529731ffc474b : 2 : ittapi_config_apply_per_lib :  ITTAPI function NOT instrumented (not matched by --itt-config option): __itt_notify_sync_name

1499119 : 0x529731ffc6644 : 2 : ittapi_config_apply_per_lib :  ITTAPI function NOT instrumented (not matched by --itt-config option): __itt_notify_sync_prepare

1499119 : 0x529731ffc6bd4 : 2 : ittapi_config_apply_per_lib :  ITTAPI function NOT instrumented (not matched by --itt-config option): __itt_notify_sync_cancel

1499119 : 0x529731ffc7063 : 2 : ittapi_config_apply_per_lib :  ITTAPI function NOT instrumented (not matched by --itt-config option): __itt_notify_sync_acquired

1499119 : 0x529731ffc755a : 2 : ittapi_config_apply_per_lib :  ITTAPI function NOT instrumented (not matched by --itt-config option): __itt_notify_sync_releasing

1499119 : 0x529731ffc7be3 : 2 : ittapi_config_apply_per_lib :  ITTAPI function not implemented: __itt_memory_read
1499119 : 0x529731ffc8267 : 2 : ittapi_config_apply_per_lib :  ITTAPI function not implemented: __itt_memory_write
1499119 : 0x529731ffc88d8 : 2 : ittapi_config_apply_per_lib :  ITTAPI function not implemented: __itt_memory_update
1499119 : 0x529731ffc8f07 : 2 : ittapi_config_apply_per_lib :  ITTAPI function not implemented: __itt_state_get
1499119 : 0x529731ffc94d0 : 2 : ittapi_config_apply_per_lib :  ITTAPI function not implemented: __itt_state_set
1499119 : 0x529731ffc9bc4 : 2 : ittapi_config_apply_per_lib :  ITTAPI function not implemented: __itt_obj_mode_set
1499119 : 0x529731ffcb156 : 2 : ittapi_config_apply_per_lib :  ITTAPI function not implemented: __itt_thr_mode_set
1499119 : 0x529731ffcb748 : 2 : ittapi_config_apply_per_lib :  ITTAPI function instrumented: __itt_frame_create
1499119 : 0x529731ffcbccb : 2 : ittapi_config_apply_per_lib :  ITTAPI function instrumented: __itt_pt_region_create
1499119 : 0x529731ffcc34e : 2 : ittapi_config_apply_per_lib :  ITTAPI function instrumented: __itt_frame_begin
1499119 : 0x529731ffcc8c3 : 2 : ittapi_config_apply_per_lib :  ITTAPI function instrumented: __itt_frame_end
1499119 : 0x529731ffccf94 : 2 : ittapi_config_apply_per_lib :  ITTAPI function not implemented: __itt_counter_destroy
1499119 : 0x529731ffcd52c : 2 : ittapi_config_apply_per_lib :  ITTAPI function instrumented: __itt_counter_inc
1499119 : 0x529731ffcdaf8 : 2 : ittapi_config_apply_per_lib :  ITTAPI function instrumented: __itt_counter_inc_delta
1499119 : 0x529731ffce074 : 2 : ittapi_config_apply_per_lib :  ITTAPI function instrumented: __itt_counter_dec
1499119 : 0x529731ffce6d6 : 2 : ittapi_config_apply_per_lib :  ITTAPI function instrumented: __itt_counter_dec_delta
1499119 : 0x529731ffcfab8 : 2 : ittapi_config_apply_per_lib :  ITTAPI function instrumented: __itt_counter_set_value
1499119 : 0x529731ffd018c : 2 : ittapi_config_apply_per_lib :  ITTAPI function not implemented: __itt_counter_set_value_ex
1499119 : 0x529731ffd07a2 : 2 : ittapi_config_apply_per_lib :  ITTAPI function not implemented: __itt_mark_create
1499119 : 0x529731ffd0d9e : 2 : ittapi_config_apply_per_lib :  ITTAPI function not implemented: __itt_mark
1499119 : 0x529731ffd137b : 2 : ittapi_config_apply_per_lib :  ITTAPI function not implemented: __itt_mark_off
1499119 : 0x529731ffd19de : 2 : ittapi_config_apply_per_lib :  ITTAPI function not implemented: __itt_mark_global
1499119 : 0x529731ffd1f95 : 2 : ittapi_config_apply_per_lib :  ITTAPI function not implemented: __itt_mark_global_off
1499119 : 0x529731ffd2637 : 2 : ittapi_config_apply_per_lib :  ITTAPI function instrumented: __itt_stack_caller_create
1499119 : 0x529731ffd2be6 : 2 : ittapi_config_apply_per_lib :  ITTAPI function instrumented: __itt_stack_caller_destroy
1499119 : 0x529731ffd315c : 2 : ittapi_config_apply_per_lib :  ITTAPI function instrumented: __itt_stack_callee_enter
1499119 : 0x529731ffd5107 : 2 : ittapi_config_apply_per_lib :  ITTAPI function instrumented: __itt_stack_callee_leave
1499119 : 0x529731ffd576f : 2 : ittapi_config_apply_per_lib :  ITTAPI function not implemented: __itt_clock_domain_create
1499119 : 0x529731ffd5d99 : 2 : ittapi_config_apply_per_lib :  ITTAPI function not implemented: __itt_clock_domain_reset
1499119 : 0x529731ffd6455 : 2 : ittapi_config_apply_per_lib :  ITTAPI function not implemented: __itt_id_create_ex
1499119 : 0x529731ffd6a54 : 2 : ittapi_config_apply_per_lib :  ITTAPI function not implemented: __itt_id_destroy_ex
1499119 : 0x529731ffd707e : 2 : ittapi_config_apply_per_lib :  ITTAPI function not implemented: __itt_task_begin_ex
1499119 : 0x529731ffd7711 : 2 : ittapi_config_apply_per_lib :  ITTAPI function not implemented: __itt_task_begin_fn_ex
1499119 : 0x529731ffd7d2c : 2 : ittapi_config_apply_per_lib :  ITTAPI function not implemented: __itt_task_end_ex
1499119 : 0x529731ffd8326 : 2 : ittapi_config_apply_per_lib :  ITTAPI function instrumented: __itt_task_begin_overlapped
1499119 : 0x529731ffd89c3 : 2 : ittapi_config_apply_per_lib :  ITTAPI function not implemented: __itt_task_begin_overlapped_ex
1499119 : 0x529731ffd9f62 : 2 : ittapi_config_apply_per_lib :  ITTAPI function instrumented: __itt_task_end_overlapped
1499119 : 0x529731ffda6b2 : 2 : ittapi_config_apply_per_lib :  ITTAPI function not implemented: __itt_task_end_overlapped_ex
1499119 : 0x529731ffdacbd : 2 : ittapi_config_apply_per_lib :  ITTAPI function not implemented: __itt_marker_ex
1499119 : 0x529731ffdb52d : 2 : ittapi_config_apply_per_lib :  ITTAPI function not implemented: __itt_metadata_add_with_scope
1499119 : 0x529731ffdbbaa : 2 : ittapi_config_apply_per_lib :  ITTAPI function not implemented: __itt_metadata_str_add_with_scope
1499119 : 0x529731ffdc260 : 2 : ittapi_config_apply_per_lib :  ITTAPI function not implemented: __itt_relation_add_to_current_ex
1499119 : 0x529731ffdc86b : 2 : ittapi_config_apply_per_lib :  ITTAPI function not implemented: __itt_relation_add_ex
1499119 : 0x529731ffdcedd : 2 : ittapi_config_apply_per_lib :  ITTAPI function not implemented: __itt_track_group_create
1499119 : 0x529731ffdd49c : 2 : ittapi_config_apply_per_lib :  ITTAPI function not implemented: __itt_track_create
1499119 : 0x529731ffdda64 : 2 : ittapi_config_apply_per_lib :  ITTAPI function not implemented: __itt_set_track
1499119 : 0x529731ffdef67 : 2 : ittapi_config_apply_per_lib :  ITTAPI function instrumented: __itt_api_version
1499119 : 0x529731ffdf5f7 : 2 : ittapi_config_apply_per_lib :  ITTAPI function not implemented: __itt_av_save
1499119 : 0x529731ffdfb90 : 2 : ittapi_config_apply_per_lib :  ITTAPI function instrumented: __itt_module_load
1499119 : 0x529731ffe019a : 2 : ittapi_config_apply_per_lib :  ITTAPI function not implemented: __itt_module_unload
1499119 : 0x529731ffe066e : 2 : ittapi_config_apply_per_lib :  ITTAPI function NOT instrumented (not matched by --itt-config option): __itt_histogram_submit

1499119 : 0x529731ffe0d28 : 2 : ittapi_config_apply_per_lib :  ITTAPI function instrumented: __itt_counter_set_value_v3