
1501081 : 0x52a56d545ba7c : 1 : spill_jit_data :  Jit agent is not initialized
1500880 : 0x52a56d551bcbd : 2 : ittapi_config_mask_get :  --itt-config mask to be applied: 39
1500880 : 0x52a56d551e5cb : 2 : ittapi_config_apply_per_lib :  ITTAPI function instrumented: __itt_domain_create
1500880 : 0x52a56d551f1f1 : 2 : ittapi_config_apply_per_lib :  ITTAPI function instrumented: __itt_module_load_with_sections
1500880 : 0x52a56d55201a2 : 2 : ittapi_config_apply_per_lib :  ITTAPI function not implemented: __itt_module_unload_with_sections
1500880 : 0x52a56d5520a79 : 2 : ittapi_config_apply_per_lib :  ITTAPI function instrumented: __itt_string_handle_create
1500880 : 0x52a56d552119f : 2 : ittapi_config_apply_per_lib :  ITTAPI function instrumented: __itt_counter_create
1500880 : 0x52a56d552186f : 2 : ittapi_config_apply_per_lib :  ITTAPI function instrumented: __itt_counter_create_typed
1500880 : 0x52a56d5521f43 : 2 : ittapi_config_apply_per_lib :  ITTAPI function instrumented: __itt_pause
1500880 : 0x52a56d5522646 : 2 : ittapi_config_apply_per_lib :  ITTAPI function instrumented: __itt_resume
1500880 : 0x52a56d55294f0 : 2 : ittapi_config_apply_per_lib :  ITTAPI function not implemented: __itt_pause_scoped
1500880 : 0x52a56d5529ff2 : 2 : ittapi_config_apply_per_lib :  ITTAPI function not implemented: __itt_resume_scoped
1500880 : 0x52a56d552a6b0 : 2 : ittapi_config_apply_per_lib :  ITTAPI function instrumented: __itt_thread_set_name
1500880 : 0x52a56d552adaa : 2 : ittapi_config_apply_per_lib :  ITTAPI function instrumented: __itt_thread_ignore
1500880 : 0x52a56d552b479 : 2 : ittapi_config_apply_per_lib :  ITTAPI function instrumented: __itt_thr_name_set
1500880 : 0x52a56d552bb0e : 2 : ittapi_config_apply_per_lib :  ITTAPI function instrumented: __itt_thr_ignore
1500880 : 0x52a56d552c237 : 2 : ittapi_config_apply_per_lib :  ITTAPI function instrumented: __itt_histogram_create
1500880 : 0x52a56d552c87a : 2 : ittapi_config_apply_per_lib :  ITTAPI function instrumented: __itt_counter_create_v3
1500880 : 0x52a56d552d00b : 2 : ittapi_config_apply_per_lib :  ITTAPI function instrumented: __itt_bind_context_metadata_to_counter
1500880 : 0x52a56d552d763 : 2 : ittapi_config_apply_per_lib :  ITTAPI function not implemented: __itt_enable_attach
1500880 : 0x52a56d552f481 : 2 : ittapi_config_apply_per_lib :  ITTAPI function instrumented: __itt_detach
1500880 : 0x52a56d552faee : 2 : ittapi_config_apply_per_lib :  ITTAPI function NOT instrumented (not matched by --itt-config option): __itt_sync_create

1500880 : 0x52a56d55300ca : 2 : ittapi_config_apply_per_lib :  ITTAPI function NOT instrumented (not matched by --itt-config option): __itt_sync_rename

1500880 : 0x52a56d55305dc : 2 : ittapi_config_apply_per_lib :  ITTAPI function NOT instrumented (not matched by --itt-config option): __itt_sync_destroy

1500880 : 0x52a56d5530afc : 2 : ittapi_config_apply_per_lib :  ITTAPI function NOT instrumented (not matched by --itt-config option): __itt_sync_prepare

1500880 : 0x52a56d5531033 : 2 : ittapi_config_apply_per_lib :  ITTAPI function NOT instrumented (not matched by --itt-config option): __itt_sync_cancel

1500880 : 0x52a56d5531567 : 2 : ittapi_config_apply_per_lib :  ITTAPI function NOT instrumented (not matched by --itt-config option): __itt_sync_acquired

1500880 : 0x52a56d5531a93 : 2 : ittapi_config_apply_per_lib :  ITTAPI function NOT instrumented (not matched by --itt-config option): __itt_sync_releasing

1500880 : 0x52a56d55321ea : 2 : ittapi_config_apply_per_lib :  ITTAPI function not implemented: __itt_suppress_push
1500880 : 0x52a56d55329e7 : 2 : ittapi_config_apply_per_lib :  ITTAPI function not implemented: __itt_suppress_pop
1500880 : 0x52a56d5537de4 : 2 : ittapi_config_apply_per_lib :  ITTAPI function not implemented: __itt_suppress_mark_range
1500880 : 0x52a56d55385f5 : 2 : ittapi_config_apply_per_lib :  ITTAPI function not implemented: __itt_suppress_clear_range
1500880 : 0x52a56d5538b13 : 2 : ittapi_config_apply_per_lib :  ITTAPI function NOT instrumented (not matched by --itt-config option): __itt_sync_prepare

1500880 : 0x52a56d553902e : 2 : ittapi_config_apply_per_lib :  ITTAPI function NOT instrumented (not matched by --itt-config option): __itt_sync_cancel

1500880 : 0x52a56d553952e : 2 : ittapi_config_apply_per_lib :  ITTAPI function NOT instrumented (not matched by --itt-config option): __itt_sync_acquired

1500880 : 0x52a56d5539a16 : 2 : ittapi_config_apply_per_lib :  ITTAPI function NOT instrumented (not matched by --itt-config option): __itt_sync_releasing

1500880 : 0x52a56d5539f4f : 2 : ittapi_config_apply_per_lib :  ITTAPI function NOT instrumented (not matched by --itt-config option): __itt_model_site_begin

1500880 : 0x52a56d553a470 : 2 : ittapi_config_apply_per_lib :  ITTAPI function NOT instrumented (not matched by --itt-config option): __itt_model_site_end

1500880 : 0x52a56d553a994 : 2 : ittapi_config_apply_per_lib :  ITTAPI function NOT instrumented (not matched by --itt-config option): __itt_model_task_begin

1500880 : 0x52a56d553ae9c : 2 : ittapi_config_apply_per_lib :  ITTAPI function NOT instrumented (not matched by --itt-config option): __itt_model_task_end

1500880 : 0x52a56d554109c : 2 : ittapi_config_apply_per_lib :  ITTAPI function NOT instrumented (not matched by --itt-config option): __itt_model_lock_acquire

1500880 : 0x52a56d554163c : 2 : ittapi_config_apply_per_lib :  ITTAPI function NOT instrumented (not matched by --itt-config option): __itt_model_lock_release

1500880 : 0x52a56d5541ae2 : 2 : ittapi_config_apply_per_lib :  ITTAPI function NOT instrumented (not matched by --itt-config option): __itt_model_record_allocation

1500880 : 0x52a56d5541fed : 2 : ittapi_config_apply_per_lib :  ITTAPI function NOT instrumented (not matched by --itt-config option): __itt_model_record_deallocation

1500880 : 0x52a56d554250f : 2 : ittapi_config_apply_per_lib :  ITTAPI function NOT instrumented (not matched by --itt-config option): __itt_model_induction_uses

1500880 : 0x52a56d5546b09 : 2 : ittapi_config_apply_per_lib :  ITTAPI function NOT instrumented (not matched by --itt-config option): __itt_model_reduction_uses

1500880 : 0x52a56d5546f51 : 2 : ittapi_config_apply_per_lib :  ITTAPI function NOT instrumented (not matched by --itt-config option): __itt_model_observe_uses

1500880 : 0x52a56d55473a2 : 2 : ittapi_config_apply_per_lib :  ITTAPI function NOT instrumented (not matched by --itt-config option): __itt_model_clear_uses

1500880 : 0x52a56d55477e8 : 2 : ittapi_config_apply_per_lib :  ITTAPI function NOT instrumented (not matched by --itt-config option): __itt_model_site_beginA

1500880 : 0x52a56d5547c3a : 2 : ittapi_config_apply_per_lib :  ITTAPI function NOT instrumented (not matched by --itt-config option): __itt_model_site_beginAL

1500880 : 0x52a56d5548ede : 2 : ittapi_config_apply_per_lib :  ITTAPI function NOT instrumented (not matched by --itt-config option): __itt_model_task_beginA

1500880 : 0x52a56d55493b2 : 2 : ittapi_config_apply_per_lib :  ITTAPI function NOT instrumented (not matched by --itt-config option): __itt_model_task_beginAL

1500880 : 0x52a56d554983d : 2 : ittapi_config_apply_per_lib :  ITTAPI function NOT instrumented (not matched by --itt-config option): __itt_model_iteration_taskA

1500880 : 0x52a56d5549c91 : 2 : ittapi_config_apply_per_lib :  ITTAPI function NOT instrumented (not matched by --itt-config option): __itt_model_iteration_taskAL

1500880 : 0x52a56d554a148 : 2 : ittapi_config_apply_per_lib :  ITTAPI function NOT instrumented (not matched by --itt-config option): __itt_model_site_end_2

1500880 : 0x52a56d554a5a3 : 2 : ittapi_config_apply_per_lib :  ITTAPI function NOT instrumented (not matched by --itt-config option): __itt_model_task_end_2

1500880 : 0x52a56d554aa4d : 2 : ittapi_config_apply_per_lib :  ITTAPI function NOT instrumented (not matched by --itt-config option): __itt_model_lock_acquire_2

1500880 : 0x52a56d554ae96 : 2 : ittapi_config_apply_per_lib :  ITTAPI function NOT instrumented (not matched by --itt-config option): __itt_model_lock_release_2

1500880 : 0x52a56d554b30c : 2 : ittapi_config_apply_per_lib :  ITTAPI function NOT instrumented (not matched by --itt-config option): __itt_model_aggregate_task

1500880 : 0x52a56d554b750 : 2 : ittapi_config_apply_per_lib :  ITTAPI function NOT instrumented (not matched by --itt-config option): __itt_model_disable_push

1500880 : 0x52a56d554d31b : 2 : ittapi_config_apply_per_lib :  ITTAPI function NOT instrumented (not matched by --itt-config option): __itt_model_disable_pop

1500880 : 0x52a56d554d9da : 2 : ittapi_config_apply_per_lib :  ITTAPI function instrumented: __itt_heap_function_create
1500880 : 0x52a56d554df72 : 2 : ittapi_config_apply_per_lib :  ITTAPI function instrumented: __itt_heap_allocate_begin
1500880 : 0x52a56d554e4a3 : 2 : ittapi_config_apply_per_lib :  ITTAPI function instrumented: __itt_heap_allocate_end
1500880 : 0x52a56d554ea6e : 2 : ittapi_config_apply_per_lib :  ITTAPI function instrumented: __itt_heap_free_begin
1500880 : 0x52a56d554efbf : 2 : ittapi_config_apply_per_lib :  ITTAPI function instrumented: __itt_heap_free_end
1500880 : 0x52a56d554f512 : 2 : ittapi_config_apply_per_lib :  ITTAPI function instrumented: __itt_heap_reallocate_begin
1500880 : 0x52a56d554fa75 : 2 : ittapi_config_apply_per_lib :  ITTAPI function instrumented: __itt_heap_reallocate_end
1500880 : 0x52a56d555017c : 2 : ittapi_config_apply_per_lib :  ITTAPI function not implemented: __itt_heap_internal_access_begin
1500880 : 0x52a56d5550814 : 2 : ittapi_config_apply_per_lib :  ITTAPI function not implemented: __itt_heap_internal_access_end
1500880 : 0x52a56d5551e11 : 2 : ittapi_config_apply_per_lib :  ITTAPI function not implemented: __itt_heap_record_memory_growth_begin
1500880 : 0x52a56d555247c : 2 : ittapi_config_apply_per_lib :  ITTAPI function not implemented: __itt_heap_record_memory_growth_end
1500880 : 0x52a56d5552a4a : 2 : ittapi_config_apply_per_lib :  ITTAPI function not implemented: __itt_heap_reset_detection
1500880 : 0x52a56d555305f : 2 : ittapi_config_apply_per_lib :  ITTAPI function not implemented: __itt_heap_record
1500880 : 0x52a56d555365a : 2 : ittapi_config_apply_per_lib :  ITTAPI function not implemented: __itt_id_create
1500880 : 0x52a56d5553c25 : 2 : ittapi_config_apply_per_lib :  ITTAPI function not implemented: __itt_id_destroy
1500880 : 0x52a56d55541cd : 2 : ittapi_config_apply_per_lib :  ITTAPI function instrumented: __itt_get_timestamp
1500880 : 0x52a56d5554784 : 2 : ittapi_config_apply_per_lib :  ITTAPI function not implemented: __itt_region_begin
1500880 : 0x52a56d5554da8 : 2 : ittapi_config_apply_per_lib :  ITTAPI function not implemented: __itt_region_end
1500880 : 0x52a56d555539d : 2 : ittapi_config_apply_per_lib :  ITTAPI function instrumented: __itt_frame_begin_v3
1500880 : 0x52a56d555691c : 2 : ittapi_config_apply_per_lib :  ITTAPI function instrumented: __itt_frame_end_v3
1500880 : 0x52a56d5556ed9 : 2 : ittapi_config_apply_per_lib :  ITTAPI function instrumented: __itt_frame_submit_v3
1500880 : 0x52a56d5557505 : 2 : ittapi_config_apply_per_lib :  ITTAPI function not implemented: __itt_task_group
1500880 : 0x52a56d5557aac : 2 : ittapi_config_apply_per_lib :  ITTAPI function instrumented: __itt_task_begin
1500880 : 0x52a56d5557ff6 : 2 : ittapi_config_apply_per_lib :  ITTAPI function instrumented: __itt_task_begin_fn
1500880 : 0x52a56d555853d : 2 : ittapi_config_apply_per_lib :  ITTAPI function instrumented: __itt_task_end
1500880 : 0x52a56d5558b4e : 2 : ittapi_config_apply_per_lib :  ITTAPI function not implemented: __itt_counter_inc_v3
1500880 : 0x52a56d5559166 : 2 : ittapi_config_apply_per_lib :  ITTAPI function not implemented: __itt_counter_inc_delta_v3
1500880 : 0x52a56d555972d : 2 : ittapi_config_apply_per_lib :  ITTAPI function not implemented: __itt_counter_dec_v3
1500880 : 0x52a56d555b3c3 : 2 : ittapi_config_apply_per_lib :  ITTAPI function not implemented: __itt_counter_dec_delta_v3
1500880 : 0x52a56d555cc71 : 2 : ittapi_config_apply_per_lib :  ITTAPI function not implemented: __itt_marker
1500880 : 0x52a56d555d2e4 : 2 : ittapi_config_apply_per_lib :  ITTAPI function instrumented: __itt_metadata_add
1500880 : 0x52a56d555d8ff : 2 : ittapi_config_apply_per_lib :  ITTAPI function not implemented: __itt_metadata_str_add
1500880 : 0x52a56d555dec6 : 2 : ittapi_config_apply_per_lib :  ITTAPI function not implemented: __itt_relation_add_to_current
1500880 : 0x52a56d555e497 : 2 : ittapi_config_apply_per_lib :  ITTAPI function not implemented: __itt_relation_add
1500880 : 0x52a56d555ea39 : 2 : ittapi_config_apply_per_lib :  ITTAPI function instrumented: __itt_event_create
1500880 : 0x52a56d555effc : 2 : ittapi_config_apply_per_lib :  ITTAPI function instrumented: __itt_event_start
1500880 : 0x52a56d555f57b : 2 : ittapi_config_apply_per_lib :  ITTAPI function instrumented: __itt_event_end
1500880 : 0x52a56d555fa45 : 2 : ittapi_config_apply_per_lib :  ITTAPI function NOT instrumented (not matched by --itt-config option): __itt_sync_set_name

1500880 : 0x52a56d555ff12 : 2 : ittapi_config_apply_per_lib :  ITTAPI function NOT instrumented (not matched by --itt-config option): __itt_notify_sync_name

1500880 : 0x52a56d5561d73 : 2 : ittapi_config_apply_per_lib :  ITTAPI function NOT instrumented (not matched by --itt-config option): __itt_notify_sync_prepare

1500880 : 0x52a56d55623b0 : 2 : ittapi_config_apply_per_lib :  ITTAPI function NOT instrumented (not matched by --itt-config option): __itt_notify_sync_cancel

1500880 : 0x52a56d55628ce : 2 : ittapi_config_apply_per_lib :  ITTAPI function NOT instrumented (not matched by --itt-config option): __itt_notify_sync_acquired

1500880 : 0x52a56d5562d5d : 2 : ittapi_config_apply_per_lib :  ITTAPI function NOT instrumented (not matched by --itt-config option): __itt_notify_sync_releasing

1500880 : 0x52a56d55633c9 : 2 : ittapi_config_apply_per_lib :  ITTAPI function not implemented: __itt_memory_read
1500880 : 0x52a56d5563a0f : 2 : ittapi_config_apply_per_lib :  ITTAPI function not implemented: __itt_memory_write
1500880 : 0x52a56d5564077 : 2 : ittapi_config_apply_per_lib :  ITTAPI function not implemented: __itt_memory_update
1500880 : 0x52a56d556465d : 2 : ittapi_config_apply_per_lib :  ITTAPI function not implemented: __itt_state_get
1500880 : 0x52a56d5564c2f : 2 : ittapi_config_apply_per_lib :  ITTAPI function not implemented: __itt_state_set
1500880 : 0x52a56d556525f : 2 : ittapi_config_apply_per_lib :  ITTAPI function not implemented: __itt_obj_mode_set
1500880 : 0x52a56d55666df : 2 : ittapi_config_apply_per_lib :  ITTAPI function not implemented: __itt_thr_mode_set
1500880 : 0x52a56d5566cea : 2 : ittapi_config_apply_per_lib :  ITTAPI function instrumented: __itt_frame_create
1500880 : 0x52a56d5567254 : 2 : ittapi_config_apply_per_lib :  ITTAPI function instrumented: __itt_pt_region_create
1500880 : 0x52a56d5567839 : 2 : ittapi_config_apply_per_lib :  ITTAPI function instrumented: __itt_frame_begin
1500880 : 0x52a56d5567ddc : 2 : ittapi_config_apply_per_lib :  ITTAPI function instrumented: __itt_frame_end
1500880 : 0x52a56d556843f : 2 : ittapi_config_apply_per_lib :  ITTAPI function not implemented: __itt_counter_destroy
1500880 : 0x52a56d5568a07 : 2 : ittapi_config_apply_per_lib :  ITTAPI function instrumented: __itt_counter_inc
1500880 : 0x52a56d5568f8e : 2 : ittapi_config_apply_per_lib :  ITTAPI function instrumented: __itt_counter_inc_delta
1500880 : 0x52a56d5569551 : 2 : ittapi_config_apply_per_lib :  ITTAPI function instrumented: __itt_counter_dec
1500880 : 0x52a56d5569b17 : 2 : ittapi_config_apply_per_lib :  ITTAPI function instrumented: __itt_counter_dec_delta
1500880 : 0x52a56d556ad74 : 2 : ittapi_config_apply_per_lib :  ITTAPI function instrumented: __itt_counter_set_value
1500880 : 0x52a56d556b3c5 : 2 : ittapi_config_apply_per_lib :  ITTAPI function not implemented: __itt_counter_set_value_ex
1500880 : 0x52a56d556b982 : 2 : ittapi_config_apply_per_lib :  ITTAPI function not implemented: __itt_mark_create
1500880 : 0x52a56d556bf95 : 2 : ittapi_config_apply_per_lib :  ITTAPI function not implemented: __itt_mark
1500880 : 0x52a56d556c548 : 2 : ittapi_config_apply_per_lib :  ITTAPI function not implemented: __itt_mark_off
1500880 : 0x52a56d556cb06 : 2 : ittapi_config_apply_per_lib :  ITTAPI function not implemented: __itt_mark_global
1500880 : 0x52a56d556d0f6 : 2 : ittapi_config_apply_per_lib :  ITTAPI function not implemented: __itt_mark_global_off
1500880 : 0x52a56d556d5ce : 2 : ittapi_config_apply_per_lib :  ITTAPI function NOT instrumented (not matched by --itt-config option): __itt_stack_caller_create

1500880 : 0x52a56d556da4e : 2 : ittapi_config_apply_per_lib :  ITTAPI function NOT instrumented (not matched by --itt-config option): __itt_stack_caller_destroy

1500880 : 0x52a56d556df31 : 2 : ittapi_config_apply_per_lib :  ITTAPI function NOT instrumented (not matched by --itt-config option): __itt_stack_callee_enter

1500880 : 0x52a56d556f9b6 : 2 : ittapi_config_apply_per_lib :  ITTAPI function NOT instrumented (not matched by --itt-config option): __itt_stack_callee_leave

1500880 : 0x52a56d55700f0 : 2 : ittapi_config_apply_per_lib :  ITTAPI function not implemented: __itt_clock_domain_create
1500880 : 0x52a56d55706de : 2 : ittapi_config_apply_per_lib :  ITTAPI function not implemented: __itt_clock_domain_reset
1500880 : 0x52a56d5570cc4 : 2 : ittapi_config_apply_per_lib :  ITTAPI function not implemented: __itt_id_create_ex
1500880 : 0x52a56d557129e : 2 : ittapi_config_apply_per_lib :  ITTAPI function not implemented: __itt_id_destroy_ex
1500880 : 0x52a56d5571863 : 2 : ittapi_config_apply_per_lib :  ITTAPI function not implemented: __itt_task_begin_ex
1500880 : 0x52a56d5571e49 : 2 : ittapi_config_apply_per_lib :  ITTAPI function not implemented: __itt_task_begin_fn_ex
1500880 : 0x52a56d557243a : 2 : ittapi_config_apply_per_lib :  ITTAPI function not implemented: __itt_task_end_ex
1500880 : 0x52a56d55729d5 : 2 : ittapi_config_apply_per_lib :  ITTAPI function instrumented: __itt_task_begin_overlapped
1500880 : 0x52a56d5572fec : 2 : ittapi_config_apply_per_lib :  ITTAPI function not implemented: __itt_task_begin_overlapped_ex
1500880 : 0x52a56d557437a : 2 : ittapi_config_apply_per_lib :  ITTAPI function instrumented: __itt_task_end_overlapped
1500880 : 0x52a56d5574a10 : 2 : ittapi_config_apply_per_lib :  ITTAPI function not implemented: __itt_task_end_overlapped_ex
1500880 : 0x52a56d5574fe3 : 2 : ittapi_config_apply_per_lib :  ITTAPI function not implemented: __itt_marker_ex
1500880 : 0x52a56d5575635 : 2 : ittapi_config_apply_per_lib :  ITTAPI function not implemented: __itt_metadata_add_with_scope
1500880 : 0x52a56d5575c9f : 2 : ittapi_config_apply_per_lib :  ITTAPI function not implemented: __itt_metadata_str_add_with_scope
1500880 : 0x52a56d557628c : 2 : ittapi_config_apply_per_lib :  ITTAPI function not implemented: __itt_relation_add_to_current_ex
1500880 : 0x52a56d5576852 : 2 : ittapi_config_apply_per_lib :  ITTAPI function not implemented: __itt_relation_add_ex
1500880 : 0x52a56d5576e6c : 2 : ittapi_config_apply_per_lib :  ITTAPI function not implemented: __itt_track_group_create
1500880 : 0x52a56d55773c7 : 2 : ittapi_config_apply_per_lib :  ITTAPI function not implemented: __itt_track_create
1500880 : 0x52a56d55779b7 : 2 : ittapi_config_apply_per_lib :  ITTAPI function not implemented: __itt_set_track
1500880 : 0x52a56d5578c50 : 2 : ittapi_config_apply_per_lib :  ITTAPI function instrumented: __itt_api_version
1500880 : 0x52a56d55792db : 2 : ittapi_config_apply_per_lib :  ITTAPI function not implemented: __itt_av_save
1500880 : 0x52a56d557989c : 2 : ittapi_config_apply_per_lib :  ITTAPI function instrumented: __itt_module_load
1500880 : 0x52a56d5579ea2 : 2 : ittapi_config_apply_per_lib :  ITTAPI function not implemented: __itt_module_unload
1500880 : 0x52a56d557a355 : 2 : ittapi_config_apply_per_lib :  ITTAPI function NOT instrumented (not matched by --itt-config option): __itt_histogram_submit

1500880 : 0x52a56d557a906 : 2 : ittapi_config_apply_per_lib :  ITTAPI function instrumented: __itt_counter_set_value_v3