
965023 : 0x30c919b5baf5e : 1 : spill_jit_data :  Jit agent is not initialized
964926 : 0x30c919b678b24 : 2 : ittapi_config_mask_get :  --itt-config mask to be applied: 55
964926 : 0x30c919b67b069 : 2 : ittapi_config_apply_per_lib :  ITTAPI function instrumented: __itt_domain_create
964926 : 0x30c919b67bb02 : 2 : ittapi_config_apply_per_lib :  ITTAPI function instrumented: __itt_module_load_with_sections
964926 : 0x30c919b67c976 : 2 : ittapi_config_apply_per_lib :  ITTAPI function not implemented: __itt_module_unload_with_sections
964926 : 0x30c919b67d206 : 2 : ittapi_config_apply_per_lib :  ITTAPI function instrumented: __itt_string_handle_create
964926 : 0x30c919b67d87b : 2 : ittapi_config_apply_per_lib :  ITTAPI function instrumented: __itt_counter_create
964926 : 0x30c919b67debc : 2 : ittapi_config_apply_per_lib :  ITTAPI function instrumented: __itt_counter_create_typed
964926 : 0x30c919b67e513 : 2 : ittapi_config_apply_per_lib :  ITTAPI function instrumented: __itt_pause
964926 : 0x30c919b67ec1d : 2 : ittapi_config_apply_per_lib :  ITTAPI function instrumented: __itt_resume
964926 : 0x30c919b685896 : 2 : ittapi_config_apply_per_lib :  ITTAPI function not implemented: __itt_pause_scoped
964926 : 0x30c919b6863f7 : 2 : ittapi_config_apply_per_lib :  ITTAPI function not implemented: __itt_resume_scoped
964926 : 0x30c919b686ab3 : 2 : ittapi_config_apply_per_lib :  ITTAPI function instrumented: __itt_thread_set_name
964926 : 0x30c919b687169 : 2 : ittapi_config_apply_per_lib :  ITTAPI function instrumented: __itt_thread_ignore
964926 : 0x30c919b6877d1 : 2 : ittapi_config_apply_per_lib :  ITTAPI function instrumented: __itt_thr_name_set
964926 : 0x30c919b687e55 : 2 : ittapi_config_apply_per_lib :  ITTAPI function instrumented: __itt_thr_ignore
964926 : 0x30c919b6884c6 : 2 : ittapi_config_apply_per_lib :  ITTAPI function instrumented: __itt_histogram_create
964926 : 0x30c919b688aac : 2 : ittapi_config_apply_per_lib :  ITTAPI function instrumented: __itt_counter_create_v3
964926 : 0x30c919b689121 : 2 : ittapi_config_apply_per_lib :  ITTAPI function instrumented: __itt_bind_context_metadata_to_counter
964926 : 0x30c919b6898a6 : 2 : ittapi_config_apply_per_lib :  ITTAPI function not implemented: __itt_enable_attach
964926 : 0x30c919b68b53d : 2 : ittapi_config_apply_per_lib :  ITTAPI function instrumented: __itt_detach
964926 : 0x30c919b68bace : 2 : ittapi_config_apply_per_lib :  ITTAPI function NOT instrumented (not matched by --itt-config option): __itt_sync_create

964926 : 0x30c919b68c054 : 2 : ittapi_config_apply_per_lib :  ITTAPI function NOT instrumented (not matched by --itt-config option): __itt_sync_rename

964926 : 0x30c919b68c5c0 : 2 : ittapi_config_apply_per_lib :  ITTAPI function NOT instrumented (not matched by --itt-config option): __itt_sync_destroy

964926 : 0x30c919b68caa5 : 2 : ittapi_config_apply_per_lib :  ITTAPI function NOT instrumented (not matched by --itt-config option): __itt_sync_prepare

964926 : 0x30c919b68cf95 : 2 : ittapi_config_apply_per_lib :  ITTAPI function NOT instrumented (not matched by --itt-config option): __itt_sync_cancel

964926 : 0x30c919b68d4f1 : 2 : ittapi_config_apply_per_lib :  ITTAPI function NOT instrumented (not matched by --itt-config option): __itt_sync_acquired

964926 : 0x30c919b68d9fb : 2 : ittapi_config_apply_per_lib :  ITTAPI function NOT instrumented (not matched by --itt-config option): __itt_sync_releasing

964926 : 0x30c919b68e0db : 2 : ittapi_config_apply_per_lib :  ITTAPI function not implemented: __itt_suppress_push
964926 : 0x30c919b68ea9a : 2 : ittapi_config_apply_per_lib :  ITTAPI function not implemented: __itt_suppress_pop
964926 : 0x30c919b690069 : 2 : ittapi_config_apply_per_lib :  ITTAPI function not implemented: __itt_suppress_mark_range
964926 : 0x30c919b6909c8 : 2 : ittapi_config_apply_per_lib :  ITTAPI function not implemented: __itt_suppress_clear_range
964926 : 0x30c919b690edd : 2 : ittapi_config_apply_per_lib :  ITTAPI function NOT instrumented (not matched by --itt-config option): __itt_sync_prepare

964926 : 0x30c919b6913c9 : 2 : ittapi_config_apply_per_lib :  ITTAPI function NOT instrumented (not matched by --itt-config option): __itt_sync_cancel

964926 : 0x30c919b6918cb : 2 : ittapi_config_apply_per_lib :  ITTAPI function NOT instrumented (not matched by --itt-config option): __itt_sync_acquired

964926 : 0x30c919b691dbd : 2 : ittapi_config_apply_per_lib :  ITTAPI function NOT instrumented (not matched by --itt-config option): __itt_sync_releasing

964926 : 0x30c919b692355 : 2 : ittapi_config_apply_per_lib :  ITTAPI function NOT instrumented (not matched by --itt-config option): __itt_model_site_begin

964926 : 0x30c919b692922 : 2 : ittapi_config_apply_per_lib :  ITTAPI function NOT instrumented (not matched by --itt-config option): __itt_model_site_end

964926 : 0x30c919b692e98 : 2 : ittapi_config_apply_per_lib :  ITTAPI function NOT instrumented (not matched by --itt-config option): __itt_model_task_begin

964926 : 0x30c919b69341e : 2 : ittapi_config_apply_per_lib :  ITTAPI function NOT instrumented (not matched by --itt-config option): __itt_model_task_end

964926 : 0x30c919b69548e : 2 : ittapi_config_apply_per_lib :  ITTAPI function NOT instrumented (not matched by --itt-config option): __itt_model_lock_acquire

964926 : 0x30c919b6959f1 : 2 : ittapi_config_apply_per_lib :  ITTAPI function NOT instrumented (not matched by --itt-config option): __itt_model_lock_release

964926 : 0x30c919b695f2a : 2 : ittapi_config_apply_per_lib :  ITTAPI function NOT instrumented (not matched by --itt-config option): __itt_model_record_allocation

964926 : 0x30c919b696458 : 2 : ittapi_config_apply_per_lib :  ITTAPI function NOT instrumented (not matched by --itt-config option): __itt_model_record_deallocation

964926 : 0x30c919b696959 : 2 : ittapi_config_apply_per_lib :  ITTAPI function NOT instrumented (not matched by --itt-config option): __itt_model_induction_uses

964926 : 0x30c919b696e92 : 2 : ittapi_config_apply_per_lib :  ITTAPI function NOT instrumented (not matched by --itt-config option): __itt_model_reduction_uses

964926 : 0x30c919b69736b : 2 : ittapi_config_apply_per_lib :  ITTAPI function NOT instrumented (not matched by --itt-config option): __itt_model_observe_uses

964926 : 0x30c919b69782f : 2 : ittapi_config_apply_per_lib :  ITTAPI function NOT instrumented (not matched by --itt-config option): __itt_model_clear_uses

964926 : 0x30c919b697d42 : 2 : ittapi_config_apply_per_lib :  ITTAPI function NOT instrumented (not matched by --itt-config option): __itt_model_site_beginA

964926 : 0x30c919b698217 : 2 : ittapi_config_apply_per_lib :  ITTAPI function NOT instrumented (not matched by --itt-config option): __itt_model_site_beginAL

964926 : 0x30c919b6995da : 2 : ittapi_config_apply_per_lib :  ITTAPI function NOT instrumented (not matched by --itt-config option): __itt_model_task_beginA

964926 : 0x30c919b699b05 : 2 : ittapi_config_apply_per_lib :  ITTAPI function NOT instrumented (not matched by --itt-config option): __itt_model_task_beginAL

964926 : 0x30c919b699ff2 : 2 : ittapi_config_apply_per_lib :  ITTAPI function NOT instrumented (not matched by --itt-config option): __itt_model_iteration_taskA

964926 : 0x30c919b69a53a : 2 : ittapi_config_apply_per_lib :  ITTAPI function NOT instrumented (not matched by --itt-config option): __itt_model_iteration_taskAL

964926 : 0x30c919b69aa34 : 2 : ittapi_config_apply_per_lib :  ITTAPI function NOT instrumented (not matched by --itt-config option): __itt_model_site_end_2

964926 : 0x30c919b69afb3 : 2 : ittapi_config_apply_per_lib :  ITTAPI function NOT instrumented (not matched by --itt-config option): __itt_model_task_end_2

964926 : 0x30c919b69b462 : 2 : ittapi_config_apply_per_lib :  ITTAPI function NOT instrumented (not matched by --itt-config option): __itt_model_lock_acquire_2

964926 : 0x30c919b69b957 : 2 : ittapi_config_apply_per_lib :  ITTAPI function NOT instrumented (not matched by --itt-config option): __itt_model_lock_release_2

964926 : 0x30c919b69bea5 : 2 : ittapi_config_apply_per_lib :  ITTAPI function NOT instrumented (not matched by --itt-config option): __itt_model_aggregate_task

964926 : 0x30c919b69c33d : 2 : ittapi_config_apply_per_lib :  ITTAPI function NOT instrumented (not matched by --itt-config option): __itt_model_disable_push

964926 : 0x30c919b69df0d : 2 : ittapi_config_apply_per_lib :  ITTAPI function NOT instrumented (not matched by --itt-config option): __itt_model_disable_pop

964926 : 0x30c919b69e5dc : 2 : ittapi_config_apply_per_lib :  ITTAPI function instrumented: __itt_heap_function_create
964926 : 0x30c919b69ebf6 : 2 : ittapi_config_apply_per_lib :  ITTAPI function instrumented: __itt_heap_allocate_begin
964926 : 0x30c919b69f21c : 2 : ittapi_config_apply_per_lib :  ITTAPI function instrumented: __itt_heap_allocate_end
964926 : 0x30c919b69f800 : 2 : ittapi_config_apply_per_lib :  ITTAPI function instrumented: __itt_heap_free_begin
964926 : 0x30c919b69fdfa : 2 : ittapi_config_apply_per_lib :  ITTAPI function instrumented: __itt_heap_free_end
964926 : 0x30c919b6a03e0 : 2 : ittapi_config_apply_per_lib :  ITTAPI function instrumented: __itt_heap_reallocate_begin
964926 : 0x30c919b6a09b3 : 2 : ittapi_config_apply_per_lib :  ITTAPI function instrumented: __itt_heap_reallocate_end
964926 : 0x30c919b6a1114 : 2 : ittapi_config_apply_per_lib :  ITTAPI function not implemented: __itt_heap_internal_access_begin
964926 : 0x30c919b6a17c6 : 2 : ittapi_config_apply_per_lib :  ITTAPI function not implemented: __itt_heap_internal_access_end
964926 : 0x30c919b6a2df6 : 2 : ittapi_config_apply_per_lib :  ITTAPI function not implemented: __itt_heap_record_memory_growth_begin
964926 : 0x30c919b6a34f8 : 2 : ittapi_config_apply_per_lib :  ITTAPI function not implemented: __itt_heap_record_memory_growth_end
964926 : 0x30c919b6a3bd9 : 2 : ittapi_config_apply_per_lib :  ITTAPI function not implemented: __itt_heap_reset_detection
964926 : 0x30c919b6a42bf : 2 : ittapi_config_apply_per_lib :  ITTAPI function not implemented: __itt_heap_record
964926 : 0x30c919b6a491d : 2 : ittapi_config_apply_per_lib :  ITTAPI function not implemented: __itt_id_create
964926 : 0x30c919b6a4f64 : 2 : ittapi_config_apply_per_lib :  ITTAPI function not implemented: __itt_id_destroy
964926 : 0x30c919b6a5584 : 2 : ittapi_config_apply_per_lib :  ITTAPI function instrumented: __itt_get_timestamp
964926 : 0x30c919b6a5b82 : 2 : ittapi_config_apply_per_lib :  ITTAPI function not implemented: __itt_region_begin
964926 : 0x30c919b6a6202 : 2 : ittapi_config_apply_per_lib :  ITTAPI function not implemented: __itt_region_end
964926 : 0x30c919b6a6853 : 2 : ittapi_config_apply_per_lib :  ITTAPI function instrumented: __itt_frame_begin_v3
964926 : 0x30c919b6a7c8d : 2 : ittapi_config_apply_per_lib :  ITTAPI function instrumented: __itt_frame_end_v3
964926 : 0x30c919b6a82aa : 2 : ittapi_config_apply_per_lib :  ITTAPI function instrumented: __itt_frame_submit_v3
964926 : 0x30c919b6a898c : 2 : ittapi_config_apply_per_lib :  ITTAPI function not implemented: __itt_task_group
964926 : 0x30c919b6a8fc5 : 2 : ittapi_config_apply_per_lib :  ITTAPI function instrumented: __itt_task_begin
964926 : 0x30c919b6a95bc : 2 : ittapi_config_apply_per_lib :  ITTAPI function instrumented: __itt_task_begin_fn
964926 : 0x30c919b6a9be9 : 2 : ittapi_config_apply_per_lib :  ITTAPI function instrumented: __itt_task_end
964926 : 0x30c919b6aa25b : 2 : ittapi_config_apply_per_lib :  ITTAPI function not implemented: __itt_counter_inc_v3
964926 : 0x30c919b6aa92b : 2 : ittapi_config_apply_per_lib :  ITTAPI function not implemented: __itt_counter_inc_delta_v3
964926 : 0x30c919b6ab015 : 2 : ittapi_config_apply_per_lib :  ITTAPI function not implemented: __itt_counter_dec_v3
964926 : 0x30c919b6ab627 : 2 : ittapi_config_apply_per_lib :  ITTAPI function not implemented: __itt_counter_dec_delta_v3
964926 : 0x30c919b6aca84 : 2 : ittapi_config_apply_per_lib :  ITTAPI function not implemented: __itt_marker
964926 : 0x30c919b6ad116 : 2 : ittapi_config_apply_per_lib :  ITTAPI function instrumented: __itt_metadata_add
964926 : 0x30c919b6ad784 : 2 : ittapi_config_apply_per_lib :  ITTAPI function not implemented: __itt_metadata_str_add
964926 : 0x30c919b6addfb : 2 : ittapi_config_apply_per_lib :  ITTAPI function not implemented: __itt_relation_add_to_current
964926 : 0x30c919b6ae4ba : 2 : ittapi_config_apply_per_lib :  ITTAPI function not implemented: __itt_relation_add
964926 : 0x30c919b6aeaa8 : 2 : ittapi_config_apply_per_lib :  ITTAPI function instrumented: __itt_event_create
964926 : 0x30c919b6af0a7 : 2 : ittapi_config_apply_per_lib :  ITTAPI function instrumented: __itt_event_start
964926 : 0x30c919b6af685 : 2 : ittapi_config_apply_per_lib :  ITTAPI function instrumented: __itt_event_end
964926 : 0x30c919b6afb61 : 2 : ittapi_config_apply_per_lib :  ITTAPI function NOT instrumented (not matched by --itt-config option): __itt_sync_set_name

964926 : 0x30c919b6b006d : 2 : ittapi_config_apply_per_lib :  ITTAPI function NOT instrumented (not matched by --itt-config option): __itt_notify_sync_name

964926 : 0x30c919b6b1bda : 2 : ittapi_config_apply_per_lib :  ITTAPI function NOT instrumented (not matched by --itt-config option): __itt_notify_sync_prepare

964926 : 0x30c919b6b2167 : 2 : ittapi_config_apply_per_lib :  ITTAPI function NOT instrumented (not matched by --itt-config option): __itt_notify_sync_cancel

964926 : 0x30c919b6b2636 : 2 : ittapi_config_apply_per_lib :  ITTAPI function NOT instrumented (not matched by --itt-config option): __itt_notify_sync_acquired

964926 : 0x30c919b6b2b43 : 2 : ittapi_config_apply_per_lib :  ITTAPI function NOT instrumented (not matched by --itt-config option): __itt_notify_sync_releasing

964926 : 0x30c919b6b31c7 : 2 : ittapi_config_apply_per_lib :  ITTAPI function not implemented: __itt_memory_read
964926 : 0x30c919b6b384e : 2 : ittapi_config_apply_per_lib :  ITTAPI function not implemented: __itt_memory_write
964926 : 0x30c919b6b3ec5 : 2 : ittapi_config_apply_per_lib :  ITTAPI function not implemented: __itt_memory_update
964926 : 0x30c919b6b45c1 : 2 : ittapi_config_apply_per_lib :  ITTAPI function not implemented: __itt_state_get
964926 : 0x30c919b6b4bba : 2 : ittapi_config_apply_per_lib :  ITTAPI function not implemented: __itt_state_set
964926 : 0x30c919b6b5296 : 2 : ittapi_config_apply_per_lib :  ITTAPI function not implemented: __itt_obj_mode_set
964926 : 0x30c919b6b676a : 2 : ittapi_config_apply_per_lib :  ITTAPI function not implemented: __itt_thr_mode_set
964926 : 0x30c919b6b6dd2 : 2 : ittapi_config_apply_per_lib :  ITTAPI function instrumented: __itt_frame_create
964926 : 0x30c919b6b7395 : 2 : ittapi_config_apply_per_lib :  ITTAPI function instrumented: __itt_pt_region_create
964926 : 0x30c919b6b7a1a : 2 : ittapi_config_apply_per_lib :  ITTAPI function instrumented: __itt_frame_begin
964926 : 0x30c919b6b8016 : 2 : ittapi_config_apply_per_lib :  ITTAPI function instrumented: __itt_frame_end
964926 : 0x30c919b6b870d : 2 : ittapi_config_apply_per_lib :  ITTAPI function not implemented: __itt_counter_destroy
964926 : 0x30c919b6b8ce2 : 2 : ittapi_config_apply_per_lib :  ITTAPI function instrumented: __itt_counter_inc
964926 : 0x30c919b6b92c7 : 2 : ittapi_config_apply_per_lib :  ITTAPI function instrumented: __itt_counter_inc_delta
964926 : 0x30c919b6b9853 : 2 : ittapi_config_apply_per_lib :  ITTAPI function instrumented: __itt_counter_dec
964926 : 0x30c919b6b9ed9 : 2 : ittapi_config_apply_per_lib :  ITTAPI function instrumented: __itt_counter_dec_delta
964926 : 0x30c919b6bb39d : 2 : ittapi_config_apply_per_lib :  ITTAPI function instrumented: __itt_counter_set_value
964926 : 0x30c919b6bbaa9 : 2 : ittapi_config_apply_per_lib :  ITTAPI function not implemented: __itt_counter_set_value_ex
964926 : 0x30c919b6bc0bf : 2 : ittapi_config_apply_per_lib :  ITTAPI function not implemented: __itt_mark_create
964926 : 0x30c919b6bc704 : 2 : ittapi_config_apply_per_lib :  ITTAPI function not implemented: __itt_mark
964926 : 0x30c919b6bcd0f : 2 : ittapi_config_apply_per_lib :  ITTAPI function not implemented: __itt_mark_off
964926 : 0x30c919b6bd39e : 2 : ittapi_config_apply_per_lib :  ITTAPI function not implemented: __itt_mark_global
964926 : 0x30c919b6bd98d : 2 : ittapi_config_apply_per_lib :  ITTAPI function not implemented: __itt_mark_global_off
964926 : 0x30c919b6bdff9 : 2 : ittapi_config_apply_per_lib :  ITTAPI function instrumented: __itt_stack_caller_create
964926 : 0x30c919b6be5c6 : 2 : ittapi_config_apply_per_lib :  ITTAPI function instrumented: __itt_stack_caller_destroy
964926 : 0x30c919b6beb90 : 2 : ittapi_config_apply_per_lib :  ITTAPI function instrumented: __itt_stack_callee_enter
964926 : 0x30c919b6c0896 : 2 : ittapi_config_apply_per_lib :  ITTAPI function instrumented: __itt_stack_callee_leave
964926 : 0x30c919b6c0f83 : 2 : ittapi_config_apply_per_lib :  ITTAPI function not implemented: __itt_clock_domain_create
964926 : 0x30c919b6c15e9 : 2 : ittapi_config_apply_per_lib :  ITTAPI function not implemented: __itt_clock_domain_reset
964926 : 0x30c919b6c1c93 : 2 : ittapi_config_apply_per_lib :  ITTAPI function not implemented: __itt_id_create_ex
964926 : 0x30c919b6c22b1 : 2 : ittapi_config_apply_per_lib :  ITTAPI function not implemented: __itt_id_destroy_ex
964926 : 0x30c919b6c2901 : 2 : ittapi_config_apply_per_lib :  ITTAPI function not implemented: __itt_task_begin_ex
964926 : 0x30c919b6c2fca : 2 : ittapi_config_apply_per_lib :  ITTAPI function not implemented: __itt_task_begin_fn_ex
964926 : 0x30c919b6c361e : 2 : ittapi_config_apply_per_lib :  ITTAPI function not implemented: __itt_task_end_ex
964926 : 0x30c919b6c3c75 : 2 : ittapi_config_apply_per_lib :  ITTAPI function instrumented: __itt_task_begin_overlapped
964926 : 0x30c919b6c429e : 2 : ittapi_config_apply_per_lib :  ITTAPI function not implemented: __itt_task_begin_overlapped_ex
964926 : 0x30c919b6c581f : 2 : ittapi_config_apply_per_lib :  ITTAPI function instrumented: __itt_task_end_overlapped
964926 : 0x30c919b6c5f3d : 2 : ittapi_config_apply_per_lib :  ITTAPI function not implemented: __itt_task_end_overlapped_ex
964926 : 0x30c919b6c6592 : 2 : ittapi_config_apply_per_lib :  ITTAPI function not implemented: __itt_marker_ex
964926 : 0x30c919b6c6d48 : 2 : ittapi_config_apply_per_lib :  ITTAPI function not implemented: __itt_metadata_add_with_scope
964926 : 0x30c919b6c73fe : 2 : ittapi_config_apply_per_lib :  ITTAPI function not implemented: __itt_metadata_str_add_with_scope
964926 : 0x30c919b6c7a86 : 2 : ittapi_config_apply_per_lib :  ITTAPI function not implemented: __itt_relation_add_to_current_ex
964926 : 0x30c919b6c80f1 : 2 : ittapi_config_apply_per_lib :  ITTAPI function not implemented: __itt_relation_add_ex
964926 : 0x30c919b6c879b : 2 : ittapi_config_apply_per_lib :  ITTAPI function not implemented: __itt_track_group_create
964926 : 0x30c919b6c8d7b : 2 : ittapi_config_apply_per_lib :  ITTAPI function not implemented: __itt_track_create
964926 : 0x30c919b6c9392 : 2 : ittapi_config_apply_per_lib :  ITTAPI function not implemented: __itt_set_track
964926 : 0x30c919b6ca988 : 2 : ittapi_config_apply_per_lib :  ITTAPI function instrumented: __itt_api_version
964926 : 0x30c919b6cb001 : 2 : ittapi_config_apply_per_lib :  ITTAPI function not implemented: __itt_av_save
964926 : 0x30c919b6cb5c5 : 2 : ittapi_config_apply_per_lib :  ITTAPI function instrumented: __itt_module_load
964926 : 0x30c919b6cbc26 : 2 : ittapi_config_apply_per_lib :  ITTAPI function not implemented: __itt_module_unload
964926 : 0x30c919b6cc147 : 2 : ittapi_config_apply_per_lib :  ITTAPI function NOT instrumented (not matched by --itt-config option): __itt_histogram_submit

964926 : 0x30c919b6cc80c : 2 : ittapi_config_apply_per_lib :  ITTAPI function instrumented: __itt_counter_set_value_v3