
951179 : 0x3016281af7e22 : 1 : spill_jit_data :  Jit agent is not initialized
951081 : 0x3016281b6b85f : 2 : ittapi_config_mask_get :  --itt-config mask to be applied: 55
951081 : 0x3016281b6e0a0 : 2 : ittapi_config_apply_per_lib :  ITTAPI function instrumented: __itt_domain_create
951081 : 0x3016281b6ebd9 : 2 : ittapi_config_apply_per_lib :  ITTAPI function instrumented: __itt_module_load_with_sections
951081 : 0x3016281b6fc54 : 2 : ittapi_config_apply_per_lib :  ITTAPI function not implemented: __itt_module_unload_with_sections
951081 : 0x3016281b70668 : 2 : ittapi_config_apply_per_lib :  ITTAPI function instrumented: __itt_string_handle_create
951081 : 0x3016281b70d7f : 2 : ittapi_config_apply_per_lib :  ITTAPI function instrumented: __itt_counter_create
951081 : 0x3016281b7146e : 2 : ittapi_config_apply_per_lib :  ITTAPI function instrumented: __itt_counter_create_typed
951081 : 0x3016281b71b84 : 2 : ittapi_config_apply_per_lib :  ITTAPI function instrumented: __itt_pause
951081 : 0x3016281b722e7 : 2 : ittapi_config_apply_per_lib :  ITTAPI function instrumented: __itt_resume
951081 : 0x3016281b788b9 : 2 : ittapi_config_apply_per_lib :  ITTAPI function not implemented: __itt_pause_scoped
951081 : 0x3016281b79379 : 2 : ittapi_config_apply_per_lib :  ITTAPI function not implemented: __itt_resume_scoped
951081 : 0x3016281b79aa4 : 2 : ittapi_config_apply_per_lib :  ITTAPI function instrumented: __itt_thread_set_name
951081 : 0x3016281b7a219 : 2 : ittapi_config_apply_per_lib :  ITTAPI function instrumented: __itt_thread_ignore
951081 : 0x3016281b7a8f7 : 2 : ittapi_config_apply_per_lib :  ITTAPI function instrumented: __itt_thr_name_set
951081 : 0x3016281b7b01b : 2 : ittapi_config_apply_per_lib :  ITTAPI function instrumented: __itt_thr_ignore
951081 : 0x3016281b7b734 : 2 : ittapi_config_apply_per_lib :  ITTAPI function instrumented: __itt_histogram_create
951081 : 0x3016281b7bdf7 : 2 : ittapi_config_apply_per_lib :  ITTAPI function instrumented: __itt_counter_create_v3
951081 : 0x3016281b7c4d1 : 2 : ittapi_config_apply_per_lib :  ITTAPI function instrumented: __itt_bind_context_metadata_to_counter
951081 : 0x3016281b7cc40 : 2 : ittapi_config_apply_per_lib :  ITTAPI function not implemented: __itt_enable_attach
951081 : 0x3016281b7e87a : 2 : ittapi_config_apply_per_lib :  ITTAPI function instrumented: __itt_detach
951081 : 0x3016281b7eea3 : 2 : ittapi_config_apply_per_lib :  ITTAPI function NOT instrumented (not matched by --itt-config option): __itt_sync_create

951081 : 0x3016281b7f46d : 2 : ittapi_config_apply_per_lib :  ITTAPI function NOT instrumented (not matched by --itt-config option): __itt_sync_rename

951081 : 0x3016281b7f9ba : 2 : ittapi_config_apply_per_lib :  ITTAPI function NOT instrumented (not matched by --itt-config option): __itt_sync_destroy

951081 : 0x3016281b7ff35 : 2 : ittapi_config_apply_per_lib :  ITTAPI function NOT instrumented (not matched by --itt-config option): __itt_sync_prepare

951081 : 0x3016281b804f0 : 2 : ittapi_config_apply_per_lib :  ITTAPI function NOT instrumented (not matched by --itt-config option): __itt_sync_cancel

951081 : 0x3016281b80a57 : 2 : ittapi_config_apply_per_lib :  ITTAPI function NOT instrumented (not matched by --itt-config option): __itt_sync_acquired

951081 : 0x3016281b80feb : 2 : ittapi_config_apply_per_lib :  ITTAPI function NOT instrumented (not matched by --itt-config option): __itt_sync_releasing

951081 : 0x3016281b8175d : 2 : ittapi_config_apply_per_lib :  ITTAPI function not implemented: __itt_suppress_push
951081 : 0x3016281b82138 : 2 : ittapi_config_apply_per_lib :  ITTAPI function not implemented: __itt_suppress_pop
951081 : 0x3016281b83876 : 2 : ittapi_config_apply_per_lib :  ITTAPI function not implemented: __itt_suppress_mark_range
951081 : 0x3016281b840fb : 2 : ittapi_config_apply_per_lib :  ITTAPI function not implemented: __itt_suppress_clear_range
951081 : 0x3016281b8466f : 2 : ittapi_config_apply_per_lib :  ITTAPI function NOT instrumented (not matched by --itt-config option): __itt_sync_prepare

951081 : 0x3016281b84c12 : 2 : ittapi_config_apply_per_lib :  ITTAPI function NOT instrumented (not matched by --itt-config option): __itt_sync_cancel

951081 : 0x3016281b85168 : 2 : ittapi_config_apply_per_lib :  ITTAPI function NOT instrumented (not matched by --itt-config option): __itt_sync_acquired

951081 : 0x3016281b856b9 : 2 : ittapi_config_apply_per_lib :  ITTAPI function NOT instrumented (not matched by --itt-config option): __itt_sync_releasing

951081 : 0x3016281b85ca8 : 2 : ittapi_config_apply_per_lib :  ITTAPI function NOT instrumented (not matched by --itt-config option): __itt_model_site_begin

951081 : 0x3016281b86310 : 2 : ittapi_config_apply_per_lib :  ITTAPI function NOT instrumented (not matched by --itt-config option): __itt_model_site_end

951081 : 0x3016281b868e6 : 2 : ittapi_config_apply_per_lib :  ITTAPI function NOT instrumented (not matched by --itt-config option): __itt_model_task_begin

951081 : 0x3016281b86e61 : 2 : ittapi_config_apply_per_lib :  ITTAPI function NOT instrumented (not matched by --itt-config option): __itt_model_task_end

951081 : 0x3016281b88f5c : 2 : ittapi_config_apply_per_lib :  ITTAPI function NOT instrumented (not matched by --itt-config option): __itt_model_lock_acquire

951081 : 0x3016281b89524 : 2 : ittapi_config_apply_per_lib :  ITTAPI function NOT instrumented (not matched by --itt-config option): __itt_model_lock_release

951081 : 0x3016281b89a99 : 2 : ittapi_config_apply_per_lib :  ITTAPI function NOT instrumented (not matched by --itt-config option): __itt_model_record_allocation

951081 : 0x3016281b8a062 : 2 : ittapi_config_apply_per_lib :  ITTAPI function NOT instrumented (not matched by --itt-config option): __itt_model_record_deallocation

951081 : 0x3016281b8a5da : 2 : ittapi_config_apply_per_lib :  ITTAPI function NOT instrumented (not matched by --itt-config option): __itt_model_induction_uses

951081 : 0x3016281b8ab1f : 2 : ittapi_config_apply_per_lib :  ITTAPI function NOT instrumented (not matched by --itt-config option): __itt_model_reduction_uses

951081 : 0x3016281b8b08b : 2 : ittapi_config_apply_per_lib :  ITTAPI function NOT instrumented (not matched by --itt-config option): __itt_model_observe_uses

951081 : 0x3016281b8b5c4 : 2 : ittapi_config_apply_per_lib :  ITTAPI function NOT instrumented (not matched by --itt-config option): __itt_model_clear_uses

951081 : 0x3016281b8bafe : 2 : ittapi_config_apply_per_lib :  ITTAPI function NOT instrumented (not matched by --itt-config option): __itt_model_site_beginA

951081 : 0x3016281b8c06d : 2 : ittapi_config_apply_per_lib :  ITTAPI function NOT instrumented (not matched by --itt-config option): __itt_model_site_beginAL

951081 : 0x3016281b8d596 : 2 : ittapi_config_apply_per_lib :  ITTAPI function NOT instrumented (not matched by --itt-config option): __itt_model_task_beginA

951081 : 0x3016281b8db06 : 2 : ittapi_config_apply_per_lib :  ITTAPI function NOT instrumented (not matched by --itt-config option): __itt_model_task_beginAL

951081 : 0x3016281b8e03c : 2 : ittapi_config_apply_per_lib :  ITTAPI function NOT instrumented (not matched by --itt-config option): __itt_model_iteration_taskA

951081 : 0x3016281b8e55e : 2 : ittapi_config_apply_per_lib :  ITTAPI function NOT instrumented (not matched by --itt-config option): __itt_model_iteration_taskAL

951081 : 0x3016281b8eacc : 2 : ittapi_config_apply_per_lib :  ITTAPI function NOT instrumented (not matched by --itt-config option): __itt_model_site_end_2

951081 : 0x3016281b8f057 : 2 : ittapi_config_apply_per_lib :  ITTAPI function NOT instrumented (not matched by --itt-config option): __itt_model_task_end_2

951081 : 0x3016281b8f584 : 2 : ittapi_config_apply_per_lib :  ITTAPI function NOT instrumented (not matched by --itt-config option): __itt_model_lock_acquire_2

951081 : 0x3016281b8fabb : 2 : ittapi_config_apply_per_lib :  ITTAPI function NOT instrumented (not matched by --itt-config option): __itt_model_lock_release_2

951081 : 0x3016281b9001d : 2 : ittapi_config_apply_per_lib :  ITTAPI function NOT instrumented (not matched by --itt-config option): __itt_model_aggregate_task

951081 : 0x3016281b90551 : 2 : ittapi_config_apply_per_lib :  ITTAPI function NOT instrumented (not matched by --itt-config option): __itt_model_disable_push

951081 : 0x3016281b927b1 : 2 : ittapi_config_apply_per_lib :  ITTAPI function NOT instrumented (not matched by --itt-config option): __itt_model_disable_pop

951081 : 0x3016281b92ef3 : 2 : ittapi_config_apply_per_lib :  ITTAPI function instrumented: __itt_heap_function_create
951081 : 0x3016281b93565 : 2 : ittapi_config_apply_per_lib :  ITTAPI function instrumented: __itt_heap_allocate_begin
951081 : 0x3016281b93bc8 : 2 : ittapi_config_apply_per_lib :  ITTAPI function instrumented: __itt_heap_allocate_end
951081 : 0x3016281b94248 : 2 : ittapi_config_apply_per_lib :  ITTAPI function instrumented: __itt_heap_free_begin
951081 : 0x3016281b94889 : 2 : ittapi_config_apply_per_lib :  ITTAPI function instrumented: __itt_heap_free_end
951081 : 0x3016281b94ebb : 2 : ittapi_config_apply_per_lib :  ITTAPI function instrumented: __itt_heap_reallocate_begin
951081 : 0x3016281b95634 : 2 : ittapi_config_apply_per_lib :  ITTAPI function instrumented: __itt_heap_reallocate_end
951081 : 0x3016281b95e15 : 2 : ittapi_config_apply_per_lib :  ITTAPI function not implemented: __itt_heap_internal_access_begin
951081 : 0x3016281b9658e : 2 : ittapi_config_apply_per_lib :  ITTAPI function not implemented: __itt_heap_internal_access_end
951081 : 0x3016281b97e09 : 2 : ittapi_config_apply_per_lib :  ITTAPI function not implemented: __itt_heap_record_memory_growth_begin
951081 : 0x3016281b98585 : 2 : ittapi_config_apply_per_lib :  ITTAPI function not implemented: __itt_heap_record_memory_growth_end
951081 : 0x3016281b98ca4 : 2 : ittapi_config_apply_per_lib :  ITTAPI function not implemented: __itt_heap_reset_detection
951081 : 0x3016281b994e3 : 2 : ittapi_config_apply_per_lib :  ITTAPI function not implemented: __itt_heap_record
951081 : 0x3016281b99c69 : 2 : ittapi_config_apply_per_lib :  ITTAPI function not implemented: __itt_id_create
951081 : 0x3016281b9a367 : 2 : ittapi_config_apply_per_lib :  ITTAPI function not implemented: __itt_id_destroy
951081 : 0x3016281b9aa83 : 2 : ittapi_config_apply_per_lib :  ITTAPI function instrumented: __itt_get_timestamp
951081 : 0x3016281b9b134 : 2 : ittapi_config_apply_per_lib :  ITTAPI function not implemented: __itt_region_begin
951081 : 0x3016281b9b865 : 2 : ittapi_config_apply_per_lib :  ITTAPI function not implemented: __itt_region_end
951081 : 0x3016281b9befc : 2 : ittapi_config_apply_per_lib :  ITTAPI function instrumented: __itt_frame_begin_v3
951081 : 0x3016281b9d4de : 2 : ittapi_config_apply_per_lib :  ITTAPI function instrumented: __itt_frame_end_v3
951081 : 0x3016281b9db80 : 2 : ittapi_config_apply_per_lib :  ITTAPI function instrumented: __itt_frame_submit_v3
951081 : 0x3016281b9e2b3 : 2 : ittapi_config_apply_per_lib :  ITTAPI function not implemented: __itt_task_group
951081 : 0x3016281b9e9b4 : 2 : ittapi_config_apply_per_lib :  ITTAPI function instrumented: __itt_task_begin
951081 : 0x3016281b9f008 : 2 : ittapi_config_apply_per_lib :  ITTAPI function instrumented: __itt_task_begin_fn
951081 : 0x3016281b9f653 : 2 : ittapi_config_apply_per_lib :  ITTAPI function instrumented: __itt_task_end
951081 : 0x3016281b9fda1 : 2 : ittapi_config_apply_per_lib :  ITTAPI function not implemented: __itt_counter_inc_v3
951081 : 0x3016281ba04b9 : 2 : ittapi_config_apply_per_lib :  ITTAPI function not implemented: __itt_counter_inc_delta_v3
951081 : 0x3016281ba0be8 : 2 : ittapi_config_apply_per_lib :  ITTAPI function not implemented: __itt_counter_dec_v3
951081 : 0x3016281ba12a1 : 2 : ittapi_config_apply_per_lib :  ITTAPI function not implemented: __itt_counter_dec_delta_v3
951081 : 0x3016281ba29a9 : 2 : ittapi_config_apply_per_lib :  ITTAPI function not implemented: __itt_marker
951081 : 0x3016281ba3050 : 2 : ittapi_config_apply_per_lib :  ITTAPI function instrumented: __itt_metadata_add
951081 : 0x3016281ba3770 : 2 : ittapi_config_apply_per_lib :  ITTAPI function not implemented: __itt_metadata_str_add
951081 : 0x3016281ba7f56 : 2 : ittapi_config_apply_per_lib :  ITTAPI function not implemented: __itt_relation_add_to_current
951081 : 0x3016281ba8681 : 2 : ittapi_config_apply_per_lib :  ITTAPI function not implemented: __itt_relation_add
951081 : 0x3016281ba8d03 : 2 : ittapi_config_apply_per_lib :  ITTAPI function instrumented: __itt_event_create
951081 : 0x3016281ba9347 : 2 : ittapi_config_apply_per_lib :  ITTAPI function instrumented: __itt_event_start
951081 : 0x3016281ba995f : 2 : ittapi_config_apply_per_lib :  ITTAPI function instrumented: __itt_event_end
951081 : 0x3016281ba9ee6 : 2 : ittapi_config_apply_per_lib :  ITTAPI function NOT instrumented (not matched by --itt-config option): __itt_sync_set_name

951081 : 0x3016281baf9c3 : 2 : ittapi_config_apply_per_lib :  ITTAPI function NOT instrumented (not matched by --itt-config option): __itt_notify_sync_name

951081 : 0x3016281bb6c09 : 2 : ittapi_config_apply_per_lib :  ITTAPI function NOT instrumented (not matched by --itt-config option): __itt_notify_sync_prepare

951081 : 0x3016281bb7167 : 2 : ittapi_config_apply_per_lib :  ITTAPI function NOT instrumented (not matched by --itt-config option): __itt_notify_sync_cancel

951081 : 0x3016281bb7608 : 2 : ittapi_config_apply_per_lib :  ITTAPI function NOT instrumented (not matched by --itt-config option): __itt_notify_sync_acquired

951081 : 0x3016281bb7abb : 2 : ittapi_config_apply_per_lib :  ITTAPI function NOT instrumented (not matched by --itt-config option): __itt_notify_sync_releasing

951081 : 0x3016281bb8152 : 2 : ittapi_config_apply_per_lib :  ITTAPI function not implemented: __itt_memory_read
951081 : 0x3016281bb8773 : 2 : ittapi_config_apply_per_lib :  ITTAPI function not implemented: __itt_memory_write
951081 : 0x3016281bb8df1 : 2 : ittapi_config_apply_per_lib :  ITTAPI function not implemented: __itt_memory_update
951081 : 0x3016281bb9460 : 2 : ittapi_config_apply_per_lib :  ITTAPI function not implemented: __itt_state_get
951081 : 0x3016281bb9a5a : 2 : ittapi_config_apply_per_lib :  ITTAPI function not implemented: __itt_state_set
951081 : 0x3016281bba0e8 : 2 : ittapi_config_apply_per_lib :  ITTAPI function not implemented: __itt_obj_mode_set
951081 : 0x3016281bbb632 : 2 : ittapi_config_apply_per_lib :  ITTAPI function not implemented: __itt_thr_mode_set
951081 : 0x3016281bbbcb2 : 2 : ittapi_config_apply_per_lib :  ITTAPI function instrumented: __itt_frame_create
951081 : 0x3016281bbc27a : 2 : ittapi_config_apply_per_lib :  ITTAPI function instrumented: __itt_pt_region_create
951081 : 0x3016281bbc852 : 2 : ittapi_config_apply_per_lib :  ITTAPI function instrumented: __itt_frame_begin
951081 : 0x3016281bbce02 : 2 : ittapi_config_apply_per_lib :  ITTAPI function instrumented: __itt_frame_end
951081 : 0x3016281bc1bab : 2 : ittapi_config_apply_per_lib :  ITTAPI function not implemented: __itt_counter_destroy
951081 : 0x3016281bc21bf : 2 : ittapi_config_apply_per_lib :  ITTAPI function instrumented: __itt_counter_inc
951081 : 0x3016281bc280b : 2 : ittapi_config_apply_per_lib :  ITTAPI function instrumented: __itt_counter_inc_delta
951081 : 0x3016281bc2de6 : 2 : ittapi_config_apply_per_lib :  ITTAPI function instrumented: __itt_counter_dec
951081 : 0x3016281bc341c : 2 : ittapi_config_apply_per_lib :  ITTAPI function instrumented: __itt_counter_dec_delta
951081 : 0x3016281bc491a : 2 : ittapi_config_apply_per_lib :  ITTAPI function instrumented: __itt_counter_set_value
951081 : 0x3016281bc4faa : 2 : ittapi_config_apply_per_lib :  ITTAPI function not implemented: __itt_counter_set_value_ex
951081 : 0x3016281bc565a : 2 : ittapi_config_apply_per_lib :  ITTAPI function not implemented: __itt_mark_create
951081 : 0x3016281bc5cfb : 2 : ittapi_config_apply_per_lib :  ITTAPI function not implemented: __itt_mark
951081 : 0x3016281bc632f : 2 : ittapi_config_apply_per_lib :  ITTAPI function not implemented: __itt_mark_off
951081 : 0x3016281bc694a : 2 : ittapi_config_apply_per_lib :  ITTAPI function not implemented: __itt_mark_global
951081 : 0x3016281bc6f71 : 2 : ittapi_config_apply_per_lib :  ITTAPI function not implemented: __itt_mark_global_off
951081 : 0x3016281bc75f9 : 2 : ittapi_config_apply_per_lib :  ITTAPI function instrumented: __itt_stack_caller_create
951081 : 0x3016281bc7bcd : 2 : ittapi_config_apply_per_lib :  ITTAPI function instrumented: __itt_stack_caller_destroy
951081 : 0x3016281bc8195 : 2 : ittapi_config_apply_per_lib :  ITTAPI function instrumented: __itt_stack_callee_enter
951081 : 0x3016281bc9eec : 2 : ittapi_config_apply_per_lib :  ITTAPI function instrumented: __itt_stack_callee_leave
951081 : 0x3016281bca60e : 2 : ittapi_config_apply_per_lib :  ITTAPI function not implemented: __itt_clock_domain_create
951081 : 0x3016281bcac8b : 2 : ittapi_config_apply_per_lib :  ITTAPI function not implemented: __itt_clock_domain_reset
951081 : 0x3016281bcb2f9 : 2 : ittapi_config_apply_per_lib :  ITTAPI function not implemented: __itt_id_create_ex
951081 : 0x3016281bcb93c : 2 : ittapi_config_apply_per_lib :  ITTAPI function not implemented: __itt_id_destroy_ex
951081 : 0x3016281bcbff4 : 2 : ittapi_config_apply_per_lib :  ITTAPI function not implemented: __itt_task_begin_ex
951081 : 0x3016281bcc681 : 2 : ittapi_config_apply_per_lib :  ITTAPI function not implemented: __itt_task_begin_fn_ex
951081 : 0x3016281bccd2b : 2 : ittapi_config_apply_per_lib :  ITTAPI function not implemented: __itt_task_end_ex
951081 : 0x3016281bcd376 : 2 : ittapi_config_apply_per_lib :  ITTAPI function instrumented: __itt_task_begin_overlapped
951081 : 0x3016281bcda20 : 2 : ittapi_config_apply_per_lib :  ITTAPI function not implemented: __itt_task_begin_overlapped_ex
951081 : 0x3016281bcef9e : 2 : ittapi_config_apply_per_lib :  ITTAPI function instrumented: __itt_task_end_overlapped
951081 : 0x3016281bcf6b7 : 2 : ittapi_config_apply_per_lib :  ITTAPI function not implemented: __itt_task_end_overlapped_ex
951081 : 0x3016281bcfd5f : 2 : ittapi_config_apply_per_lib :  ITTAPI function not implemented: __itt_marker_ex
951081 : 0x3016281bd0560 : 2 : ittapi_config_apply_per_lib :  ITTAPI function not implemented: __itt_metadata_add_with_scope
951081 : 0x3016281bd0c7d : 2 : ittapi_config_apply_per_lib :  ITTAPI function not implemented: __itt_metadata_str_add_with_scope
951081 : 0x3016281bd1336 : 2 : ittapi_config_apply_per_lib :  ITTAPI function not implemented: __itt_relation_add_to_current_ex
951081 : 0x3016281bd19b8 : 2 : ittapi_config_apply_per_lib :  ITTAPI function not implemented: __itt_relation_add_ex
951081 : 0x3016281bd2083 : 2 : ittapi_config_apply_per_lib :  ITTAPI function not implemented: __itt_track_group_create
951081 : 0x3016281bd2692 : 2 : ittapi_config_apply_per_lib :  ITTAPI function not implemented: __itt_track_create
951081 : 0x3016281bd2cfc : 2 : ittapi_config_apply_per_lib :  ITTAPI function not implemented: __itt_set_track
951081 : 0x3016281bd8829 : 2 : ittapi_config_apply_per_lib :  ITTAPI function instrumented: __itt_api_version
951081 : 0x3016281bd8f9e : 2 : ittapi_config_apply_per_lib :  ITTAPI function not implemented: __itt_av_save
951081 : 0x3016281bd95d2 : 2 : ittapi_config_apply_per_lib :  ITTAPI function instrumented: __itt_module_load
951081 : 0x3016281bd9c72 : 2 : ittapi_config_apply_per_lib :  ITTAPI function not implemented: __itt_module_unload
951081 : 0x3016281bda1fc : 2 : ittapi_config_apply_per_lib :  ITTAPI function NOT instrumented (not matched by --itt-config option): __itt_histogram_submit

951081 : 0x3016281bda8c6 : 2 : ittapi_config_apply_per_lib :  ITTAPI function instrumented: __itt_counter_set_value_v3