
1174104 : 0x3f7ecd82fc778 : 3 : logger_init :  LOG FILE OPENED (by collectunits.logger), level: 4
1174104 : 0x3f7ecd956e898 : 4 : probePythonFunctions :  PyThreadState_Swap
1174104 : 0x3f7ecd96a58be : 4 : probePythonFunctions :  PyThreadState_Swap probed at 0x151c6ae5d348
1174104 : 0x3f7ecd96a9447 : 4 : probePythonFunctions :  PyImport_Cleanup
1174104 : 0x3f7ecd99255bb : 4 : probePythonFunctions :  PyImport_Cleanup probed at 0x151c6ae5d378
1174104 : 0x3f7ecd99290e5 : 4 : probePythonFunctions :  PyThreadState_Clear
1174104 : 0x3f7ecd9a8e035 : 4 : probePythonFunctions :  PyThreadState_Clear probed at 0x151c6ae5d3b0
1174104 : 0x3f7ecd9a91ab3 : 4 : probePythonFunctions :  Py_Initialize
1174104 : 0x3f7ecd9b7ebb6 : 4 : probePythonFunctions :  Py_Initialize probed at 0x151c6ae5d3d8
1174104 : 0x3f7ecd9b825f2 : 4 : probePythonFunctions :  Py_InitializeEx
1174104 : 0x3f7ecd9ca0a46 : 4 : probePythonFunctions :  Py_InitializeEx probed at 0x151c6ae5d418
1174104 : 0x3f7ecd9ca4bdc : 4 : probePythonFunctions :  PyOS_AfterFork_Child
1174104 : 0x3f7ecd9d921d3 : 4 : probePythonFunctions :  PyOS_AfterFork_Child probed at 0x151c6ae5d460
1174104 : 0x3f7ecd9d963d2 : 4 : probePythonFunctions :  PyCode_New
1174104 : 0x3f7ecd9e584eb : 4 : probePythonFunctions :  PyCode_New probed at 0x151c6ae5d4a8
1174104 : 0x3f7ecd9e5bf51 : 4 : probePythonFunctions :  Py_FinalizeEx
1174104 : 0x3f7ecda0296fa : 4 : probePythonFunctions :  Py_FinalizeEx probed at 0x151c6ae5d4d0
1174104 : 0x3f7ecda02d135 : 4 : probePythonFunctions :  _PyEval_EvalFrameDefault
1174104 : 0x3f7ecdb77d27f : 4 : probePythonFunctions :  _PyEval_EvalFrameDefault probed at 0x151c6ae5d4f8
1174104 : 0x3f7ecdb788e9c : 4 : probePythonFunctions :  PyCode_NewWithPosOnlyArgs
1174104 : 0x3f7ecdbba26df : 4 : probePythonFunctions :  PyCode_NewWithPosOnlyArgs probed at 0x151c6ae5d520
1174104 : 0x3f7ecdbba62f6 : 4 : probePythonFunctions :  Py_RunMain
1174104 : 0x3f7ecdbdf2cd5 : 4 : probePythonFunctions :  Py_RunMain probed at 0x151c6ae5d548
1174104 : 0x3f7ecdbdf7034 : 4 : probePythonFunctions :  Py_InitializeFromConfig
1174104 : 0x3f7ecdc01d13d : 4 : probePythonFunctions :  Py_InitializeFromConfig probed at 0x151c6ae5d590
1174104 : 0x3f7ecdc020b43 : 4 : probePythonFunctions :  _PySignal_AfterFork
1174104 : 0x3f7ecdc0446da : 4 : probePythonFunctions :  the _PySignal_AfterFork size is too small to be probed: size=4. Skip and continue
1174104 : 0x3f7ecdc04b9a5 : 4 : probePythonFunctions :  PyInterpreterState_Head
1174104 : 0x3f7ecdc150583 : 4 : probePythonFunctions :  PyInterpreterState_Next
1174104 : 0x3f7ecdc24bcd4 : 4 : probePythonFunctions :  PyInterpreterState_ThreadHead
1174104 : 0x3f7ecdc34a1c9 : 4 : probePythonFunctions :  PyThreadState_Next
1174104 : 0x3f7ecdc44e3f0 : 4 : probePythonFunctions :  PyThreadState_New
1174104 : 0x3f7ecdc557599 : 4 : probePythonFunctions :  PyThreadState_Delete
1174104 : 0x3f7ecdc57f7f4 : 4 : probePythonFunctions :  PyGILState_GetThisThreadState
1174104 : 0x3f7ecdc5a1773 : 4 : probePythonFunctions :  PyEval_AcquireThread
1174104 : 0x3f7ecdc6aab87 : 4 : probePythonFunctions :  PyEval_ReleaseThread
1174104 : 0x3f7ecdc6d780a : 4 : probePythonFunctions :  Py_GetVersion
1174104 : 0x3f7ecdc7d4bad : 4 : probePythonFunctions :  PySys_GetObject
1174104 : 0x3f7ecdc8c0da5 : 4 : probePythonFunctions :  PyLong_AsLong
1174104 : 0x3f7ecdc991001 : 4 : probePythonFunctions :  Py_IncRef
1174104 : 0x3f7ecdc9ab9fb : 4 : probePythonFunctions :  Py_DecRef
1174104 : 0x3f7ecdc9bae48 : 4 : probePythonFunctions :  PyThreadState_Get
1174104 : 0x3f7ecdca7ae64 : 4 : probePythonFunctions :  PyEval_GetFrame
1174104 : 0x3f7ecdcb787b5 : 4 : probePythonFunctions :  PyEval_ThreadsInitialized
1174104 : 0x3f7ecdcb9b43c : 4 : probePythonFunctions :  PyObject_GetAttrString
1174104 : 0x3f7ecdcc60b9b : 4 : probePythonFunctions :  PyObject_Call
1174104 : 0x3f7ecdcd24ec6 : 4 : probePythonFunctions :  PyTuple_New
1174104 : 0x3f7ecdce0199e : 4 : probePythonFunctions :  PyTuple_SetItem
1174104 : 0x3f7ecdced3c33 : 4 : probePythonFunctions :  PyList_New
1174104 : 0x3f7ecdcfa89e8 : 4 : probePythonFunctions :  PyList_GetItem
1174104 : 0x3f7ecdd09291e : 4 : probePythonFunctions :  PyList_Size
1174104 : 0x3f7ecdd164d59 : 4 : probePythonFunctions :  PyThread_get_thread_ident
1174104 : 0x3f7ecdd22ef5a : 4 : probePythonFunctions :  PyErr_Fetch
1174104 : 0x3f7ecdd2ec709 : 4 : probePythonFunctions :  PyErr_Restore
1174104 : 0x3f7ecdd3acdae : 4 : probePythonFunctions :  PyDict_Next
1174104 : 0x3f7ecdd475494 : 4 : probePythonFunctions :  PyDict_Size
1174104 : 0x3f7ecdd4a9e31 : 4 : probePythonFunctions :  PyDict_GetItemString
1174104 : 0x3f7ecdd5969a7 : 4 : probePythonFunctions :  PyImport_GetModuleDict
1174104 : 0x3f7ecdd667d87 : 4 : probePythonFunctions :  PyBytes_AsStringAndSize
1174104 : 0x3f7ecdd776237 : 4 : probePythonFunctions :  PyBytes_AsString
1174104 : 0x3f7ecdd88eb1b : 4 : probePythonFunctions :  PyUnicode_EncodeLocale
1174104 : 0x3f7ecdd9be9ef : 4 : probePythonFunctions :  PyUnicode_EncodeFSDefault
1174104 : 0x3f7ece1b2d050 : 4 : pytrace_start_profiling :  [CALLED]
1174104 : 0x3f7eceb75746e : 4 : pytrace_start_profiling :  [CALLED]
1174104 : 0x3f7eceb75e01d : 4 : initTmu :  init tmu started
1174104 : 0x3f7eceb787732 : 4 : initTmu :  init tmu finished
1174104 : 0x3f7eceb7a7416 : 4 : start :  pytrace started successfully
1174104 : 0x3f7eceb7b12ed : 4 : pytrace_start_profiling :  PyTrace collection is started
1174104 : 0x3f7eceb8482f2 : 4 : Py_InitializeFromConfig :  [CALLED]
1174104 : 0x3f7eceef63d21 : 4 : PyEval_InitThreads :  [CALLED]
1174104 : 0x3f7eceef6c89a : 4 : Py_RunMain :  [CALLED]
1174104 : 0x3f7eceef6fee2 : 4 : PyEval_InitThreads :  [CALLED]
1174104 : 0x3f7eceef7423f : 4 : PyEval_InitThreads :  [CALLED]
1174104 : 0x3f7ecef03a789 : 4 : writeInitialInfo :  write initial info started
1174104 : 0x3f7ecef0430e3 : 4 : writeInitialInfo :  write initial info finished
1174121 : 0x3f7f2d25c18bf : 4 : getSourceLines :  co_lnotab data: a pair is deltaByte=8 and deltaLine=1
1174121 : 0x3f7f2d25cbc95 : 4 : getSourceLines :  co_lnotab data: a pair is deltaByte=8 and deltaLine=1
1174121 : 0x3f7f2d25d4860 : 4 : getSourceLines :  co_lnotab data: a pair is deltaByte=12 and deltaLine=1
1174121 : 0x3f7f2d25dd37b : 4 : getSourceLines :  co_lnotab data: a pair is deltaByte=8 and deltaLine=1
1174121 : 0x3f7f2d25e93d5 : 4 : getSourceLines :  co_lnotab data: a pair is deltaByte=26 and deltaLine=1
1174121 : 0x3f7f2d25f9af8 : 4 : getSourceLines :  Added faked src entry 62-78 8. Python did not provide src line for this code range.
1174121 : 0x3f7f2d26125c5 : 4 : getSourceLines :  co_lnotab data: a pair is deltaByte=0 and deltaLine=2
1174121 : 0x3f7f2d2619419 : 4 : getSourceLines :  co_lnotab data: a pair is deltaByte=8 and deltaLine=2
1174121 : 0x3f7f2d262013d : 4 : getSourceLines :  co_lnotab data: a pair is deltaByte=10 and deltaLine=1
1174121 : 0x3f7f2d2626e5c : 4 : getSourceLines :  co_lnotab data: a pair is deltaByte=4 and deltaLine=4
1174121 : 0x3f7f2d262db62 : 4 : getSourceLines :  co_lnotab data: a pair is deltaByte=12 and deltaLine=2
1174121 : 0x3f7f2d2634873 : 4 : getSourceLines :  co_lnotab data: a pair is deltaByte=6 and deltaLine=1
1174121 : 0x3f7f2d263b565 : 4 : getSourceLines :  co_lnotab data: a pair is deltaByte=10 and deltaLine=3
1174121 : 0x3f7f2d2642261 : 4 : getSourceLines :  co_lnotab data: a pair is deltaByte=14 and deltaLine=2
1174121 : 0x3f7f2d2648f73 : 4 : getSourceLines :  Added faked src entry 64-76 59. Python did not provide src line for this code range.
1174121 : 0x3f7f2d2655b6a : 4 : getSourceLines :  co_lnotab data: a pair is deltaByte=0 and deltaLine=1
1174121 : 0x3f7f2d265c8d5 : 4 : getSourceLines :  co_lnotab data: a pair is deltaByte=12 and deltaLine=2
1174121 : 0x3f7f2d26635a6 : 4 : getSourceLines :  co_lnotab data: a pair is deltaByte=8 and deltaLine=1
1174121 : 0x3f7f2d266a29f : 4 : getSourceLines :  co_lnotab data: a pair is deltaByte=8 and deltaLine=1
1174121 : 0x3f7f2d2670f81 : 4 : getSourceLines :  Added faked src entry 28-32 257. Python did not provide src line for this code range.
1174121 : 0x3f7f2d267ba8c : 4 : getSourceLines :  co_lnotab data: a pair is deltaByte=0 and deltaLine=2
1174121 : 0x3f7f2d26868f6 : 4 : getSourceLines :  co_lnotab data: a pair is deltaByte=6 and deltaLine=1
1174121 : 0x3f7f2d2693db6 : 4 : getSourceLines :  co_lnotab data: a pair is deltaByte=8 and deltaLine=1
1174121 : 0x3f7f2d269c82f : 4 : getSourceLines :  co_lnotab data: a pair is deltaByte=14 and deltaLine=1
1174121 : 0x3f7f2d26a52b5 : 4 : getSourceLines :  co_lnotab data: a pair is deltaByte=12 and deltaLine=1