
1174239 : 0x3f7ee700a86d5 : 1 : spill_jit_data :  Jit agent is not initialized
1174104 : 0x3f7ee700abc16 : 2 : ittapi_config_mask_get :  --itt-config mask to be applied: 55
1174104 : 0x3f7ee700ad67c : 2 : ittapi_config_apply_per_lib :  ITTAPI function instrumented: __itt_domain_create
1174104 : 0x3f7ee700ae121 : 2 : ittapi_config_apply_per_lib :  ITTAPI function instrumented: __itt_module_load_with_sections
1174104 : 0x3f7ee700aee50 : 2 : ittapi_config_apply_per_lib :  ITTAPI function not implemented: __itt_module_unload_with_sections
1174104 : 0x3f7ee700af5e3 : 2 : ittapi_config_apply_per_lib :  ITTAPI function instrumented: __itt_string_handle_create
1174104 : 0x3f7ee700afbed : 2 : ittapi_config_apply_per_lib :  ITTAPI function instrumented: __itt_counter_create
1174104 : 0x3f7ee700b01b6 : 2 : ittapi_config_apply_per_lib :  ITTAPI function instrumented: __itt_counter_create_typed
1174104 : 0x3f7ee700b0794 : 2 : ittapi_config_apply_per_lib :  ITTAPI function instrumented: __itt_pause
1174104 : 0x3f7ee700b0db9 : 2 : ittapi_config_apply_per_lib :  ITTAPI function instrumented: __itt_resume
1174104 : 0x3f7ee700b4c06 : 2 : ittapi_config_apply_per_lib :  ITTAPI function not implemented: __itt_pause_scoped
1174104 : 0x3f7ee700b5471 : 2 : ittapi_config_apply_per_lib :  ITTAPI function not implemented: __itt_resume_scoped
1174104 : 0x3f7ee700b5a77 : 2 : ittapi_config_apply_per_lib :  ITTAPI function instrumented: __itt_thread_set_name
1174104 : 0x3f7ee700b60a0 : 2 : ittapi_config_apply_per_lib :  ITTAPI function instrumented: __itt_thread_ignore
1174104 : 0x3f7ee700b6691 : 2 : ittapi_config_apply_per_lib :  ITTAPI function instrumented: __itt_thr_name_set
1174104 : 0x3f7ee700b6c8d : 2 : ittapi_config_apply_per_lib :  ITTAPI function instrumented: __itt_thr_ignore
1174104 : 0x3f7ee700b7295 : 2 : ittapi_config_apply_per_lib :  ITTAPI function instrumented: __itt_histogram_create
1174104 : 0x3f7ee700b7809 : 2 : ittapi_config_apply_per_lib :  ITTAPI function instrumented: __itt_counter_create_v3
1174104 : 0x3f7ee700b7e15 : 2 : ittapi_config_apply_per_lib :  ITTAPI function instrumented: __itt_bind_context_metadata_to_counter
1174104 : 0x3f7ee700b847e : 2 : ittapi_config_apply_per_lib :  ITTAPI function not implemented: __itt_enable_attach
1174104 : 0x3f7ee700b9bf0 : 2 : ittapi_config_apply_per_lib :  ITTAPI function instrumented: __itt_detach
1174104 : 0x3f7ee700ba13a : 2 : ittapi_config_apply_per_lib :  ITTAPI function NOT instrumented (not matched by --itt-config option): __itt_sync_create

1174104 : 0x3f7ee700be66b : 2 : ittapi_config_apply_per_lib :  ITTAPI function NOT instrumented (not matched by --itt-config option): __itt_sync_rename

1174104 : 0x3f7ee700beb0f : 2 : ittapi_config_apply_per_lib :  ITTAPI function NOT instrumented (not matched by --itt-config option): __itt_sync_destroy

1174104 : 0x3f7ee700befbb : 2 : ittapi_config_apply_per_lib :  ITTAPI function NOT instrumented (not matched by --itt-config option): __itt_sync_prepare

1174104 : 0x3f7ee700bf445 : 2 : ittapi_config_apply_per_lib :  ITTAPI function NOT instrumented (not matched by --itt-config option): __itt_sync_cancel

1174104 : 0x3f7ee700bf8c7 : 2 : ittapi_config_apply_per_lib :  ITTAPI function NOT instrumented (not matched by --itt-config option): __itt_sync_acquired

1174104 : 0x3f7ee700bfd63 : 2 : ittapi_config_apply_per_lib :  ITTAPI function NOT instrumented (not matched by --itt-config option): __itt_sync_releasing

1174104 : 0x3f7ee700c0377 : 2 : ittapi_config_apply_per_lib :  ITTAPI function not implemented: __itt_suppress_push
1174104 : 0x3f7ee700c0bd4 : 2 : ittapi_config_apply_per_lib :  ITTAPI function not implemented: __itt_suppress_pop
1174104 : 0x3f7ee700c1fba : 2 : ittapi_config_apply_per_lib :  ITTAPI function not implemented: __itt_suppress_mark_range
1174104 : 0x3f7ee700c278a : 2 : ittapi_config_apply_per_lib :  ITTAPI function not implemented: __itt_suppress_clear_range
1174104 : 0x3f7ee700c2c0a : 2 : ittapi_config_apply_per_lib :  ITTAPI function NOT instrumented (not matched by --itt-config option): __itt_sync_prepare

1174104 : 0x3f7ee700c30c2 : 2 : ittapi_config_apply_per_lib :  ITTAPI function NOT instrumented (not matched by --itt-config option): __itt_sync_cancel

1174104 : 0x3f7ee700c3549 : 2 : ittapi_config_apply_per_lib :  ITTAPI function NOT instrumented (not matched by --itt-config option): __itt_sync_acquired

1174104 : 0x3f7ee700c39d3 : 2 : ittapi_config_apply_per_lib :  ITTAPI function NOT instrumented (not matched by --itt-config option): __itt_sync_releasing

1174104 : 0x3f7ee700c3eb3 : 2 : ittapi_config_apply_per_lib :  ITTAPI function NOT instrumented (not matched by --itt-config option): __itt_model_site_begin

1174104 : 0x3f7ee700c4401 : 2 : ittapi_config_apply_per_lib :  ITTAPI function NOT instrumented (not matched by --itt-config option): __itt_model_site_end

1174104 : 0x3f7ee700c48d1 : 2 : ittapi_config_apply_per_lib :  ITTAPI function NOT instrumented (not matched by --itt-config option): __itt_model_task_begin

1174104 : 0x3f7ee700c4d4d : 2 : ittapi_config_apply_per_lib :  ITTAPI function NOT instrumented (not matched by --itt-config option): __itt_model_task_end

1174104 : 0x3f7ee700c7dd5 : 2 : ittapi_config_apply_per_lib :  ITTAPI function NOT instrumented (not matched by --itt-config option): __itt_model_lock_acquire

1174104 : 0x3f7ee700c8389 : 2 : ittapi_config_apply_per_lib :  ITTAPI function NOT instrumented (not matched by --itt-config option): __itt_model_lock_release

1174104 : 0x3f7ee700c87ea : 2 : ittapi_config_apply_per_lib :  ITTAPI function NOT instrumented (not matched by --itt-config option): __itt_model_record_allocation

1174104 : 0x3f7ee700c8cca : 2 : ittapi_config_apply_per_lib :  ITTAPI function NOT instrumented (not matched by --itt-config option): __itt_model_record_deallocation

1174104 : 0x3f7ee700cd5aa : 2 : ittapi_config_apply_per_lib :  ITTAPI function NOT instrumented (not matched by --itt-config option): __itt_model_induction_uses

1174104 : 0x3f7ee700cdb05 : 2 : ittapi_config_apply_per_lib :  ITTAPI function NOT instrumented (not matched by --itt-config option): __itt_model_reduction_uses

1174104 : 0x3f7ee700ce03a : 2 : ittapi_config_apply_per_lib :  ITTAPI function NOT instrumented (not matched by --itt-config option): __itt_model_observe_uses

1174104 : 0x3f7ee700ce530 : 2 : ittapi_config_apply_per_lib :  ITTAPI function NOT instrumented (not matched by --itt-config option): __itt_model_clear_uses

1174104 : 0x3f7ee700cea27 : 2 : ittapi_config_apply_per_lib :  ITTAPI function NOT instrumented (not matched by --itt-config option): __itt_model_site_beginA

1174104 : 0x3f7ee700cef22 : 2 : ittapi_config_apply_per_lib :  ITTAPI function NOT instrumented (not matched by --itt-config option): __itt_model_site_beginAL

1174104 : 0x3f7ee700d0469 : 2 : ittapi_config_apply_per_lib :  ITTAPI function NOT instrumented (not matched by --itt-config option): __itt_model_task_beginA

1174104 : 0x3f7ee700d09e1 : 2 : ittapi_config_apply_per_lib :  ITTAPI function NOT instrumented (not matched by --itt-config option): __itt_model_task_beginAL

1174104 : 0x3f7ee700d0ed7 : 2 : ittapi_config_apply_per_lib :  ITTAPI function NOT instrumented (not matched by --itt-config option): __itt_model_iteration_taskA

1174104 : 0x3f7ee700d143e : 2 : ittapi_config_apply_per_lib :  ITTAPI function NOT instrumented (not matched by --itt-config option): __itt_model_iteration_taskAL

1174104 : 0x3f7ee700d1938 : 2 : ittapi_config_apply_per_lib :  ITTAPI function NOT instrumented (not matched by --itt-config option): __itt_model_site_end_2

1174104 : 0x3f7ee700d1e3f : 2 : ittapi_config_apply_per_lib :  ITTAPI function NOT instrumented (not matched by --itt-config option): __itt_model_task_end_2

1174104 : 0x3f7ee700d2345 : 2 : ittapi_config_apply_per_lib :  ITTAPI function NOT instrumented (not matched by --itt-config option): __itt_model_lock_acquire_2

1174104 : 0x3f7ee700d2864 : 2 : ittapi_config_apply_per_lib :  ITTAPI function NOT instrumented (not matched by --itt-config option): __itt_model_lock_release_2

1174104 : 0x3f7ee700d2d56 : 2 : ittapi_config_apply_per_lib :  ITTAPI function NOT instrumented (not matched by --itt-config option): __itt_model_aggregate_task

1174104 : 0x3f7ee700d3243 : 2 : ittapi_config_apply_per_lib :  ITTAPI function NOT instrumented (not matched by --itt-config option): __itt_model_disable_push

1174104 : 0x3f7ee700d4d28 : 2 : ittapi_config_apply_per_lib :  ITTAPI function NOT instrumented (not matched by --itt-config option): __itt_model_disable_pop

1174104 : 0x3f7ee700d553f : 2 : ittapi_config_apply_per_lib :  ITTAPI function instrumented: __itt_heap_function_create
1174104 : 0x3f7ee700d5bc1 : 2 : ittapi_config_apply_per_lib :  ITTAPI function instrumented: __itt_heap_allocate_begin
1174104 : 0x3f7ee700d61bb : 2 : ittapi_config_apply_per_lib :  ITTAPI function instrumented: __itt_heap_allocate_end
1174104 : 0x3f7ee700d6821 : 2 : ittapi_config_apply_per_lib :  ITTAPI function instrumented: __itt_heap_free_begin
1174104 : 0x3f7ee700d6e22 : 2 : ittapi_config_apply_per_lib :  ITTAPI function instrumented: __itt_heap_free_end
1174104 : 0x3f7ee700d7430 : 2 : ittapi_config_apply_per_lib :  ITTAPI function instrumented: __itt_heap_reallocate_begin
1174104 : 0x3f7ee700d7a4e : 2 : ittapi_config_apply_per_lib :  ITTAPI function instrumented: __itt_heap_reallocate_end
1174104 : 0x3f7ee700d823c : 2 : ittapi_config_apply_per_lib :  ITTAPI function not implemented: __itt_heap_internal_access_begin
1174104 : 0x3f7ee700d89aa : 2 : ittapi_config_apply_per_lib :  ITTAPI function not implemented: __itt_heap_internal_access_end
1174104 : 0x3f7ee700da0d5 : 2 : ittapi_config_apply_per_lib :  ITTAPI function not implemented: __itt_heap_record_memory_growth_begin
1174104 : 0x3f7ee700da84e : 2 : ittapi_config_apply_per_lib :  ITTAPI function not implemented: __itt_heap_record_memory_growth_end
1174104 : 0x3f7ee700daf31 : 2 : ittapi_config_apply_per_lib :  ITTAPI function not implemented: __itt_heap_reset_detection
1174104 : 0x3f7ee700db6aa : 2 : ittapi_config_apply_per_lib :  ITTAPI function not implemented: __itt_heap_record
1174104 : 0x3f7ee700dbdc0 : 2 : ittapi_config_apply_per_lib :  ITTAPI function not implemented: __itt_id_create
1174104 : 0x3f7ee700dc46b : 2 : ittapi_config_apply_per_lib :  ITTAPI function not implemented: __itt_id_destroy
1174104 : 0x3f7ee700dcac3 : 2 : ittapi_config_apply_per_lib :  ITTAPI function instrumented: __itt_get_timestamp
1174104 : 0x3f7ee700dd123 : 2 : ittapi_config_apply_per_lib :  ITTAPI function not implemented: __itt_region_begin
1174104 : 0x3f7ee700dd7cc : 2 : ittapi_config_apply_per_lib :  ITTAPI function not implemented: __itt_region_end
1174104 : 0x3f7ee700dde34 : 2 : ittapi_config_apply_per_lib :  ITTAPI function instrumented: __itt_frame_begin_v3
1174104 : 0x3f7ee700df420 : 2 : ittapi_config_apply_per_lib :  ITTAPI function instrumented: __itt_frame_end_v3
1174104 : 0x3f7ee700dfa96 : 2 : ittapi_config_apply_per_lib :  ITTAPI function instrumented: __itt_frame_submit_v3
1174104 : 0x3f7ee700e3e6d : 2 : ittapi_config_apply_per_lib :  ITTAPI function not implemented: __itt_task_group
1174104 : 0x3f7ee700e4505 : 2 : ittapi_config_apply_per_lib :  ITTAPI function instrumented: __itt_task_begin
1174104 : 0x3f7ee700e4b0e : 2 : ittapi_config_apply_per_lib :  ITTAPI function instrumented: __itt_task_begin_fn
1174104 : 0x3f7ee700e51fe : 2 : ittapi_config_apply_per_lib :  ITTAPI function instrumented: __itt_task_end
1174104 : 0x3f7ee700e58d0 : 2 : ittapi_config_apply_per_lib :  ITTAPI function not implemented: __itt_counter_inc_v3
1174104 : 0x3f7ee700e5f7c : 2 : ittapi_config_apply_per_lib :  ITTAPI function not implemented: __itt_counter_inc_delta_v3
1174104 : 0x3f7ee700e65c6 : 2 : ittapi_config_apply_per_lib :  ITTAPI function not implemented: __itt_counter_dec_v3
1174104 : 0x3f7ee700e6bf7 : 2 : ittapi_config_apply_per_lib :  ITTAPI function not implemented: __itt_counter_dec_delta_v3
1174104 : 0x3f7ee700e8304 : 2 : ittapi_config_apply_per_lib :  ITTAPI function not implemented: __itt_marker
1174104 : 0x3f7ee700e894e : 2 : ittapi_config_apply_per_lib :  ITTAPI function instrumented: __itt_metadata_add
1174104 : 0x3f7ee700e8fe9 : 2 : ittapi_config_apply_per_lib :  ITTAPI function not implemented: __itt_metadata_str_add
1174104 : 0x3f7ee700e961e : 2 : ittapi_config_apply_per_lib :  ITTAPI function not implemented: __itt_relation_add_to_current
1174104 : 0x3f7ee700e9c86 : 2 : ittapi_config_apply_per_lib :  ITTAPI function not implemented: __itt_relation_add
1174104 : 0x3f7ee700ea2b3 : 2 : ittapi_config_apply_per_lib :  ITTAPI function instrumented: __itt_event_create
1174104 : 0x3f7ee700ea8c4 : 2 : ittapi_config_apply_per_lib :  ITTAPI function instrumented: __itt_event_start
1174104 : 0x3f7ee700eaeac : 2 : ittapi_config_apply_per_lib :  ITTAPI function instrumented: __itt_event_end
1174104 : 0x3f7ee700eb3ac : 2 : ittapi_config_apply_per_lib :  ITTAPI function NOT instrumented (not matched by --itt-config option): __itt_sync_set_name

1174104 : 0x3f7ee700eb8df : 2 : ittapi_config_apply_per_lib :  ITTAPI function NOT instrumented (not matched by --itt-config option): __itt_notify_sync_name

1174104 : 0x3f7ee700ed50c : 2 : ittapi_config_apply_per_lib :  ITTAPI function NOT instrumented (not matched by --itt-config option): __itt_notify_sync_prepare

1174104 : 0x3f7ee700eda42 : 2 : ittapi_config_apply_per_lib :  ITTAPI function NOT instrumented (not matched by --itt-config option): __itt_notify_sync_cancel

1174104 : 0x3f7ee700edf0c : 2 : ittapi_config_apply_per_lib :  ITTAPI function NOT instrumented (not matched by --itt-config option): __itt_notify_sync_acquired

1174104 : 0x3f7ee700ee3fc : 2 : ittapi_config_apply_per_lib :  ITTAPI function NOT instrumented (not matched by --itt-config option): __itt_notify_sync_releasing

1174104 : 0x3f7ee700eead4 : 2 : ittapi_config_apply_per_lib :  ITTAPI function not implemented: __itt_memory_read
1174104 : 0x3f7ee700ef11b : 2 : ittapi_config_apply_per_lib :  ITTAPI function not implemented: __itt_memory_write
1174104 : 0x3f7ee700ef747 : 2 : ittapi_config_apply_per_lib :  ITTAPI function not implemented: __itt_memory_update
1174104 : 0x3f7ee700efdb3 : 2 : ittapi_config_apply_per_lib :  ITTAPI function not implemented: __itt_state_get
1174104 : 0x3f7ee700f03f0 : 2 : ittapi_config_apply_per_lib :  ITTAPI function not implemented: __itt_state_set
1174104 : 0x3f7ee700f0ab9 : 2 : ittapi_config_apply_per_lib :  ITTAPI function not implemented: __itt_obj_mode_set
1174104 : 0x3f7ee700f1ff9 : 2 : ittapi_config_apply_per_lib :  ITTAPI function not implemented: __itt_thr_mode_set
1174104 : 0x3f7ee700f2653 : 2 : ittapi_config_apply_per_lib :  ITTAPI function instrumented: __itt_frame_create
1174104 : 0x3f7ee700f2c32 : 2 : ittapi_config_apply_per_lib :  ITTAPI function instrumented: __itt_pt_region_create
1174104 : 0x3f7ee700f3240 : 2 : ittapi_config_apply_per_lib :  ITTAPI function instrumented: __itt_frame_begin
1174104 : 0x3f7ee700f3815 : 2 : ittapi_config_apply_per_lib :  ITTAPI function instrumented: __itt_frame_end
1174104 : 0x3f7ee700f3ec1 : 2 : ittapi_config_apply_per_lib :  ITTAPI function not implemented: __itt_counter_destroy
1174104 : 0x3f7ee700f44a2 : 2 : ittapi_config_apply_per_lib :  ITTAPI function instrumented: __itt_counter_inc
1174104 : 0x3f7ee700f4ac9 : 2 : ittapi_config_apply_per_lib :  ITTAPI function instrumented: __itt_counter_inc_delta
1174104 : 0x3f7ee700f509a : 2 : ittapi_config_apply_per_lib :  ITTAPI function instrumented: __itt_counter_dec
1174104 : 0x3f7ee700f56c5 : 2 : ittapi_config_apply_per_lib :  ITTAPI function instrumented: __itt_counter_dec_delta
1174104 : 0x3f7ee700f6b1c : 2 : ittapi_config_apply_per_lib :  ITTAPI function instrumented: __itt_counter_set_value
1174104 : 0x3f7ee700f7196 : 2 : ittapi_config_apply_per_lib :  ITTAPI function not implemented: __itt_counter_set_value_ex
1174104 : 0x3f7ee700f7823 : 2 : ittapi_config_apply_per_lib :  ITTAPI function not implemented: __itt_mark_create
1174104 : 0x3f7ee700f7e58 : 2 : ittapi_config_apply_per_lib :  ITTAPI function not implemented: __itt_mark
1174104 : 0x3f7ee700f847e : 2 : ittapi_config_apply_per_lib :  ITTAPI function not implemented: __itt_mark_off
1174104 : 0x3f7ee700f8a82 : 2 : ittapi_config_apply_per_lib :  ITTAPI function not implemented: __itt_mark_global
1174104 : 0x3f7ee700f908b : 2 : ittapi_config_apply_per_lib :  ITTAPI function not implemented: __itt_mark_global_off
1174104 : 0x3f7ee700f96e7 : 2 : ittapi_config_apply_per_lib :  ITTAPI function instrumented: __itt_stack_caller_create
1174104 : 0x3f7ee700f9cb5 : 2 : ittapi_config_apply_per_lib :  ITTAPI function instrumented: __itt_stack_caller_destroy
1174104 : 0x3f7ee700fa298 : 2 : ittapi_config_apply_per_lib :  ITTAPI function instrumented: __itt_stack_callee_enter
1174104 : 0x3f7ee700fbd74 : 2 : ittapi_config_apply_per_lib :  ITTAPI function instrumented: __itt_stack_callee_leave
1174104 : 0x3f7ee700fc469 : 2 : ittapi_config_apply_per_lib :  ITTAPI function not implemented: __itt_clock_domain_create
1174104 : 0x3f7ee700fcadf : 2 : ittapi_config_apply_per_lib :  ITTAPI function not implemented: __itt_clock_domain_reset
1174104 : 0x3f7ee700fd157 : 2 : ittapi_config_apply_per_lib :  ITTAPI function not implemented: __itt_id_create_ex
1174104 : 0x3f7ee700fd79b : 2 : ittapi_config_apply_per_lib :  ITTAPI function not implemented: __itt_id_destroy_ex
1174104 : 0x3f7ee700fde0c : 2 : ittapi_config_apply_per_lib :  ITTAPI function not implemented: __itt_task_begin_ex
1174104 : 0x3f7ee700fe455 : 2 : ittapi_config_apply_per_lib :  ITTAPI function not implemented: __itt_task_begin_fn_ex
1174104 : 0x3f7ee700feadd : 2 : ittapi_config_apply_per_lib :  ITTAPI function not implemented: __itt_task_end_ex
1174104 : 0x3f7ee700ff0fd : 2 : ittapi_config_apply_per_lib :  ITTAPI function instrumented: __itt_task_begin_overlapped
1174104 : 0x3f7ee700ff730 : 2 : ittapi_config_apply_per_lib :  ITTAPI function not implemented: __itt_task_begin_overlapped_ex
1174104 : 0x3f7ee70100c84 : 2 : ittapi_config_apply_per_lib :  ITTAPI function instrumented: __itt_task_end_overlapped
1174104 : 0x3f7ee7010137c : 2 : ittapi_config_apply_per_lib :  ITTAPI function not implemented: __itt_task_end_overlapped_ex
1174104 : 0x3f7ee701019f7 : 2 : ittapi_config_apply_per_lib :  ITTAPI function not implemented: __itt_marker_ex
1174104 : 0x3f7ee70102165 : 2 : ittapi_config_apply_per_lib :  ITTAPI function not implemented: __itt_metadata_add_with_scope
1174104 : 0x3f7ee7010285f : 2 : ittapi_config_apply_per_lib :  ITTAPI function not implemented: __itt_metadata_str_add_with_scope
1174104 : 0x3f7ee70102ec3 : 2 : ittapi_config_apply_per_lib :  ITTAPI function not implemented: __itt_relation_add_to_current_ex
1174104 : 0x3f7ee70103586 : 2 : ittapi_config_apply_per_lib :  ITTAPI function not implemented: __itt_relation_add_ex
1174104 : 0x3f7ee70103bf7 : 2 : ittapi_config_apply_per_lib :  ITTAPI function not implemented: __itt_track_group_create
1174104 : 0x3f7ee701041d6 : 2 : ittapi_config_apply_per_lib :  ITTAPI function not implemented: __itt_track_create
1174104 : 0x3f7ee70104806 : 2 : ittapi_config_apply_per_lib :  ITTAPI function not implemented: __itt_set_track
1174104 : 0x3f7ee70105d6e : 2 : ittapi_config_apply_per_lib :  ITTAPI function instrumented: __itt_api_version
1174104 : 0x3f7ee7010a03a : 2 : ittapi_config_apply_per_lib :  ITTAPI function not implemented: __itt_av_save
1174104 : 0x3f7ee7010a60c : 2 : ittapi_config_apply_per_lib :  ITTAPI function instrumented: __itt_module_load
1174104 : 0x3f7ee7010ac52 : 2 : ittapi_config_apply_per_lib :  ITTAPI function not implemented: __itt_module_unload
1174104 : 0x3f7ee7010b159 : 2 : ittapi_config_apply_per_lib :  ITTAPI function NOT instrumented (not matched by --itt-config option): __itt_histogram_submit

1174104 : 0x3f7ee7010b7b1 : 2 : ittapi_config_apply_per_lib :  ITTAPI function instrumented: __itt_counter_set_value_v3