
951415 : 0x3016a6f2e1cde : 3 : logger_init :  LOG FILE OPENED (by collectunits.logger), level: 4
951415 : 0x3016a70550409 : 4 : probePythonFunctions :  PyThreadState_Swap
951415 : 0x3016a70692860 : 4 : probePythonFunctions :  PyThreadState_Swap probed at 0x152272461348
951415 : 0x3016a70696300 : 4 : probePythonFunctions :  PyImport_Cleanup
951415 : 0x3016a708f9e06 : 4 : probePythonFunctions :  PyImport_Cleanup probed at 0x152272461378
951415 : 0x3016a708fdfea : 4 : probePythonFunctions :  PyThreadState_Clear
951415 : 0x3016a70a79107 : 4 : probePythonFunctions :  PyThreadState_Clear probed at 0x1522724613b0
951415 : 0x3016a70a7c9a4 : 4 : probePythonFunctions :  Py_Initialize
951415 : 0x3016a70b65153 : 4 : probePythonFunctions :  Py_Initialize probed at 0x1522724613d8
951415 : 0x3016a70b68a55 : 4 : probePythonFunctions :  Py_InitializeEx
951415 : 0x3016a70c94b22 : 4 : probePythonFunctions :  Py_InitializeEx probed at 0x152272461418
951415 : 0x3016a70c98459 : 4 : probePythonFunctions :  PyOS_AfterFork_Child
951415 : 0x3016a70d85bbc : 4 : probePythonFunctions :  PyOS_AfterFork_Child probed at 0x152272461460
951415 : 0x3016a70d89583 : 4 : probePythonFunctions :  PyCode_New
951415 : 0x3016a70e53b39 : 4 : probePythonFunctions :  PyCode_New probed at 0x1522724614a8
951415 : 0x3016a70e574bc : 4 : probePythonFunctions :  Py_FinalizeEx
951415 : 0x3016a71029e2e : 4 : probePythonFunctions :  Py_FinalizeEx probed at 0x1522724614d0
951415 : 0x3016a7102d7d0 : 4 : probePythonFunctions :  _PyEval_EvalFrameDefault
951415 : 0x3016a728dd71e : 4 : probePythonFunctions :  _PyEval_EvalFrameDefault probed at 0x1522724614f8
951415 : 0x3016a728e1390 : 4 : probePythonFunctions :  PyCode_NewWithPosOnlyArgs
951415 : 0x3016a72d0326f : 4 : probePythonFunctions :  PyCode_NewWithPosOnlyArgs probed at 0x152272461520
951415 : 0x3016a72d06d10 : 4 : probePythonFunctions :  Py_RunMain
951415 : 0x3016a72f4dfe3 : 4 : probePythonFunctions :  Py_RunMain probed at 0x152272461548
951415 : 0x3016a72f558c6 : 4 : probePythonFunctions :  Py_InitializeFromConfig
951415 : 0x3016a7315cc01 : 4 : probePythonFunctions :  Py_InitializeFromConfig probed at 0x152272461590
951415 : 0x3016a73160586 : 4 : probePythonFunctions :  _PySignal_AfterFork
951415 : 0x3016a73183a3d : 4 : probePythonFunctions :  the _PySignal_AfterFork size is too small to be probed: size=4. Skip and continue
951415 : 0x3016a7318ac9c : 4 : probePythonFunctions :  PyInterpreterState_Head
951415 : 0x3016a732843dd : 4 : probePythonFunctions :  PyInterpreterState_Next
951415 : 0x3016a73370aa9 : 4 : probePythonFunctions :  PyInterpreterState_ThreadHead
951415 : 0x3016a7346b381 : 4 : probePythonFunctions :  PyThreadState_Next
951415 : 0x3016a73556b52 : 4 : probePythonFunctions :  PyThreadState_New
951415 : 0x3016a73656882 : 4 : probePythonFunctions :  PyThreadState_Delete
951415 : 0x3016a7367e84a : 4 : probePythonFunctions :  PyGILState_GetThisThreadState
951415 : 0x3016a73697adf : 4 : probePythonFunctions :  PyEval_AcquireThread
951415 : 0x3016a73795e29 : 4 : probePythonFunctions :  PyEval_ReleaseThread
951415 : 0x3016a737c86ba : 4 : probePythonFunctions :  Py_GetVersion
951415 : 0x3016a738c6e54 : 4 : probePythonFunctions :  PySys_GetObject
951415 : 0x3016a739acdf3 : 4 : probePythonFunctions :  PyLong_AsLong
951415 : 0x3016a73a7631d : 4 : probePythonFunctions :  Py_IncRef
951415 : 0x3016a73a896ac : 4 : probePythonFunctions :  Py_DecRef
951415 : 0x3016a73a99ca5 : 4 : probePythonFunctions :  PyThreadState_Get
951415 : 0x3016a73b55bfc : 4 : probePythonFunctions :  PyEval_GetFrame
951415 : 0x3016a73c54296 : 4 : probePythonFunctions :  PyEval_ThreadsInitialized
951415 : 0x3016a73c6f524 : 4 : probePythonFunctions :  PyObject_GetAttrString
951415 : 0x3016a73d31d02 : 4 : probePythonFunctions :  PyObject_Call
951415 : 0x3016a73e08cd5 : 4 : probePythonFunctions :  PyTuple_New
951415 : 0x3016a73eed36d : 4 : probePythonFunctions :  PyTuple_SetItem
951415 : 0x3016a73fcd41d : 4 : probePythonFunctions :  PyList_New
951415 : 0x3016a740a0eda : 4 : probePythonFunctions :  PyList_GetItem
951415 : 0x3016a7418a019 : 4 : probePythonFunctions :  PyList_Size
951415 : 0x3016a74256421 : 4 : probePythonFunctions :  PyThread_get_thread_ident
951415 : 0x3016a74321166 : 4 : probePythonFunctions :  PyErr_Fetch
951415 : 0x3016a743e3c66 : 4 : probePythonFunctions :  PyErr_Restore
951415 : 0x3016a744ac79c : 4 : probePythonFunctions :  PyDict_Next
951415 : 0x3016a74571b95 : 4 : probePythonFunctions :  PyDict_Size
951415 : 0x3016a745a0533 : 4 : probePythonFunctions :  PyDict_GetItemString
951415 : 0x3016a7468d85a : 4 : probePythonFunctions :  PyImport_GetModuleDict
951415 : 0x3016a7476ae6e : 4 : probePythonFunctions :  PyBytes_AsStringAndSize
951415 : 0x3016a7487d9dd : 4 : probePythonFunctions :  PyBytes_AsString
951415 : 0x3016a7498de6f : 4 : probePythonFunctions :  PyUnicode_EncodeLocale
951415 : 0x3016a74abfab2 : 4 : probePythonFunctions :  PyUnicode_EncodeFSDefault
951415 : 0x3016a78e30894 : 4 : pytrace_start_profiling :  [CALLED]
951415 : 0x3016a82181788 : 4 : pytrace_start_profiling :  [CALLED]
951415 : 0x3016a8218c264 : 4 : initTmu :  init tmu started
951415 : 0x3016a821b4011 : 4 : initTmu :  init tmu finished
951415 : 0x3016a821ce3fb : 4 : start :  pytrace started successfully
951415 : 0x3016a821d8018 : 4 : pytrace_start_profiling :  PyTrace collection is started
951415 : 0x3016a822ba0f4 : 4 : Py_InitializeFromConfig :  [CALLED]
951415 : 0x3016a8587dc5c : 4 : PyEval_InitThreads :  [CALLED]
951415 : 0x3016a85889ca7 : 4 : Py_RunMain :  [CALLED]
951415 : 0x3016a85891419 : 4 : PyEval_InitThreads :  [CALLED]
951415 : 0x3016a8589b47f : 4 : PyEval_InitThreads :  [CALLED]
951415 : 0x3016a8596ec73 : 4 : writeInitialInfo :  write initial info started
951415 : 0x3016a8597b0d8 : 4 : writeInitialInfo :  write initial info finished
951432 : 0x3017431e985f5 : 4 : getSourceLines :  co_lnotab data: a pair is deltaByte=8 and deltaLine=1
951432 : 0x3017431ea1334 : 4 : getSourceLines :  co_lnotab data: a pair is deltaByte=8 and deltaLine=1
951432 : 0x3017431ea8811 : 4 : getSourceLines :  co_lnotab data: a pair is deltaByte=12 and deltaLine=1
951432 : 0x3017431eafd93 : 4 : getSourceLines :  co_lnotab data: a pair is deltaByte=8 and deltaLine=1
951432 : 0x3017431eb719f : 4 : getSourceLines :  co_lnotab data: a pair is deltaByte=26 and deltaLine=1
951432 : 0x3017431ec37ef : 4 : getSourceLines :  Added faked src entry 62-78 8. Python did not provide src line for this code range.
951432 : 0x3017431ed5e6b : 4 : getSourceLines :  co_lnotab data: a pair is deltaByte=0 and deltaLine=2
951432 : 0x3017431edd34f : 4 : getSourceLines :  co_lnotab data: a pair is deltaByte=8 and deltaLine=2
951432 : 0x3017431ee4740 : 4 : getSourceLines :  co_lnotab data: a pair is deltaByte=10 and deltaLine=1
951432 : 0x3017431eebb4f : 4 : getSourceLines :  co_lnotab data: a pair is deltaByte=4 and deltaLine=4
951432 : 0x3017431ef2f3d : 4 : getSourceLines :  co_lnotab data: a pair is deltaByte=12 and deltaLine=2
951432 : 0x3017431efa318 : 4 : getSourceLines :  co_lnotab data: a pair is deltaByte=6 and deltaLine=1
951432 : 0x3017431f0171b : 4 : getSourceLines :  co_lnotab data: a pair is deltaByte=10 and deltaLine=3
951432 : 0x3017431f11f97 : 4 : getSourceLines :  co_lnotab data: a pair is deltaByte=14 and deltaLine=2
951432 : 0x3017431f19835 : 4 : getSourceLines :  Added faked src entry 64-76 59. Python did not provide src line for this code range.
951432 : 0x3017431f27c6b : 4 : getSourceLines :  co_lnotab data: a pair is deltaByte=0 and deltaLine=1
951432 : 0x3017431f2f4ec : 4 : getSourceLines :  co_lnotab data: a pair is deltaByte=12 and deltaLine=2
951432 : 0x3017431f36ca7 : 4 : getSourceLines :  co_lnotab data: a pair is deltaByte=8 and deltaLine=1
951432 : 0x3017431f3e48a : 4 : getSourceLines :  co_lnotab data: a pair is deltaByte=8 and deltaLine=1
951432 : 0x3017431f45c23 : 4 : getSourceLines :  Added faked src entry 28-32 257. Python did not provide src line for this code range.
951432 : 0x3017431f51f29 : 4 : getSourceLines :  co_lnotab data: a pair is deltaByte=0 and deltaLine=2
951432 : 0x3017431f5cdc6 : 4 : getSourceLines :  co_lnotab data: a pair is deltaByte=6 and deltaLine=1
951432 : 0x3017431f63e0e : 4 : getSourceLines :  co_lnotab data: a pair is deltaByte=8 and deltaLine=1
951432 : 0x3017431f6ae63 : 4 : getSourceLines :  co_lnotab data: a pair is deltaByte=14 and deltaLine=1
951432 : 0x3017431f71eb5 : 4 : getSourceLines :  co_lnotab data: a pair is deltaByte=12 and deltaLine=1