threads_spec: cpu
Using CPUID GenuineIntel-6-4F-1
DEBUGINFOD_URLS=
Compression enabled, disabling build id collection at the end of the session.
nr_threads: 72
thread_masks[0]: 0x55f24b535950: maps mask[72]: 0
thread_masks[0]: 0x55f24b535960: affinity mask[72]: 0
thread_masks[1]: 0x55f24b535970: maps mask[72]: 1
thread_masks[1]: 0x55f24b535980: affinity mask[72]: 1
thread_masks[2]: 0x55f24b535990: maps mask[72]: 2
thread_masks[2]: 0x55f24b5359a0: affinity mask[72]: 2
thread_masks[3]: 0x55f24b5359b0: maps mask[72]: 3
thread_masks[3]: 0x55f24b5359c0: affinity mask[72]: 3
thread_masks[4]: 0x55f24b5359d0: maps mask[72]: 4
thread_masks[4]: 0x55f24b5359e0: affinity mask[72]: 4
thread_masks[5]: 0x55f24b5359f0: maps mask[72]: 5
thread_masks[5]: 0x55f24b535a00: affinity mask[72]: 5
thread_masks[6]: 0x55f24b535a10: maps mask[72]: 6
thread_masks[6]: 0x55f24b535a20: affinity mask[72]: 6
thread_masks[7]: 0x55f24b535a30: maps mask[72]: 7
thread_masks[7]: 0x55f24b535a40: affinity mask[72]: 7
thread_masks[8]: 0x55f24b535a50: maps mask[72]: 8
thread_masks[8]: 0x55f24b535a60: affinity mask[72]: 8
thread_masks[9]: 0x55f24b535a70: maps mask[72]: 9
thread_masks[9]: 0x55f24b535a80: affinity mask[72]: 9
thread_masks[10]: 0x55f24b535a90: maps mask[72]: 10
thread_masks[10]: 0x55f24b535aa0: affinity mask[72]: 10
thread_masks[11]: 0x55f24b535ab0: maps mask[72]: 11
thread_masks[11]: 0x55f24b535ac0: affinity mask[72]: 11
thread_masks[12]: 0x55f24b535ad0: maps mask[72]: 12
thread_masks[12]: 0x55f24b535ae0: affinity mask[72]: 12
thread_masks[13]: 0x55f24b535af0: maps mask[72]: 13
thread_masks[13]: 0x55f24b535b00: affinity mask[72]: 13
thread_masks[14]: 0x55f24b535b10: maps mask[72]: 14
thread_masks[14]: 0x55f24b535b20: affinity mask[72]: 14
thread_masks[15]: 0x55f24b535b30: maps mask[72]: 15
thread_masks[15]: 0x55f24b535b40: affinity mask[72]: 15
thread_masks[16]: 0x55f24b535b50: maps mask[72]: 16
thread_masks[16]: 0x55f24b535b60: affinity mask[72]: 16
thread_masks[17]: 0x55f24b535b70: maps mask[72]: 17
thread_masks[17]: 0x55f24b535b80: affinity mask[72]: 17
thread_masks[18]: 0x55f24b535b90: maps mask[72]: 18
thread_masks[18]: 0x55f24b535ba0: affinity mask[72]: 18
thread_masks[19]: 0x55f24b535bb0: maps mask[72]: 19
thread_masks[19]: 0x55f24b535bc0: affinity mask[72]: 19
thread_masks[20]: 0x55f24b535bd0: maps mask[72]: 20
thread_masks[20]: 0x55f24b535be0: affinity mask[72]: 20
thread_masks[21]: 0x55f24b535bf0: maps mask[72]: 21
thread_masks[21]: 0x55f24b535c00: affinity mask[72]: 21
thread_masks[22]: 0x55f24b535c10: maps mask[72]: 22
thread_masks[22]: 0x55f24b535c20: affinity mask[72]: 22
thread_masks[23]: 0x55f24b535c30: maps mask[72]: 23
thread_masks[23]: 0x55f24b535c40: affinity mask[72]: 23
thread_masks[24]: 0x55f24b535c50: maps mask[72]: 24
thread_masks[24]: 0x55f24b535c60: affinity mask[72]: 24
thread_masks[25]: 0x55f24b535c70: maps mask[72]: 25
thread_masks[25]: 0x55f24b535c80: affinity mask[72]: 25
thread_masks[26]: 0x55f24b535c90: maps mask[72]: 26
thread_masks[26]: 0x55f24b535ca0: affinity mask[72]: 26
thread_masks[27]: 0x55f24b535cb0: maps mask[72]: 27
thread_masks[27]: 0x55f24b535cc0: affinity mask[72]: 27
thread_masks[28]: 0x55f24b535cd0: maps mask[72]: 28
thread_masks[28]: 0x55f24b535ce0: affinity mask[72]: 28
thread_masks[29]: 0x55f24b535cf0: maps mask[72]: 29
thread_masks[29]: 0x55f24b535d00: affinity mask[72]: 29
thread_masks[30]: 0x55f24b535d10: maps mask[72]: 30
thread_masks[30]: 0x55f24b535d20: affinity mask[72]: 30
thread_masks[31]: 0x55f24b535d30: maps mask[72]: 31
thread_masks[31]: 0x55f24b535d40: affinity mask[72]: 31
thread_masks[32]: 0x55f24b535d50: maps mask[72]: 32
thread_masks[32]: 0x55f24b535d60: affinity mask[72]: 32
thread_masks[33]: 0x55f24b535d70: maps mask[72]: 33
thread_masks[33]: 0x55f24b535d80: affinity mask[72]: 33
thread_masks[34]: 0x55f24b535d90: maps mask[72]: 34
thread_masks[34]: 0x55f24b535da0: affinity mask[72]: 34
thread_masks[35]: 0x55f24b535db0: maps mask[72]: 35
thread_masks[35]: 0x55f24b535dc0: affinity mask[72]: 35
thread_masks[36]: 0x55f24b535dd0: maps mask[72]: 36
thread_masks[36]: 0x55f24b535de0: affinity mask[72]: 36
thread_masks[37]: 0x55f24b535df0: maps mask[72]: 37
thread_masks[37]: 0x55f24b535e00: affinity mask[72]: 37
thread_masks[38]: 0x55f24b535e10: maps mask[72]: 38
thread_masks[38]: 0x55f24b535e20: affinity mask[72]: 38
thread_masks[39]: 0x55f24b535e30: maps mask[72]: 39
thread_masks[39]: 0x55f24b535e40: affinity mask[72]: 39
thread_masks[40]: 0x55f24b535e50: maps mask[72]: 40
thread_masks[40]: 0x55f24b535e60: affinity mask[72]: 40
thread_masks[41]: 0x55f24b535e70: maps mask[72]: 41
thread_masks[41]: 0x55f24b535e80: affinity mask[72]: 41
thread_masks[42]: 0x55f24b535e90: maps mask[72]: 42
thread_masks[42]: 0x55f24b535ea0: affinity mask[72]: 42
thread_masks[43]: 0x55f24b535eb0: maps mask[72]: 43
thread_masks[43]: 0x55f24b535ec0: affinity mask[72]: 43
thread_masks[44]: 0x55f24b535ed0: maps mask[72]: 44
thread_masks[44]: 0x55f24b535ee0: affinity mask[72]: 44
thread_masks[45]: 0x55f24b535ef0: maps mask[72]: 45
thread_masks[45]: 0x55f24b535f00: affinity mask[72]: 45
thread_masks[46]: 0x55f24b535f10: maps mask[72]: 46
thread_masks[46]: 0x55f24b535f20: affinity mask[72]: 46
thread_masks[47]: 0x55f24b535f30: maps mask[72]: 47
thread_masks[47]: 0x55f24b535f40: affinity mask[72]: 47
thread_masks[48]: 0x55f24b535f50: maps mask[72]: 48
thread_masks[48]: 0x55f24b535f60: affinity mask[72]: 48
thread_masks[49]: 0x55f24b535f70: maps mask[72]: 49
thread_masks[49]: 0x55f24b535f80: affinity mask[72]: 49
thread_masks[50]: 0x55f24b535f90: maps mask[72]: 50
thread_masks[50]: 0x55f24b535fa0: affinity mask[72]: 50
thread_masks[51]: 0x55f24b535fb0: maps mask[72]: 51
thread_masks[51]: 0x55f24b535fc0: affinity mask[72]: 51
thread_masks[52]: 0x55f24b535fd0: maps mask[72]: 52
thread_masks[52]: 0x55f24b535fe0: affinity mask[72]: 52
thread_masks[53]: 0x55f24b535ff0: maps mask[72]: 53
thread_masks[53]: 0x55f24b536000: affinity mask[72]: 53
thread_masks[54]: 0x55f24b536010: maps mask[72]: 54
thread_masks[54]: 0x55f24b536020: affinity mask[72]: 54
thread_masks[55]: 0x55f24b536030: maps mask[72]: 55
thread_masks[55]: 0x55f24b536040: affinity mask[72]: 55
thread_masks[56]: 0x55f24b536050: maps mask[72]: 56
thread_masks[56]: 0x55f24b536060: affinity mask[72]: 56
thread_masks[57]: 0x55f24b536070: maps mask[72]: 57
thread_masks[57]: 0x55f24b536080: affinity mask[72]: 57
thread_masks[58]: 0x55f24b536090: maps mask[72]: 58
thread_masks[58]: 0x55f24b5360a0: affinity mask[72]: 58
thread_masks[59]: 0x55f24b5360b0: maps mask[72]: 59
thread_masks[59]: 0x55f24b5360c0: affinity mask[72]: 59
thread_masks[60]: 0x55f24b5360d0: maps mask[72]: 60
thread_masks[60]: 0x55f24b5360e0: affinity mask[72]: 60
thread_masks[61]: 0x55f24b5360f0: maps mask[72]: 61
thread_masks[61]: 0x55f24b536100: affinity mask[72]: 61
thread_masks[62]: 0x55f24b536110: maps mask[72]: 62
thread_masks[62]: 0x55f24b536120: affinity mask[72]: 62
thread_masks[63]: 0x55f24b536130: maps mask[72]: 63
thread_masks[63]: 0x55f24b536140: affinity mask[72]: 63
thread_masks[64]: 0x55f24b536150: maps mask[72]: 64
thread_masks[64]: 0x55f24b536160: affinity mask[72]: 64
thread_masks[65]: 0x55f24b536170: maps mask[72]: 65
thread_masks[65]: 0x55f24b536180: affinity mask[72]: 65
thread_masks[66]: 0x55f24b536190: maps mask[72]: 66
thread_masks[66]: 0x55f24b5361a0: affinity mask[72]: 66
thread_masks[67]: 0x55f24b5361b0: maps mask[72]: 67
thread_masks[67]: 0x55f24b5361c0: affinity mask[72]: 67
thread_masks[68]: 0x55f24b5361d0: maps mask[72]: 68
thread_masks[68]: 0x55f24b5361e0: affinity mask[72]: 68
thread_masks[69]: 0x55f24b5361f0: maps mask[72]: 69
thread_masks[69]: 0x55f24b536200: affinity mask[72]: 69
thread_masks[70]: 0x55f24b536210: maps mask[72]: 70
thread_masks[70]: 0x55f24b536220: affinity mask[72]: 70
thread_masks[71]: 0x55f24b536230: maps mask[72]: 71
thread_masks[71]: 0x55f24b536240: affinity mask[72]: 71
nr_cblocks: 0
affinity: SYS
mmap flush: 1
comp level: 1
Problems creating module maps, continuing anyway...
WARNING: Kernel address maps (/proc/{kallsyms,modules}) are restricted,
check /proc/sys/kernel/kptr_restrict and /proc/sys/kernel/perf_event_paranoid.

Samples in kernel functions may not be resolved if a suitable vmlinux
file is not found in the buildid cache or in the vmlinux path.

Samples in kernel modules won't be resolved at all.

If some relocation was applied (e.g. kexec) symbols may be misresolved
even with a suitable vmlinux or kallsyms file.

mmap size 528384B
Couldn't record kernel reference relocation symbol
Symbol resolution may be skewed if relocation was used (e.g. kexec).
Check /proc/kallsyms permission or run as root.
couldn't open /proc/1/task/1/maps
couldn't open /proc/1701/task/1701/maps
couldn't open /proc/1757/task/1757/maps
couldn't open /proc/2309/task/2309/maps
couldn't open /proc/2328/task/2328/maps
couldn't open /proc/2330/task/2330/maps
couldn't open /proc/2338/task/2338/maps
couldn't open /proc/2351/task/2351/maps
couldn't open /proc/2431/task/2431/maps
couldn't open /proc/2529/task/2529/maps
couldn't open /proc/2900/task/2900/maps
couldn't open /proc/2915/task/2915/maps
couldn't open /proc/2920/task/2920/maps
couldn't open /proc/2922/task/2922/maps
couldn't open /proc/2926/task/2926/maps
couldn't open /proc/2929/task/2929/maps
couldn't open /proc/2941/task/2941/maps
couldn't open /proc/2963/task/2963/maps
couldn't open /proc/3254/task/3254/maps
couldn't open /proc/3269/task/3269/maps
couldn't open /proc/3348/task/3348/maps
couldn't open /proc/3355/task/3355/maps
couldn't open /proc/3359/task/3359/maps
couldn't open /proc/3362/task/3362/maps
couldn't open /proc/3376/task/3376/maps
couldn't open /proc/3377/task/3377/maps
couldn't open /proc/3378/task/3378/maps
couldn't open /proc/3379/task/3379/maps
couldn't open /proc/3381/task/3381/maps
couldn't open /proc/3383/task/3383/maps
couldn't open /proc/3389/task/3389/maps
couldn't open /proc/4013/task/4013/maps
couldn't open /proc/4019/task/4019/maps
couldn't open /proc/4024/task/4024/maps
couldn't open /proc/4039/task/4039/maps
couldn't open /proc/4040/task/4040/maps
couldn't open /proc/7518/task/7518/maps
couldn't open /proc/108161/task/108161/maps
couldn't open /proc/1008919/task/1008919/maps
couldn't open /proc/1010544/task/1010544/maps
couldn't open /proc/1010548/task/1010548/maps
couldn't open /proc/1010598/task/1010598/maps
couldn't open /proc/1010823/task/1010823/maps
couldn't open /proc/1010824/task/1010824/maps
threads[1010837]: started on cpu1
threads[1010838]: started on cpu2
threads[1010839]: started on cpu3
threads[1010840]: started on cpu4
threads[1010841]: started on cpu5
threads[1010842]: started on cpu6
threads[1010843]: started on cpu7
threads[1010844]: started on cpu8
threads[1010845]: started on cpu9
threads[1010846]: started on cpu10
threads[1010847]: started on cpu11
threads[1010848]: started on cpu12
threads[1010849]: started on cpu13
threads[1010850]: started on cpu14
threads[1010851]: started on cpu15
threads[1010852]: started on cpu16
threads[1010853]: started on cpu17
threads[1010854]: started on cpu18
threads[1010855]: started on cpu19
threads[1010856]: started on cpu20
threads[1010857]: started on cpu21
threads[1010858]: started on cpu22
threads[1010859]: started on cpu23
threads[1010860]: started on cpu24
threads[1010861]: started on cpu25
threads[1010862]: started on cpu26
threads[1010863]: started on cpu27
threads[1010864]: started on cpu28
threads[1010865]: started on cpu29
threads[1010866]: started on cpu30
threads[1010867]: started on cpu31
threads[1010868]: started on cpu32
threads[1010869]: started on cpu33
threads[1010870]: started on cpu34
threads[1010871]: started on cpu35
threads[1010872]: started on cpu36
threads[1010873]: started on cpu37
threads[1010874]: started on cpu38
threads[1010875]: started on cpu39
threads[1010876]: started on cpu40
threads[1010877]: started on cpu41
threads[1010878]: started on cpu42
threads[1010879]: started on cpu43
threads[1010880]: started on cpu44
threads[1010881]: started on cpu45
threads[1010882]: started on cpu46
threads[1010883]: started on cpu47
threads[1010884]: started on cpu48
threads[1010885]: started on cpu49
threads[1010886]: started on cpu50
threads[1010887]: started on cpu51
threads[1010888]: started on cpu52
threads[1010889]: started on cpu53
threads[1010890]: started on cpu54
threads[1010891]: started on cpu55
threads[1010892]: started on cpu56
threads[1010893]: started on cpu57
threads[1010894]: started on cpu58
threads[1010895]: started on cpu59
threads[1010896]: started on cpu60
threads[1010897]: started on cpu61
threads[1010898]: started on cpu62
threads[1010899]: started on cpu63
threads[1010900]: started on cpu64
threads[1010901]: started on cpu65
threads[1010902]: started on cpu66
threads[1010903]: started on cpu67
threads[1010904]: started on cpu68
threads[1010905]: started on cpu69
threads[1010906]: started on cpu70
threads[1010907]: started on cpu71
threads[1010835]: started on cpu0
Events disabled

1010836:perf-sync:ready:SYS=915187903303189
Message from ctl_fd: "enable\0"
Events enabled
Message from ctl_fd: "disable\0"
Events disabled
[ perf record: Woken up 3 times to write data ]
threads[1010835]: samples=4, wakes=3, transferred=18400, compressed=2949
threads[1010837]: samples=1, wakes=2, transferred=8696, compressed=1440
threads[1010838]: samples=3, wakes=2, transferred=4808, compressed=884
threads[1010839]: samples=3, wakes=2, transferred=8896, compressed=1238
threads[1010840]: samples=3, wakes=2, transferred=5864, compressed=1010
threads[1010841]: samples=3, wakes=2, transferred=3216, compressed=729
threads[1010842]: samples=3, wakes=2, transferred=2904, compressed=711
threads[1010843]: samples=1, wakes=2, transferred=116864, compressed=10125
threads[1010844]: samples=3, wakes=2, transferred=54872, compressed=7161
threads[1010845]: samples=3, wakes=2, transferred=2784, compressed=659
threads[1010846]: samples=3, wakes=2, transferred=2248, compressed=509
threads[1010847]: samples=3, wakes=2, transferred=12312, compressed=2160
threads[1010848]: samples=3, wakes=2, transferred=2464, compressed=549
threads[1010849]: samples=3, wakes=2, transferred=2672, compressed=649
threads[1010850]: samples=3, wakes=2, transferred=2312, compressed=544
threads[1010851]: samples=3, wakes=2, transferred=2320, compressed=525
threads[1010852]: samples=3, wakes=2, transferred=33488, compressed=4952
threads[1010853]: samples=3, wakes=2, transferred=2448, compressed=593
threads[1010854]: samples=1, wakes=2, transferred=7376, compressed=1343
threads[1010855]: samples=3, wakes=2, transferred=3136, compressed=760
threads[1010856]: samples=3, wakes=2, transferred=3760, compressed=812
threads[1010857]: samples=3, wakes=2, transferred=4144, compressed=784
threads[1010858]: samples=3, wakes=2, transferred=31688, compressed=2899
threads[1010859]: samples=1, wakes=2, transferred=8976, compressed=1129
threads[1010860]: samples=3, wakes=2, transferred=2464, compressed=546
threads[1010861]: samples=3, wakes=2, transferred=2032, compressed=484
threads[1010862]: samples=3, wakes=2, transferred=2032, compressed=483
threads[1010863]: samples=3, wakes=2, transferred=2176, compressed=507
threads[1010864]: samples=3, wakes=2, transferred=26632, compressed=3423
threads[1010865]: samples=3, wakes=2, transferred=3512, compressed=624
threads[1010866]: samples=3, wakes=2, transferred=2464, compressed=526
threads[1010867]: samples=3, wakes=2, transferred=168512, compressed=22745
threads[1010868]: samples=3, wakes=2, transferred=2176, compressed=491
threads[1010869]: samples=3, wakes=2, transferred=2464, compressed=534
threads[1010870]: samples=3, wakes=2, transferred=2392, compressed=536
threads[1010871]: samples=3, wakes=2, transferred=2456, compressed=581
threads[1010872]: samples=3, wakes=2, transferred=14760, compressed=1617
threads[1010873]: samples=3, wakes=2, transferred=1888, compressed=478
threads[1010874]: samples=3, wakes=2, transferred=1960, compressed=486
threads[1010875]: samples=3, wakes=2, transferred=4696, compressed=894
threads[1010876]: samples=3, wakes=2, transferred=1888, compressed=478
threads[1010877]: samples=3, wakes=2, transferred=1960, compressed=464
threads[1010878]: samples=3, wakes=2, transferred=1888, compressed=473
threads[1010879]: samples=1, wakes=2, transferred=6408, compressed=1334
threads[1010880]: samples=3, wakes=2, transferred=2176, compressed=502
threads[1010881]: samples=3, wakes=2, transferred=38440, compressed=4286
threads[1010882]: samples=3, wakes=2, transferred=21696, compressed=3244
threads[1010883]: samples=3, wakes=2, transferred=15408, compressed=2585
threads[1010884]: samples=3, wakes=2, transferred=2240, compressed=537
threads[1010885]: samples=3, wakes=2, transferred=14960, compressed=2613
threads[1010886]: samples=3, wakes=2, transferred=2024, compressed=499
threads[1010887]: samples=3, wakes=2, transferred=33072, compressed=4910
threads[1010888]: samples=3, wakes=2, transferred=2104, compressed=480
threads[1010889]: samples=3, wakes=2, transferred=2176, compressed=527
threads[1010890]: samples=3, wakes=2, transferred=1888, compressed=452
threads[1010891]: samples=3, wakes=2, transferred=1888, compressed=458
threads[1010892]: samples=3, wakes=2, transferred=2096, compressed=514
threads[1010893]: samples=3, wakes=2, transferred=6944, compressed=1121
threads[1010894]: samples=3, wakes=2, transferred=10752, compressed=1585
threads[1010895]: samples=1, wakes=2, transferred=3512, compressed=661
threads[1010896]: samples=3, wakes=2, transferred=3328, compressed=780
threads[1010897]: samples=3, wakes=2, transferred=192232, compressed=14762
threads[1010898]: samples=3, wakes=2, transferred=25464, compressed=3244
threads[1010899]: samples=3, wakes=2, transferred=5016, compressed=931
threads[1010900]: samples=3, wakes=2, transferred=3072, compressed=795
threads[1010901]: samples=3, wakes=2, transferred=4576, compressed=820
threads[1010902]: samples=3, wakes=2, transferred=2176, compressed=513
threads[1010903]: samples=3, wakes=2, transferred=3616, compressed=867
threads[1010904]: samples=3, wakes=2, transferred=60944, compressed=5621
threads[1010905]: samples=3, wakes=2, transferred=15496, compressed=1768
threads[1010906]: samples=3, wakes=2, transferred=7848, compressed=1170
threads[1010907]: samples=1, wakes=2, transferred=22000, compressed=2323
failed to write feature HYBRID_TOPOLOGY
[ perf record: Captured and wrote 0.614 MB /dev/shm/s2484724_5732613/amplxe-tmp-s2484724/amplxe-res-1010728-1922066265044679/data.0/system-wide.perf, compressed (original 1.057 MB, ratio is 7.841) ]
