
Lmod is automatically replacing "cce/15.0.0" with "gcc/11.2.0".


Lmod is automatically replacing "PrgEnv-cray/8.3.3" with "PrgEnv-gnu/8.3.3".


Due to MODULEPATH changes, the following have been reloaded:
  1) cray-mpich/8.1.23

Succesfully created closed polygon from input
The polyhedron has 28608 facets 85824 halfedges 0 border halfedges 14306 vertices 
Preprocessing took: 0.053475 s 
Execution time: 16.0774 seconds
Succesfully created closed polygon from input
The polyhedron has 28608 facets 85824 halfedges 0 border halfedges 14306 vertices 
Preprocessing took: 0.05339 s 
Execution time: 16.0378 seconds
Succesfully created closed polygon from input
The polyhedron has 28608 facets 85824 halfedges 0 border halfedges 14306 vertices 
Preprocessing took: 0.053332 s 
Execution time: 17.0406 seconds
Succesfully created closed polygon from input
The polyhedron has 28608 facets 85824 halfedges 0 border halfedges 14306 vertices 
Preprocessing took: 0.055095 s 
Execution time: 22.2868 seconds
Succesfully created closed polygon from input
The polyhedron has 28608 facets 85824 halfedges 0 border halfedges 14306 vertices 
Preprocessing took: 0.053194 s 
Execution time: 16.8959 seconds
Succesfully created closed polygon from input
The polyhedron has 28608 facets 85824 halfedges 0 border halfedges 14306 vertices 
Preprocessing took: 0.057764 s 
Execution time: 19.155 seconds
Succesfully created closed polygon from input
The polyhedron has 28608 facets 85824 halfedges 0 border halfedges 14306 vertices 
Preprocessing took: 0.053821 s 
Execution time: 21.0663 seconds
Succesfully created closed polygon from input
The polyhedron has 28608 facets 85824 halfedges 0 border halfedges 14306 vertices 
Preprocessing took: 0.053054 s 
Execution time: 16.3108 seconds
Succesfully created closed polygon from input
The polyhedron has 28608 facets 85824 halfedges 0 border halfedges 14306 vertices 
Preprocessing took: 0.056163 s 
Execution time: 15.9429 seconds
Succesfully created closed polygon from input
The polyhedron has 28608 facets 85824 halfedges 0 border halfedges 14306 vertices 
Preprocessing took: 0.056142 s 
Execution time: 15.866 seconds
