
964926 : 0x30c86dc72998d : 3 : logger_init :  LOG FILE OPENED (by collectunits.logger), level: 4
964926 : 0x30c86dd7baed8 : 4 : probePythonFunctions :  PyThreadState_Swap
964926 : 0x30c86dd8e1708 : 4 : probePythonFunctions :  PyThreadState_Swap probed at 0x1479ade6b348
964926 : 0x30c86dd8e52e4 : 4 : probePythonFunctions :  PyImport_Cleanup
964926 : 0x30c86ddbdcae2 : 4 : probePythonFunctions :  PyImport_Cleanup probed at 0x1479ade6b378
964926 : 0x30c86ddbe0846 : 4 : probePythonFunctions :  PyThreadState_Clear
964926 : 0x30c86ddd3b1ce : 4 : probePythonFunctions :  PyThreadState_Clear probed at 0x1479ade6b3b0
964926 : 0x30c86ddd3ec46 : 4 : probePythonFunctions :  Py_Initialize
964926 : 0x30c86dde221de : 4 : probePythonFunctions :  Py_Initialize probed at 0x1479ade6b3d8
964926 : 0x30c86dde25cc2 : 4 : probePythonFunctions :  Py_InitializeEx
964926 : 0x30c86ddf3151f : 4 : probePythonFunctions :  Py_InitializeEx probed at 0x1479ade6b418
964926 : 0x30c86ddf34fd3 : 4 : probePythonFunctions :  PyOS_AfterFork_Child
964926 : 0x30c86de01b766 : 4 : probePythonFunctions :  PyOS_AfterFork_Child probed at 0x1479ade6b460
964926 : 0x30c86de01f218 : 4 : probePythonFunctions :  PyCode_New
964926 : 0x30c86de0dfeaf : 4 : probePythonFunctions :  PyCode_New probed at 0x1479ade6b4a8
964926 : 0x30c86de0e3906 : 4 : probePythonFunctions :  Py_FinalizeEx
964926 : 0x30c86de292669 : 4 : probePythonFunctions :  Py_FinalizeEx probed at 0x1479ade6b4d0
964926 : 0x30c86de2961e2 : 4 : probePythonFunctions :  _PyEval_EvalFrameDefault
964926 : 0x30c86dfa551c7 : 4 : probePythonFunctions :  _PyEval_EvalFrameDefault probed at 0x1479ade6b4f8
964926 : 0x30c86dfa5918a : 4 : probePythonFunctions :  PyCode_NewWithPosOnlyArgs
964926 : 0x30c86dfe3dd27 : 4 : probePythonFunctions :  PyCode_NewWithPosOnlyArgs probed at 0x1479ade6b520
964926 : 0x30c86dfe419d3 : 4 : probePythonFunctions :  Py_RunMain
964926 : 0x30c86e007456e : 4 : probePythonFunctions :  Py_RunMain probed at 0x1479ade6b548
964926 : 0x30c86e0078120 : 4 : probePythonFunctions :  Py_InitializeFromConfig
964926 : 0x30c86e029155a : 4 : probePythonFunctions :  Py_InitializeFromConfig probed at 0x1479ade6b590
964926 : 0x30c86e029503e : 4 : probePythonFunctions :  _PySignal_AfterFork
964926 : 0x30c86e02bd8ca : 4 : probePythonFunctions :  the _PySignal_AfterFork size is too small to be probed: size=4. Skip and continue
964926 : 0x30c86e02c4f65 : 4 : probePythonFunctions :  PyInterpreterState_Head
964926 : 0x30c86e03bc83d : 4 : probePythonFunctions :  PyInterpreterState_Next
964926 : 0x30c86e04b38f9 : 4 : probePythonFunctions :  PyInterpreterState_ThreadHead
964926 : 0x30c86e05ad069 : 4 : probePythonFunctions :  PyThreadState_Next
964926 : 0x30c86e06a33f4 : 4 : probePythonFunctions :  PyThreadState_New
964926 : 0x30c86e07a2d8d : 4 : probePythonFunctions :  PyThreadState_Delete
964926 : 0x30c86e07cc706 : 4 : probePythonFunctions :  PyGILState_GetThisThreadState
964926 : 0x30c86e07e5b5f : 4 : probePythonFunctions :  PyEval_AcquireThread
964926 : 0x30c86e08e1d49 : 4 : probePythonFunctions :  PyEval_ReleaseThread
964926 : 0x30c86e0909990 : 4 : probePythonFunctions :  Py_GetVersion
964926 : 0x30c86e09ffc6c : 4 : probePythonFunctions :  PySys_GetObject
964926 : 0x30c86e0ae09ac : 4 : probePythonFunctions :  PyLong_AsLong
964926 : 0x30c86e0ba6bc3 : 4 : probePythonFunctions :  Py_IncRef
964926 : 0x30c86e0bb52d1 : 4 : probePythonFunctions :  Py_DecRef
964926 : 0x30c86e0bc4dd5 : 4 : probePythonFunctions :  PyThreadState_Get
964926 : 0x30c86e0c83be5 : 4 : probePythonFunctions :  PyEval_GetFrame
964926 : 0x30c86e0d76f1c : 4 : probePythonFunctions :  PyEval_ThreadsInitialized
964926 : 0x30c86e0d8d92c : 4 : probePythonFunctions :  PyObject_GetAttrString
964926 : 0x30c86e0e50ca4 : 4 : probePythonFunctions :  PyObject_Call
964926 : 0x30c86e0f10bf8 : 4 : probePythonFunctions :  PyTuple_New
964926 : 0x30c86e0fe056c : 4 : probePythonFunctions :  PyTuple_SetItem
964926 : 0x30c86e10a6ce9 : 4 : probePythonFunctions :  PyList_New
964926 : 0x30c86e116f70e : 4 : probePythonFunctions :  PyList_GetItem
964926 : 0x30c86e12584f3 : 4 : probePythonFunctions :  PyList_Size
964926 : 0x30c86e1318f5d : 4 : probePythonFunctions :  PyThread_get_thread_ident
964926 : 0x30c86e13d5d6f : 4 : probePythonFunctions :  PyErr_Fetch
964926 : 0x30c86e1490ecc : 4 : probePythonFunctions :  PyErr_Restore
964926 : 0x30c86e154bedc : 4 : probePythonFunctions :  PyDict_Next
964926 : 0x30c86e1601edc : 4 : probePythonFunctions :  PyDict_Size
964926 : 0x30c86e163292d : 4 : probePythonFunctions :  PyDict_GetItemString
964926 : 0x30c86e1710a80 : 4 : probePythonFunctions :  PyImport_GetModuleDict
964926 : 0x30c86e17d1157 : 4 : probePythonFunctions :  PyBytes_AsStringAndSize
964926 : 0x30c86e18d7299 : 4 : probePythonFunctions :  PyBytes_AsString
964926 : 0x30c86e19db110 : 4 : probePythonFunctions :  PyUnicode_EncodeLocale
964926 : 0x30c86e1afd158 : 4 : probePythonFunctions :  PyUnicode_EncodeFSDefault
964926 : 0x30c86e5a05a3b : 4 : pytrace_start_profiling :  [CALLED]
964926 : 0x30c86fd44e375 : 4 : pytrace_start_profiling :  [CALLED]
964926 : 0x30c86fd509c81 : 4 : initTmu :  init tmu started
964926 : 0x30c86fd9fb323 : 4 : initTmu :  init tmu finished
964926 : 0x30c86fdb49b8c : 4 : start :  pytrace started successfully
964926 : 0x30c86fdb50076 : 4 : pytrace_start_profiling :  PyTrace collection is started
964926 : 0x30c86fdbfe788 : 4 : Py_InitializeFromConfig :  [CALLED]
964926 : 0x30c8713a59154 : 4 : PyEval_InitThreads :  [CALLED]
964926 : 0x30c8713a654d6 : 4 : Py_RunMain :  [CALLED]
964926 : 0x30c8713a6888a : 4 : PyEval_InitThreads :  [CALLED]
964926 : 0x30c8713a6d177 : 4 : PyEval_InitThreads :  [CALLED]
964926 : 0x30c8713b69d2b : 4 : writeInitialInfo :  write initial info started
964926 : 0x30c8713b78541 : 4 : writeInitialInfo :  write initial info finished
964949 : 0x30cabea4aa0e1 : 4 : getSourceLines :  co_lnotab data: a pair is deltaByte=8 and deltaLine=1
964949 : 0x30cabea4bf927 : 4 : getSourceLines :  co_lnotab data: a pair is deltaByte=8 and deltaLine=1
964949 : 0x30cabea4d4cca : 4 : getSourceLines :  co_lnotab data: a pair is deltaByte=12 and deltaLine=1
964949 : 0x30cabea4e7956 : 4 : getSourceLines :  co_lnotab data: a pair is deltaByte=8 and deltaLine=1
964949 : 0x30cabea4fbc63 : 4 : getSourceLines :  co_lnotab data: a pair is deltaByte=26 and deltaLine=1
964949 : 0x30cabea50a4fe : 4 : getSourceLines :  Added faked src entry 62-78 8. Python did not provide src line for this code range.
964949 : 0x30cabea521c00 : 4 : getSourceLines :  co_lnotab data: a pair is deltaByte=0 and deltaLine=2
964949 : 0x30cabea52a2b6 : 4 : getSourceLines :  co_lnotab data: a pair is deltaByte=8 and deltaLine=2
964949 : 0x30cabea53281a : 4 : getSourceLines :  co_lnotab data: a pair is deltaByte=10 and deltaLine=1
964949 : 0x30cabea53ad7c : 4 : getSourceLines :  co_lnotab data: a pair is deltaByte=4 and deltaLine=4
964949 : 0x30cabea5432a9 : 4 : getSourceLines :  co_lnotab data: a pair is deltaByte=12 and deltaLine=2
964949 : 0x30cabea54b7e8 : 4 : getSourceLines :  co_lnotab data: a pair is deltaByte=6 and deltaLine=1
964949 : 0x30cabea553d33 : 4 : getSourceLines :  co_lnotab data: a pair is deltaByte=10 and deltaLine=3
964949 : 0x30cabea55c281 : 4 : getSourceLines :  co_lnotab data: a pair is deltaByte=14 and deltaLine=2
964949 : 0x30cabea5647c3 : 4 : getSourceLines :  Added faked src entry 64-76 59. Python did not provide src line for this code range.
964949 : 0x30cabea573e6d : 4 : getSourceLines :  co_lnotab data: a pair is deltaByte=0 and deltaLine=1
964949 : 0x30cabea57c436 : 4 : getSourceLines :  co_lnotab data: a pair is deltaByte=12 and deltaLine=2
964949 : 0x30cabea58496f : 4 : getSourceLines :  co_lnotab data: a pair is deltaByte=8 and deltaLine=1
964949 : 0x30cabea58cec9 : 4 : getSourceLines :  co_lnotab data: a pair is deltaByte=8 and deltaLine=1
964949 : 0x30cabea5953ff : 4 : getSourceLines :  Added faked src entry 28-32 257. Python did not provide src line for this code range.
964949 : 0x30cabea5a28b7 : 4 : getSourceLines :  co_lnotab data: a pair is deltaByte=0 and deltaLine=2
964949 : 0x30cabea5aae48 : 4 : getSourceLines :  co_lnotab data: a pair is deltaByte=6 and deltaLine=1
964949 : 0x30cabea5b336a : 4 : getSourceLines :  co_lnotab data: a pair is deltaByte=8 and deltaLine=1
964949 : 0x30cabea5bb8b7 : 4 : getSourceLines :  co_lnotab data: a pair is deltaByte=14 and deltaLine=1
964949 : 0x30cabea5c90d9 : 4 : getSourceLines :  co_lnotab data: a pair is deltaByte=12 and deltaLine=1