
1502544 : 0x52b17b6d90ab7 : 1 : spill_jit_data :  Jit agent is not initialized
1502412 : 0x52b17b6e44ee7 : 2 : ittapi_config_mask_get :  --itt-config mask to be applied: 55
1502412 : 0x52b17b6e47959 : 2 : ittapi_config_apply_per_lib :  ITTAPI function instrumented: __itt_domain_create
1502412 : 0x52b17b6e485f8 : 2 : ittapi_config_apply_per_lib :  ITTAPI function instrumented: __itt_module_load_with_sections
1502412 : 0x52b17b6e4a4b9 : 2 : ittapi_config_apply_per_lib :  ITTAPI function not implemented: __itt_module_unload_with_sections
1502412 : 0x52b17b6e4b53b : 2 : ittapi_config_apply_per_lib :  ITTAPI function instrumented: __itt_string_handle_create
1502412 : 0x52b17b6e4bc87 : 2 : ittapi_config_apply_per_lib :  ITTAPI function instrumented: __itt_counter_create
1502412 : 0x52b17b6e4c3df : 2 : ittapi_config_apply_per_lib :  ITTAPI function instrumented: __itt_counter_create_typed
1502412 : 0x52b17b6e4cb79 : 2 : ittapi_config_apply_per_lib :  ITTAPI function instrumented: __itt_pause
1502412 : 0x52b17b6e4d30b : 2 : ittapi_config_apply_per_lib :  ITTAPI function instrumented: __itt_resume
1502412 : 0x52b17b6e55392 : 2 : ittapi_config_apply_per_lib :  ITTAPI function not implemented: __itt_pause_scoped
1502412 : 0x52b17b6e567b5 : 2 : ittapi_config_apply_per_lib :  ITTAPI function not implemented: __itt_resume_scoped
1502412 : 0x52b17b6e57285 : 2 : ittapi_config_apply_per_lib :  ITTAPI function instrumented: __itt_thread_set_name
1502412 : 0x52b17b6e579dc : 2 : ittapi_config_apply_per_lib :  ITTAPI function instrumented: __itt_thread_ignore
1502412 : 0x52b17b6e581b9 : 2 : ittapi_config_apply_per_lib :  ITTAPI function instrumented: __itt_thr_name_set
1502412 : 0x52b17b6e5898e : 2 : ittapi_config_apply_per_lib :  ITTAPI function instrumented: __itt_thr_ignore
1502412 : 0x52b17b6e59100 : 2 : ittapi_config_apply_per_lib :  ITTAPI function instrumented: __itt_histogram_create
1502412 : 0x52b17b6e597ad : 2 : ittapi_config_apply_per_lib :  ITTAPI function instrumented: __itt_counter_create_v3
1502412 : 0x52b17b6e5e2cb : 2 : ittapi_config_apply_per_lib :  ITTAPI function instrumented: __itt_bind_context_metadata_to_counter
1502412 : 0x52b17b6e5ef4b : 2 : ittapi_config_apply_per_lib :  ITTAPI function not implemented: __itt_enable_attach
1502412 : 0x52b17b6e65b89 : 2 : ittapi_config_apply_per_lib :  ITTAPI function instrumented: __itt_detach
1502412 : 0x52b17b6e6619b : 2 : ittapi_config_apply_per_lib :  ITTAPI function NOT instrumented (not matched by --itt-config option): __itt_sync_create

1502412 : 0x52b17b6e666eb : 2 : ittapi_config_apply_per_lib :  ITTAPI function NOT instrumented (not matched by --itt-config option): __itt_sync_rename

1502412 : 0x52b17b6e66c89 : 2 : ittapi_config_apply_per_lib :  ITTAPI function NOT instrumented (not matched by --itt-config option): __itt_sync_destroy

1502412 : 0x52b17b6e6b072 : 2 : ittapi_config_apply_per_lib :  ITTAPI function NOT instrumented (not matched by --itt-config option): __itt_sync_prepare

1502412 : 0x52b17b6e6b548 : 2 : ittapi_config_apply_per_lib :  ITTAPI function NOT instrumented (not matched by --itt-config option): __itt_sync_cancel

1502412 : 0x52b17b6e6baad : 2 : ittapi_config_apply_per_lib :  ITTAPI function NOT instrumented (not matched by --itt-config option): __itt_sync_acquired

1502412 : 0x52b17b6e6bf62 : 2 : ittapi_config_apply_per_lib :  ITTAPI function NOT instrumented (not matched by --itt-config option): __itt_sync_releasing

1502412 : 0x52b17b6e6ca41 : 2 : ittapi_config_apply_per_lib :  ITTAPI function not implemented: __itt_suppress_push
1502412 : 0x52b17b6e6d9c3 : 2 : ittapi_config_apply_per_lib :  ITTAPI function not implemented: __itt_suppress_pop
1502412 : 0x52b17b6e6f66d : 2 : ittapi_config_apply_per_lib :  ITTAPI function not implemented: __itt_suppress_mark_range
1502412 : 0x52b17b6e70498 : 2 : ittapi_config_apply_per_lib :  ITTAPI function not implemented: __itt_suppress_clear_range
1502412 : 0x52b17b6e7099d : 2 : ittapi_config_apply_per_lib :  ITTAPI function NOT instrumented (not matched by --itt-config option): __itt_sync_prepare

1502412 : 0x52b17b6e70e84 : 2 : ittapi_config_apply_per_lib :  ITTAPI function NOT instrumented (not matched by --itt-config option): __itt_sync_cancel

1502412 : 0x52b17b6e71330 : 2 : ittapi_config_apply_per_lib :  ITTAPI function NOT instrumented (not matched by --itt-config option): __itt_sync_acquired

1502412 : 0x52b17b6e717e5 : 2 : ittapi_config_apply_per_lib :  ITTAPI function NOT instrumented (not matched by --itt-config option): __itt_sync_releasing

1502412 : 0x52b17b6e71dbb : 2 : ittapi_config_apply_per_lib :  ITTAPI function NOT instrumented (not matched by --itt-config option): __itt_model_site_begin

1502412 : 0x52b17b6e72297 : 2 : ittapi_config_apply_per_lib :  ITTAPI function NOT instrumented (not matched by --itt-config option): __itt_model_site_end

1502412 : 0x52b17b6e72775 : 2 : ittapi_config_apply_per_lib :  ITTAPI function NOT instrumented (not matched by --itt-config option): __itt_model_task_begin

1502412 : 0x52b17b6e72cea : 2 : ittapi_config_apply_per_lib :  ITTAPI function NOT instrumented (not matched by --itt-config option): __itt_model_task_end

1502412 : 0x52b17b6e76586 : 2 : ittapi_config_apply_per_lib :  ITTAPI function NOT instrumented (not matched by --itt-config option): __itt_model_lock_acquire

1502412 : 0x52b17b6e76c6a : 2 : ittapi_config_apply_per_lib :  ITTAPI function NOT instrumented (not matched by --itt-config option): __itt_model_lock_release

1502412 : 0x52b17b6e771ce : 2 : ittapi_config_apply_per_lib :  ITTAPI function NOT instrumented (not matched by --itt-config option): __itt_model_record_allocation

1502412 : 0x52b17b6e77763 : 2 : ittapi_config_apply_per_lib :  ITTAPI function NOT instrumented (not matched by --itt-config option): __itt_model_record_deallocation

1502412 : 0x52b17b6e77c91 : 2 : ittapi_config_apply_per_lib :  ITTAPI function NOT instrumented (not matched by --itt-config option): __itt_model_induction_uses

1502412 : 0x52b17b6e781e9 : 2 : ittapi_config_apply_per_lib :  ITTAPI function NOT instrumented (not matched by --itt-config option): __itt_model_reduction_uses

1502412 : 0x52b17b6e786ce : 2 : ittapi_config_apply_per_lib :  ITTAPI function NOT instrumented (not matched by --itt-config option): __itt_model_observe_uses

1502412 : 0x52b17b6e7d505 : 2 : ittapi_config_apply_per_lib :  ITTAPI function NOT instrumented (not matched by --itt-config option): __itt_model_clear_uses

1502412 : 0x52b17b6e7dadd : 2 : ittapi_config_apply_per_lib :  ITTAPI function NOT instrumented (not matched by --itt-config option): __itt_model_site_beginA

1502412 : 0x52b17b6e7dff5 : 2 : ittapi_config_apply_per_lib :  ITTAPI function NOT instrumented (not matched by --itt-config option): __itt_model_site_beginAL

1502412 : 0x52b17b6e7f801 : 2 : ittapi_config_apply_per_lib :  ITTAPI function NOT instrumented (not matched by --itt-config option): __itt_model_task_beginA

1502412 : 0x52b17b6e7fd35 : 2 : ittapi_config_apply_per_lib :  ITTAPI function NOT instrumented (not matched by --itt-config option): __itt_model_task_beginAL

1502412 : 0x52b17b6e80268 : 2 : ittapi_config_apply_per_lib :  ITTAPI function NOT instrumented (not matched by --itt-config option): __itt_model_iteration_taskA

1502412 : 0x52b17b6e807f2 : 2 : ittapi_config_apply_per_lib :  ITTAPI function NOT instrumented (not matched by --itt-config option): __itt_model_iteration_taskAL

1502412 : 0x52b17b6e80cef : 2 : ittapi_config_apply_per_lib :  ITTAPI function NOT instrumented (not matched by --itt-config option): __itt_model_site_end_2

1502412 : 0x52b17b6e81290 : 2 : ittapi_config_apply_per_lib :  ITTAPI function NOT instrumented (not matched by --itt-config option): __itt_model_task_end_2

1502412 : 0x52b17b6e8177a : 2 : ittapi_config_apply_per_lib :  ITTAPI function NOT instrumented (not matched by --itt-config option): __itt_model_lock_acquire_2

1502412 : 0x52b17b6e81c6a : 2 : ittapi_config_apply_per_lib :  ITTAPI function NOT instrumented (not matched by --itt-config option): __itt_model_lock_release_2

1502412 : 0x52b17b6e821f4 : 2 : ittapi_config_apply_per_lib :  ITTAPI function NOT instrumented (not matched by --itt-config option): __itt_model_aggregate_task

1502412 : 0x52b17b6e826cd : 2 : ittapi_config_apply_per_lib :  ITTAPI function NOT instrumented (not matched by --itt-config option): __itt_model_disable_push

1502412 : 0x52b17b6e845b7 : 2 : ittapi_config_apply_per_lib :  ITTAPI function NOT instrumented (not matched by --itt-config option): __itt_model_disable_pop

1502412 : 0x52b17b6e85282 : 2 : ittapi_config_apply_per_lib :  ITTAPI function instrumented: __itt_heap_function_create
1502412 : 0x52b17b6e8590c : 2 : ittapi_config_apply_per_lib :  ITTAPI function instrumented: __itt_heap_allocate_begin
1502412 : 0x52b17b6e85f7f : 2 : ittapi_config_apply_per_lib :  ITTAPI function instrumented: __itt_heap_allocate_end
1502412 : 0x52b17b6e865bf : 2 : ittapi_config_apply_per_lib :  ITTAPI function instrumented: __itt_heap_free_begin
1502412 : 0x52b17b6e86c4a : 2 : ittapi_config_apply_per_lib :  ITTAPI function instrumented: __itt_heap_free_end
1502412 : 0x52b17b6e8725e : 2 : ittapi_config_apply_per_lib :  ITTAPI function instrumented: __itt_heap_reallocate_begin
1502412 : 0x52b17b6e8787e : 2 : ittapi_config_apply_per_lib :  ITTAPI function instrumented: __itt_heap_reallocate_end
1502412 : 0x52b17b6e884ad : 2 : ittapi_config_apply_per_lib :  ITTAPI function not implemented: __itt_heap_internal_access_begin
1502412 : 0x52b17b6e8937f : 2 : ittapi_config_apply_per_lib :  ITTAPI function not implemented: __itt_heap_internal_access_end
1502412 : 0x52b17b6e8b33f : 2 : ittapi_config_apply_per_lib :  ITTAPI function not implemented: __itt_heap_record_memory_growth_begin
1502412 : 0x52b17b6e8c17b : 2 : ittapi_config_apply_per_lib :  ITTAPI function not implemented: __itt_heap_record_memory_growth_end
1502412 : 0x52b17b6e8cf5c : 2 : ittapi_config_apply_per_lib :  ITTAPI function not implemented: __itt_heap_reset_detection
1502412 : 0x52b17b6e8dd67 : 2 : ittapi_config_apply_per_lib :  ITTAPI function not implemented: __itt_heap_record
1502412 : 0x52b17b6e8eb30 : 2 : ittapi_config_apply_per_lib :  ITTAPI function not implemented: __itt_id_create
1502412 : 0x52b17b6e8f850 : 2 : ittapi_config_apply_per_lib :  ITTAPI function not implemented: __itt_id_destroy
1502412 : 0x52b17b6e9026d : 2 : ittapi_config_apply_per_lib :  ITTAPI function instrumented: __itt_get_timestamp
1502412 : 0x52b17b6e90c2e : 2 : ittapi_config_apply_per_lib :  ITTAPI function not implemented: __itt_region_begin
1502412 : 0x52b17b6e91990 : 2 : ittapi_config_apply_per_lib :  ITTAPI function not implemented: __itt_region_end
1502412 : 0x52b17b6e9239d : 2 : ittapi_config_apply_per_lib :  ITTAPI function instrumented: __itt_frame_begin_v3
1502412 : 0x52b17b6e93f33 : 2 : ittapi_config_apply_per_lib :  ITTAPI function instrumented: __itt_frame_end_v3
1502412 : 0x52b17b6e945f3 : 2 : ittapi_config_apply_per_lib :  ITTAPI function instrumented: __itt_frame_submit_v3
1502412 : 0x52b17b6e95060 : 2 : ittapi_config_apply_per_lib :  ITTAPI function not implemented: __itt_task_group
1502412 : 0x52b17b6e95b5b : 2 : ittapi_config_apply_per_lib :  ITTAPI function instrumented: __itt_task_begin
1502412 : 0x52b17b6e961bd : 2 : ittapi_config_apply_per_lib :  ITTAPI function instrumented: __itt_task_begin_fn
1502412 : 0x52b17b6e967ad : 2 : ittapi_config_apply_per_lib :  ITTAPI function instrumented: __itt_task_end
1502412 : 0x52b17b6e97198 : 2 : ittapi_config_apply_per_lib :  ITTAPI function not implemented: __itt_counter_inc_v3
1502412 : 0x52b17b6e97f04 : 2 : ittapi_config_apply_per_lib :  ITTAPI function not implemented: __itt_counter_inc_delta_v3
1502412 : 0x52b17b6e98c88 : 2 : ittapi_config_apply_per_lib :  ITTAPI function not implemented: __itt_counter_dec_v3
1502412 : 0x52b17b6e99947 : 2 : ittapi_config_apply_per_lib :  ITTAPI function not implemented: __itt_counter_dec_delta_v3
1502412 : 0x52b17b6e9b6f8 : 2 : ittapi_config_apply_per_lib :  ITTAPI function not implemented: __itt_marker
1502412 : 0x52b17b6e9c1b5 : 2 : ittapi_config_apply_per_lib :  ITTAPI function instrumented: __itt_metadata_add
1502412 : 0x52b17b6e9cbb6 : 2 : ittapi_config_apply_per_lib :  ITTAPI function not implemented: __itt_metadata_str_add
1502412 : 0x52b17b6e9d8fc : 2 : ittapi_config_apply_per_lib :  ITTAPI function not implemented: __itt_relation_add_to_current
1502412 : 0x52b17b6e9e673 : 2 : ittapi_config_apply_per_lib :  ITTAPI function not implemented: __itt_relation_add
1502412 : 0x52b17b6e9f00f : 2 : ittapi_config_apply_per_lib :  ITTAPI function instrumented: __itt_event_create
1502412 : 0x52b17b6e9f6ac : 2 : ittapi_config_apply_per_lib :  ITTAPI function instrumented: __itt_event_start
1502412 : 0x52b17b6e9fcdf : 2 : ittapi_config_apply_per_lib :  ITTAPI function instrumented: __itt_event_end
1502412 : 0x52b17b6ea021b : 2 : ittapi_config_apply_per_lib :  ITTAPI function NOT instrumented (not matched by --itt-config option): __itt_sync_set_name

1502412 : 0x52b17b6ea076c : 2 : ittapi_config_apply_per_lib :  ITTAPI function NOT instrumented (not matched by --itt-config option): __itt_notify_sync_name

1502412 : 0x52b17b6ea2f36 : 2 : ittapi_config_apply_per_lib :  ITTAPI function NOT instrumented (not matched by --itt-config option): __itt_notify_sync_prepare

1502412 : 0x52b17b6ea357d : 2 : ittapi_config_apply_per_lib :  ITTAPI function NOT instrumented (not matched by --itt-config option): __itt_notify_sync_cancel

1502412 : 0x52b17b6ea3a9d : 2 : ittapi_config_apply_per_lib :  ITTAPI function NOT instrumented (not matched by --itt-config option): __itt_notify_sync_acquired

1502412 : 0x52b17b6ea4029 : 2 : ittapi_config_apply_per_lib :  ITTAPI function NOT instrumented (not matched by --itt-config option): __itt_notify_sync_releasing

1502412 : 0x52b17b6ea4b12 : 2 : ittapi_config_apply_per_lib :  ITTAPI function not implemented: __itt_memory_read
1502412 : 0x52b17b6ea5960 : 2 : ittapi_config_apply_per_lib :  ITTAPI function not implemented: __itt_memory_write
1502412 : 0x52b17b6ea6705 : 2 : ittapi_config_apply_per_lib :  ITTAPI function not implemented: __itt_memory_update
1502412 : 0x52b17b6ea7407 : 2 : ittapi_config_apply_per_lib :  ITTAPI function not implemented: __itt_state_get
1502412 : 0x52b17b6ea80cd : 2 : ittapi_config_apply_per_lib :  ITTAPI function not implemented: __itt_state_set
1502412 : 0x52b17b6ea8e06 : 2 : ittapi_config_apply_per_lib :  ITTAPI function not implemented: __itt_obj_mode_set
1502412 : 0x52b17b6eaad47 : 2 : ittapi_config_apply_per_lib :  ITTAPI function not implemented: __itt_thr_mode_set
1502412 : 0x52b17b6eab75e : 2 : ittapi_config_apply_per_lib :  ITTAPI function instrumented: __itt_frame_create
1502412 : 0x52b17b6eabd8f : 2 : ittapi_config_apply_per_lib :  ITTAPI function instrumented: __itt_pt_region_create
1502412 : 0x52b17b6eac4a4 : 2 : ittapi_config_apply_per_lib :  ITTAPI function instrumented: __itt_frame_begin
1502412 : 0x52b17b6eacad0 : 2 : ittapi_config_apply_per_lib :  ITTAPI function instrumented: __itt_frame_end
1502412 : 0x52b17b6ead5e8 : 2 : ittapi_config_apply_per_lib :  ITTAPI function not implemented: __itt_counter_destroy
1502412 : 0x52b17b6eadfd4 : 2 : ittapi_config_apply_per_lib :  ITTAPI function instrumented: __itt_counter_inc
1502412 : 0x52b17b6eae67a : 2 : ittapi_config_apply_per_lib :  ITTAPI function instrumented: __itt_counter_inc_delta
1502412 : 0x52b17b6eaece0 : 2 : ittapi_config_apply_per_lib :  ITTAPI function instrumented: __itt_counter_dec
1502412 : 0x52b17b6eaf370 : 2 : ittapi_config_apply_per_lib :  ITTAPI function instrumented: __itt_counter_dec_delta
1502412 : 0x52b17b6eb09b1 : 2 : ittapi_config_apply_per_lib :  ITTAPI function instrumented: __itt_counter_set_value
1502412 : 0x52b17b6eb14f2 : 2 : ittapi_config_apply_per_lib :  ITTAPI function not implemented: __itt_counter_set_value_ex
1502412 : 0x52b17b6eb2259 : 2 : ittapi_config_apply_per_lib :  ITTAPI function not implemented: __itt_mark_create
1502412 : 0x52b17b6eb2fa7 : 2 : ittapi_config_apply_per_lib :  ITTAPI function not implemented: __itt_mark
1502412 : 0x52b17b6eb3cba : 2 : ittapi_config_apply_per_lib :  ITTAPI function not implemented: __itt_mark_off
1502412 : 0x52b17b6eb4a59 : 2 : ittapi_config_apply_per_lib :  ITTAPI function not implemented: __itt_mark_global
1502412 : 0x52b17b6eb5776 : 2 : ittapi_config_apply_per_lib :  ITTAPI function not implemented: __itt_mark_global_off
1502412 : 0x52b17b6eb61f6 : 2 : ittapi_config_apply_per_lib :  ITTAPI function instrumented: __itt_stack_caller_create
1502412 : 0x52b17b6eba7ce : 2 : ittapi_config_apply_per_lib :  ITTAPI function instrumented: __itt_stack_caller_destroy
1502412 : 0x52b17b6ebae5c : 2 : ittapi_config_apply_per_lib :  ITTAPI function instrumented: __itt_stack_callee_enter
1502412 : 0x52b17b6ebce0a : 2 : ittapi_config_apply_per_lib :  ITTAPI function instrumented: __itt_stack_callee_leave
1502412 : 0x52b17b6ebd968 : 2 : ittapi_config_apply_per_lib :  ITTAPI function not implemented: __itt_clock_domain_create
1502412 : 0x52b17b6ebe61c : 2 : ittapi_config_apply_per_lib :  ITTAPI function not implemented: __itt_clock_domain_reset
1502412 : 0x52b17b6ebf37e : 2 : ittapi_config_apply_per_lib :  ITTAPI function not implemented: __itt_id_create_ex
1502412 : 0x52b17b6ec0046 : 2 : ittapi_config_apply_per_lib :  ITTAPI function not implemented: __itt_id_destroy_ex
1502412 : 0x52b17b6ec0cf3 : 2 : ittapi_config_apply_per_lib :  ITTAPI function not implemented: __itt_task_begin_ex
1502412 : 0x52b17b6ec1a4b : 2 : ittapi_config_apply_per_lib :  ITTAPI function not implemented: __itt_task_begin_fn_ex
1502412 : 0x52b17b6ec271c : 2 : ittapi_config_apply_per_lib :  ITTAPI function not implemented: __itt_task_end_ex
1502412 : 0x52b17b6ec30a9 : 2 : ittapi_config_apply_per_lib :  ITTAPI function instrumented: __itt_task_begin_overlapped
1502412 : 0x52b17b6ec3b3a : 2 : ittapi_config_apply_per_lib :  ITTAPI function not implemented: __itt_task_begin_overlapped_ex
1502412 : 0x52b17b6ec54af : 2 : ittapi_config_apply_per_lib :  ITTAPI function instrumented: __itt_task_end_overlapped
1502412 : 0x52b17b6ec5f8a : 2 : ittapi_config_apply_per_lib :  ITTAPI function not implemented: __itt_task_end_overlapped_ex
1502412 : 0x52b17b6ec6c69 : 2 : ittapi_config_apply_per_lib :  ITTAPI function not implemented: __itt_marker_ex
1502412 : 0x52b17b6ec7a77 : 2 : ittapi_config_apply_per_lib :  ITTAPI function not implemented: __itt_metadata_add_with_scope
1502412 : 0x52b17b6ec87b1 : 2 : ittapi_config_apply_per_lib :  ITTAPI function not implemented: __itt_metadata_str_add_with_scope
1502412 : 0x52b17b6ec951a : 2 : ittapi_config_apply_per_lib :  ITTAPI function not implemented: __itt_relation_add_to_current_ex
1502412 : 0x52b17b6eca1cc : 2 : ittapi_config_apply_per_lib :  ITTAPI function not implemented: __itt_relation_add_ex
1502412 : 0x52b17b6ecaeb2 : 2 : ittapi_config_apply_per_lib :  ITTAPI function not implemented: __itt_track_group_create
1502412 : 0x52b17b6ecbaf3 : 2 : ittapi_config_apply_per_lib :  ITTAPI function not implemented: __itt_track_create
1502412 : 0x52b17b6ecc782 : 2 : ittapi_config_apply_per_lib :  ITTAPI function not implemented: __itt_set_track
1502412 : 0x52b17b6ece0ce : 2 : ittapi_config_apply_per_lib :  ITTAPI function instrumented: __itt_api_version
1502412 : 0x52b17b6ecebaa : 2 : ittapi_config_apply_per_lib :  ITTAPI function not implemented: __itt_av_save
1502412 : 0x52b17b6ecf4ec : 2 : ittapi_config_apply_per_lib :  ITTAPI function instrumented: __itt_module_load
1502412 : 0x52b17b6ecfec4 : 2 : ittapi_config_apply_per_lib :  ITTAPI function not implemented: __itt_module_unload
1502412 : 0x52b17b6ed040c : 2 : ittapi_config_apply_per_lib :  ITTAPI function NOT instrumented (not matched by --itt-config option): __itt_histogram_submit

1502412 : 0x52b17b6ed0daa : 2 : ittapi_config_apply_per_lib :  ITTAPI function instrumented: __itt_counter_set_value_v3