
Lmod is automatically replacing "cce/15.0.0" with "gcc/11.2.0".


Lmod is automatically replacing "PrgEnv-cray/8.3.3" with "PrgEnv-gnu/8.3.3".


Due to MODULEPATH changes, the following have been reloaded:
  1) cray-mpich/8.1.23

Succesfully created closed polygon from input
The polyhedron has 87736 facets 263208 halfedges 0 border halfedges 43868 vertices 
Preprocessing took: 0.388839 s 
Execution time: 2.43295 seconds
Succesfully created closed polygon from input
The polyhedron has 87736 facets 263208 halfedges 0 border halfedges 43868 vertices 
Preprocessing took: 0.390666 s 
Execution time: 2.5507 seconds
Succesfully created closed polygon from input
The polyhedron has 87736 facets 263208 halfedges 0 border halfedges 43868 vertices 
Preprocessing took: 0.382971 s 
Execution time: 2.39936 seconds
Succesfully created closed polygon from input
The polyhedron has 87736 facets 263208 halfedges 0 border halfedges 43868 vertices 
Preprocessing took: 0.388778 s 
Execution time: 2.47699 seconds
Succesfully created closed polygon from input
The polyhedron has 87736 facets 263208 halfedges 0 border halfedges 43868 vertices 
Preprocessing took: 0.391398 s 
Execution time: 2.41073 seconds
