
Lmod is automatically replacing "cce/15.0.0" with "gcc/11.2.0".


Lmod is automatically replacing "PrgEnv-cray/8.3.3" with "PrgEnv-gnu/8.3.3".


Due to MODULEPATH changes, the following have been reloaded:
  1) cray-mpich/8.1.23

Succesfully created closed polygon from input
The polyhedron has 87736 facets 263208 halfedges 0 border halfedges 43868 vertices 
Preprocessing took: 0.413438 s 
Execution time: 25.309 seconds
Succesfully created closed polygon from input
The polyhedron has 87736 facets 263208 halfedges 0 border halfedges 43868 vertices 
Preprocessing took: 0.415374 s 
Execution time: 25.5478 seconds
Succesfully created closed polygon from input
The polyhedron has 87736 facets 263208 halfedges 0 border halfedges 43868 vertices 
Preprocessing took: 0.415392 s 
Execution time: 24.3916 seconds
Succesfully created closed polygon from input
The polyhedron has 87736 facets 263208 halfedges 0 border halfedges 43868 vertices 
Preprocessing took: 0.414466 s 
Execution time: 24.3701 seconds
Succesfully created closed polygon from input
The polyhedron has 87736 facets 263208 halfedges 0 border halfedges 43868 vertices 
Preprocessing took: 0.415275 s 
Execution time: 24.5097 seconds
Succesfully created closed polygon from input
The polyhedron has 87736 facets 263208 halfedges 0 border halfedges 43868 vertices 
Preprocessing took: 0.416535 s 
Execution time: 151.105 seconds
Succesfully created closed polygon from input
The polyhedron has 87736 facets 263208 halfedges 0 border halfedges 43868 vertices 
Preprocessing took: 0.415855 s 
Execution time: 155.92 seconds
