
1025044 : 0x349583a509bc4 : 1 : spill_jit_data :  Jit agent is not initialized
1024885 : 0x349583a59c2b0 : 2 : ittapi_config_mask_get :  --itt-config mask to be applied: 39
1024885 : 0x349583a59e548 : 2 : ittapi_config_apply_per_lib :  ITTAPI function instrumented: __itt_domain_create
1024885 : 0x349583a59ef47 : 2 : ittapi_config_apply_per_lib :  ITTAPI function instrumented: __itt_module_load_with_sections
1024885 : 0x349583a59fc82 : 2 : ittapi_config_apply_per_lib :  ITTAPI function not implemented: __itt_module_unload_with_sections
1024885 : 0x349583a5a04da : 2 : ittapi_config_apply_per_lib :  ITTAPI function instrumented: __itt_string_handle_create
1024885 : 0x349583a5a0b54 : 2 : ittapi_config_apply_per_lib :  ITTAPI function instrumented: __itt_counter_create
1024885 : 0x349583a5a1151 : 2 : ittapi_config_apply_per_lib :  ITTAPI function instrumented: __itt_counter_create_typed
1024885 : 0x349583a5a178a : 2 : ittapi_config_apply_per_lib :  ITTAPI function instrumented: __itt_pause
1024885 : 0x349583a5a1e19 : 2 : ittapi_config_apply_per_lib :  ITTAPI function instrumented: __itt_resume
1024885 : 0x349583a5a7b92 : 2 : ittapi_config_apply_per_lib :  ITTAPI function not implemented: __itt_pause_scoped
1024885 : 0x349583a5a860f : 2 : ittapi_config_apply_per_lib :  ITTAPI function not implemented: __itt_resume_scoped
1024885 : 0x349583a5a8cd8 : 2 : ittapi_config_apply_per_lib :  ITTAPI function instrumented: __itt_thread_set_name
1024885 : 0x349583a5a935f : 2 : ittapi_config_apply_per_lib :  ITTAPI function instrumented: __itt_thread_ignore
1024885 : 0x349583a5a999f : 2 : ittapi_config_apply_per_lib :  ITTAPI function instrumented: __itt_thr_name_set
1024885 : 0x349583a5a9fdc : 2 : ittapi_config_apply_per_lib :  ITTAPI function instrumented: __itt_thr_ignore
1024885 : 0x349583a5aa63a : 2 : ittapi_config_apply_per_lib :  ITTAPI function instrumented: __itt_histogram_create
1024885 : 0x349583a5aabcb : 2 : ittapi_config_apply_per_lib :  ITTAPI function instrumented: __itt_counter_create_v3
1024885 : 0x349583a5ab226 : 2 : ittapi_config_apply_per_lib :  ITTAPI function instrumented: __itt_bind_context_metadata_to_counter
1024885 : 0x349583a5ab8d1 : 2 : ittapi_config_apply_per_lib :  ITTAPI function not implemented: __itt_enable_attach
1024885 : 0x349583a5ad23d : 2 : ittapi_config_apply_per_lib :  ITTAPI function instrumented: __itt_detach
1024885 : 0x349583a5ad790 : 2 : ittapi_config_apply_per_lib :  ITTAPI function NOT instrumented (not matched by --itt-config option): __itt_sync_create

1024885 : 0x349583a5adcc1 : 2 : ittapi_config_apply_per_lib :  ITTAPI function NOT instrumented (not matched by --itt-config option): __itt_sync_rename

1024885 : 0x349583a5ae1c4 : 2 : ittapi_config_apply_per_lib :  ITTAPI function NOT instrumented (not matched by --itt-config option): __itt_sync_destroy

1024885 : 0x349583a5ae6a0 : 2 : ittapi_config_apply_per_lib :  ITTAPI function NOT instrumented (not matched by --itt-config option): __itt_sync_prepare

1024885 : 0x349583a5aff8c : 2 : ittapi_config_apply_per_lib :  ITTAPI function NOT instrumented (not matched by --itt-config option): __itt_sync_cancel

1024885 : 0x349583a5b052b : 2 : ittapi_config_apply_per_lib :  ITTAPI function NOT instrumented (not matched by --itt-config option): __itt_sync_acquired

1024885 : 0x349583a5b0a05 : 2 : ittapi_config_apply_per_lib :  ITTAPI function NOT instrumented (not matched by --itt-config option): __itt_sync_releasing

1024885 : 0x349583a5b1085 : 2 : ittapi_config_apply_per_lib :  ITTAPI function not implemented: __itt_suppress_push
1024885 : 0x349583a5b1854 : 2 : ittapi_config_apply_per_lib :  ITTAPI function not implemented: __itt_suppress_pop
1024885 : 0x349583a5b78bc : 2 : ittapi_config_apply_per_lib :  ITTAPI function not implemented: __itt_suppress_mark_range
1024885 : 0x349583a5b8213 : 2 : ittapi_config_apply_per_lib :  ITTAPI function not implemented: __itt_suppress_clear_range
1024885 : 0x349583a5b877f : 2 : ittapi_config_apply_per_lib :  ITTAPI function NOT instrumented (not matched by --itt-config option): __itt_sync_prepare

1024885 : 0x349583a5b8ca8 : 2 : ittapi_config_apply_per_lib :  ITTAPI function NOT instrumented (not matched by --itt-config option): __itt_sync_cancel

1024885 : 0x349583a5b92ff : 2 : ittapi_config_apply_per_lib :  ITTAPI function NOT instrumented (not matched by --itt-config option): __itt_sync_acquired

1024885 : 0x349583a5b9803 : 2 : ittapi_config_apply_per_lib :  ITTAPI function NOT instrumented (not matched by --itt-config option): __itt_sync_releasing

1024885 : 0x349583a5b9db0 : 2 : ittapi_config_apply_per_lib :  ITTAPI function NOT instrumented (not matched by --itt-config option): __itt_model_site_begin

1024885 : 0x349583a5ba3d2 : 2 : ittapi_config_apply_per_lib :  ITTAPI function NOT instrumented (not matched by --itt-config option): __itt_model_site_end

1024885 : 0x349583a5ba92c : 2 : ittapi_config_apply_per_lib :  ITTAPI function NOT instrumented (not matched by --itt-config option): __itt_model_task_begin

1024885 : 0x349583a5bae97 : 2 : ittapi_config_apply_per_lib :  ITTAPI function NOT instrumented (not matched by --itt-config option): __itt_model_task_end

1024885 : 0x349583a5be1c5 : 2 : ittapi_config_apply_per_lib :  ITTAPI function NOT instrumented (not matched by --itt-config option): __itt_model_lock_acquire

1024885 : 0x349583a5be7a1 : 2 : ittapi_config_apply_per_lib :  ITTAPI function NOT instrumented (not matched by --itt-config option): __itt_model_lock_release

1024885 : 0x349583a5becf3 : 2 : ittapi_config_apply_per_lib :  ITTAPI function NOT instrumented (not matched by --itt-config option): __itt_model_record_allocation

1024885 : 0x349583a5bf2a5 : 2 : ittapi_config_apply_per_lib :  ITTAPI function NOT instrumented (not matched by --itt-config option): __itt_model_record_deallocation

1024885 : 0x349583a5bf7e8 : 2 : ittapi_config_apply_per_lib :  ITTAPI function NOT instrumented (not matched by --itt-config option): __itt_model_induction_uses

1024885 : 0x349583a5bfd27 : 2 : ittapi_config_apply_per_lib :  ITTAPI function NOT instrumented (not matched by --itt-config option): __itt_model_reduction_uses

1024885 : 0x349583a5c0250 : 2 : ittapi_config_apply_per_lib :  ITTAPI function NOT instrumented (not matched by --itt-config option): __itt_model_observe_uses

1024885 : 0x349583a5c0746 : 2 : ittapi_config_apply_per_lib :  ITTAPI function NOT instrumented (not matched by --itt-config option): __itt_model_clear_uses

1024885 : 0x349583a5c0cb1 : 2 : ittapi_config_apply_per_lib :  ITTAPI function NOT instrumented (not matched by --itt-config option): __itt_model_site_beginA

1024885 : 0x349583a5c11b5 : 2 : ittapi_config_apply_per_lib :  ITTAPI function NOT instrumented (not matched by --itt-config option): __itt_model_site_beginAL

1024885 : 0x349583a5c26fa : 2 : ittapi_config_apply_per_lib :  ITTAPI function NOT instrumented (not matched by --itt-config option): __itt_model_task_beginA

1024885 : 0x349583a5c2c43 : 2 : ittapi_config_apply_per_lib :  ITTAPI function NOT instrumented (not matched by --itt-config option): __itt_model_task_beginAL

1024885 : 0x349583a5c313a : 2 : ittapi_config_apply_per_lib :  ITTAPI function NOT instrumented (not matched by --itt-config option): __itt_model_iteration_taskA

1024885 : 0x349583a5c3695 : 2 : ittapi_config_apply_per_lib :  ITTAPI function NOT instrumented (not matched by --itt-config option): __itt_model_iteration_taskAL

1024885 : 0x349583a5c3bb1 : 2 : ittapi_config_apply_per_lib :  ITTAPI function NOT instrumented (not matched by --itt-config option): __itt_model_site_end_2

1024885 : 0x349583a5c410b : 2 : ittapi_config_apply_per_lib :  ITTAPI function NOT instrumented (not matched by --itt-config option): __itt_model_task_end_2

1024885 : 0x349583a5c4605 : 2 : ittapi_config_apply_per_lib :  ITTAPI function NOT instrumented (not matched by --itt-config option): __itt_model_lock_acquire_2

1024885 : 0x349583a5c4afc : 2 : ittapi_config_apply_per_lib :  ITTAPI function NOT instrumented (not matched by --itt-config option): __itt_model_lock_release_2

1024885 : 0x349583a5c5058 : 2 : ittapi_config_apply_per_lib :  ITTAPI function NOT instrumented (not matched by --itt-config option): __itt_model_aggregate_task

1024885 : 0x349583a5c553b : 2 : ittapi_config_apply_per_lib :  ITTAPI function NOT instrumented (not matched by --itt-config option): __itt_model_disable_push

1024885 : 0x349583a5c72bf : 2 : ittapi_config_apply_per_lib :  ITTAPI function NOT instrumented (not matched by --itt-config option): __itt_model_disable_pop

1024885 : 0x349583a5c7a00 : 2 : ittapi_config_apply_per_lib :  ITTAPI function instrumented: __itt_heap_function_create
1024885 : 0x349583a5c8064 : 2 : ittapi_config_apply_per_lib :  ITTAPI function instrumented: __itt_heap_allocate_begin
1024885 : 0x349583a5c8668 : 2 : ittapi_config_apply_per_lib :  ITTAPI function instrumented: __itt_heap_allocate_end
1024885 : 0x349583a5c8cde : 2 : ittapi_config_apply_per_lib :  ITTAPI function instrumented: __itt_heap_free_begin
1024885 : 0x349583a5c92d7 : 2 : ittapi_config_apply_per_lib :  ITTAPI function instrumented: __itt_heap_free_end
1024885 : 0x349583a5c98d6 : 2 : ittapi_config_apply_per_lib :  ITTAPI function instrumented: __itt_heap_reallocate_begin
1024885 : 0x349583a5c9efe : 2 : ittapi_config_apply_per_lib :  ITTAPI function instrumented: __itt_heap_reallocate_end
1024885 : 0x349583a5ca6f0 : 2 : ittapi_config_apply_per_lib :  ITTAPI function not implemented: __itt_heap_internal_access_begin
1024885 : 0x349583a5cae01 : 2 : ittapi_config_apply_per_lib :  ITTAPI function not implemented: __itt_heap_internal_access_end
1024885 : 0x349583a5cc45d : 2 : ittapi_config_apply_per_lib :  ITTAPI function not implemented: __itt_heap_record_memory_growth_begin
1024885 : 0x349583a5ccc11 : 2 : ittapi_config_apply_per_lib :  ITTAPI function not implemented: __itt_heap_record_memory_growth_end
1024885 : 0x349583a5cd338 : 2 : ittapi_config_apply_per_lib :  ITTAPI function not implemented: __itt_heap_reset_detection
1024885 : 0x349583a5cda33 : 2 : ittapi_config_apply_per_lib :  ITTAPI function not implemented: __itt_heap_record
1024885 : 0x349583a5d1dca : 2 : ittapi_config_apply_per_lib :  ITTAPI function not implemented: __itt_id_create
1024885 : 0x349583a5d2503 : 2 : ittapi_config_apply_per_lib :  ITTAPI function not implemented: __itt_id_destroy
1024885 : 0x349583a5d2b6b : 2 : ittapi_config_apply_per_lib :  ITTAPI function instrumented: __itt_get_timestamp
1024885 : 0x349583a5d31d0 : 2 : ittapi_config_apply_per_lib :  ITTAPI function not implemented: __itt_region_begin
1024885 : 0x349583a5d3854 : 2 : ittapi_config_apply_per_lib :  ITTAPI function not implemented: __itt_region_end
1024885 : 0x349583a5d3eba : 2 : ittapi_config_apply_per_lib :  ITTAPI function instrumented: __itt_frame_begin_v3
1024885 : 0x349583a5d535b : 2 : ittapi_config_apply_per_lib :  ITTAPI function instrumented: __itt_frame_end_v3
1024885 : 0x349583a5d5998 : 2 : ittapi_config_apply_per_lib :  ITTAPI function instrumented: __itt_frame_submit_v3
1024885 : 0x349583a5d6067 : 2 : ittapi_config_apply_per_lib :  ITTAPI function not implemented: __itt_task_group
1024885 : 0x349583a5d66c9 : 2 : ittapi_config_apply_per_lib :  ITTAPI function instrumented: __itt_task_begin
1024885 : 0x349583a5d6cfb : 2 : ittapi_config_apply_per_lib :  ITTAPI function instrumented: __itt_task_begin_fn
1024885 : 0x349583a5d72f8 : 2 : ittapi_config_apply_per_lib :  ITTAPI function instrumented: __itt_task_end
1024885 : 0x349583a5d79a2 : 2 : ittapi_config_apply_per_lib :  ITTAPI function not implemented: __itt_counter_inc_v3
1024885 : 0x349583a5d8087 : 2 : ittapi_config_apply_per_lib :  ITTAPI function not implemented: __itt_counter_inc_delta_v3
1024885 : 0x349583a5d8730 : 2 : ittapi_config_apply_per_lib :  ITTAPI function not implemented: __itt_counter_dec_v3
1024885 : 0x349583a5d8d70 : 2 : ittapi_config_apply_per_lib :  ITTAPI function not implemented: __itt_counter_dec_delta_v3
1024885 : 0x349583a5da0fa : 2 : ittapi_config_apply_per_lib :  ITTAPI function not implemented: __itt_marker
1024885 : 0x349583a5da722 : 2 : ittapi_config_apply_per_lib :  ITTAPI function instrumented: __itt_metadata_add
1024885 : 0x349583a5dadd6 : 2 : ittapi_config_apply_per_lib :  ITTAPI function not implemented: __itt_metadata_str_add
1024885 : 0x349583a5db424 : 2 : ittapi_config_apply_per_lib :  ITTAPI function not implemented: __itt_relation_add_to_current
1024885 : 0x349583a5dbbd8 : 2 : ittapi_config_apply_per_lib :  ITTAPI function not implemented: __itt_relation_add
1024885 : 0x349583a5dc223 : 2 : ittapi_config_apply_per_lib :  ITTAPI function instrumented: __itt_event_create
1024885 : 0x349583a5dc83a : 2 : ittapi_config_apply_per_lib :  ITTAPI function instrumented: __itt_event_start
1024885 : 0x349583a5dce16 : 2 : ittapi_config_apply_per_lib :  ITTAPI function instrumented: __itt_event_end
1024885 : 0x349583a5dd32b : 2 : ittapi_config_apply_per_lib :  ITTAPI function NOT instrumented (not matched by --itt-config option): __itt_sync_set_name

1024885 : 0x349583a5dd83b : 2 : ittapi_config_apply_per_lib :  ITTAPI function NOT instrumented (not matched by --itt-config option): __itt_notify_sync_name

1024885 : 0x349583a5df9f9 : 2 : ittapi_config_apply_per_lib :  ITTAPI function NOT instrumented (not matched by --itt-config option): __itt_notify_sync_prepare

1024885 : 0x349583a5dff4e : 2 : ittapi_config_apply_per_lib :  ITTAPI function NOT instrumented (not matched by --itt-config option): __itt_notify_sync_cancel

1024885 : 0x349583a5e040c : 2 : ittapi_config_apply_per_lib :  ITTAPI function NOT instrumented (not matched by --itt-config option): __itt_notify_sync_acquired

1024885 : 0x349583a5e08b0 : 2 : ittapi_config_apply_per_lib :  ITTAPI function NOT instrumented (not matched by --itt-config option): __itt_notify_sync_releasing

1024885 : 0x349583a5e0f60 : 2 : ittapi_config_apply_per_lib :  ITTAPI function not implemented: __itt_memory_read
1024885 : 0x349583a5e15b4 : 2 : ittapi_config_apply_per_lib :  ITTAPI function not implemented: __itt_memory_write
1024885 : 0x349583a5e1c15 : 2 : ittapi_config_apply_per_lib :  ITTAPI function not implemented: __itt_memory_update
1024885 : 0x349583a5e22b4 : 2 : ittapi_config_apply_per_lib :  ITTAPI function not implemented: __itt_state_get
1024885 : 0x349583a5e28e6 : 2 : ittapi_config_apply_per_lib :  ITTAPI function not implemented: __itt_state_set
1024885 : 0x349583a5e2fd6 : 2 : ittapi_config_apply_per_lib :  ITTAPI function not implemented: __itt_obj_mode_set
1024885 : 0x349583a5e44f6 : 2 : ittapi_config_apply_per_lib :  ITTAPI function not implemented: __itt_thr_mode_set
1024885 : 0x349583a5e4b5c : 2 : ittapi_config_apply_per_lib :  ITTAPI function instrumented: __itt_frame_create
1024885 : 0x349583a5e5192 : 2 : ittapi_config_apply_per_lib :  ITTAPI function instrumented: __itt_pt_region_create
1024885 : 0x349583a5e57d2 : 2 : ittapi_config_apply_per_lib :  ITTAPI function instrumented: __itt_frame_begin
1024885 : 0x349583a5e5dd0 : 2 : ittapi_config_apply_per_lib :  ITTAPI function instrumented: __itt_frame_end
1024885 : 0x349583a5e64d9 : 2 : ittapi_config_apply_per_lib :  ITTAPI function not implemented: __itt_counter_destroy
1024885 : 0x349583a5e6b18 : 2 : ittapi_config_apply_per_lib :  ITTAPI function instrumented: __itt_counter_inc
1024885 : 0x349583a5e7120 : 2 : ittapi_config_apply_per_lib :  ITTAPI function instrumented: __itt_counter_inc_delta
1024885 : 0x349583a5e7709 : 2 : ittapi_config_apply_per_lib :  ITTAPI function instrumented: __itt_counter_dec
1024885 : 0x349583a5e7da0 : 2 : ittapi_config_apply_per_lib :  ITTAPI function instrumented: __itt_counter_dec_delta
1024885 : 0x349583a5e90c7 : 2 : ittapi_config_apply_per_lib :  ITTAPI function instrumented: __itt_counter_set_value
1024885 : 0x349583a5e97c2 : 2 : ittapi_config_apply_per_lib :  ITTAPI function not implemented: __itt_counter_set_value_ex
1024885 : 0x349583a5e9e1a : 2 : ittapi_config_apply_per_lib :  ITTAPI function not implemented: __itt_mark_create
1024885 : 0x349583a5ea4a9 : 2 : ittapi_config_apply_per_lib :  ITTAPI function not implemented: __itt_mark
1024885 : 0x349583a5eaaea : 2 : ittapi_config_apply_per_lib :  ITTAPI function not implemented: __itt_mark_off
1024885 : 0x349583a5eb183 : 2 : ittapi_config_apply_per_lib :  ITTAPI function not implemented: __itt_mark_global
1024885 : 0x349583a5eb7a1 : 2 : ittapi_config_apply_per_lib :  ITTAPI function not implemented: __itt_mark_global_off
1024885 : 0x349583a5ebcfb : 2 : ittapi_config_apply_per_lib :  ITTAPI function NOT instrumented (not matched by --itt-config option): __itt_stack_caller_create

1024885 : 0x349583a5ec1ff : 2 : ittapi_config_apply_per_lib :  ITTAPI function NOT instrumented (not matched by --itt-config option): __itt_stack_caller_destroy

1024885 : 0x349583a5ec731 : 2 : ittapi_config_apply_per_lib :  ITTAPI function NOT instrumented (not matched by --itt-config option): __itt_stack_callee_enter

1024885 : 0x349583a5ee20b : 2 : ittapi_config_apply_per_lib :  ITTAPI function NOT instrumented (not matched by --itt-config option): __itt_stack_callee_leave

1024885 : 0x349583a5ee95b : 2 : ittapi_config_apply_per_lib :  ITTAPI function not implemented: __itt_clock_domain_create
1024885 : 0x349583a5eefd2 : 2 : ittapi_config_apply_per_lib :  ITTAPI function not implemented: __itt_clock_domain_reset
1024885 : 0x349583a5ef625 : 2 : ittapi_config_apply_per_lib :  ITTAPI function not implemented: __itt_id_create_ex
1024885 : 0x349583a5efc94 : 2 : ittapi_config_apply_per_lib :  ITTAPI function not implemented: __itt_id_destroy_ex
1024885 : 0x349583a5f417f : 2 : ittapi_config_apply_per_lib :  ITTAPI function not implemented: __itt_task_begin_ex
1024885 : 0x349583a5f47be : 2 : ittapi_config_apply_per_lib :  ITTAPI function not implemented: __itt_task_begin_fn_ex
1024885 : 0x349583a5f4e24 : 2 : ittapi_config_apply_per_lib :  ITTAPI function not implemented: __itt_task_end_ex
1024885 : 0x349583a5f5489 : 2 : ittapi_config_apply_per_lib :  ITTAPI function instrumented: __itt_task_begin_overlapped
1024885 : 0x349583a5f5b2e : 2 : ittapi_config_apply_per_lib :  ITTAPI function not implemented: __itt_task_begin_overlapped_ex
1024885 : 0x349583a5f6ec7 : 2 : ittapi_config_apply_per_lib :  ITTAPI function instrumented: __itt_task_end_overlapped
1024885 : 0x349583a5f7571 : 2 : ittapi_config_apply_per_lib :  ITTAPI function not implemented: __itt_task_end_overlapped_ex
1024885 : 0x349583a5f7bc2 : 2 : ittapi_config_apply_per_lib :  ITTAPI function not implemented: __itt_marker_ex
1024885 : 0x349583a5f824d : 2 : ittapi_config_apply_per_lib :  ITTAPI function not implemented: __itt_metadata_add_with_scope
1024885 : 0x349583a5f890b : 2 : ittapi_config_apply_per_lib :  ITTAPI function not implemented: __itt_metadata_str_add_with_scope
1024885 : 0x349583a5fcf55 : 2 : ittapi_config_apply_per_lib :  ITTAPI function not implemented: __itt_relation_add_to_current_ex
1024885 : 0x349583a5fd56c : 2 : ittapi_config_apply_per_lib :  ITTAPI function not implemented: __itt_relation_add_ex
1024885 : 0x349583a5fdb96 : 2 : ittapi_config_apply_per_lib :  ITTAPI function not implemented: __itt_track_group_create
1024885 : 0x349583a5fe11a : 2 : ittapi_config_apply_per_lib :  ITTAPI function not implemented: __itt_track_create
1024885 : 0x349583a5fe6ef : 2 : ittapi_config_apply_per_lib :  ITTAPI function not implemented: __itt_set_track
1024885 : 0x349583a5ff946 : 2 : ittapi_config_apply_per_lib :  ITTAPI function instrumented: __itt_api_version
1024885 : 0x349583a5fff61 : 2 : ittapi_config_apply_per_lib :  ITTAPI function not implemented: __itt_av_save
1024885 : 0x349583a6004ec : 2 : ittapi_config_apply_per_lib :  ITTAPI function instrumented: __itt_module_load
1024885 : 0x349583a600b23 : 2 : ittapi_config_apply_per_lib :  ITTAPI function not implemented: __itt_module_unload
1024885 : 0x349583a60100f : 2 : ittapi_config_apply_per_lib :  ITTAPI function NOT instrumented (not matched by --itt-config option): __itt_histogram_submit

1024885 : 0x349583a60164f : 2 : ittapi_config_apply_per_lib :  ITTAPI function instrumented: __itt_counter_set_value_v3